        -:    0:Source:Deque.h
        -:    0:Graph:TestDeque.gcno
        -:    0:Data:TestDeque.gcda
        -:    0:Runs:1
        -:    0:Programs:1
        -:    1:// --------------------------
        -:    2:// projects/c++/deque/Deque.h
        -:    3:// Copyright (C) 2015
        -:    4:// Glenn P. Downing
        -:    5:// --------------------------
        -:    6:
        -:    7:#ifndef Deque_h
        -:    8:#define Deque_h
        -:    9:
        -:   10:// --------
        -:   11:// includes
        -:   12:// --------
        -:   13:
        -:   14:#include <algorithm> // copy, equal, lexicographical_compare, max, swap
        -:   15:#include <cassert>   // assert
        -:   16:#include <iterator>  // iterator, bidirectional_iterator_tag
        -:   17:#include <memory>    // allocator
        -:   18:#include <stdexcept> // out_of_range
        -:   19:#include <utility>   // !=, <=, >, >=
        -:   20:
        -:   21:// -----
        -:   22:// using
        -:   23:// -----
        -:   24:
        -:   25:using std::rel_ops::operator!=;
        -:   26:using std::rel_ops::operator<=;
        -:   27:using std::rel_ops::operator>;
        -:   28:using std::rel_ops::operator>=;
        -:   29:
        -:   30:// -------
        -:   31:// destroy
        -:   32:// -------
        -:   33:
        -:   34:template <typename A, typename BI>
function _Z7destroyISaIZN28Deque_Fixture_iterarrow_TestISt5dequeIiSaIiEEE8TestBodyEvE1SEN8my_dequeIS5_S6_E8iteratorEET0_RT_SA_SA_ called 1 returned 100% blocks executed 100%
function _Z7destroyISaIZN34Deque_Fixture_const_iterarrow_TestISt5dequeIiSaIiEEE8TestBodyEvE1SEN8my_dequeIS5_S6_E8iteratorEET0_RT_SA_SA_ called 2 returned 100% blocks executed 100%
function _Z7destroyISaIZN28Deque_Fixture_iterarrow_TestI8my_dequeIiSaIiEEE8TestBodyEvE1SENS1_IS5_S6_E8iteratorEET0_RT_S9_S9_ called 1 returned 100% blocks executed 100%
function _Z7destroyISaIZN34Deque_Fixture_const_iterarrow_TestI8my_dequeIiSaIiEEE8TestBodyEvE1SENS1_IS5_S6_E8iteratorEET0_RT_S9_S9_ called 2 returned 100% blocks executed 100%
function _Z7destroyISaIiEN8my_dequeIiS0_E8iteratorEET0_RT_S4_S4_ called 345 returned 100% blocks executed 100%
      351:   35:BI destroy (A& a, BI b, BI e) {
     3037:   36:    while (b != e) {
call    0 returned 100%
branch  1 taken 67%
branch  2 taken 33% (fallthrough)
call    3 returned 100%
branch  4 taken 67%
branch  5 taken 33% (fallthrough)
call    6 returned 100%
branch  7 taken 67%
branch  8 taken 33% (fallthrough)
call    9 returned 100%
branch 10 taken 67%
branch 11 taken 33% (fallthrough)
call   12 returned 100%
branch 13 taken 87%
branch 14 taken 13% (fallthrough)
     2335:   37:        --e;
call    0 returned 100%
call    1 returned 100%
call    2 returned 100%
call    3 returned 100%
call    4 returned 100%
     2335:   38:        a.destroy(&*e);}
call    0 returned 100%
call    1 returned 100%
call    2 returned 100%
call    3 returned 100%
call    4 returned 100%
call    5 returned 100%
call    6 returned 100%
call    7 returned 100%
call    8 returned 100%
call    9 returned 100%
      351:   39:    return b;}
        -:   40:
        -:   41:// ------------------
        -:   42:// uninitialized_copy
        -:   43:// ------------------
        -:   44:
        -:   45:template <typename A, typename II, typename BI>
function _Z18uninitialized_copyISaIZN28Deque_Fixture_iterarrow_TestISt5dequeIiSaIiEEE8TestBodyEvE1SEN8my_dequeIS5_S6_E14const_iteratorENS8_8iteratorEET1_RT_T0_SE_SB_ called 0 returned 0% blocks executed 0%
function _Z18uninitialized_copyISaIZN28Deque_Fixture_iterarrow_TestI8my_dequeIiSaIiEEE8TestBodyEvE1SENS1_IS5_S6_E14const_iteratorENS7_8iteratorEET1_RT_T0_SD_SA_ called 0 returned 0% blocks executed 0%
function _Z18uninitialized_copyISaIZN34Deque_Fixture_const_iterarrow_TestISt5dequeIiSaIiEEE8TestBodyEvE1SEN8my_dequeIS5_S6_E14const_iteratorENS8_8iteratorEET1_RT_T0_SE_SB_ called 1 returned 100% blocks executed 65%
function _Z18uninitialized_copyISaIZN34Deque_Fixture_const_iterarrow_TestI8my_dequeIiSaIiEEE8TestBodyEvE1SENS1_IS5_S6_E14const_iteratorENS7_8iteratorEET1_RT_T0_SD_SA_ called 1 returned 100% blocks executed 65%
function _Z18uninitialized_copyISaIiEN8my_dequeIiS0_E14const_iteratorENS2_8iteratorEET1_RT_T0_S8_S5_ called 64 returned 100% blocks executed 65%
       66:   46:BI uninitialized_copy (A& a, II b, II e, BI x) {
       66:   47:    BI p = x;
        -:   48:    try {
      780:   49:        while (b != e) {
call    0 never executed
branch  1 never executed
branch  2 never executed
branch  3 never executed
branch  4 never executed
call    5 never executed
branch  6 never executed
branch  7 never executed
branch  8 never executed
branch  9 never executed
call   10 returned 100%
branch 11 taken 100% (fallthrough)
branch 12 taken 0% (throw)
branch 13 taken 67%
branch 14 taken 33% (fallthrough)
call   15 returned 100%
branch 16 taken 100% (fallthrough)
branch 17 taken 0% (throw)
branch 18 taken 67%
branch 19 taken 33% (fallthrough)
call   20 returned 100%
branch 21 taken 91%
branch 22 taken 9% (fallthrough)
      648:   50:            a.construct(&*x, *b);
call    0 never executed
branch  1 never executed
branch  2 never executed
call    3 never executed
call    4 never executed
call    5 never executed
branch  6 never executed
branch  7 never executed
call    8 never executed
call    9 never executed
call   10 returned 100%
branch 11 taken 100% (fallthrough)
branch 12 taken 0% (throw)
call   13 returned 100%
call   14 returned 100%
call   15 returned 100%
branch 16 taken 100% (fallthrough)
branch 17 taken 0% (throw)
call   18 returned 100%
call   19 returned 100%
call   20 returned 100%
branch 21 taken 100% (fallthrough)
branch 22 taken 0% (throw)
call   23 returned 100%
call   24 returned 100%
      648:   51:            ++b;
call    0 never executed
branch  1 never executed
branch  2 never executed
call    3 never executed
branch  4 never executed
branch  5 never executed
call    6 returned 100%
branch  7 taken 100% (fallthrough)
branch  8 taken 0% (throw)
call    9 returned 100%
branch 10 taken 100% (fallthrough)
branch 11 taken 0% (throw)
call   12 returned 100%
branch 13 taken 100% (fallthrough)
branch 14 taken 0% (throw)
      648:   52:            ++x;}}
call    0 never executed
branch  1 never executed
branch  2 never executed
call    3 never executed
branch  4 never executed
branch  5 never executed
call    6 returned 100%
branch  7 taken 100% (fallthrough)
branch  8 taken 0% (throw)
call    9 returned 100%
branch 10 taken 100% (fallthrough)
branch 11 taken 0% (throw)
call   12 returned 100%
branch 13 taken 100% (fallthrough)
branch 14 taken 0% (throw)
    =====:   53:    catch (...) {
call    0 never executed
call    1 never executed
call    2 never executed
call    3 never executed
call    4 never executed
call    5 never executed
call    6 never executed
call    7 never executed
call    8 never executed
call    9 never executed
    =====:   54:        destroy(a, p, x);
call    0 never executed
branch  1 never executed
branch  2 never executed
call    3 never executed
branch  4 never executed
branch  5 never executed
call    6 never executed
branch  7 never executed
branch  8 never executed
call    9 never executed
branch 10 never executed
branch 11 never executed
call   12 never executed
branch 13 never executed
branch 14 never executed
    =====:   55:        throw;}
call    0 never executed
call    1 never executed
call    2 never executed
call    3 never executed
call    4 never executed
       66:   56:    return x;}
        -:   57:
        -:   58:// ------------------
        -:   59:// uninitialized_fill
        -:   60:// ------------------
        -:   61:
        -:   62:template <typename A, typename BI, typename U>
function _Z18uninitialized_fillISaIZN28Deque_Fixture_iterarrow_TestISt5dequeIiSaIiEEE8TestBodyEvE1SEN8my_dequeIS5_S6_E8iteratorES5_ET0_RT_SA_SA_RKT1_ called 1 returned 100% blocks executed 60%
function _Z18uninitialized_fillISaIZN34Deque_Fixture_const_iterarrow_TestISt5dequeIiSaIiEEE8TestBodyEvE1SEN8my_dequeIS5_S6_E8iteratorES5_ET0_RT_SA_SA_RKT1_ called 1 returned 100% blocks executed 60%
function _Z18uninitialized_fillISaIZN28Deque_Fixture_iterarrow_TestI8my_dequeIiSaIiEEE8TestBodyEvE1SENS1_IS5_S6_E8iteratorES5_ET0_RT_S9_S9_RKT1_ called 1 returned 100% blocks executed 60%
function _Z18uninitialized_fillISaIZN34Deque_Fixture_const_iterarrow_TestI8my_dequeIiSaIiEEE8TestBodyEvE1SENS1_IS5_S6_E8iteratorES5_ET0_RT_S9_S9_RKT1_ called 1 returned 100% blocks executed 60%
function _Z18uninitialized_fillISaIiEN8my_dequeIiS0_E8iteratorEiET0_RT_S4_S4_RKT1_ called 198 returned 100% blocks executed 60%
      202:   63:BI uninitialized_fill (A& a, BI b, BI e, const U& v) {
      202:   64:    BI p = b;
        -:   65:    try {
     2073:   66:        while (b != e) {
call    0 returned 100%
branch  1 taken 100% (fallthrough)
branch  2 taken 0% (throw)
branch  3 taken 67%
branch  4 taken 33% (fallthrough)
call    5 returned 100%
branch  6 taken 100% (fallthrough)
branch  7 taken 0% (throw)
branch  8 taken 67%
branch  9 taken 33% (fallthrough)
call   10 returned 100%
branch 11 taken 100% (fallthrough)
branch 12 taken 0% (throw)
branch 13 taken 67%
branch 14 taken 33% (fallthrough)
call   15 returned 100%
branch 16 taken 100% (fallthrough)
branch 17 taken 0% (throw)
branch 18 taken 67%
branch 19 taken 33% (fallthrough)
call   20 returned 100%
branch 21 taken 89%
branch 22 taken 11% (fallthrough)
     1669:   67:            a.construct(&*b, v);
call    0 returned 100%
call    1 returned 100%
call    2 returned 100%
call    3 returned 100%
call    4 returned 100%
call    5 returned 100%
call    6 returned 100%
call    7 returned 100%
call    8 returned 100%
call    9 returned 100%
     1669:   68:            ++b;}}
call    0 returned 100%
branch  1 taken 100% (fallthrough)
branch  2 taken 0% (throw)
call    3 returned 100%
branch  4 taken 100% (fallthrough)
branch  5 taken 0% (throw)
call    6 returned 100%
branch  7 taken 100% (fallthrough)
branch  8 taken 0% (throw)
call    9 returned 100%
branch 10 taken 100% (fallthrough)
branch 11 taken 0% (throw)
call   12 returned 100%
branch 13 taken 100% (fallthrough)
branch 14 taken 0% (throw)
    =====:   69:    catch (...) {
call    0 never executed
call    1 never executed
call    2 never executed
call    3 never executed
call    4 never executed
call    5 never executed
call    6 never executed
call    7 never executed
call    8 never executed
call    9 never executed
    =====:   70:        destroy(a, p, b);
call    0 never executed
branch  1 never executed
branch  2 never executed
call    3 never executed
branch  4 never executed
branch  5 never executed
call    6 never executed
branch  7 never executed
branch  8 never executed
call    9 never executed
branch 10 never executed
branch 11 never executed
call   12 never executed
branch 13 never executed
branch 14 never executed
    =====:   71:        throw;}
call    0 never executed
call    1 never executed
call    2 never executed
call    3 never executed
call    4 never executed
      202:   72:    return e;}
        -:   73:
        -:   74:// -------
        -:   75:// my_deque
        -:   76:// -------
        -:   77:
        -:   78:template < typename T, typename A = std::allocator<T> >
        -:   79:class my_deque {
        -:   80:    public:
        -:   81:        // --------
        -:   82:        // typedefs
        -:   83:        // --------
        -:   84:
        -:   85:        typedef A                                           allocator_type;
        -:   86:        typedef typename allocator_type::value_type         value_type;
        -:   87:
        -:   88:        typedef typename allocator_type::size_type          size_type;
        -:   89:        typedef typename allocator_type::difference_type    difference_type;
        -:   90:
        -:   91:        typedef typename allocator_type::pointer            pointer;
        -:   92:        typedef typename allocator_type::const_pointer      const_pointer;
        -:   93:
        -:   94:        typedef typename allocator_type::reference          reference;
        -:   95:        typedef typename allocator_type::const_reference    const_reference;
        -:   96:
        -:   97:        typedef typename A::template rebind<pointer>::other B;
        -:   98:        typedef typename allocator_type::template rebind<T*>::other all_pointer;
        -:   99:
        -:  100:    public:
        -:  101:        // -----------
        -:  102:        // operator ==
        -:  103:        // -----------
        -:  104:
        -:  105:        /**
        -:  106:         * @param two my_deques
        -:  107:         * @return true if they are equal to one another
        -:  108:         */
function _ZeqRK8my_dequeIiSaIiEES3_ called 21 returned 100% blocks executed 100%
       21:  109:        friend bool operator == (const my_deque& lhs, const my_deque& rhs) {
       21:  110:            return (lhs.size() == rhs.size()) && std::equal(lhs.begin(), lhs.end(), rhs.begin());}
call    0 returned 100%
call    1 returned 100%
branch  2 taken 100% (fallthrough)
branch  3 taken 0%
call    4 returned 100%
call    5 returned 100%
call    6 returned 100%
call    7 returned 100%
branch  8 taken 81% (fallthrough)
branch  9 taken 19%
        -:  111:
        -:  112:
        -:  113:        // ----------
        -:  114:        // operator <
        -:  115:        // ----------
        -:  116:
        -:  117:        /**
        -:  118:         * @param take in two mydeques
        -:  119:         * @return true if the left is less than right
        -:  120:         */
function _ZltRK8my_dequeIiSaIiEES3_ called 8 returned 100% blocks executed 100%
        8:  121:        friend bool operator < (const my_deque& lhs, const my_deque& rhs) {
        8:  122:            return std::lexicographical_compare(lhs.begin(), lhs.end(), rhs.begin(), rhs.end());}
call    0 returned 100%
call    1 returned 100%
call    2 returned 100%
call    3 returned 100%
call    4 returned 100%
        -:  123:
        -:  124:    private:
        -:  125:        // ----
        -:  126:        // data
        -:  127:        // ----
        -:  128:
        -:  129:        allocator_type _a;
        -:  130:        pointer _lb;  
        -:  131:        pointer _le; 
        -:  132:        pointer _bd; 
        -:  133:        pointer _ed; 
        -:  134:        pointer* _outermost; 
        -:  135:        all_pointer _aP; 
        -:  136:    private:
        -:  137:        // -----
        -:  138:        // valid
        -:  139:        // -----
        -:  140:
function _ZNK8my_dequeIZN28Deque_Fixture_iterarrow_TestISt5dequeIiSaIiEEE8TestBodyEvE1SSaIS5_EE5validEv called 4 returned 100% blocks executed 64%
function _ZNK8my_dequeIZN34Deque_Fixture_const_iterarrow_TestISt5dequeIiSaIiEEE8TestBodyEvE1SSaIS5_EE5validEv called 8 returned 100% blocks executed 64%
function _ZNK8my_dequeIZN28Deque_Fixture_iterarrow_TestIS_IiSaIiEEE8TestBodyEvE1SSaIS4_EE5validEv called 4 returned 100% blocks executed 64%
function _ZNK8my_dequeIZN34Deque_Fixture_const_iterarrow_TestIS_IiSaIiEEE8TestBodyEvE1SSaIS4_EE5validEv called 8 returned 100% blocks executed 64%
function _ZNK8my_dequeIiSaIiEE5validEv called 1229 returned 100% blocks executed 91%
     1253:  141:        bool valid () const {
     1253:  142:            return (!_bd && !_ed && !_lb && !_le) || ((_bd <= _ed) && (_ed <= _le) && (_lb <= _bd));}
branch  0 taken 0% (fallthrough)
branch  1 taken 100%
branch  2 never executed
branch  3 never executed
branch  4 never executed
branch  5 never executed
branch  6 never executed
branch  7 never executed
branch  8 taken 100% (fallthrough)
branch  9 taken 0%
branch 10 taken 100% (fallthrough)
branch 11 taken 0%
branch 12 taken 100% (fallthrough)
branch 13 taken 0%
branch 14 taken 0% (fallthrough)
branch 15 taken 100%
branch 16 never executed
branch 17 never executed
branch 18 never executed
branch 19 never executed
branch 20 never executed
branch 21 never executed
branch 22 taken 100% (fallthrough)
branch 23 taken 0%
branch 24 taken 100% (fallthrough)
branch 25 taken 0%
branch 26 taken 100% (fallthrough)
branch 27 taken 0%
branch 28 taken 0% (fallthrough)
branch 29 taken 100%
branch 30 never executed
branch 31 never executed
branch 32 never executed
branch 33 never executed
branch 34 never executed
branch 35 never executed
branch 36 taken 100% (fallthrough)
branch 37 taken 0%
branch 38 taken 100% (fallthrough)
branch 39 taken 0%
branch 40 taken 100% (fallthrough)
branch 41 taken 0%
branch 42 taken 0% (fallthrough)
branch 43 taken 100%
branch 44 never executed
branch 45 never executed
branch 46 never executed
branch 47 never executed
branch 48 never executed
branch 49 never executed
branch 50 taken 100% (fallthrough)
branch 51 taken 0%
branch 52 taken 100% (fallthrough)
branch 53 taken 0%
branch 54 taken 100% (fallthrough)
branch 55 taken 0%
branch 56 taken 3% (fallthrough)
branch 57 taken 97%
branch 58 taken 100% (fallthrough)
branch 59 taken 0%
branch 60 taken 100% (fallthrough)
branch 61 taken 0%
branch 62 taken 0% (fallthrough)
branch 63 taken 100%
branch 64 taken 100% (fallthrough)
branch 65 taken 0%
branch 66 taken 100% (fallthrough)
branch 67 taken 0%
branch 68 taken 100% (fallthrough)
branch 69 taken 0%
        -:  143:
        -:  144:public:
        -:  145:        // --------
        -:  146:        // iterator
        -:  147:        // --------
        -:  148:
        -:  149:        class iterator {
        -:  150:            public:
        -:  151:                // --------
        -:  152:                // typedefs
        -:  153:                // --------
        -:  154:
        -:  155:                typedef          std::bidirectional_iterator_tag iterator_category;
        -:  156:                typedef typename my_deque::value_type            value_type;
        -:  157:                typedef typename my_deque::difference_type       difference_type;
        -:  158:                typedef typename my_deque::pointer               pointer;
        -:  159:                typedef typename my_deque::reference             reference;
        -:  160:
        -:  161:            public:
        -:  162:                // -----------
        -:  163:                // operator ==
        -:  164:                // -----------
        -:  165:
        -:  166:                /**
        -:  167:                 * @param take in two iterators
        -:  168:                 * @return true if they are equal
        -:  169:                 */
function _ZeqRKN8my_dequeIZN28Deque_Fixture_iterarrow_TestISt5dequeIiSaIiEEE8TestBodyEvE1SSaIS5_EE8iteratorESA_ called 6 returned 100% blocks executed 100%
function _ZeqRKN8my_dequeIZN34Deque_Fixture_const_iterarrow_TestISt5dequeIiSaIiEEE8TestBodyEvE1SSaIS5_EE8iteratorESA_ called 9 returned 100% blocks executed 100%
function _ZeqRKN8my_dequeIZN28Deque_Fixture_iterarrow_TestIS_IiSaIiEEE8TestBodyEvE1SSaIS4_EE8iteratorES9_ called 6 returned 100% blocks executed 100%
function _ZeqRKN8my_dequeIZN34Deque_Fixture_const_iterarrow_TestIS_IiSaIiEEE8TestBodyEvE1SSaIS4_EE8iteratorES9_ called 9 returned 100% blocks executed 100%
function _ZeqRKN8my_dequeIiSaIiEE8iteratorES4_ called 4645 returned 100% blocks executed 100%
     4675:  170:                friend bool operator == (const iterator& lhs, const iterator& rhs) {
     4675:  171:                    return lhs._d == rhs._d && lhs._i == rhs._i;}
branch  0 taken 100% (fallthrough)
branch  1 taken 0%
branch  2 taken 33% (fallthrough)
branch  3 taken 67%
branch  4 taken 100% (fallthrough)
branch  5 taken 0%
branch  6 taken 33% (fallthrough)
branch  7 taken 67%
branch  8 taken 100% (fallthrough)
branch  9 taken 0%
branch 10 taken 33% (fallthrough)
branch 11 taken 67%
branch 12 taken 100% (fallthrough)
branch 13 taken 0%
branch 14 taken 33% (fallthrough)
branch 15 taken 67%
branch 16 taken 99% (fallthrough)
branch 17 taken 1%
branch 18 taken 13% (fallthrough)
branch 19 taken 87%
        -:  172:
        -:  173:                /**
        -:  174:                 * @param take in two iterators
        -:  175:                 * @return true if they are not equal
        -:  176:                 */
function _ZneRKN8my_dequeIZN28Deque_Fixture_iterarrow_TestISt5dequeIiSaIiEEE8TestBodyEvE1SSaIS5_EE8iteratorESA_ called 6 returned 100% blocks executed 100%
function _ZneRKN8my_dequeIZN34Deque_Fixture_const_iterarrow_TestISt5dequeIiSaIiEEE8TestBodyEvE1SSaIS5_EE8iteratorESA_ called 9 returned 100% blocks executed 100%
function _ZneRKN8my_dequeIZN28Deque_Fixture_iterarrow_TestIS_IiSaIiEEE8TestBodyEvE1SSaIS4_EE8iteratorES9_ called 6 returned 100% blocks executed 100%
function _ZneRKN8my_dequeIZN34Deque_Fixture_const_iterarrow_TestIS_IiSaIiEEE8TestBodyEvE1SSaIS4_EE8iteratorES9_ called 9 returned 100% blocks executed 100%
function _ZneRKN8my_dequeIiSaIiEE8iteratorES4_ called 4607 returned 100% blocks executed 100%
     4637:  177:                friend bool operator != (const iterator& lhs, const iterator& rhs) {
     4637:  178:                    return !(lhs == rhs);}
call    0 returned 100%
call    1 returned 100%
call    2 returned 100%
call    3 returned 100%
call    4 returned 100%
        -:  179:
        -:  180:                // ----------
        -:  181:                // operator +
        -:  182:                // ----------
        -:  183:
        -:  184:                /**
        -:  185:                 * @param iterator
        -:  186:                 * @param difference type
        -:  187:                 * @return the iterator advanced difference_type number of places (sum)
        -:  188:                 */
function _ZplN8my_dequeIZN28Deque_Fixture_iterarrow_TestISt5dequeIiSaIiEEE8TestBodyEvE1SSaIS5_EE8iteratorEl called 1 returned 100% blocks executed 100%
function _ZplN8my_dequeIZN34Deque_Fixture_const_iterarrow_TestISt5dequeIiSaIiEEE8TestBodyEvE1SSaIS5_EE8iteratorEl called 2 returned 100% blocks executed 100%
function _ZplN8my_dequeIZN28Deque_Fixture_iterarrow_TestIS_IiSaIiEEE8TestBodyEvE1SSaIS4_EE8iteratorEl called 1 returned 100% blocks executed 100%
function _ZplN8my_dequeIZN34Deque_Fixture_const_iterarrow_TestIS_IiSaIiEEE8TestBodyEvE1SSaIS4_EE8iteratorEl called 2 returned 100% blocks executed 100%
function _ZplN8my_dequeIiSaIiEE8iteratorEl called 371 returned 100% blocks executed 100%
      377:  189:                friend iterator operator + (iterator lhs, difference_type rhs) {
      377:  190:                    return lhs += rhs;}
call    0 returned 100%
call    1 returned 100%
call    2 returned 100%
call    3 returned 100%
call    4 returned 100%
        -:  191:
        -:  192:                // ----------
        -:  193:                // operator -
        -:  194:                // ----------
        -:  195:
        -:  196:                /**
        -:  197:                 * @param iterator
        -:  198:                 * @param difference type
        -:  199:                 * @return decremented iterator by number of difference type
        -:  200:                 */
function _ZmiN8my_dequeIZN28Deque_Fixture_iterarrow_TestISt5dequeIiSaIiEEE8TestBodyEvE1SSaIS5_EE8iteratorEl called 0 returned 0% blocks executed 0%
function _ZmiN8my_dequeIZN34Deque_Fixture_const_iterarrow_TestISt5dequeIiSaIiEEE8TestBodyEvE1SSaIS5_EE8iteratorEl called 0 returned 0% blocks executed 0%
function _ZmiN8my_dequeIZN28Deque_Fixture_iterarrow_TestIS_IiSaIiEEE8TestBodyEvE1SSaIS4_EE8iteratorEl called 0 returned 0% blocks executed 0%
function _ZmiN8my_dequeIZN34Deque_Fixture_const_iterarrow_TestIS_IiSaIiEEE8TestBodyEvE1SSaIS4_EE8iteratorEl called 0 returned 0% blocks executed 0%
function _ZmiN8my_dequeIiSaIiEE8iteratorEl called 37 returned 100% blocks executed 100%
       37:  201:                friend iterator operator - (iterator lhs, difference_type rhs) {
       37:  202:                    return lhs -= rhs;}
call    0 never executed
call    1 never executed
call    2 never executed
call    3 never executed
call    4 returned 100%
        -:  203:
        -:  204:            private:
        -:  205:                // ----
        -:  206:                // data
        -:  207:                // ----
        -:  208:
        -:  209:                my_deque* _d;
        -:  210:                size_type _i;
        -:  211:
        -:  212:            private:
        -:  213:                // -----
        -:  214:                // valid
        -:  215:                // -----
        -:  216:
function _ZNK8my_dequeIZN34Deque_Fixture_const_iterarrow_TestISt5dequeIiSaIiEEE8TestBodyEvE1SSaIS5_EE8iterator5validEv called 17 returned 100% blocks executed 100%
function _ZNK8my_dequeIZN34Deque_Fixture_const_iterarrow_TestIS_IiSaIiEEE8TestBodyEvE1SSaIS4_EE8iterator5validEv called 17 returned 100% blocks executed 100%
function _ZNK8my_dequeIZN28Deque_Fixture_iterarrow_TestISt5dequeIiSaIiEEE8TestBodyEvE1SSaIS5_EE8iterator5validEv called 10 returned 100% blocks executed 100%
function _ZNK8my_dequeIZN28Deque_Fixture_iterarrow_TestIS_IiSaIiEEE8TestBodyEvE1SSaIS4_EE8iterator5validEv called 10 returned 100% blocks executed 100%
function _ZNK8my_dequeIiSaIiEE8iterator5validEv called 6498 returned 100% blocks executed 100%
     6552:  217:                bool valid () const {
     6552:  218:                    return (_i >= 0);}
        -:  219:
        -:  220:            public:
        -:  221:                // -----------
        -:  222:                // constructor
        -:  223:                // -----------
        -:  224:
        -:  225:                /**
        -:  226:                 * @param a my deque
        -:  227:                 * @param a size type
        -:  228:                 * set iterator on deque at position given
        -:  229:                 */
function _ZN8my_dequeIZN34Deque_Fixture_const_iterarrow_TestISt5dequeIiSaIiEEE8TestBodyEvE1SSaIS5_EE8iteratorC2EPS7_m called 7 returned 100% blocks executed 75%
function _ZN8my_dequeIZN34Deque_Fixture_const_iterarrow_TestIS_IiSaIiEEE8TestBodyEvE1SSaIS4_EE8iteratorC2EPS6_m called 7 returned 100% blocks executed 75%
function _ZN8my_dequeIZN28Deque_Fixture_iterarrow_TestISt5dequeIiSaIiEEE8TestBodyEvE1SSaIS5_EE8iteratorC2EPS7_m called 5 returned 100% blocks executed 75%
function _ZN8my_dequeIZN28Deque_Fixture_iterarrow_TestIS_IiSaIiEEE8TestBodyEvE1SSaIS4_EE8iteratorC2EPS6_m called 5 returned 100% blocks executed 75%
function _ZN8my_dequeIiSaIiEE8iteratorC2EPS1_m called 1325 returned 100% blocks executed 75%
     1349:  230:                iterator (my_deque* d, size_type i = 0){
     1349:  231:                    _d = d;
     1349:  232:                    _i = i;
     1349:  233:                    assert(valid());}
call    0 returned 100%
branch  1 taken 0% (fallthrough)
branch  2 taken 100%
call    3 never executed
call    4 returned 100%
branch  5 taken 0% (fallthrough)
branch  6 taken 100%
call    7 never executed
call    8 returned 100%
branch  9 taken 0% (fallthrough)
branch 10 taken 100%
call   11 never executed
call   12 returned 100%
branch 13 taken 0% (fallthrough)
branch 14 taken 100%
call   15 never executed
call   16 returned 100%
branch 17 taken 0% (fallthrough)
branch 18 taken 100%
call   19 never executed
        -:  234:
        -:  235:                // Default copy, destructor, and copy assignment.
        -:  236:                // iterator (const iterator&);
        -:  237:                // ~iterator ();
        -:  238:                // iterator& operator = (const iterator&);
        -:  239:
        -:  240:                // ----------
        -:  241:                // operator *
        -:  242:                // ----------
        -:  243:
        -:  244:                /**
        -:  245:                 * @return a reference to element at that position
        -:  246:                 */
function _ZNK8my_dequeIZN34Deque_Fixture_const_iterarrow_TestISt5dequeIiSaIiEEE8TestBodyEvE1SSaIS5_EE8iteratordeEv called 10 returned 100% blocks executed 100%
function _ZNK8my_dequeIZN34Deque_Fixture_const_iterarrow_TestIS_IiSaIiEEE8TestBodyEvE1SSaIS4_EE8iteratordeEv called 10 returned 100% blocks executed 100%
function _ZNK8my_dequeIZN28Deque_Fixture_iterarrow_TestISt5dequeIiSaIiEEE8TestBodyEvE1SSaIS5_EE8iteratordeEv called 6 returned 100% blocks executed 100%
function _ZNK8my_dequeIZN28Deque_Fixture_iterarrow_TestIS_IiSaIiEEE8TestBodyEvE1SSaIS4_EE8iteratordeEv called 6 returned 100% blocks executed 100%
function _ZNK8my_dequeIiSaIiEE8iteratordeEv called 5048 returned 100% blocks executed 100%
     5080:  247:                reference operator * () const {
     5080:  248:                    return (*_d)[_i];}
call    0 returned 100%
call    1 returned 100%
call    2 returned 100%
call    3 returned 100%
call    4 returned 100%
        -:  249:
        -:  250:                 // -----------
        -:  251:                // operator ->
        -:  252:                // -----------
        -:  253:
        -:  254:                /**
        -:  255:                 * @param return pointer to this
        -:  256:                 */
function _ZNK8my_dequeIZN28Deque_Fixture_iterarrow_TestISt5dequeIiSaIiEEE8TestBodyEvE1SSaIS5_EE8iteratorptEv called 1 returned 100% blocks executed 100%
function _ZNK8my_dequeIZN28Deque_Fixture_iterarrow_TestIS_IiSaIiEEE8TestBodyEvE1SSaIS4_EE8iteratorptEv called 1 returned 100% blocks executed 100%
        2:  257:                pointer operator -> () const {
        2:  258:                    return &**this;}
call    0 returned 100%
call    1 returned 100%
        -:  259:
        -:  260:                // -----------
        -:  261:                // operator ++
        -:  262:                // -----------
        -:  263:
        -:  264:                /**
        -:  265:                 * pre-increment iterator by one to next position
        -:  266:                 */
function _ZN8my_dequeIZN28Deque_Fixture_iterarrow_TestISt5dequeIiSaIiEEE8TestBodyEvE1SSaIS5_EE8iteratorppEv called 2 returned 100% blocks executed 80%
function _ZN8my_dequeIZN34Deque_Fixture_const_iterarrow_TestISt5dequeIiSaIiEEE8TestBodyEvE1SSaIS5_EE8iteratorppEv called 4 returned 100% blocks executed 80%
function _ZN8my_dequeIZN28Deque_Fixture_iterarrow_TestIS_IiSaIiEEE8TestBodyEvE1SSaIS4_EE8iteratorppEv called 2 returned 100% blocks executed 80%
function _ZN8my_dequeIZN34Deque_Fixture_const_iterarrow_TestIS_IiSaIiEEE8TestBodyEvE1SSaIS4_EE8iteratorppEv called 4 returned 100% blocks executed 80%
function _ZN8my_dequeIiSaIiEE8iteratorppEv called 2415 returned 100% blocks executed 80%
     2427:  267:                iterator& operator ++ () {
     2427:  268:                    ++_i;
     2427:  269:                    assert(valid());
call    0 returned 100%
branch  1 taken 0% (fallthrough)
branch  2 taken 100%
call    3 never executed
call    4 returned 100%
branch  5 taken 0% (fallthrough)
branch  6 taken 100%
call    7 never executed
call    8 returned 100%
branch  9 taken 0% (fallthrough)
branch 10 taken 100%
call   11 never executed
call   12 returned 100%
branch 13 taken 0% (fallthrough)
branch 14 taken 100%
call   15 never executed
call   16 returned 100%
branch 17 taken 0% (fallthrough)
branch 18 taken 100%
call   19 never executed
     2427:  270:                    return *this;}
        -:  271:
        -:  272:                /**
        -:  273:                 * post-increment iterator by one to next position
        -:  274:                 */
function _ZN8my_dequeIiSaIiEE8iteratorppEi called 3 returned 100% blocks executed 86%
        3:  275:                iterator operator ++ (int) {
        3:  276:                    iterator x = *this;
        3:  277:                    ++(*this);
call    0 returned 100%
branch  1 taken 100% (fallthrough)
branch  2 taken 0% (throw)
        3:  278:                    assert(valid());
call    0 returned 100%
branch  1 taken 0% (fallthrough)
branch  2 taken 100%
call    3 never executed
        3:  279:                    return x;}
        -:  280:
        -:  281:                // -----------
        -:  282:                // operator --
        -:  283:                // -----------
        -:  284:
        -:  285:                /**
        -:  286:                 * pre-decrement iterator to previous position
        -:  287:                 */
function _ZN8my_dequeIZN28Deque_Fixture_iterarrow_TestISt5dequeIiSaIiEEE8TestBodyEvE1SSaIS5_EE8iteratormmEv called 2 returned 100% blocks executed 80%
function _ZN8my_dequeIZN34Deque_Fixture_const_iterarrow_TestISt5dequeIiSaIiEEE8TestBodyEvE1SSaIS5_EE8iteratormmEv called 4 returned 100% blocks executed 80%
function _ZN8my_dequeIZN28Deque_Fixture_iterarrow_TestIS_IiSaIiEEE8TestBodyEvE1SSaIS4_EE8iteratormmEv called 2 returned 100% blocks executed 80%
function _ZN8my_dequeIZN34Deque_Fixture_const_iterarrow_TestIS_IiSaIiEEE8TestBodyEvE1SSaIS4_EE8iteratormmEv called 4 returned 100% blocks executed 80%
function _ZN8my_dequeIiSaIiEE8iteratormmEv called 2335 returned 100% blocks executed 80%
     2347:  288:                iterator& operator -- () {
     2347:  289:                    --_i;
     2347:  290:                    assert(valid());
call    0 returned 100%
branch  1 taken 0% (fallthrough)
branch  2 taken 100%
call    3 never executed
call    4 returned 100%
branch  5 taken 0% (fallthrough)
branch  6 taken 100%
call    7 never executed
call    8 returned 100%
branch  9 taken 0% (fallthrough)
branch 10 taken 100%
call   11 never executed
call   12 returned 100%
branch 13 taken 0% (fallthrough)
branch 14 taken 100%
call   15 never executed
call   16 returned 100%
branch 17 taken 0% (fallthrough)
branch 18 taken 100%
call   19 never executed
     2347:  291:                    return *this;}
        -:  292:
        -:  293:                /**
        -:  294:                 * post-decrement iterator to previous position
        -:  295:                 */
function _ZN8my_dequeIiSaIiEE8iteratormmEi called 5 returned 100% blocks executed 86%
        5:  296:                iterator operator -- (int) {
        5:  297:                    iterator x = *this;
        5:  298:                    --(*this);
call    0 returned 100%
branch  1 taken 100% (fallthrough)
branch  2 taken 0% (throw)
        5:  299:                    assert(valid());
call    0 returned 100%
branch  1 taken 0% (fallthrough)
branch  2 taken 100%
call    3 never executed
        5:  300:                    return x;}
        -:  301:
        -:  302:                // -----------
        -:  303:                // operator +=
        -:  304:                // -----------
        -:  305:
        -:  306:                /**
        -:  307:                 * increment iterator by value given
        -:  308:                 */
function _ZN8my_dequeIZN28Deque_Fixture_iterarrow_TestISt5dequeIiSaIiEEE8TestBodyEvE1SSaIS5_EE8iteratorpLEl called 1 returned 100% blocks executed 80%
function _ZN8my_dequeIZN34Deque_Fixture_const_iterarrow_TestISt5dequeIiSaIiEEE8TestBodyEvE1SSaIS5_EE8iteratorpLEl called 2 returned 100% blocks executed 80%
function _ZN8my_dequeIZN28Deque_Fixture_iterarrow_TestIS_IiSaIiEEE8TestBodyEvE1SSaIS4_EE8iteratorpLEl called 1 returned 100% blocks executed 80%
function _ZN8my_dequeIZN34Deque_Fixture_const_iterarrow_TestIS_IiSaIiEEE8TestBodyEvE1SSaIS4_EE8iteratorpLEl called 2 returned 100% blocks executed 80%
function _ZN8my_dequeIiSaIiEE8iteratorpLEl called 374 returned 100% blocks executed 80%
      380:  309:                iterator& operator += (difference_type d) {
      380:  310:                    _i += d;
      380:  311:                    assert(valid());
call    0 returned 100%
branch  1 taken 0% (fallthrough)
branch  2 taken 100%
call    3 never executed
call    4 returned 100%
branch  5 taken 0% (fallthrough)
branch  6 taken 100%
call    7 never executed
call    8 returned 100%
branch  9 taken 0% (fallthrough)
branch 10 taken 100%
call   11 never executed
call   12 returned 100%
branch 13 taken 0% (fallthrough)
branch 14 taken 100%
call   15 never executed
call   16 returned 100%
branch 17 taken 0% (fallthrough)
branch 18 taken 100%
call   19 never executed
      380:  312:                    return *this;}
        -:  313:
        -:  314:                // -----------
        -:  315:                // operator -=
        -:  316:                // -----------
        -:  317:
        -:  318:                /**
        -:  319:                 * decrement iterator by value given
        -:  320:                 */
function _ZN8my_dequeIZN28Deque_Fixture_iterarrow_TestISt5dequeIiSaIiEEE8TestBodyEvE1SSaIS5_EE8iteratormIEl called 0 returned 0% blocks executed 0%
function _ZN8my_dequeIZN34Deque_Fixture_const_iterarrow_TestISt5dequeIiSaIiEEE8TestBodyEvE1SSaIS5_EE8iteratormIEl called 0 returned 0% blocks executed 0%
function _ZN8my_dequeIZN28Deque_Fixture_iterarrow_TestIS_IiSaIiEEE8TestBodyEvE1SSaIS4_EE8iteratormIEl called 0 returned 0% blocks executed 0%
function _ZN8my_dequeIZN34Deque_Fixture_const_iterarrow_TestIS_IiSaIiEEE8TestBodyEvE1SSaIS4_EE8iteratormIEl called 0 returned 0% blocks executed 0%
function _ZN8my_dequeIiSaIiEE8iteratormIEl called 41 returned 100% blocks executed 80%
       41:  321:                iterator& operator -= (difference_type d) {
       41:  322:                    _i -= d;
       41:  323:                    assert(valid());
call    0 never executed
branch  1 never executed
branch  2 never executed
call    3 never executed
call    4 never executed
branch  5 never executed
branch  6 never executed
call    7 never executed
call    8 never executed
branch  9 never executed
branch 10 never executed
call   11 never executed
call   12 never executed
branch 13 never executed
branch 14 never executed
call   15 never executed
call   16 returned 100%
branch 17 taken 0% (fallthrough)
branch 18 taken 100%
call   19 never executed
       41:  324:                    return *this;}};
        -:  325:
        -:  326:    public:
        -:  327:        // --------------
        -:  328:        // const_iterator
        -:  329:        // --------------
        -:  330:
        -:  331:        class const_iterator {
        -:  332:            public:
        -:  333:                // --------
        -:  334:                // typedefs
        -:  335:                // --------
        -:  336:
        -:  337:                typedef          std::bidirectional_iterator_tag iterator_category;
        -:  338:                typedef typename my_deque::value_type            value_type;
        -:  339:                typedef typename my_deque::difference_type       difference_type;
        -:  340:                typedef typename my_deque::const_pointer         pointer;
        -:  341:                typedef typename my_deque::const_reference       reference;
        -:  342:
        -:  343:            public:
        -:  344:                // -----------
        -:  345:                // operator ==
        -:  346:                // -----------
        -:  347:
        -:  348:                /**
        -:  349:                 * @param two const iterators
        -:  350:                 * @return true if the iterators are equal
        -:  351:                 */
function _ZeqRKN8my_dequeIZN28Deque_Fixture_iterarrow_TestISt5dequeIiSaIiEEE8TestBodyEvE1SSaIS5_EE14const_iteratorESA_ called 0 returned 0% blocks executed 0%
function _ZeqRKN8my_dequeIZN28Deque_Fixture_iterarrow_TestIS_IiSaIiEEE8TestBodyEvE1SSaIS4_EE14const_iteratorES9_ called 0 returned 0% blocks executed 0%
function _ZeqRKN8my_dequeIZN34Deque_Fixture_const_iterarrow_TestISt5dequeIiSaIiEEE8TestBodyEvE1SSaIS5_EE14const_iteratorESA_ called 3 returned 100% blocks executed 100%
function _ZeqRKN8my_dequeIZN34Deque_Fixture_const_iterarrow_TestIS_IiSaIiEEE8TestBodyEvE1SSaIS4_EE14const_iteratorES9_ called 3 returned 100% blocks executed 100%
function _ZeqRKN8my_dequeIiSaIiEE14const_iteratorES4_ called 1337 returned 100% blocks executed 100%
     1343:  352:                friend bool operator == (const const_iterator& lhs, const const_iterator& rhs) {
     1343:  353:                    return (lhs._d == rhs._d) && (lhs._i == rhs._i);}
branch  0 never executed
branch  1 never executed
branch  2 never executed
branch  3 never executed
branch  4 never executed
branch  5 never executed
branch  6 never executed
branch  7 never executed
branch  8 taken 100% (fallthrough)
branch  9 taken 0%
branch 10 taken 33% (fallthrough)
branch 11 taken 67%
branch 12 taken 100% (fallthrough)
branch 13 taken 0%
branch 14 taken 33% (fallthrough)
branch 15 taken 67%
branch 16 taken 99% (fallthrough)
branch 17 taken 1%
branch 18 taken 9% (fallthrough)
branch 19 taken 91%
        -:  354:
        -:  355:                /**
        -:  356:                 * @param two iterators
        -:  357:                 * @return true if the iterators are not equal
        -:  358:                 */
function _ZneRKN8my_dequeIZN28Deque_Fixture_iterarrow_TestISt5dequeIiSaIiEEE8TestBodyEvE1SSaIS5_EE14const_iteratorESA_ called 0 returned 0% blocks executed 0%
function _ZneRKN8my_dequeIZN28Deque_Fixture_iterarrow_TestIS_IiSaIiEEE8TestBodyEvE1SSaIS4_EE14const_iteratorES9_ called 0 returned 0% blocks executed 0%
function _ZneRKN8my_dequeIZN34Deque_Fixture_const_iterarrow_TestISt5dequeIiSaIiEEE8TestBodyEvE1SSaIS5_EE14const_iteratorESA_ called 3 returned 100% blocks executed 100%
function _ZneRKN8my_dequeIZN34Deque_Fixture_const_iterarrow_TestIS_IiSaIiEEE8TestBodyEvE1SSaIS4_EE14const_iteratorES9_ called 3 returned 100% blocks executed 100%
function _ZneRKN8my_dequeIiSaIiEE14const_iteratorES4_ called 1302 returned 100% blocks executed 100%
     1308:  359:                friend bool operator != (const const_iterator& lhs, const const_iterator& rhs) {
     1308:  360:                    return !(lhs == rhs);}
call    0 never executed
call    1 never executed
call    2 returned 100%
call    3 returned 100%
call    4 returned 100%
        -:  361:
        -:  362:                // ----------
        -:  363:                // operator +
        -:  364:                // ----------
        -:  365:
        -:  366:                /**
        -:  367:                 * @param a const iterator
        -:  368:                 * @param a difference type
        -:  369:                 * @return the iterator position advanced
        -:  370:                 */
function _ZplN8my_dequeIZN28Deque_Fixture_iterarrow_TestISt5dequeIiSaIiEEE8TestBodyEvE1SSaIS5_EE14const_iteratorEl called 0 returned 0% blocks executed 0%
function _ZplN8my_dequeIZN34Deque_Fixture_const_iterarrow_TestISt5dequeIiSaIiEEE8TestBodyEvE1SSaIS5_EE14const_iteratorEl called 0 returned 0% blocks executed 0%
function _ZplN8my_dequeIZN28Deque_Fixture_iterarrow_TestIS_IiSaIiEEE8TestBodyEvE1SSaIS4_EE14const_iteratorEl called 0 returned 0% blocks executed 0%
function _ZplN8my_dequeIZN34Deque_Fixture_const_iterarrow_TestIS_IiSaIiEEE8TestBodyEvE1SSaIS4_EE14const_iteratorEl called 0 returned 0% blocks executed 0%
function _ZplN8my_dequeIiSaIiEE14const_iteratorEl called 19 returned 100% blocks executed 100%
       19:  371:                friend const_iterator operator + (const_iterator lhs, difference_type rhs) {
       19:  372:                    return lhs += rhs;}
call    0 never executed
call    1 never executed
call    2 never executed
call    3 never executed
call    4 returned 100%
        -:  373:
        -:  374:                // ----------
        -:  375:                // operator -
        -:  376:                // ----------
        -:  377:
        -:  378:                /**
        -:  379:                 * @param a const iterator
        -:  380:                 * @param difference type
        -:  381:                 * @return iterator decremented by difference type
        -:  382:                 */
function _ZmiN8my_dequeIiSaIiEE14const_iteratorEl called 6 returned 100% blocks executed 100%
        6:  383:                friend const_iterator operator - (const_iterator lhs, difference_type rhs) {
        6:  384:                    return lhs -= rhs;}
call    0 returned 100%
        -:  385:
        -:  386:
        -:  387:            private:
        -:  388:                // ----
        -:  389:                // data
        -:  390:                // ----
        -:  391:
        -:  392:                const my_deque* _d;
        -:  393:
        -:  394:                size_type _i;
        -:  395:
        -:  396:            private:
        -:  397:                // -----
        -:  398:                // valid
        -:  399:                // -----
        -:  400:
function _ZNK8my_dequeIZN28Deque_Fixture_iterarrow_TestISt5dequeIiSaIiEEE8TestBodyEvE1SSaIS5_EE14const_iterator5validEv called 0 returned 0% blocks executed 0%
function _ZNK8my_dequeIZN28Deque_Fixture_iterarrow_TestIS_IiSaIiEEE8TestBodyEvE1SSaIS4_EE14const_iterator5validEv called 0 returned 0% blocks executed 0%
function _ZNK8my_dequeIZN34Deque_Fixture_const_iterarrow_TestISt5dequeIiSaIiEEE8TestBodyEvE1SSaIS5_EE14const_iterator5validEv called 5 returned 100% blocks executed 100%
function _ZNK8my_dequeIZN34Deque_Fixture_const_iterarrow_TestIS_IiSaIiEEE8TestBodyEvE1SSaIS4_EE14const_iterator5validEv called 5 returned 100% blocks executed 100%
function _ZNK8my_dequeIiSaIiEE14const_iterator5validEv called 2065 returned 100% blocks executed 100%
     2075:  401:                bool valid () const {
     2075:  402:                    return _i >= 0;}
        -:  403:
        -:  404:          public:
        -:  405:                // -----------
        -:  406:                // constructor
        -:  407:                // -----------
        -:  408:
        -:  409:                /**
        -:  410:                 * @param a const my_deque
        -:  411:                 * @param size_type
        -:  412:                 * @return a const iterator starting at position given for given deque
        -:  413:                 */
function _ZN8my_dequeIZN28Deque_Fixture_iterarrow_TestISt5dequeIiSaIiEEE8TestBodyEvE1SSaIS5_EE14const_iteratorC2EPKS7_m called 0 returned 0% blocks executed 0%
function _ZN8my_dequeIZN28Deque_Fixture_iterarrow_TestIS_IiSaIiEEE8TestBodyEvE1SSaIS4_EE14const_iteratorC2EPKS6_m called 0 returned 0% blocks executed 0%
function _ZN8my_dequeIZN34Deque_Fixture_const_iterarrow_TestISt5dequeIiSaIiEEE8TestBodyEvE1SSaIS5_EE14const_iteratorC2EPKS7_m called 3 returned 100% blocks executed 75%
function _ZN8my_dequeIZN34Deque_Fixture_const_iterarrow_TestIS_IiSaIiEEE8TestBodyEvE1SSaIS4_EE14const_iteratorC2EPKS6_m called 3 returned 100% blocks executed 75%
function _ZN8my_dequeIiSaIiEE14const_iteratorC2EPKS1_m called 279 returned 100% blocks executed 75%
      285:  414:            const_iterator (const my_deque* d, size_type i=0) {
      285:  415:                _d = d;
      285:  416:                _i = i;
      285:  417:                assert(valid());}
call    0 never executed
branch  1 never executed
branch  2 never executed
call    3 never executed
call    4 never executed
branch  5 never executed
branch  6 never executed
call    7 never executed
call    8 returned 100%
branch  9 taken 0% (fallthrough)
branch 10 taken 100%
call   11 never executed
call   12 returned 100%
branch 13 taken 0% (fallthrough)
branch 14 taken 100%
call   15 never executed
call   16 returned 100%
branch 17 taken 0% (fallthrough)
branch 18 taken 100%
call   19 never executed
        -:  418:
        -:  419:                // Default copy, destructor, and copy assignment.
        -:  420:                // const_iterator (const const_iterator&);
        -:  421:                // ~const_iterator ();
        -:  422:                // const_iterator& operator = (const const_iterator&);
        -:  423:
        -:  424:                // ----------
        -:  425:                // operator *
        -:  426:                // ----------
        -:  427:
        -:  428:                /**
        -:  429:                 * @return reference to element at current index
        -:  430:                 */
function _ZNK8my_dequeIZN28Deque_Fixture_iterarrow_TestISt5dequeIiSaIiEEE8TestBodyEvE1SSaIS5_EE14const_iteratordeEv called 0 returned 0% blocks executed 0%
function _ZNK8my_dequeIZN28Deque_Fixture_iterarrow_TestIS_IiSaIiEEE8TestBodyEvE1SSaIS4_EE14const_iteratordeEv called 0 returned 0% blocks executed 0%
function _ZNK8my_dequeIZN34Deque_Fixture_const_iterarrow_TestISt5dequeIiSaIiEEE8TestBodyEvE1SSaIS5_EE14const_iteratordeEv called 3 returned 100% blocks executed 100%
function _ZNK8my_dequeIZN34Deque_Fixture_const_iterarrow_TestIS_IiSaIiEEE8TestBodyEvE1SSaIS4_EE14const_iteratordeEv called 3 returned 100% blocks executed 100%
function _ZNK8my_dequeIiSaIiEE14const_iteratordeEv called 1767 returned 100% blocks executed 100%
     1773:  431:                reference operator * () const {
     1773:  432:                return (*_d)[_i];}
call    0 never executed
call    1 never executed
call    2 returned 100%
call    3 returned 100%
call    4 returned 100%
        -:  433:
        -:  434:                // -----------
        -:  435:                // operator ->
        -:  436:                // -----------
        -:  437:
        -:  438:                /**
        -:  439:                 * @ return pointer to this
        -:  440:                 */
function _ZNK8my_dequeIZN34Deque_Fixture_const_iterarrow_TestISt5dequeIiSaIiEEE8TestBodyEvE1SSaIS5_EE14const_iteratorptEv called 1 returned 100% blocks executed 100%
function _ZNK8my_dequeIZN34Deque_Fixture_const_iterarrow_TestIS_IiSaIiEEE8TestBodyEvE1SSaIS4_EE14const_iteratorptEv called 1 returned 100% blocks executed 100%
        2:  441:                pointer operator -> () const {
        2:  442:                    return &**this;}
call    0 returned 100%
call    1 returned 100%
        -:  443:
        -:  444:                // -----------
        -:  445:                // operator ++
        -:  446:                // -----------
        -:  447:
        -:  448:                /**
        -:  449:                 * pre-increment
        -:  450:                 * @return const iterator incremented once
        -:  451:                 */
function _ZN8my_dequeIZN28Deque_Fixture_iterarrow_TestISt5dequeIiSaIiEEE8TestBodyEvE1SSaIS5_EE14const_iteratorppEv called 0 returned 0% blocks executed 0%
function _ZN8my_dequeIZN28Deque_Fixture_iterarrow_TestIS_IiSaIiEEE8TestBodyEvE1SSaIS4_EE14const_iteratorppEv called 0 returned 0% blocks executed 0%
function _ZN8my_dequeIZN34Deque_Fixture_const_iterarrow_TestISt5dequeIiSaIiEEE8TestBodyEvE1SSaIS5_EE14const_iteratorppEv called 2 returned 100% blocks executed 80%
function _ZN8my_dequeIZN34Deque_Fixture_const_iterarrow_TestIS_IiSaIiEEE8TestBodyEvE1SSaIS4_EE14const_iteratorppEv called 2 returned 100% blocks executed 80%
function _ZN8my_dequeIiSaIiEE14const_iteratorppEv called 1734 returned 100% blocks executed 80%
     1738:  452:                const_iterator& operator ++ () {
     1738:  453:                ++_i;
     1738:  454:                assert(valid());
call    0 never executed
branch  1 never executed
branch  2 never executed
call    3 never executed
call    4 never executed
branch  5 never executed
branch  6 never executed
call    7 never executed
call    8 returned 100%
branch  9 taken 0% (fallthrough)
branch 10 taken 100%
call   11 never executed
call   12 returned 100%
branch 13 taken 0% (fallthrough)
branch 14 taken 100%
call   15 never executed
call   16 returned 100%
branch 17 taken 0% (fallthrough)
branch 18 taken 100%
call   19 never executed
     1738:  455:                return *this;}
        -:  456:
        -:  457:
        -:  458:                /**
        -:  459:                 * post-increment
        -:  460:                 * @return const iterator incremented once
        -:  461:                 */
function _ZN8my_dequeIiSaIiEE14const_iteratorppEi called 3 returned 100% blocks executed 86%
        3:  462:                const_iterator operator ++ (int) {
        3:  463:                    const_iterator x = *this;
        3:  464:                    ++(*this);
call    0 returned 100%
branch  1 taken 100% (fallthrough)
branch  2 taken 0% (throw)
        3:  465:                    assert(valid());
call    0 returned 100%
branch  1 taken 0% (fallthrough)
branch  2 taken 100%
call    3 never executed
        3:  466:                    return x;}
        -:  467:
        -:  468:                // -----------
        -:  469:                // operator --
        -:  470:                // -----------
        -:  471:
        -:  472:                /**
        -:  473:                 * pre-decrement
        -:  474:                 * @return const iterator decremented once
        -:  475:                 */
function _ZN8my_dequeIiSaIiEE14const_iteratormmEv called 12 returned 100% blocks executed 80%
       12:  476:                const_iterator& operator -- () {
       12:  477:                --_i;
       12:  478:                assert(valid());
call    0 returned 100%
branch  1 taken 0% (fallthrough)
branch  2 taken 100%
call    3 never executed
       12:  479:                return *this;}
        -:  480:
        -:  481:                /**
        -:  482:                 * post-decrement
        -:  483:                 * @return const iterator decremented once
        -:  484:                 */
function _ZN8my_dequeIiSaIiEE14const_iteratormmEi called 5 returned 100% blocks executed 86%
        5:  485:                const_iterator operator -- (int) {
        5:  486:                    const_iterator x = *this;
        5:  487:                    --(*this);
call    0 returned 100%
branch  1 taken 100% (fallthrough)
branch  2 taken 0% (throw)
        5:  488:                    assert(valid());
call    0 returned 100%
branch  1 taken 0% (fallthrough)
branch  2 taken 100%
call    3 never executed
        5:  489:                    return x;}
        -:  490:
        -:  491:                // -----------
        -:  492:                // operator +=
        -:  493:                // -----------
        -:  494:
        -:  495:                /**
        -:  496:                 * @param difference type
        -:  497:                 * @return const iterator incremented by that many
        -:  498:                 */
function _ZN8my_dequeIZN28Deque_Fixture_iterarrow_TestISt5dequeIiSaIiEEE8TestBodyEvE1SSaIS5_EE14const_iteratorpLEl called 0 returned 0% blocks executed 0%
function _ZN8my_dequeIZN34Deque_Fixture_const_iterarrow_TestISt5dequeIiSaIiEEE8TestBodyEvE1SSaIS5_EE14const_iteratorpLEl called 0 returned 0% blocks executed 0%
function _ZN8my_dequeIZN28Deque_Fixture_iterarrow_TestIS_IiSaIiEEE8TestBodyEvE1SSaIS4_EE14const_iteratorpLEl called 0 returned 0% blocks executed 0%
function _ZN8my_dequeIZN34Deque_Fixture_const_iterarrow_TestIS_IiSaIiEEE8TestBodyEvE1SSaIS4_EE14const_iteratorpLEl called 0 returned 0% blocks executed 0%
function _ZN8my_dequeIiSaIiEE14const_iteratorpLEl called 22 returned 100% blocks executed 80%
       22:  499:                const_iterator& operator += (difference_type d) {
       22:  500:                _i += d;
       22:  501:                assert(valid());
call    0 never executed
branch  1 never executed
branch  2 never executed
call    3 never executed
call    4 never executed
branch  5 never executed
branch  6 never executed
call    7 never executed
call    8 never executed
branch  9 never executed
branch 10 never executed
call   11 never executed
call   12 never executed
branch 13 never executed
branch 14 never executed
call   15 never executed
call   16 returned 100%
branch 17 taken 0% (fallthrough)
branch 18 taken 100%
call   19 never executed
       22:  502:                return *this;}
        -:  503:
        -:  504:                // -----------
        -:  505:                // operator -=
        -:  506:                // -----------
        -:  507:
        -:  508:                /**
        -:  509:                 * @param difference type
        -:  510:                 * @return const iterator decremented by that many
        -:  511:                 */
function _ZN8my_dequeIiSaIiEE14const_iteratormIEl called 10 returned 100% blocks executed 80%
       10:  512:                const_iterator& operator -= (difference_type d) {
       10:  513:                _i -= d;
       10:  514:                assert(valid());
call    0 returned 100%
branch  1 taken 0% (fallthrough)
branch  2 taken 100%
call    3 never executed
       10:  515:                return *this;}};
        -:  516:
        -:  517:    public:
        -:  518:        // ------------
        -:  519:        // constructors
        -:  520:        // ------------
        -:  521:
        -:  522:        /**
        -:  523:         * defaul constructor
        -:  524:         * @param allocator type defaulted
        -:  525:         * set everything to 0
        -:  526:         */
function _ZN8my_dequeIiSaIiEEC2ERKS0_ called 16 returned 100% blocks executed 83%
       16:  527:        explicit my_deque (const allocator_type& a = allocator_type()) 
       16:  528:            : _a(a), _aP() {
call    0 returned 100%
call    1 returned 100%
       16:  529:             _lb = _le = _bd = _ed = 0;
       16:  530:            _outermost = 0;
       16:  531:            assert(valid() );}
call    0 returned 100%
branch  1 taken 0% (fallthrough)
branch  2 taken 100%
call    3 never executed
        -:  532:
        -:  533:        /**
        -:  534:         * constructor with given size
        -:  535:         * split size up into rows and columns
        -:  536:         */
function _ZN8my_dequeIZN28Deque_Fixture_iterarrow_TestISt5dequeIiSaIiEEE8TestBodyEvE1SSaIS5_EEC2EmRKS5_RKS6_ called 1 returned 100% blocks executed 51%
function _ZN8my_dequeIZN34Deque_Fixture_const_iterarrow_TestISt5dequeIiSaIiEEE8TestBodyEvE1SSaIS5_EEC2EmRKS5_RKS6_ called 1 returned 100% blocks executed 51%
function _ZN8my_dequeIZN28Deque_Fixture_iterarrow_TestIS_IiSaIiEEE8TestBodyEvE1SSaIS4_EEC2EmRKS4_RKS5_ called 1 returned 100% blocks executed 51%
function _ZN8my_dequeIZN34Deque_Fixture_const_iterarrow_TestIS_IiSaIiEEE8TestBodyEvE1SSaIS4_EEC2EmRKS4_RKS5_ called 1 returned 100% blocks executed 51%
function _ZN8my_dequeIiSaIiEEC2EmRKiRKS0_ called 196 returned 100% blocks executed 88%
      200:  537:        explicit my_deque (size_type s, const_reference v = value_type(), const allocator_type& a = allocator_type()) 
      200:  538:            : _a(a), _aP() {
call    0 returned 100%
call    1 returned 100%
call    2 never executed
call    3 never executed
call    4 returned 100%
call    5 returned 100%
call    6 never executed
call    7 never executed
call    8 returned 100%
call    9 returned 100%
call   10 never executed
call   11 never executed
call   12 returned 100%
call   13 returned 100%
call   14 never executed
call   15 never executed
call   16 returned 100%
call   17 returned 100%
call   18 never executed
call   19 never executed
        -:  539:
      200:  540:            size_type numrows = s / 10;         //divide the size into different rows
        -:  541:            
      200:  542:            if (s % 10 > 0){                   //make sure there is no extra space, add an extra row if remainder
branch  0 taken 100% (fallthrough)
branch  1 taken 0%
branch  2 taken 100% (fallthrough)
branch  3 taken 0%
branch  4 taken 100% (fallthrough)
branch  5 taken 0%
branch  6 taken 100% (fallthrough)
branch  7 taken 0%
branch  8 taken 98% (fallthrough)
branch  9 taken 2%
      196:  543:                ++numrows;
        -:  544:
      196:  545:                _outermost = _aP.allocate(numrows);
call    0 returned 100%
branch  1 taken 100% (fallthrough)
branch  2 taken 0% (throw)
call    3 returned 100%
branch  4 taken 100% (fallthrough)
branch  5 taken 0% (throw)
call    6 returned 100%
branch  7 taken 100% (fallthrough)
branch  8 taken 0% (throw)
call    9 returned 100%
branch 10 taken 100% (fallthrough)
branch 11 taken 0% (throw)
call   12 returned 100%
branch 13 taken 100% (fallthrough)
branch 14 taken 0% (throw)
        -:  546:            
      196:  547:                size_type x = 0;
      601:  548:                while (x != numrows){
branch  0 taken 50%
branch  1 taken 50% (fallthrough)
branch  2 taken 50%
branch  3 taken 50% (fallthrough)
branch  4 taken 50%
branch  5 taken 50% (fallthrough)
branch  6 taken 50%
branch  7 taken 50% (fallthrough)
branch  8 taken 52%
branch  9 taken 48% (fallthrough)
      209:  549:                    _outermost[x] = _a.allocate(10);
call    0 returned 100%
branch  1 taken 100% (fallthrough)
branch  2 taken 0% (throw)
call    3 returned 100%
branch  4 taken 100% (fallthrough)
branch  5 taken 0% (throw)
call    6 returned 100%
branch  7 taken 100% (fallthrough)
branch  8 taken 0% (throw)
call    9 returned 100%
branch 10 taken 100% (fallthrough)
branch 11 taken 0% (throw)
call   12 returned 100%
branch 13 taken 100% (fallthrough)
branch 14 taken 0% (throw)
      209:  550:                    ++x;
        -:  551:                }
        -:  552:
      196:  553:                x = 0;
      601:  554:                while(x != numrows){
branch  0 taken 50%
branch  1 taken 50% (fallthrough)
branch  2 taken 50%
branch  3 taken 50% (fallthrough)
branch  4 taken 50%
branch  5 taken 50% (fallthrough)
branch  6 taken 50%
branch  7 taken 50% (fallthrough)
branch  8 taken 52%
branch  9 taken 48% (fallthrough)
      209:  555:                    _a.deallocate(_outermost[x], 10);
call    0 returned 100%
call    1 returned 100%
call    2 returned 100%
call    3 returned 100%
call    4 returned 100%
      209:  556:                    ++x;
        -:  557:                }
        -:  558:            
      196:  559:                _aP.deallocate(_outermost, numrows);
call    0 returned 100%
call    1 returned 100%
call    2 returned 100%
call    3 returned 100%
call    4 returned 100%
      196:  560:                _bd = _lb = _a.allocate(s);
call    0 returned 100%
branch  1 taken 100% (fallthrough)
branch  2 taken 0% (throw)
call    3 returned 100%
branch  4 taken 100% (fallthrough)
branch  5 taken 0% (throw)
call    6 returned 100%
branch  7 taken 100% (fallthrough)
branch  8 taken 0% (throw)
call    9 returned 100%
branch 10 taken 100% (fallthrough)
branch 11 taken 0% (throw)
call   12 returned 100%
branch 13 taken 100% (fallthrough)
branch 14 taken 0% (throw)
        -:  561:
      196:  562:                _ed = _le = _bd + s;
        -:  563:
      196:  564:                uninitialized_fill(_a, begin(), end(), v);
call    0 returned 100%
branch  1 taken 100% (fallthrough)
branch  2 taken 0% (throw)
call    3 returned 100%
branch  4 taken 100% (fallthrough)
branch  5 taken 0% (throw)
call    6 returned 100%
branch  7 taken 100% (fallthrough)
branch  8 taken 0% (throw)
call    9 returned 100%
branch 10 taken 100% (fallthrough)
branch 11 taken 0% (throw)
call   12 returned 100%
branch 13 taken 100% (fallthrough)
branch 14 taken 0% (throw)
call   15 returned 100%
branch 16 taken 100% (fallthrough)
branch 17 taken 0% (throw)
call   18 returned 100%
branch 19 taken 100% (fallthrough)
branch 20 taken 0% (throw)
call   21 returned 100%
branch 22 taken 100% (fallthrough)
branch 23 taken 0% (throw)
call   24 returned 100%
branch 25 taken 100% (fallthrough)
branch 26 taken 0% (throw)
call   27 returned 100%
branch 28 taken 100% (fallthrough)
branch 29 taken 0% (throw)
call   30 returned 100%
branch 31 taken 100% (fallthrough)
branch 32 taken 0% (throw)
call   33 returned 100%
branch 34 taken 100% (fallthrough)
branch 35 taken 0% (throw)
call   36 returned 100%
branch 37 taken 100% (fallthrough)
branch 38 taken 0% (throw)
call   39 returned 100%
branch 40 taken 100% (fallthrough)
branch 41 taken 0% (throw)
call   42 returned 100%
branch 43 taken 100% (fallthrough)
branch 44 taken 0% (throw)
      196:  565:                assert(valid());
call    0 returned 100%
branch  1 taken 0% (fallthrough)
branch  2 taken 100%
call    3 never executed
call    4 returned 100%
branch  5 taken 0% (fallthrough)
branch  6 taken 100%
call    7 never executed
call    8 returned 100%
branch  9 taken 0% (fallthrough)
branch 10 taken 100%
call   11 never executed
call   12 returned 100%
branch 13 taken 0% (fallthrough)
branch 14 taken 100%
call   15 never executed
call   16 returned 100%
branch 17 taken 0% (fallthrough)
branch 18 taken 100%
call   19 never executed
        -:  566:                }
        -:  567:
        -:  568:            else{
        4:  569:                _outermost = _aP.allocate(numrows);
call    0 never executed
branch  1 never executed
branch  2 never executed
call    3 never executed
branch  4 never executed
branch  5 never executed
call    6 never executed
branch  7 never executed
branch  8 never executed
call    9 never executed
branch 10 never executed
branch 11 never executed
call   12 returned 100%
branch 13 taken 100% (fallthrough)
branch 14 taken 0% (throw)
        -:  570:            
        4:  571:                size_type x = 0;
      111:  572:                while (x != numrows){
branch  0 never executed
branch  1 never executed
branch  2 never executed
branch  3 never executed
branch  4 never executed
branch  5 never executed
branch  6 never executed
branch  7 never executed
branch  8 taken 96%
branch  9 taken 4% (fallthrough)
      103:  573:                    _outermost[x] = _a.allocate(10);
call    0 never executed
branch  1 never executed
branch  2 never executed
call    3 never executed
branch  4 never executed
branch  5 never executed
call    6 never executed
branch  7 never executed
branch  8 never executed
call    9 never executed
branch 10 never executed
branch 11 never executed
call   12 returned 100%
branch 13 taken 100% (fallthrough)
branch 14 taken 0% (throw)
      103:  574:                    ++x;
        -:  575:                }
        -:  576:
        4:  577:                x = 0;
      111:  578:                while(x != numrows){
branch  0 never executed
branch  1 never executed
branch  2 never executed
branch  3 never executed
branch  4 never executed
branch  5 never executed
branch  6 never executed
branch  7 never executed
branch  8 taken 96%
branch  9 taken 4% (fallthrough)
      103:  579:                    _a.deallocate(_outermost[x], 10);
call    0 never executed
call    1 never executed
call    2 never executed
call    3 never executed
call    4 returned 100%
      103:  580:                    ++x;
        -:  581:                }
        -:  582:            
        4:  583:                _aP.deallocate(_outermost, numrows);
call    0 never executed
call    1 never executed
call    2 never executed
call    3 never executed
call    4 returned 100%
        4:  584:                _bd = _lb = _a.allocate(s);
call    0 never executed
branch  1 never executed
branch  2 never executed
call    3 never executed
branch  4 never executed
branch  5 never executed
call    6 never executed
branch  7 never executed
branch  8 never executed
call    9 never executed
branch 10 never executed
branch 11 never executed
call   12 returned 100%
branch 13 taken 100% (fallthrough)
branch 14 taken 0% (throw)
        -:  585:
        4:  586:                _ed = _le = _bd + s;
        -:  587:
        4:  588:                uninitialized_fill(_a, begin(), end(), v);
call    0 never executed
branch  1 never executed
branch  2 never executed
call    3 never executed
branch  4 never executed
branch  5 never executed
call    6 never executed
branch  7 never executed
branch  8 never executed
call    9 never executed
branch 10 never executed
branch 11 never executed
call   12 never executed
branch 13 never executed
branch 14 never executed
call   15 never executed
branch 16 never executed
branch 17 never executed
call   18 never executed
branch 19 never executed
branch 20 never executed
call   21 never executed
branch 22 never executed
branch 23 never executed
call   24 never executed
branch 25 never executed
branch 26 never executed
call   27 never executed
branch 28 never executed
branch 29 never executed
call   30 never executed
branch 31 never executed
branch 32 never executed
call   33 never executed
branch 34 never executed
branch 35 never executed
call   36 returned 100%
branch 37 taken 100% (fallthrough)
branch 38 taken 0% (throw)
call   39 returned 100%
branch 40 taken 100% (fallthrough)
branch 41 taken 0% (throw)
call   42 returned 100%
branch 43 taken 100% (fallthrough)
branch 44 taken 0% (throw)
        4:  589:                assert(valid());}}
call    0 never executed
branch  1 never executed
branch  2 never executed
call    3 never executed
call    4 never executed
branch  5 never executed
branch  6 never executed
call    7 never executed
call    8 never executed
branch  9 never executed
branch 10 never executed
call   11 never executed
call   12 never executed
branch 13 never executed
branch 14 never executed
call   15 never executed
call   16 returned 100%
branch 17 taken 0% (fallthrough)
branch 18 taken 100%
call   19 never executed
        -:  590:        /**
        -:  591:         * copy constructor
        -:  592:         * @param my_deque to be copied
        -:  593:         */
function _ZN8my_dequeIZN28Deque_Fixture_iterarrow_TestISt5dequeIiSaIiEEE8TestBodyEvE1SSaIS5_EEC2ERKS7_ called 0 returned 0% blocks executed 0%
function _ZN8my_dequeIZN28Deque_Fixture_iterarrow_TestIS_IiSaIiEEE8TestBodyEvE1SSaIS4_EEC2ERKS6_ called 0 returned 0% blocks executed 0%
function _ZN8my_dequeIZN34Deque_Fixture_const_iterarrow_TestISt5dequeIiSaIiEEE8TestBodyEvE1SSaIS5_EEC2ERKS7_ called 1 returned 100% blocks executed 76%
function _ZN8my_dequeIZN34Deque_Fixture_const_iterarrow_TestIS_IiSaIiEEE8TestBodyEvE1SSaIS4_EEC2ERKS6_ called 1 returned 100% blocks executed 76%
function _ZN8my_dequeIiSaIiEEC2ERKS1_ called 64 returned 100% blocks executed 76%
       66:  594:        my_deque (const my_deque& that) 
       66:  595:            : _a(that._a), _aP() {
call    0 never executed
call    1 never executed
call    2 never executed
call    3 never executed
call    4 never executed
call    5 never executed
call    6 never executed
call    7 never executed
call    8 returned 100%
call    9 returned 100%
call   10 never executed
call   11 never executed
call   12 returned 100%
call   13 returned 100%
call   14 never executed
call   15 never executed
call   16 returned 100%
call   17 returned 100%
call   18 never executed
call   19 never executed
       66:  596:            _outermost = 0; 
       66:  597:            _lb = _bd = _a.allocate(that.size());
call    0 never executed
call    1 never executed
branch  2 never executed
branch  3 never executed
call    4 never executed
call    5 never executed
branch  6 never executed
branch  7 never executed
call    8 returned 100%
call    9 returned 100%
branch 10 taken 100% (fallthrough)
branch 11 taken 0% (throw)
call   12 returned 100%
call   13 returned 100%
branch 14 taken 100% (fallthrough)
branch 15 taken 0% (throw)
call   16 returned 100%
call   17 returned 100%
branch 18 taken 100% (fallthrough)
branch 19 taken 0% (throw)
       66:  598:            _ed = _le = _lb + that.size();
call    0 never executed
call    1 never executed
call    2 returned 100%
call    3 returned 100%
call    4 returned 100%
       66:  599:            uninitialized_copy(_a, that.begin(), that.end(), begin());
call    0 never executed
branch  1 never executed
branch  2 never executed
call    3 never executed
branch  4 never executed
branch  5 never executed
call    6 never executed
branch  7 never executed
branch  8 never executed
call    9 never executed
branch 10 never executed
branch 11 never executed
call   12 never executed
branch 13 never executed
branch 14 never executed
call   15 never executed
branch 16 never executed
branch 17 never executed
call   18 never executed
branch 19 never executed
branch 20 never executed
call   21 never executed
branch 22 never executed
branch 23 never executed
call   24 returned 100%
branch 25 taken 100% (fallthrough)
branch 26 taken 0% (throw)
call   27 returned 100%
branch 28 taken 100% (fallthrough)
branch 29 taken 0% (throw)
call   30 returned 100%
branch 31 taken 100% (fallthrough)
branch 32 taken 0% (throw)
call   33 returned 100%
branch 34 taken 100% (fallthrough)
branch 35 taken 0% (throw)
call   36 returned 100%
branch 37 taken 100% (fallthrough)
branch 38 taken 0% (throw)
call   39 returned 100%
branch 40 taken 100% (fallthrough)
branch 41 taken 0% (throw)
call   42 returned 100%
branch 43 taken 100% (fallthrough)
branch 44 taken 0% (throw)
call   45 returned 100%
branch 46 taken 100% (fallthrough)
branch 47 taken 0% (throw)
call   48 returned 100%
branch 49 taken 100% (fallthrough)
branch 50 taken 0% (throw)
call   51 returned 100%
branch 52 taken 100% (fallthrough)
branch 53 taken 0% (throw)
call   54 returned 100%
branch 55 taken 100% (fallthrough)
branch 56 taken 0% (throw)
call   57 returned 100%
branch 58 taken 100% (fallthrough)
branch 59 taken 0% (throw)
       66:  600:            assert(valid());}
call    0 never executed
branch  1 never executed
branch  2 never executed
call    3 never executed
call    4 never executed
branch  5 never executed
branch  6 never executed
call    7 never executed
call    8 returned 100%
branch  9 taken 0% (fallthrough)
branch 10 taken 100%
call   11 never executed
call   12 returned 100%
branch 13 taken 0% (fallthrough)
branch 14 taken 100%
call   15 never executed
call   16 returned 100%
branch 17 taken 0% (fallthrough)
branch 18 taken 100%
call   19 never executed
        -:  601:
        -:  602:        // ----------
        -:  603:        // destructor
        -:  604:        // ----------
        -:  605:
        -:  606:        /**
        -:  607:         * destructor
        -:  608:         * if not empty, clear and deallocate space
        -:  609:         */
function _ZN8my_dequeIZN28Deque_Fixture_iterarrow_TestISt5dequeIiSaIiEEE8TestBodyEvE1SSaIS5_EED2Ev called 1 returned 100% blocks executed 89%
function _ZN8my_dequeIZN34Deque_Fixture_const_iterarrow_TestISt5dequeIiSaIiEEE8TestBodyEvE1SSaIS5_EED2Ev called 2 returned 100% blocks executed 89%
function _ZN8my_dequeIZN28Deque_Fixture_iterarrow_TestIS_IiSaIiEEE8TestBodyEvE1SSaIS4_EED2Ev called 1 returned 100% blocks executed 89%
function _ZN8my_dequeIZN34Deque_Fixture_const_iterarrow_TestIS_IiSaIiEEE8TestBodyEvE1SSaIS4_EED2Ev called 2 returned 100% blocks executed 89%
function _ZN8my_dequeIiSaIiEED2Ev called 276 returned 100% blocks executed 89%
      282:  610:        ~my_deque () {
      282:  611:            if (_lb) {  //check if it's empty.  if not, deallocate entire capacity
branch  0 taken 100% (fallthrough)
branch  1 taken 0%
branch  2 taken 100% (fallthrough)
branch  3 taken 0%
branch  4 taken 100% (fallthrough)
branch  5 taken 0%
branch  6 taken 100% (fallthrough)
branch  7 taken 0%
branch  8 taken 94% (fallthrough)
branch  9 taken 6%
      266:  612:                clear();
call    0 returned 100%
call    1 returned 100%
call    2 returned 100%
call    3 returned 100%
call    4 returned 100%
      266:  613:                _a.deallocate(_lb, (_le - _lb));}
call    0 returned 100%
call    1 returned 100%
call    2 returned 100%
call    3 returned 100%
call    4 returned 100%
        -:  614:
      282:  615:            assert(valid() );}
call    0 returned 100%
branch  1 taken 0% (fallthrough)
branch  2 taken 100%
call    3 never executed
call    4 returned 100%
call    5 returned 100%
call    6 returned 100%
branch  7 taken 0% (fallthrough)
branch  8 taken 100%
call    9 never executed
call   10 returned 100%
call   11 returned 100%
call   12 returned 100%
branch 13 taken 0% (fallthrough)
branch 14 taken 100%
call   15 never executed
call   16 returned 100%
call   17 returned 100%
call   18 returned 100%
branch 19 taken 0% (fallthrough)
branch 20 taken 100%
call   21 never executed
call   22 returned 100%
call   23 returned 100%
call   24 returned 100%
branch 25 taken 0% (fallthrough)
branch 26 taken 100%
call   27 never executed
call   28 returned 100%
call   29 returned 100%
        -:  616:
        -:  617:        // ----------
        -:  618:        // operator =
        -:  619:        // ----------
        -:  620:
        -:  621:        /**
        -:  622:         * @param my_deque
        -:  623:         */
function _ZN8my_dequeIZN28Deque_Fixture_iterarrow_TestISt5dequeIiSaIiEEE8TestBodyEvE1SSaIS5_EEaSERKS7_ called 0 returned 0% blocks executed 0%
function _ZN8my_dequeIZN34Deque_Fixture_const_iterarrow_TestISt5dequeIiSaIiEEE8TestBodyEvE1SSaIS5_EEaSERKS7_ called 0 returned 0% blocks executed 0%
function _ZN8my_dequeIZN28Deque_Fixture_iterarrow_TestIS_IiSaIiEEE8TestBodyEvE1SSaIS4_EEaSERKS6_ called 0 returned 0% blocks executed 0%
function _ZN8my_dequeIZN34Deque_Fixture_const_iterarrow_TestIS_IiSaIiEEE8TestBodyEvE1SSaIS4_EEaSERKS6_ called 0 returned 0% blocks executed 0%
function _ZN8my_dequeIiSaIiEEaSERKS1_ called 5 returned 100% blocks executed 63%
        5:  624:        my_deque& operator = (const my_deque& rhs) {
        5:  625:            if (this == &rhs)
branch  0 never executed
branch  1 never executed
branch  2 never executed
branch  3 never executed
branch  4 never executed
branch  5 never executed
branch  6 never executed
branch  7 never executed
branch  8 taken 20% (fallthrough)
branch  9 taken 80%
        1:  626:                return *this;
        4:  627:            if (rhs.size() == size())
call    0 never executed
call    1 never executed
branch  2 never executed
branch  3 never executed
call    4 never executed
call    5 never executed
branch  6 never executed
branch  7 never executed
call    8 never executed
call    9 never executed
branch 10 never executed
branch 11 never executed
call   12 never executed
call   13 never executed
branch 14 never executed
branch 15 never executed
call   16 returned 100%
call   17 returned 100%
branch 18 taken 25% (fallthrough)
branch 19 taken 75%
        1:  628:                std::copy(rhs.begin(), rhs.end(), begin());
call    0 never executed
call    1 never executed
call    2 never executed
call    3 never executed
call    4 never executed
call    5 never executed
call    6 never executed
call    7 never executed
call    8 never executed
call    9 never executed
call   10 never executed
call   11 never executed
call   12 never executed
call   13 never executed
call   14 never executed
call   15 never executed
call   16 returned 100%
call   17 returned 100%
call   18 returned 100%
call   19 returned 100%
        3:  629:            else if (rhs.size() < size()) {
call    0 never executed
call    1 never executed
branch  2 never executed
branch  3 never executed
call    4 never executed
call    5 never executed
branch  6 never executed
branch  7 never executed
call    8 never executed
call    9 never executed
branch 10 never executed
branch 11 never executed
call   12 never executed
call   13 never executed
branch 14 never executed
branch 15 never executed
call   16 returned 100%
call   17 returned 100%
branch 18 taken 33% (fallthrough)
branch 19 taken 67%
        1:  630:                std::copy(rhs.begin(), rhs.end(), begin());
call    0 never executed
call    1 never executed
call    2 never executed
call    3 never executed
call    4 never executed
call    5 never executed
call    6 never executed
call    7 never executed
call    8 never executed
call    9 never executed
call   10 never executed
call   11 never executed
call   12 never executed
call   13 never executed
call   14 never executed
call   15 never executed
call   16 returned 100%
call   17 returned 100%
call   18 returned 100%
call   19 returned 100%
[...]
        -:  837:         * make size bigger by one and input new value with resize
        -:  838:         */
function _ZN8my_dequeIiSaIiEE9push_backERKi called 6 returned 100% blocks executed 83%
        6:  839:        void push_back (const_reference v) {
        6:  840:            resize(size() + 1, v);
call    0 returned 100%
call    1 returned 100%
        6:  841:            assert(valid());}
call    0 returned 100%
branch  1 taken 0% (fallthrough)
branch  2 taken 100%
call    3 never executed
        -:  842:
        -:  843:        /**
        -:  844:         * make sure there is space for element
        -:  845:         * once there is, construct a new space and insert element
        -:  846:         */
function _ZN8my_dequeIiSaIiEE10push_frontERKi called 18 returned 100% blocks executed 92%
       18:  847:        void push_front (const_reference v) {
       18:  848:            if (_bd == _lb) {
branch  0 taken 100% (fallthrough)
branch  1 taken 0%
       18:  849:                resize(size() + 1);
call    0 returned 100%
call    1 returned 100%
branch  2 taken 100% (fallthrough)
branch  3 taken 0% (throw)
       18:  850:                pop_back();
call    0 returned 100%
        -:  851:            }    
       18:  852:            --_bd;
       18:  853:            _a.construct(&*begin(), v); 
call    0 returned 100%
call    1 returned 100%
call    2 returned 100%
       18:  854:            assert(valid());}
call    0 returned 100%
branch  1 taken 0% (fallthrough)
branch  2 taken 100%
call    3 never executed
        -:  855:
        -:  856:        // ------
        -:  857:        // resize
        -:  858:        // ------
        -:  859:
        -:  860:        /**
        -:  861:         * @param size type
        -:  862:         * check to see if possible to fill current deque, or resize
        -:  863:         * if not, make a new deque of the right size and copy elements over, swap
        -:  864:         */
function _ZN8my_dequeIZN28Deque_Fixture_iterarrow_TestISt5dequeIiSaIiEEE8TestBodyEvE1SSaIS5_EE6resizeEmRKS5_ called 1 returned 100% blocks executed 26%
function _ZN8my_dequeIZN34Deque_Fixture_const_iterarrow_TestISt5dequeIiSaIiEEE8TestBodyEvE1SSaIS5_EE6resizeEmRKS5_ called 2 returned 100% blocks executed 26%
function _ZN8my_dequeIZN28Deque_Fixture_iterarrow_TestIS_IiSaIiEEE8TestBodyEvE1SSaIS4_EE6resizeEmRKS4_ called 1 returned 100% blocks executed 26%
function _ZN8my_dequeIZN34Deque_Fixture_const_iterarrow_TestIS_IiSaIiEEE8TestBodyEvE1SSaIS4_EE6resizeEmRKS4_ called 2 returned 100% blocks executed 26%
function _ZN8my_dequeIiSaIiEE6resizeEmRKi called 324 returned 100% blocks executed 91%
      330:  865:        void resize (size_type s, const_reference v = value_type()) {
      330:  866:            if (s == size())
call    0 returned 100%
branch  1 taken 0% (fallthrough)
branch  2 taken 100%
call    3 returned 100%
branch  4 taken 0% (fallthrough)
branch  5 taken 100%
call    6 returned 100%
branch  7 taken 0% (fallthrough)
branch  8 taken 100%
call    9 returned 100%
branch 10 taken 0% (fallthrough)
branch 11 taken 100%
call   12 returned 100%
branch 13 taken 2% (fallthrough)
branch 14 taken 98%
      338:  867:                return;
call    0 never executed
call    1 never executed
call    2 never executed
call    3 never executed
call    4 never executed
      322:  868:            if (s < size())
call    0 returned 100%
branch  1 taken 100% (fallthrough)
branch  2 taken 0%
call    3 returned 100%
branch  4 taken 100% (fallthrough)
branch  5 taken 0%
call    6 returned 100%
branch  7 taken 100% (fallthrough)
branch  8 taken 0%
call    9 returned 100%
branch 10 taken 100% (fallthrough)
branch 11 taken 0%
call   12 returned 100%
branch 13 taken 91% (fallthrough)
branch 14 taken 9%
      295:  869:                _ed = &(*destroy(_a, begin() + s, end() )); //had to put &* to compile
call    0 returned 100%
call    1 returned 100%
call    2 returned 100%
call    3 returned 100%
call    4 returned 100%
call    5 returned 100%
call    6 returned 100%
call    7 returned 100%
call    8 returned 100%
call    9 returned 100%
call   10 returned 100%
call   11 returned 100%
call   12 returned 100%
call   13 returned 100%
call   14 returned 100%
call   15 returned 100%
call   16 returned 100%
call   17 returned 100%
call   18 returned 100%
call   19 returned 100%
call   20 returned 100%
call   21 returned 100%
call   22 returned 100%
call   23 returned 100%
call   24 returned 100%
       27:  870:            else if (s <= (_ed -_lb))
branch  0 never executed
branch  1 never executed
branch  2 never executed
branch  3 never executed
branch  4 never executed
branch  5 never executed
branch  6 never executed
branch  7 never executed
branch  8 taken 7% (fallthrough)
branch  9 taken 93%
        2:  871:                _ed = &*uninitialized_fill(_a, end(), begin() + s, v);
call    0 never executed
call    1 never executed
call    2 never executed
call    3 never executed
call    4 never executed
call    5 never executed
call    6 never executed
call    7 never executed
call    8 never executed
call    9 never executed
call   10 never executed
call   11 never executed
call   12 never executed
call   13 never executed
call   14 never executed
call   15 never executed
call   16 never executed
call   17 never executed
call   18 never executed
call   19 never executed
call   20 returned 100%
call   21 returned 100%
call   22 returned 100%
call   23 returned 100%
call   24 returned 100%
        -:  872:         
        -:  873:            else {              //need to make new, bigger deque but keep all pointers the same
       25:  874:                size_type newsize = size() * 2;
call    0 never executed
call    1 never executed
call    2 never executed
call    3 never executed
call    4 returned 100%
       25:  875:                if (s > newsize){
branch  0 never executed
branch  1 never executed
branch  2 never executed
branch  3 never executed
branch  4 never executed
branch  5 never executed
branch  6 never executed
branch  7 never executed
branch  8 taken 52% (fallthrough)
branch  9 taken 48%
       13:  876:                    newsize = s;
        -:  877:                }
        -:  878:
       25:  879:                if (newsize == s){
branch  0 never executed
branch  1 never executed
branch  2 never executed
branch  3 never executed
branch  4 never executed
branch  5 never executed
branch  6 never executed
branch  7 never executed
branch  8 taken 56% (fallthrough)
branch  9 taken 44%
       14:  880:                    newsize = newsize + 10;
        -:  881:                }
        -:  882:
       25:  883:                size_type middled = (newsize - s) / 2;
       25:  884:                size_type enddata = middled;
        -:  885:
       25:  886:                if ((newsize - s) % 2){
branch  0 never executed
branch  1 never executed
branch  2 never executed
branch  3 never executed
branch  4 never executed
branch  5 never executed
branch  6 never executed
branch  7 never executed
branch  8 taken 8% (fallthrough)
branch  9 taken 92%
        2:  887:                    ++enddata;
        -:  888:                }
        -:  889:                
       25:  890:                my_deque x(newsize, v);
call    0 never executed
call    1 never executed
branch  2 never executed
branch  3 never executed
call    4 never executed
call    5 never executed
call    6 never executed
branch  7 never executed
branch  8 never executed
call    9 never executed
call   10 never executed
call   11 never executed
branch 12 never executed
branch 13 never executed
call   14 never executed
call   15 never executed
call   16 never executed
branch 17 never executed
branch 18 never executed
call   19 never executed
call   20 returned 100%
call   21 returned 100%
branch 22 taken 100% (fallthrough)
branch 23 taken 0% (throw)
call   24 returned 100%
        -:  891:
       25:  892:                std::copy(begin(), end(), x.begin() + middled);
call    0 never executed
branch  1 never executed
branch  2 never executed
call    3 never executed
branch  4 never executed
branch  5 never executed
call    6 never executed
branch  7 never executed
branch  8 never executed
call    9 never executed
branch 10 never executed
branch 11 never executed
call   12 never executed
branch 13 never executed
branch 14 never executed
call   15 never executed
branch 16 never executed
branch 17 never executed
call   18 never executed
branch 19 never executed
branch 20 never executed
call   21 never executed
branch 22 never executed
branch 23 never executed
call   24 never executed
branch 25 never executed
branch 26 never executed
call   27 never executed
branch 28 never executed
branch 29 never executed
call   30 never executed
branch 31 never executed
branch 32 never executed
call   33 never executed
branch 34 never executed
branch 35 never executed
call   36 never executed
branch 37 never executed
branch 38 never executed
call   39 never executed
branch 40 never executed
branch 41 never executed
call   42 never executed
branch 43 never executed
branch 44 never executed
call   45 never executed
branch 46 never executed
branch 47 never executed
call   48 never executed
branch 49 never executed
branch 50 never executed
call   51 never executed
branch 52 never executed
branch 53 never executed
call   54 never executed
branch 55 never executed
branch 56 never executed
call   57 never executed
branch 58 never executed
branch 59 never executed
call   60 returned 100%
branch 61 taken 100% (fallthrough)
branch 62 taken 0% (throw)
call   63 returned 100%
branch 64 taken 100% (fallthrough)
branch 65 taken 0% (throw)
call   66 returned 100%
branch 67 taken 100% (fallthrough)
branch 68 taken 0% (throw)
call   69 returned 100%
branch 70 taken 100% (fallthrough)
branch 71 taken 0% (throw)
call   72 returned 100%
branch 73 taken 100% (fallthrough)
branch 74 taken 0% (throw)
        -:  893:
       25:  894:                destroy(x._a, x.begin(), x.begin() + middled);
call    0 never executed
branch  1 never executed
branch  2 never executed
call    3 never executed
branch  4 never executed
branch  5 never executed
call    6 never executed
branch  7 never executed
branch  8 never executed
call    9 never executed
branch 10 never executed
branch 11 never executed
call   12 never executed
branch 13 never executed
branch 14 never executed
call   15 never executed
branch 16 never executed
branch 17 never executed
call   18 never executed
branch 19 never executed
branch 20 never executed
call   21 never executed
branch 22 never executed
branch 23 never executed
call   24 never executed
branch 25 never executed
branch 26 never executed
call   27 never executed
branch 28 never executed
branch 29 never executed
call   30 never executed
branch 31 never executed
branch 32 never executed
call   33 never executed
branch 34 never executed
branch 35 never executed
call   36 never executed
branch 37 never executed
branch 38 never executed
call   39 never executed
branch 40 never executed
branch 41 never executed
call   42 never executed
branch 43 never executed
branch 44 never executed
call   45 never executed
branch 46 never executed
branch 47 never executed
call   48 returned 100%
branch 49 taken 100% (fallthrough)
branch 50 taken 0% (throw)
call   51 returned 100%
branch 52 taken 100% (fallthrough)
branch 53 taken 0% (throw)
call   54 returned 100%
branch 55 taken 100% (fallthrough)
branch 56 taken 0% (throw)
call   57 returned 100%
branch 58 taken 100% (fallthrough)
branch 59 taken 0% (throw)
       25:  895:                destroy(x._a, x.end() - enddata, x.end());
call    0 never executed
branch  1 never executed
branch  2 never executed
call    3 never executed
branch  4 never executed
branch  5 never executed
call    6 never executed
branch  7 never executed
branch  8 never executed
call    9 never executed
branch 10 never executed
branch 11 never executed
call   12 never executed
branch 13 never executed
branch 14 never executed
call   15 never executed
branch 16 never executed
branch 17 never executed
call   18 never executed
branch 19 never executed
branch 20 never executed
call   21 never executed
branch 22 never executed
branch 23 never executed
call   24 never executed
branch 25 never executed
branch 26 never executed
call   27 never executed
branch 28 never executed
branch 29 never executed
call   30 never executed
branch 31 never executed
branch 32 never executed
call   33 never executed
branch 34 never executed
branch 35 never executed
call   36 never executed
branch 37 never executed
branch 38 never executed
call   39 never executed
branch 40 never executed
branch 41 never executed
call   42 never executed
branch 43 never executed
branch 44 never executed
call   45 never executed
branch 46 never executed
branch 47 never executed
call   48 returned 100%
branch 49 taken 100% (fallthrough)
branch 50 taken 0% (throw)
call   51 returned 100%
branch 52 taken 100% (fallthrough)
branch 53 taken 0% (throw)
call   54 returned 100%
branch 55 taken 100% (fallthrough)
branch 56 taken 0% (throw)
call   57 returned 100%
branch 58 taken 100% (fallthrough)
branch 59 taken 0% (throw)
       25:  896:                x._bd = x._bd + middled;
       25:  897:                x._ed = x._ed - enddata;
        -:  898:
       25:  899:                swap(x);}
call    0 never executed
branch  1 never executed
branch  2 never executed
call    3 never executed
call    4 never executed
call    5 never executed
branch  6 never executed
branch  7 never executed
call    8 never executed
call    9 never executed
call   10 never executed
branch 11 never executed
branch 12 never executed
call   13 never executed
call   14 never executed
call   15 never executed
branch 16 never executed
branch 17 never executed
call   18 never executed
call   19 never executed
call   20 returned 100%
branch 21 taken 100% (fallthrough)
branch 22 taken 0% (throw)
call   23 returned 100%
call   24 never executed
      322:  900:            assert(valid());}
call    0 returned 100%
branch  1 taken 0% (fallthrough)
branch  2 taken 100%
call    3 never executed
call    4 returned 100%
branch  5 taken 0% (fallthrough)
branch  6 taken 100%
call    7 never executed
call    8 returned 100%
branch  9 taken 0% (fallthrough)
branch 10 taken 100%
call   11 never executed
call   12 returned 100%
branch 13 taken 0% (fallthrough)
branch 14 taken 100%
call   15 never executed
call   16 returned 100%
branch 17 taken 0% (fallthrough)
branch 18 taken 100%
call   19 never executed
        -:  901:
        -:  902:        // ----
        -:  903:        // size
        -:  904:        // ----
        -:  905:
        -:  906:        /**
        -:  907:         * @return the distance from beginning of data to end of data
        -:  908:         */
function _ZNK8my_dequeIZN28Deque_Fixture_iterarrow_TestISt5dequeIiSaIiEEE8TestBodyEvE1SSaIS5_EE4sizeEv called 4 returned 100% blocks executed 100%
function _ZNK8my_dequeIZN28Deque_Fixture_iterarrow_TestIS_IiSaIiEEE8TestBodyEvE1SSaIS4_EE4sizeEv called 4 returned 100% blocks executed 100%
function _ZNK8my_dequeIZN34Deque_Fixture_const_iterarrow_TestISt5dequeIiSaIiEEE8TestBodyEvE1SSaIS5_EE4sizeEv called 10 returned 100% blocks executed 100%
function _ZNK8my_dequeIZN34Deque_Fixture_const_iterarrow_TestIS_IiSaIiEEE8TestBodyEvE1SSaIS4_EE4sizeEv called 10 returned 100% blocks executed 100%
function _ZNK8my_dequeIiSaIiEE4sizeEv called 1681 returned 100% blocks executed 100%
     1709:  909:        size_type size () const {
     1709:  910:            return (_ed - _bd);}
        -:  911:
        -:  912:        // ----
        -:  913:        // swap
        -:  914:        // ----
        -:  915:
        -:  916:        /**
        -:  917:         * replace this with that
        -:  918:         * swap all pointers
        -:  919:         */
function _ZN8my_dequeIZN28Deque_Fixture_iterarrow_TestISt5dequeIiSaIiEEE8TestBodyEvE1SSaIS5_EE4swapERS7_ called 0 returned 0% blocks executed 0%
function _ZN8my_dequeIZN34Deque_Fixture_const_iterarrow_TestISt5dequeIiSaIiEEE8TestBodyEvE1SSaIS5_EE4swapERS7_ called 0 returned 0% blocks executed 0%
function _ZN8my_dequeIZN28Deque_Fixture_iterarrow_TestIS_IiSaIiEEE8TestBodyEvE1SSaIS4_EE4swapERS6_ called 0 returned 0% blocks executed 0%
function _ZN8my_dequeIZN34Deque_Fixture_const_iterarrow_TestIS_IiSaIiEEE8TestBodyEvE1SSaIS4_EE4swapERS6_ called 0 returned 0% blocks executed 0%
function _ZN8my_dequeIiSaIiEE4swapERS1_ called 30 returned 100% blocks executed 56%
       30:  920:        void swap (my_deque& that) {
       30:  921:            if(_a == that._a) {
call    0 never executed
branch  1 never executed
branch  2 never executed
call    3 never executed
branch  4 never executed
branch  5 never executed
call    6 never executed
branch  7 never executed
branch  8 never executed
call    9 never executed
branch 10 never executed
branch 11 never executed
call   12 returned 100%
branch 13 taken 100% (fallthrough)
branch 14 taken 0%
       30:  922:                std::swap(_bd, that._bd);
call    0 never executed
call    1 never executed
call    2 never executed
call    3 never executed
call    4 returned 100%
       30:  923:                std::swap(_lb, that._lb);
call    0 never executed
call    1 never executed
call    2 never executed
call    3 never executed
call    4 returned 100%
       30:  924:                std::swap(_ed, that._ed);
call    0 never executed
call    1 never executed
call    2 never executed
call    3 never executed
call    4 returned 100%
       30:  925:                std::swap(_le, that._le);
call    0 never executed
call    1 never executed
call    2 never executed
call    3 never executed
call    4 returned 100%
        -:  926:            }
        -:  927:            else{
    #####:  928:                my_deque x(*this);
call    0 never executed
branch  1 never executed
branch  2 never executed
call    3 never executed
branch  4 never executed
branch  5 never executed
call    6 never executed
branch  7 never executed
branch  8 never executed
call    9 never executed
branch 10 never executed
branch 11 never executed
call   12 never executed
branch 13 never executed
branch 14 never executed
    #####:  929:                *this = that;
call    0 never executed
branch  1 never executed
branch  2 never executed
call    3 never executed
branch  4 never executed
branch  5 never executed
call    6 never executed
branch  7 never executed
branch  8 never executed
call    9 never executed
branch 10 never executed
branch 11 never executed
call   12 never executed
branch 13 never executed
branch 14 never executed
    #####:  930:                that = x;
call    0 never executed
branch  1 never executed
branch  2 never executed
call    3 never executed
call    4 never executed
call    5 never executed
branch  6 never executed
branch  7 never executed
call    8 never executed
call    9 never executed
call   10 never executed
branch 11 never executed
branch 12 never executed
call   13 never executed
call   14 never executed
call   15 never executed
branch 16 never executed
branch 17 never executed
call   18 never executed
call   19 never executed
call   20 never executed
branch 21 never executed
branch 22 never executed
call   23 never executed
call   24 never executed
        -:  931:            }
       30:  932:            assert(valid() );}};
call    0 never executed
branch  1 never executed
branch  2 never executed
call    3 never executed
call    4 never executed
branch  5 never executed
branch  6 never executed
call    7 never executed
call    8 never executed
branch  9 never executed
branch 10 never executed
call   11 never executed
call   12 never executed
branch 13 never executed
branch 14 never executed
call   15 never executed
call   16 returned 100%
branch 17 taken 0% (fallthrough)
branch 18 taken 100%
call   19 never executed
        -:  933:
        -:  934:#endif // Deque_h
