        -:    0:Source:/usr/include/gtest/internal/gtest-type-util.h
        -:    0:Graph:TestDeque.gcno
        -:    0:Data:TestDeque.gcda
        -:    0:Runs:1
        -:    0:Programs:1
        -:    1:// This file was GENERATED by command:
        -:    2://     pump.py gtest-type-util.h.pump
        -:    3:// DO NOT EDIT BY HAND!!!
        -:    4:
        -:    5:// Copyright 2008 Google Inc.
        -:    6:// All Rights Reserved.
        -:    7://
        -:    8:// Redistribution and use in source and binary forms, with or without
        -:    9:// modification, are permitted provided that the following conditions are
        -:   10:// met:
        -:   11://
        -:   12://     * Redistributions of source code must retain the above copyright
        -:   13:// notice, this list of conditions and the following disclaimer.
        -:   14://     * Redistributions in binary form must reproduce the above
        -:   15:// copyright notice, this list of conditions and the following disclaimer
        -:   16:// in the documentation and/or other materials provided with the
        -:   17:// distribution.
        -:   18://     * Neither the name of Google Inc. nor the names of its
        -:   19:// contributors may be used to endorse or promote products derived from
        -:   20:// this software without specific prior written permission.
        -:   21://
        -:   22:// THIS SOFTWARE IS PROVIDED BY THE COPYRIGHT HOLDERS AND CONTRIBUTORS
        -:   23:// "AS IS" AND ANY EXPRESS OR IMPLIED WARRANTIES, INCLUDING, BUT NOT
        -:   24:// LIMITED TO, THE IMPLIED WARRANTIES OF MERCHANTABILITY AND FITNESS FOR
        -:   25:// A PARTICULAR PURPOSE ARE DISCLAIMED. IN NO EVENT SHALL THE COPYRIGHT
        -:   26:// OWNER OR CONTRIBUTORS BE LIABLE FOR ANY DIRECT, INDIRECT, INCIDENTAL,
        -:   27:// SPECIAL, EXEMPLARY, OR CONSEQUENTIAL DAMAGES (INCLUDING, BUT NOT
        -:   28:// LIMITED TO, PROCUREMENT OF SUBSTITUTE GOODS OR SERVICES; LOSS OF USE,
        -:   29:// DATA, OR PROFITS; OR BUSINESS INTERRUPTION) HOWEVER CAUSED AND ON ANY
        -:   30:// THEORY OF LIABILITY, WHETHER IN CONTRACT, STRICT LIABILITY, OR TORT
        -:   31:// (INCLUDING NEGLIGENCE OR OTHERWISE) ARISING IN ANY WAY OUT OF THE USE
        -:   32:// OF THIS SOFTWARE, EVEN IF ADVISED OF THE POSSIBILITY OF SUCH DAMAGE.
        -:   33://
        -:   34:// Author: wan@google.com (Zhanyong Wan)
        -:   35:
        -:   36:// Type utilities needed for implementing typed and type-parameterized
        -:   37:// tests.  This file is generated by a SCRIPT.  DO NOT EDIT BY HAND!
        -:   38://
        -:   39:// Currently we support at most 50 types in a list, and at most 50
        -:   40:// type-parameterized tests in one type-parameterized test case.
        -:   41:// Please contact googletestframework@googlegroups.com if you need
        -:   42:// more.
        -:   43:
        -:   44:#ifndef GTEST_INCLUDE_GTEST_INTERNAL_GTEST_TYPE_UTIL_H_
        -:   45:#define GTEST_INCLUDE_GTEST_INTERNAL_GTEST_TYPE_UTIL_H_
        -:   46:
        -:   47:#include "gtest/internal/gtest-port.h"
        -:   48:
        -:   49:// #ifdef __GNUC__ is too general here.  It is possible to use gcc without using
        -:   50:// libstdc++ (which is where cxxabi.h comes from).
        -:   51:# if GTEST_HAS_CXXABI_H_
        -:   52:#  include <cxxabi.h>
        -:   53:# elif defined(__HP_aCC)
        -:   54:#  include <acxx_demangle.h>
        -:   55:# endif  // GTEST_HASH_CXXABI_H_
        -:   56:
        -:   57:namespace testing {
        -:   58:namespace internal {
        -:   59:
        -:   60:// GetTypeName<T>() returns a human-readable name of type T.
        -:   61:// NB: This function is also used in Google Mock, so don't move it inside of
        -:   62:// the typed-test-only section below.
        -:   63:template <typename T>
function _ZN7testing8internal11GetTypeNameI8my_dequeIiSaIiEEEESsv called 9 returned 100% blocks executed 79%
function _ZN7testing8internal11GetTypeNameISt5dequeIiSaIiEEEESsv called 9 returned 100% blocks executed 79%
       18:   64:std::string GetTypeName() {
        -:   65:# if GTEST_HAS_RTTI
        -:   66:
       18:   67:  const char* const name = typeid(T).name();
call    0 returned 100%
call    1 returned 100%
        -:   68:#  if GTEST_HAS_CXXABI_H_ || defined(__HP_aCC)
       18:   69:  int status = 0;
        -:   70:  // gcc's implementation of typeid(T).name() mangles the type name,
        -:   71:  // so we have to demangle it.
        -:   72:#   if GTEST_HAS_CXXABI_H_
        -:   73:  using abi::__cxa_demangle;
        -:   74:#   endif  // GTEST_HAS_CXXABI_H_
       18:   75:  char* const readable_name = __cxa_demangle(name, 0, 0, &status);
call    0 returned 100%
branch  1 taken 100% (fallthrough)
branch  2 taken 0% (throw)
call    3 returned 100%
branch  4 taken 100% (fallthrough)
branch  5 taken 0% (throw)
       18:   76:  const std::string name_str(status == 0 ? readable_name : name);
call    0 returned 100%
branch  1 taken 100% (fallthrough)
branch  2 taken 0%
call    3 returned 100%
branch  4 taken 100% (fallthrough)
branch  5 taken 0% (throw)
call    6 returned 100%
call    7 returned 100%
branch  8 taken 100% (fallthrough)
branch  9 taken 0%
call   10 returned 100%
branch 11 taken 100% (fallthrough)
branch 12 taken 0% (throw)
call   13 returned 100%
       18:   77:  free(readable_name);
       18:   78:  return name_str;
call    0 never executed
call    1 never executed
        -:   79:#  else
        -:   80:  return name;
        -:   81:#  endif  // GTEST_HAS_CXXABI_H_ || __HP_aCC
        -:   82:
        -:   83:# else
        -:   84:
        -:   85:  return "<type>";
        -:   86:
        -:   87:# endif  // GTEST_HAS_RTTI
        -:   88:}
        -:   89:
        -:   90:#if GTEST_HAS_TYPED_TEST || GTEST_HAS_TYPED_TEST_P
        -:   91:
        -:   92:// AssertyTypeEq<T1, T2>::type is defined iff T1 and T2 are the same
        -:   93:// type.  This can be used as a compile-time assertion to ensure that
        -:   94:// two types are equal.
        -:   95:
        -:   96:template <typename T1, typename T2>
        -:   97:struct AssertTypeEq;
        -:   98:
        -:   99:template <typename T>
        -:  100:struct AssertTypeEq<T, T> {
        -:  101:  typedef bool type;
        -:  102:};
        -:  103:
        -:  104:// A unique type used as the default value for the arguments of class
        -:  105:// template Types.  This allows us to simulate variadic templates
        -:  106:// (e.g. Types<int>, Type<int, double>, and etc), which C++ doesn't
        -:  107:// support directly.
        -:  108:struct None {};
        -:  109:
        -:  110:// The following family of struct and struct templates are used to
        -:  111:// represent type lists.  In particular, TypesN<T1, T2, ..., TN>
        -:  112:// represents a type list with N types (T1, T2, ..., and TN) in it.
        -:  113:// Except for Types0, every struct in the family has two member types:
        -:  114:// Head for the first type in the list, and Tail for the rest of the
        -:  115:// list.
        -:  116:
        -:  117:// The empty type list.
        -:  118:struct Types0 {};
        -:  119:
        -:  120:// Type lists of length 1, 2, 3, and so on.
        -:  121:
        -:  122:template <typename T1>
        -:  123:struct Types1 {
        -:  124:  typedef T1 Head;
        -:  125:  typedef Types0 Tail;
        -:  126:};
        -:  127:template <typename T1, typename T2>
        -:  128:struct Types2 {
        -:  129:  typedef T1 Head;
        -:  130:  typedef Types1<T2> Tail;
        -:  131:};
        -:  132:
        -:  133:template <typename T1, typename T2, typename T3>
        -:  134:struct Types3 {
        -:  135:  typedef T1 Head;
        -:  136:  typedef Types2<T2, T3> Tail;
        -:  137:};
        -:  138:
        -:  139:template <typename T1, typename T2, typename T3, typename T4>
        -:  140:struct Types4 {
        -:  141:  typedef T1 Head;
        -:  142:  typedef Types3<T2, T3, T4> Tail;
        -:  143:};
        -:  144:
        -:  145:template <typename T1, typename T2, typename T3, typename T4, typename T5>
        -:  146:struct Types5 {
        -:  147:  typedef T1 Head;
        -:  148:  typedef Types4<T2, T3, T4, T5> Tail;
        -:  149:};
        -:  150:
        -:  151:template <typename T1, typename T2, typename T3, typename T4, typename T5,
        -:  152:    typename T6>
        -:  153:struct Types6 {
        -:  154:  typedef T1 Head;
        -:  155:  typedef Types5<T2, T3, T4, T5, T6> Tail;
        -:  156:};
        -:  157:
        -:  158:template <typename T1, typename T2, typename T3, typename T4, typename T5,
        -:  159:    typename T6, typename T7>
        -:  160:struct Types7 {
        -:  161:  typedef T1 Head;
        -:  162:  typedef Types6<T2, T3, T4, T5, T6, T7> Tail;
        -:  163:};
        -:  164:
        -:  165:template <typename T1, typename T2, typename T3, typename T4, typename T5,
        -:  166:    typename T6, typename T7, typename T8>
        -:  167:struct Types8 {
        -:  168:  typedef T1 Head;
        -:  169:  typedef Types7<T2, T3, T4, T5, T6, T7, T8> Tail;
        -:  170:};
        -:  171:
        -:  172:template <typename T1, typename T2, typename T3, typename T4, typename T5,
        -:  173:    typename T6, typename T7, typename T8, typename T9>
        -:  174:struct Types9 {
        -:  175:  typedef T1 Head;
        -:  176:  typedef Types8<T2, T3, T4, T5, T6, T7, T8, T9> Tail;
        -:  177:};
        -:  178:
        -:  179:template <typename T1, typename T2, typename T3, typename T4, typename T5,
        -:  180:    typename T6, typename T7, typename T8, typename T9, typename T10>
        -:  181:struct Types10 {
        -:  182:  typedef T1 Head;
        -:  183:  typedef Types9<T2, T3, T4, T5, T6, T7, T8, T9, T10> Tail;
        -:  184:};
        -:  185:
        -:  186:template <typename T1, typename T2, typename T3, typename T4, typename T5,
        -:  187:    typename T6, typename T7, typename T8, typename T9, typename T10,
        -:  188:    typename T11>
        -:  189:struct Types11 {
        -:  190:  typedef T1 Head;
        -:  191:  typedef Types10<T2, T3, T4, T5, T6, T7, T8, T9, T10, T11> Tail;
        -:  192:};
        -:  193:
        -:  194:template <typename T1, typename T2, typename T3, typename T4, typename T5,
        -:  195:    typename T6, typename T7, typename T8, typename T9, typename T10,
        -:  196:    typename T11, typename T12>
        -:  197:struct Types12 {
        -:  198:  typedef T1 Head;
        -:  199:  typedef Types11<T2, T3, T4, T5, T6, T7, T8, T9, T10, T11, T12> Tail;
        -:  200:};
        -:  201:
        -:  202:template <typename T1, typename T2, typename T3, typename T4, typename T5,
        -:  203:    typename T6, typename T7, typename T8, typename T9, typename T10,
        -:  204:    typename T11, typename T12, typename T13>
        -:  205:struct Types13 {
        -:  206:  typedef T1 Head;
        -:  207:  typedef Types12<T2, T3, T4, T5, T6, T7, T8, T9, T10, T11, T12, T13> Tail;
        -:  208:};
        -:  209:
        -:  210:template <typename T1, typename T2, typename T3, typename T4, typename T5,
        -:  211:    typename T6, typename T7, typename T8, typename T9, typename T10,
        -:  212:    typename T11, typename T12, typename T13, typename T14>
        -:  213:struct Types14 {
        -:  214:  typedef T1 Head;
        -:  215:  typedef Types13<T2, T3, T4, T5, T6, T7, T8, T9, T10, T11, T12, T13, T14> Tail;
        -:  216:};
        -:  217:
        -:  218:template <typename T1, typename T2, typename T3, typename T4, typename T5,
        -:  219:    typename T6, typename T7, typename T8, typename T9, typename T10,
        -:  220:    typename T11, typename T12, typename T13, typename T14, typename T15>
        -:  221:struct Types15 {
        -:  222:  typedef T1 Head;
        -:  223:  typedef Types14<T2, T3, T4, T5, T6, T7, T8, T9, T10, T11, T12, T13, T14,
        -:  224:      T15> Tail;
        -:  225:};
        -:  226:
        -:  227:template <typename T1, typename T2, typename T3, typename T4, typename T5,
        -:  228:    typename T6, typename T7, typename T8, typename T9, typename T10,
        -:  229:    typename T11, typename T12, typename T13, typename T14, typename T15,
        -:  230:    typename T16>
        -:  231:struct Types16 {
        -:  232:  typedef T1 Head;
        -:  233:  typedef Types15<T2, T3, T4, T5, T6, T7, T8, T9, T10, T11, T12, T13, T14, T15,
        -:  234:      T16> Tail;
        -:  235:};
        -:  236:
        -:  237:template <typename T1, typename T2, typename T3, typename T4, typename T5,
        -:  238:    typename T6, typename T7, typename T8, typename T9, typename T10,
        -:  239:    typename T11, typename T12, typename T13, typename T14, typename T15,
        -:  240:    typename T16, typename T17>
        -:  241:struct Types17 {
        -:  242:  typedef T1 Head;
        -:  243:  typedef Types16<T2, T3, T4, T5, T6, T7, T8, T9, T10, T11, T12, T13, T14, T15,
        -:  244:      T16, T17> Tail;
        -:  245:};
        -:  246:
        -:  247:template <typename T1, typename T2, typename T3, typename T4, typename T5,
        -:  248:    typename T6, typename T7, typename T8, typename T9, typename T10,
        -:  249:    typename T11, typename T12, typename T13, typename T14, typename T15,
        -:  250:    typename T16, typename T17, typename T18>
        -:  251:struct Types18 {
        -:  252:  typedef T1 Head;
        -:  253:  typedef Types17<T2, T3, T4, T5, T6, T7, T8, T9, T10, T11, T12, T13, T14, T15,
        -:  254:      T16, T17, T18> Tail;
        -:  255:};
        -:  256:
        -:  257:template <typename T1, typename T2, typename T3, typename T4, typename T5,
        -:  258:    typename T6, typename T7, typename T8, typename T9, typename T10,
        -:  259:    typename T11, typename T12, typename T13, typename T14, typename T15,
        -:  260:    typename T16, typename T17, typename T18, typename T19>
        -:  261:struct Types19 {
        -:  262:  typedef T1 Head;
        -:  263:  typedef Types18<T2, T3, T4, T5, T6, T7, T8, T9, T10, T11, T12, T13, T14, T15,
        -:  264:      T16, T17, T18, T19> Tail;
        -:  265:};
        -:  266:
        -:  267:template <typename T1, typename T2, typename T3, typename T4, typename T5,
        -:  268:    typename T6, typename T7, typename T8, typename T9, typename T10,
        -:  269:    typename T11, typename T12, typename T13, typename T14, typename T15,
        -:  270:    typename T16, typename T17, typename T18, typename T19, typename T20>
        -:  271:struct Types20 {
        -:  272:  typedef T1 Head;
        -:  273:  typedef Types19<T2, T3, T4, T5, T6, T7, T8, T9, T10, T11, T12, T13, T14, T15,
        -:  274:      T16, T17, T18, T19, T20> Tail;
        -:  275:};
        -:  276:
        -:  277:template <typename T1, typename T2, typename T3, typename T4, typename T5,
        -:  278:    typename T6, typename T7, typename T8, typename T9, typename T10,
        -:  279:    typename T11, typename T12, typename T13, typename T14, typename T15,
        -:  280:    typename T16, typename T17, typename T18, typename T19, typename T20,
        -:  281:    typename T21>
        -:  282:struct Types21 {
        -:  283:  typedef T1 Head;
        -:  284:  typedef Types20<T2, T3, T4, T5, T6, T7, T8, T9, T10, T11, T12, T13, T14, T15,
        -:  285:      T16, T17, T18, T19, T20, T21> Tail;
        -:  286:};
        -:  287:
        -:  288:template <typename T1, typename T2, typename T3, typename T4, typename T5,
        -:  289:    typename T6, typename T7, typename T8, typename T9, typename T10,
        -:  290:    typename T11, typename T12, typename T13, typename T14, typename T15,
        -:  291:    typename T16, typename T17, typename T18, typename T19, typename T20,
        -:  292:    typename T21, typename T22>
        -:  293:struct Types22 {
        -:  294:  typedef T1 Head;
        -:  295:  typedef Types21<T2, T3, T4, T5, T6, T7, T8, T9, T10, T11, T12, T13, T14, T15,
        -:  296:      T16, T17, T18, T19, T20, T21, T22> Tail;
        -:  297:};
        -:  298:
        -:  299:template <typename T1, typename T2, typename T3, typename T4, typename T5,
        -:  300:    typename T6, typename T7, typename T8, typename T9, typename T10,
        -:  301:    typename T11, typename T12, typename T13, typename T14, typename T15,
        -:  302:    typename T16, typename T17, typename T18, typename T19, typename T20,
        -:  303:    typename T21, typename T22, typename T23>
        -:  304:struct Types23 {
        -:  305:  typedef T1 Head;
        -:  306:  typedef Types22<T2, T3, T4, T5, T6, T7, T8, T9, T10, T11, T12, T13, T14, T15,
        -:  307:      T16, T17, T18, T19, T20, T21, T22, T23> Tail;
        -:  308:};
        -:  309:
        -:  310:template <typename T1, typename T2, typename T3, typename T4, typename T5,
        -:  311:    typename T6, typename T7, typename T8, typename T9, typename T10,
        -:  312:    typename T11, typename T12, typename T13, typename T14, typename T15,
        -:  313:    typename T16, typename T17, typename T18, typename T19, typename T20,
        -:  314:    typename T21, typename T22, typename T23, typename T24>
        -:  315:struct Types24 {
        -:  316:  typedef T1 Head;
        -:  317:  typedef Types23<T2, T3, T4, T5, T6, T7, T8, T9, T10, T11, T12, T13, T14, T15,
        -:  318:      T16, T17, T18, T19, T20, T21, T22, T23, T24> Tail;
        -:  319:};
        -:  320:
        -:  321:template <typename T1, typename T2, typename T3, typename T4, typename T5,
        -:  322:    typename T6, typename T7, typename T8, typename T9, typename T10,
        -:  323:    typename T11, typename T12, typename T13, typename T14, typename T15,
        -:  324:    typename T16, typename T17, typename T18, typename T19, typename T20,
        -:  325:    typename T21, typename T22, typename T23, typename T24, typename T25>
        -:  326:struct Types25 {
        -:  327:  typedef T1 Head;
        -:  328:  typedef Types24<T2, T3, T4, T5, T6, T7, T8, T9, T10, T11, T12, T13, T14, T15,
        -:  329:      T16, T17, T18, T19, T20, T21, T22, T23, T24, T25> Tail;
        -:  330:};
        -:  331:
        -:  332:template <typename T1, typename T2, typename T3, typename T4, typename T5,
        -:  333:    typename T6, typename T7, typename T8, typename T9, typename T10,
        -:  334:    typename T11, typename T12, typename T13, typename T14, typename T15,
        -:  335:    typename T16, typename T17, typename T18, typename T19, typename T20,
        -:  336:    typename T21, typename T22, typename T23, typename T24, typename T25,
        -:  337:    typename T26>
        -:  338:struct Types26 {
        -:  339:  typedef T1 Head;
        -:  340:  typedef Types25<T2, T3, T4, T5, T6, T7, T8, T9, T10, T11, T12, T13, T14, T15,
        -:  341:      T16, T17, T18, T19, T20, T21, T22, T23, T24, T25, T26> Tail;
        -:  342:};
        -:  343:
        -:  344:template <typename T1, typename T2, typename T3, typename T4, typename T5,
        -:  345:    typename T6, typename T7, typename T8, typename T9, typename T10,
        -:  346:    typename T11, typename T12, typename T13, typename T14, typename T15,
        -:  347:    typename T16, typename T17, typename T18, typename T19, typename T20,
        -:  348:    typename T21, typename T22, typename T23, typename T24, typename T25,
        -:  349:    typename T26, typename T27>
        -:  350:struct Types27 {
        -:  351:  typedef T1 Head;
        -:  352:  typedef Types26<T2, T3, T4, T5, T6, T7, T8, T9, T10, T11, T12, T13, T14, T15,
        -:  353:      T16, T17, T18, T19, T20, T21, T22, T23, T24, T25, T26, T27> Tail;
        -:  354:};
        -:  355:
        -:  356:template <typename T1, typename T2, typename T3, typename T4, typename T5,
        -:  357:    typename T6, typename T7, typename T8, typename T9, typename T10,
        -:  358:    typename T11, typename T12, typename T13, typename T14, typename T15,
        -:  359:    typename T16, typename T17, typename T18, typename T19, typename T20,
        -:  360:    typename T21, typename T22, typename T23, typename T24, typename T25,
        -:  361:    typename T26, typename T27, typename T28>
        -:  362:struct Types28 {
        -:  363:  typedef T1 Head;
        -:  364:  typedef Types27<T2, T3, T4, T5, T6, T7, T8, T9, T10, T11, T12, T13, T14, T15,
        -:  365:      T16, T17, T18, T19, T20, T21, T22, T23, T24, T25, T26, T27, T28> Tail;
        -:  366:};
        -:  367:
        -:  368:template <typename T1, typename T2, typename T3, typename T4, typename T5,
        -:  369:    typename T6, typename T7, typename T8, typename T9, typename T10,
        -:  370:    typename T11, typename T12, typename T13, typename T14, typename T15,
        -:  371:    typename T16, typename T17, typename T18, typename T19, typename T20,
        -:  372:    typename T21, typename T22, typename T23, typename T24, typename T25,
        -:  373:    typename T26, typename T27, typename T28, typename T29>
        -:  374:struct Types29 {
        -:  375:  typedef T1 Head;
        -:  376:  typedef Types28<T2, T3, T4, T5, T6, T7, T8, T9, T10, T11, T12, T13, T14, T15,
        -:  377:      T16, T17, T18, T19, T20, T21, T22, T23, T24, T25, T26, T27, T28,
        -:  378:      T29> Tail;
        -:  379:};
        -:  380:
        -:  381:template <typename T1, typename T2, typename T3, typename T4, typename T5,
        -:  382:    typename T6, typename T7, typename T8, typename T9, typename T10,
        -:  383:    typename T11, typename T12, typename T13, typename T14, typename T15,
        -:  384:    typename T16, typename T17, typename T18, typename T19, typename T20,
        -:  385:    typename T21, typename T22, typename T23, typename T24, typename T25,
        -:  386:    typename T26, typename T27, typename T28, typename T29, typename T30>
        -:  387:struct Types30 {
        -:  388:  typedef T1 Head;
        -:  389:  typedef Types29<T2, T3, T4, T5, T6, T7, T8, T9, T10, T11, T12, T13, T14, T15,
        -:  390:      T16, T17, T18, T19, T20, T21, T22, T23, T24, T25, T26, T27, T28, T29,
        -:  391:      T30> Tail;
        -:  392:};
        -:  393:
        -:  394:template <typename T1, typename T2, typename T3, typename T4, typename T5,
        -:  395:    typename T6, typename T7, typename T8, typename T9, typename T10,
        -:  396:    typename T11, typename T12, typename T13, typename T14, typename T15,
        -:  397:    typename T16, typename T17, typename T18, typename T19, typename T20,
        -:  398:    typename T21, typename T22, typename T23, typename T24, typename T25,
        -:  399:    typename T26, typename T27, typename T28, typename T29, typename T30,
        -:  400:    typename T31>
        -:  401:struct Types31 {
        -:  402:  typedef T1 Head;
        -:  403:  typedef Types30<T2, T3, T4, T5, T6, T7, T8, T9, T10, T11, T12, T13, T14, T15,
        -:  404:      T16, T17, T18, T19, T20, T21, T22, T23, T24, T25, T26, T27, T28, T29,
        -:  405:      T30, T31> Tail;
        -:  406:};
        -:  407:
        -:  408:template <typename T1, typename T2, typename T3, typename T4, typename T5,
        -:  409:    typename T6, typename T7, typename T8, typename T9, typename T10,
        -:  410:    typename T11, typename T12, typename T13, typename T14, typename T15,
        -:  411:    typename T16, typename T17, typename T18, typename T19, typename T20,
        -:  412:    typename T21, typename T22, typename T23, typename T24, typename T25,
        -:  413:    typename T26, typename T27, typename T28, typename T29, typename T30,
        -:  414:    typename T31, typename T32>
        -:  415:struct Types32 {
        -:  416:  typedef T1 Head;
        -:  417:  typedef Types31<T2, T3, T4, T5, T6, T7, T8, T9, T10, T11, T12, T13, T14, T15,
        -:  418:      T16, T17, T18, T19, T20, T21, T22, T23, T24, T25, T26, T27, T28, T29,
        -:  419:      T30, T31, T32> Tail;
        -:  420:};
        -:  421:
        -:  422:template <typename T1, typename T2, typename T3, typename T4, typename T5,
        -:  423:    typename T6, typename T7, typename T8, typename T9, typename T10,
        -:  424:    typename T11, typename T12, typename T13, typename T14, typename T15,
        -:  425:    typename T16, typename T17, typename T18, typename T19, typename T20,
        -:  426:    typename T21, typename T22, typename T23, typename T24, typename T25,
        -:  427:    typename T26, typename T27, typename T28, typename T29, typename T30,
        -:  428:    typename T31, typename T32, typename T33>
        -:  429:struct Types33 {
        -:  430:  typedef T1 Head;
        -:  431:  typedef Types32<T2, T3, T4, T5, T6, T7, T8, T9, T10, T11, T12, T13, T14, T15,
        -:  432:      T16, T17, T18, T19, T20, T21, T22, T23, T24, T25, T26, T27, T28, T29,
        -:  433:      T30, T31, T32, T33> Tail;
        -:  434:};
        -:  435:
        -:  436:template <typename T1, typename T2, typename T3, typename T4, typename T5,
        -:  437:    typename T6, typename T7, typename T8, typename T9, typename T10,
        -:  438:    typename T11, typename T12, typename T13, typename T14, typename T15,
        -:  439:    typename T16, typename T17, typename T18, typename T19, typename T20,
        -:  440:    typename T21, typename T22, typename T23, typename T24, typename T25,
        -:  441:    typename T26, typename T27, typename T28, typename T29, typename T30,
        -:  442:    typename T31, typename T32, typename T33, typename T34>
        -:  443:struct Types34 {
        -:  444:  typedef T1 Head;
        -:  445:  typedef Types33<T2, T3, T4, T5, T6, T7, T8, T9, T10, T11, T12, T13, T14, T15,
        -:  446:      T16, T17, T18, T19, T20, T21, T22, T23, T24, T25, T26, T27, T28, T29,
        -:  447:      T30, T31, T32, T33, T34> Tail;
        -:  448:};
        -:  449:
        -:  450:template <typename T1, typename T2, typename T3, typename T4, typename T5,
        -:  451:    typename T6, typename T7, typename T8, typename T9, typename T10,
        -:  452:    typename T11, typename T12, typename T13, typename T14, typename T15,
        -:  453:    typename T16, typename T17, typename T18, typename T19, typename T20,
        -:  454:    typename T21, typename T22, typename T23, typename T24, typename T25,
        -:  455:    typename T26, typename T27, typename T28, typename T29, typename T30,
        -:  456:    typename T31, typename T32, typename T33, typename T34, typename T35>
        -:  457:struct Types35 {
        -:  458:  typedef T1 Head;
        -:  459:  typedef Types34<T2, T3, T4, T5, T6, T7, T8, T9, T10, T11, T12, T13, T14, T15,
        -:  460:      T16, T17, T18, T19, T20, T21, T22, T23, T24, T25, T26, T27, T28, T29,
        -:  461:      T30, T31, T32, T33, T34, T35> Tail;
        -:  462:};
        -:  463:
        -:  464:template <typename T1, typename T2, typename T3, typename T4, typename T5,
        -:  465:    typename T6, typename T7, typename T8, typename T9, typename T10,
        -:  466:    typename T11, typename T12, typename T13, typename T14, typename T15,
        -:  467:    typename T16, typename T17, typename T18, typename T19, typename T20,
        -:  468:    typename T21, typename T22, typename T23, typename T24, typename T25,
        -:  469:    typename T26, typename T27, typename T28, typename T29, typename T30,
        -:  470:    typename T31, typename T32, typename T33, typename T34, typename T35,
        -:  471:    typename T36>
        -:  472:struct Types36 {
        -:  473:  typedef T1 Head;
        -:  474:  typedef Types35<T2, T3, T4, T5, T6, T7, T8, T9, T10, T11, T12, T13, T14, T15,
        -:  475:      T16, T17, T18, T19, T20, T21, T22, T23, T24, T25, T26, T27, T28, T29,
        -:  476:      T30, T31, T32, T33, T34, T35, T36> Tail;
        -:  477:};
        -:  478:
        -:  479:template <typename T1, typename T2, typename T3, typename T4, typename T5,
        -:  480:    typename T6, typename T7, typename T8, typename T9, typename T10,
        -:  481:    typename T11, typename T12, typename T13, typename T14, typename T15,
        -:  482:    typename T16, typename T17, typename T18, typename T19, typename T20,
        -:  483:    typename T21, typename T22, typename T23, typename T24, typename T25,
        -:  484:    typename T26, typename T27, typename T28, typename T29, typename T30,
        -:  485:    typename T31, typename T32, typename T33, typename T34, typename T35,
        -:  486:    typename T36, typename T37>
        -:  487:struct Types37 {
        -:  488:  typedef T1 Head;
        -:  489:  typedef Types36<T2, T3, T4, T5, T6, T7, T8, T9, T10, T11, T12, T13, T14, T15,
        -:  490:      T16, T17, T18, T19, T20, T21, T22, T23, T24, T25, T26, T27, T28, T29,
        -:  491:      T30, T31, T32, T33, T34, T35, T36, T37> Tail;
        -:  492:};
        -:  493:
        -:  494:template <typename T1, typename T2, typename T3, typename T4, typename T5,
        -:  495:    typename T6, typename T7, typename T8, typename T9, typename T10,
        -:  496:    typename T11, typename T12, typename T13, typename T14, typename T15,
        -:  497:    typename T16, typename T17, typename T18, typename T19, typename T20,
        -:  498:    typename T21, typename T22, typename T23, typename T24, typename T25,
        -:  499:    typename T26, typename T27, typename T28, typename T29, typename T30,
        -:  500:    typename T31, typename T32, typename T33, typename T34, typename T35,
        -:  501:    typename T36, typename T37, typename T38>
        -:  502:struct Types38 {
        -:  503:  typedef T1 Head;
        -:  504:  typedef Types37<T2, T3, T4, T5, T6, T7, T8, T9, T10, T11, T12, T13, T14, T15,
        -:  505:      T16, T17, T18, T19, T20, T21, T22, T23, T24, T25, T26, T27, T28, T29,
        -:  506:      T30, T31, T32, T33, T34, T35, T36, T37, T38> Tail;
        -:  507:};
        -:  508:
        -:  509:template <typename T1, typename T2, typename T3, typename T4, typename T5,
        -:  510:    typename T6, typename T7, typename T8, typename T9, typename T10,
        -:  511:    typename T11, typename T12, typename T13, typename T14, typename T15,
        -:  512:    typename T16, typename T17, typename T18, typename T19, typename T20,
        -:  513:    typename T21, typename T22, typename T23, typename T24, typename T25,
        -:  514:    typename T26, typename T27, typename T28, typename T29, typename T30,
        -:  515:    typename T31, typename T32, typename T33, typename T34, typename T35,
        -:  516:    typename T36, typename T37, typename T38, typename T39>
        -:  517:struct Types39 {
        -:  518:  typedef T1 Head;
        -:  519:  typedef Types38<T2, T3, T4, T5, T6, T7, T8, T9, T10, T11, T12, T13, T14, T15,
        -:  520:      T16, T17, T18, T19, T20, T21, T22, T23, T24, T25, T26, T27, T28, T29,
        -:  521:      T30, T31, T32, T33, T34, T35, T36, T37, T38, T39> Tail;
        -:  522:};
        -:  523:
        -:  524:template <typename T1, typename T2, typename T3, typename T4, typename T5,
        -:  525:    typename T6, typename T7, typename T8, typename T9, typename T10,
        -:  526:    typename T11, typename T12, typename T13, typename T14, typename T15,
        -:  527:    typename T16, typename T17, typename T18, typename T19, typename T20,
        -:  528:    typename T21, typename T22, typename T23, typename T24, typename T25,
        -:  529:    typename T26, typename T27, typename T28, typename T29, typename T30,
        -:  530:    typename T31, typename T32, typename T33, typename T34, typename T35,
        -:  531:    typename T36, typename T37, typename T38, typename T39, typename T40>
        -:  532:struct Types40 {
        -:  533:  typedef T1 Head;
        -:  534:  typedef Types39<T2, T3, T4, T5, T6, T7, T8, T9, T10, T11, T12, T13, T14, T15,
        -:  535:      T16, T17, T18, T19, T20, T21, T22, T23, T24, T25, T26, T27, T28, T29,
        -:  536:      T30, T31, T32, T33, T34, T35, T36, T37, T38, T39, T40> Tail;
        -:  537:};
        -:  538:
        -:  539:template <typename T1, typename T2, typename T3, typename T4, typename T5,
        -:  540:    typename T6, typename T7, typename T8, typename T9, typename T10,
        -:  541:    typename T11, typename T12, typename T13, typename T14, typename T15,
        -:  542:    typename T16, typename T17, typename T18, typename T19, typename T20,
        -:  543:    typename T21, typename T22, typename T23, typename T24, typename T25,
        -:  544:    typename T26, typename T27, typename T28, typename T29, typename T30,
        -:  545:    typename T31, typename T32, typename T33, typename T34, typename T35,
        -:  546:    typename T36, typename T37, typename T38, typename T39, typename T40,
        -:  547:    typename T41>
        -:  548:struct Types41 {
        -:  549:  typedef T1 Head;
        -:  550:  typedef Types40<T2, T3, T4, T5, T6, T7, T8, T9, T10, T11, T12, T13, T14, T15,
        -:  551:      T16, T17, T18, T19, T20, T21, T22, T23, T24, T25, T26, T27, T28, T29,
        -:  552:      T30, T31, T32, T33, T34, T35, T36, T37, T38, T39, T40, T41> Tail;
        -:  553:};
        -:  554:
        -:  555:template <typename T1, typename T2, typename T3, typename T4, typename T5,
        -:  556:    typename T6, typename T7, typename T8, typename T9, typename T10,
        -:  557:    typename T11, typename T12, typename T13, typename T14, typename T15,
        -:  558:    typename T16, typename T17, typename T18, typename T19, typename T20,
        -:  559:    typename T21, typename T22, typename T23, typename T24, typename T25,
        -:  560:    typename T26, typename T27, typename T28, typename T29, typename T30,
        -:  561:    typename T31, typename T32, typename T33, typename T34, typename T35,
        -:  562:    typename T36, typename T37, typename T38, typename T39, typename T40,
        -:  563:    typename T41, typename T42>
        -:  564:struct Types42 {
        -:  565:  typedef T1 Head;
        -:  566:  typedef Types41<T2, T3, T4, T5, T6, T7, T8, T9, T10, T11, T12, T13, T14, T15,
        -:  567:      T16, T17, T18, T19, T20, T21, T22, T23, T24, T25, T26, T27, T28, T29,
        -:  568:      T30, T31, T32, T33, T34, T35, T36, T37, T38, T39, T40, T41, T42> Tail;
        -:  569:};
        -:  570:
        -:  571:template <typename T1, typename T2, typename T3, typename T4, typename T5,
        -:  572:    typename T6, typename T7, typename T8, typename T9, typename T10,
        -:  573:    typename T11, typename T12, typename T13, typename T14, typename T15,
        -:  574:    typename T16, typename T17, typename T18, typename T19, typename T20,
        -:  575:    typename T21, typename T22, typename T23, typename T24, typename T25,
        -:  576:    typename T26, typename T27, typename T28, typename T29, typename T30,
        -:  577:    typename T31, typename T32, typename T33, typename T34, typename T35,
        -:  578:    typename T36, typename T37, typename T38, typename T39, typename T40,
        -:  579:    typename T41, typename T42, typename T43>
        -:  580:struct Types43 {
        -:  581:  typedef T1 Head;
        -:  582:  typedef Types42<T2, T3, T4, T5, T6, T7, T8, T9, T10, T11, T12, T13, T14, T15,
        -:  583:      T16, T17, T18, T19, T20, T21, T22, T23, T24, T25, T26, T27, T28, T29,
        -:  584:      T30, T31, T32, T33, T34, T35, T36, T37, T38, T39, T40, T41, T42,
        -:  585:      T43> Tail;
        -:  586:};
        -:  587:
        -:  588:template <typename T1, typename T2, typename T3, typename T4, typename T5,
        -:  589:    typename T6, typename T7, typename T8, typename T9, typename T10,
        -:  590:    typename T11, typename T12, typename T13, typename T14, typename T15,
        -:  591:    typename T16, typename T17, typename T18, typename T19, typename T20,
        -:  592:    typename T21, typename T22, typename T23, typename T24, typename T25,
        -:  593:    typename T26, typename T27, typename T28, typename T29, typename T30,
        -:  594:    typename T31, typename T32, typename T33, typename T34, typename T35,
        -:  595:    typename T36, typename T37, typename T38, typename T39, typename T40,
        -:  596:    typename T41, typename T42, typename T43, typename T44>
        -:  597:struct Types44 {
        -:  598:  typedef T1 Head;
        -:  599:  typedef Types43<T2, T3, T4, T5, T6, T7, T8, T9, T10, T11, T12, T13, T14, T15,
        -:  600:      T16, T17, T18, T19, T20, T21, T22, T23, T24, T25, T26, T27, T28, T29,
        -:  601:      T30, T31, T32, T33, T34, T35, T36, T37, T38, T39, T40, T41, T42, T43,
        -:  602:      T44> Tail;
        -:  603:};
        -:  604:
        -:  605:template <typename T1, typename T2, typename T3, typename T4, typename T5,
        -:  606:    typename T6, typename T7, typename T8, typename T9, typename T10,
        -:  607:    typename T11, typename T12, typename T13, typename T14, typename T15,
        -:  608:    typename T16, typename T17, typename T18, typename T19, typename T20,
        -:  609:    typename T21, typename T22, typename T23, typename T24, typename T25,
        -:  610:    typename T26, typename T27, typename T28, typename T29, typename T30,
        -:  611:    typename T31, typename T32, typename T33, typename T34, typename T35,
        -:  612:    typename T36, typename T37, typename T38, typename T39, typename T40,
        -:  613:    typename T41, typename T42, typename T43, typename T44, typename T45>
        -:  614:struct Types45 {
        -:  615:  typedef T1 Head;
        -:  616:  typedef Types44<T2, T3, T4, T5, T6, T7, T8, T9, T10, T11, T12, T13, T14, T15,
        -:  617:      T16, T17, T18, T19, T20, T21, T22, T23, T24, T25, T26, T27, T28, T29,
        -:  618:      T30, T31, T32, T33, T34, T35, T36, T37, T38, T39, T40, T41, T42, T43,
        -:  619:      T44, T45> Tail;
        -:  620:};
        -:  621:
        -:  622:template <typename T1, typename T2, typename T3, typename T4, typename T5,
        -:  623:    typename T6, typename T7, typename T8, typename T9, typename T10,
        -:  624:    typename T11, typename T12, typename T13, typename T14, typename T15,
        -:  625:    typename T16, typename T17, typename T18, typename T19, typename T20,
        -:  626:    typename T21, typename T22, typename T23, typename T24, typename T25,
        -:  627:    typename T26, typename T27, typename T28, typename T29, typename T30,
        -:  628:    typename T31, typename T32, typename T33, typename T34, typename T35,
        -:  629:    typename T36, typename T37, typename T38, typename T39, typename T40,
        -:  630:    typename T41, typename T42, typename T43, typename T44, typename T45,
        -:  631:    typename T46>
        -:  632:struct Types46 {
        -:  633:  typedef T1 Head;
        -:  634:  typedef Types45<T2, T3, T4, T5, T6, T7, T8, T9, T10, T11, T12, T13, T14, T15,
        -:  635:      T16, T17, T18, T19, T20, T21, T22, T23, T24, T25, T26, T27, T28, T29,
        -:  636:      T30, T31, T32, T33, T34, T35, T36, T37, T38, T39, T40, T41, T42, T43,
        -:  637:      T44, T45, T46> Tail;
        -:  638:};
        -:  639:
        -:  640:template <typename T1, typename T2, typename T3, typename T4, typename T5,
        -:  641:    typename T6, typename T7, typename T8, typename T9, typename T10,
        -:  642:    typename T11, typename T12, typename T13, typename T14, typename T15,
        -:  643:    typename T16, typename T17, typename T18, typename T19, typename T20,
        -:  644:    typename T21, typename T22, typename T23, typename T24, typename T25,
        -:  645:    typename T26, typename T27, typename T28, typename T29, typename T30,
        -:  646:    typename T31, typename T32, typename T33, typename T34, typename T35,
        -:  647:    typename T36, typename T37, typename T38, typename T39, typename T40,
        -:  648:    typename T41, typename T42, typename T43, typename T44, typename T45,
        -:  649:    typename T46, typename T47>
        -:  650:struct Types47 {
        -:  651:  typedef T1 Head;
        -:  652:  typedef Types46<T2, T3, T4, T5, T6, T7, T8, T9, T10, T11, T12, T13, T14, T15,
        -:  653:      T16, T17, T18, T19, T20, T21, T22, T23, T24, T25, T26, T27, T28, T29,
        -:  654:      T30, T31, T32, T33, T34, T35, T36, T37, T38, T39, T40, T41, T42, T43,
        -:  655:      T44, T45, T46, T47> Tail;
        -:  656:};
        -:  657:
        -:  658:template <typename T1, typename T2, typename T3, typename T4, typename T5,
        -:  659:    typename T6, typename T7, typename T8, typename T9, typename T10,
        -:  660:    typename T11, typename T12, typename T13, typename T14, typename T15,
        -:  661:    typename T16, typename T17, typename T18, typename T19, typename T20,
        -:  662:    typename T21, typename T22, typename T23, typename T24, typename T25,
        -:  663:    typename T26, typename T27, typename T28, typename T29, typename T30,
        -:  664:    typename T31, typename T32, typename T33, typename T34, typename T35,
        -:  665:    typename T36, typename T37, typename T38, typename T39, typename T40,
        -:  666:    typename T41, typename T42, typename T43, typename T44, typename T45,
        -:  667:    typename T46, typename T47, typename T48>
        -:  668:struct Types48 {
        -:  669:  typedef T1 Head;
        -:  670:  typedef Types47<T2, T3, T4, T5, T6, T7, T8, T9, T10, T11, T12, T13, T14, T15,
        -:  671:      T16, T17, T18, T19, T20, T21, T22, T23, T24, T25, T26, T27, T28, T29,
        -:  672:      T30, T31, T32, T33, T34, T35, T36, T37, T38, T39, T40, T41, T42, T43,
        -:  673:      T44, T45, T46, T47, T48> Tail;
        -:  674:};
        -:  675:
        -:  676:template <typename T1, typename T2, typename T3, typename T4, typename T5,
        -:  677:    typename T6, typename T7, typename T8, typename T9, typename T10,
        -:  678:    typename T11, typename T12, typename T13, typename T14, typename T15,
        -:  679:    typename T16, typename T17, typename T18, typename T19, typename T20,
        -:  680:    typename T21, typename T22, typename T23, typename T24, typename T25,
        -:  681:    typename T26, typename T27, typename T28, typename T29, typename T30,
        -:  682:    typename T31, typename T32, typename T33, typename T34, typename T35,
        -:  683:    typename T36, typename T37, typename T38, typename T39, typename T40,
        -:  684:    typename T41, typename T42, typename T43, typename T44, typename T45,
        -:  685:    typename T46, typename T47, typename T48, typename T49>
        -:  686:struct Types49 {
        -:  687:  typedef T1 Head;
        -:  688:  typedef Types48<T2, T3, T4, T5, T6, T7, T8, T9, T10, T11, T12, T13, T14, T15,
        -:  689:      T16, T17, T18, T19, T20, T21, T22, T23, T24, T25, T26, T27, T28, T29,
        -:  690:      T30, T31, T32, T33, T34, T35, T36, T37, T38, T39, T40, T41, T42, T43,
        -:  691:      T44, T45, T46, T47, T48, T49> Tail;
        -:  692:};
        -:  693:
        -:  694:template <typename T1, typename T2, typename T3, typename T4, typename T5,
        -:  695:    typename T6, typename T7, typename T8, typename T9, typename T10,
        -:  696:    typename T11, typename T12, typename T13, typename T14, typename T15,
        -:  697:    typename T16, typename T17, typename T18, typename T19, typename T20,
        -:  698:    typename T21, typename T22, typename T23, typename T24, typename T25,
        -:  699:    typename T26, typename T27, typename T28, typename T29, typename T30,
        -:  700:    typename T31, typename T32, typename T33, typename T34, typename T35,
        -:  701:    typename T36, typename T37, typename T38, typename T39, typename T40,
        -:  702:    typename T41, typename T42, typename T43, typename T44, typename T45,
        -:  703:    typename T46, typename T47, typename T48, typename T49, typename T50>
        -:  704:struct Types50 {
        -:  705:  typedef T1 Head;
        -:  706:  typedef Types49<T2, T3, T4, T5, T6, T7, T8, T9, T10, T11, T12, T13, T14, T15,
        -:  707:      T16, T17, T18, T19, T20, T21, T22, T23, T24, T25, T26, T27, T28, T29,
        -:  708:      T30, T31, T32, T33, T34, T35, T36, T37, T38, T39, T40, T41, T42, T43,
        -:  709:      T44, T45, T46, T47, T48, T49, T50> Tail;
        -:  710:};
        -:  711:
        -:  712:
        -:  713:}  // namespace internal
        -:  714:
        -:  715:// We don't want to require the users to write TypesN<...> directly,
        -:  716:// as that would require them to count the length.  Types<...> is much
        -:  717:// easier to write, but generates horrible messages when there is a
        -:  718:// compiler error, as gcc insists on printing out each template
        -:  719:// argument, even if it has the default value (this means Types<int>
        -:  720:// will appear as Types<int, None, None, ..., None> in the compiler
        -:  721:// errors).
        -:  722://
        -:  723:// Our solution is to combine the best part of the two approaches: a
        -:  724:// user would write Types<T1, ..., TN>, and Google Test will translate
        -:  725:// that to TypesN<T1, ..., TN> internally to make error messages
        -:  726:// readable.  The translation is done by the 'type' member of the
        -:  727:// Types template.
        -:  728:template <typename T1 = internal::None, typename T2 = internal::None,
        -:  729:    typename T3 = internal::None, typename T4 = internal::None,
        -:  730:    typename T5 = internal::None, typename T6 = internal::None,
        -:  731:    typename T7 = internal::None, typename T8 = internal::None,
        -:  732:    typename T9 = internal::None, typename T10 = internal::None,
        -:  733:    typename T11 = internal::None, typename T12 = internal::None,
        -:  734:    typename T13 = internal::None, typename T14 = internal::None,
        -:  735:    typename T15 = internal::None, typename T16 = internal::None,
        -:  736:    typename T17 = internal::None, typename T18 = internal::None,
        -:  737:    typename T19 = internal::None, typename T20 = internal::None,
        -:  738:    typename T21 = internal::None, typename T22 = internal::None,
        -:  739:    typename T23 = internal::None, typename T24 = internal::None,
        -:  740:    typename T25 = internal::None, typename T26 = internal::None,
        -:  741:    typename T27 = internal::None, typename T28 = internal::None,
        -:  742:    typename T29 = internal::None, typename T30 = internal::None,
        -:  743:    typename T31 = internal::None, typename T32 = internal::None,
        -:  744:    typename T33 = internal::None, typename T34 = internal::None,
        -:  745:    typename T35 = internal::None, typename T36 = internal::None,
        -:  746:    typename T37 = internal::None, typename T38 = internal::None,
        -:  747:    typename T39 = internal::None, typename T40 = internal::None,
        -:  748:    typename T41 = internal::None, typename T42 = internal::None,
        -:  749:    typename T43 = internal::None, typename T44 = internal::None,
        -:  750:    typename T45 = internal::None, typename T46 = internal::None,
        -:  751:    typename T47 = internal::None, typename T48 = internal::None,
        -:  752:    typename T49 = internal::None, typename T50 = internal::None>
        -:  753:struct Types {
        -:  754:  typedef internal::Types50<T1, T2, T3, T4, T5, T6, T7, T8, T9, T10, T11, T12,
        -:  755:      T13, T14, T15, T16, T17, T18, T19, T20, T21, T22, T23, T24, T25, T26,
        -:  756:      T27, T28, T29, T30, T31, T32, T33, T34, T35, T36, T37, T38, T39, T40,
        -:  757:      T41, T42, T43, T44, T45, T46, T47, T48, T49, T50> type;
        -:  758:};
        -:  759:
        -:  760:template <>
        -:  761:struct Types<internal::None, internal::None, internal::None, internal::None,
        -:  762:    internal::None, internal::None, internal::None, internal::None,
        -:  763:    internal::None, internal::None, internal::None, internal::None,
        -:  764:    internal::None, internal::None, internal::None, internal::None,
        -:  765:    internal::None, internal::None, internal::None, internal::None,
        -:  766:    internal::None, internal::None, internal::None, internal::None,
        -:  767:    internal::None, internal::None, internal::None, internal::None,
        -:  768:    internal::None, internal::None, internal::None, internal::None,
        -:  769:    internal::None, internal::None, internal::None, internal::None,
        -:  770:    internal::None, internal::None, internal::None, internal::None,
        -:  771:    internal::None, internal::None, internal::None, internal::None,
        -:  772:    internal::None, internal::None, internal::None, internal::None,
        -:  773:    internal::None, internal::None> {
        -:  774:  typedef internal::Types0 type;
        -:  775:};
        -:  776:template <typename T1>
        -:  777:struct Types<T1, internal::None, internal::None, internal::None,
        -:  778:    internal::None, internal::None, internal::None, internal::None,
        -:  779:    internal::None, internal::None, internal::None, internal::None,
        -:  780:    internal::None, internal::None, internal::None, internal::None,
        -:  781:    internal::None, internal::None, internal::None, internal::None,
        -:  782:    internal::None, internal::None, internal::None, internal::None,
        -:  783:    internal::None, internal::None, internal::None, internal::None,
        -:  784:    internal::None, internal::None, internal::None, internal::None,
        -:  785:    internal::None, internal::None, internal::None, internal::None,
        -:  786:    internal::None, internal::None, internal::None, internal::None,
        -:  787:    internal::None, internal::None, internal::None, internal::None,
        -:  788:    internal::None, internal::None, internal::None, internal::None,
        -:  789:    internal::None, internal::None> {
        -:  790:  typedef internal::Types1<T1> type;
        -:  791:};
        -:  792:template <typename T1, typename T2>
        -:  793:struct Types<T1, T2, internal::None, internal::None, internal::None,
        -:  794:    internal::None, internal::None, internal::None, internal::None,
        -:  795:    internal::None, internal::None, internal::None, internal::None,
        -:  796:    internal::None, internal::None, internal::None, internal::None,
        -:  797:    internal::None, internal::None, internal::None, internal::None,
        -:  798:    internal::None, internal::None, internal::None, internal::None,
        -:  799:    internal::None, internal::None, internal::None, internal::None,
        -:  800:    internal::None, internal::None, internal::None, internal::None,
        -:  801:    internal::None, internal::None, internal::None, internal::None,
        -:  802:    internal::None, internal::None, internal::None, internal::None,
        -:  803:    internal::None, internal::None, internal::None, internal::None,
        -:  804:    internal::None, internal::None, internal::None, internal::None,
        -:  805:    internal::None> {
        -:  806:  typedef internal::Types2<T1, T2> type;
        -:  807:};
        -:  808:template <typename T1, typename T2, typename T3>
        -:  809:struct Types<T1, T2, T3, internal::None, internal::None, internal::None,
        -:  810:    internal::None, internal::None, internal::None, internal::None,
        -:  811:    internal::None, internal::None, internal::None, internal::None,
        -:  812:    internal::None, internal::None, internal::None, internal::None,
        -:  813:    internal::None, internal::None, internal::None, internal::None,
        -:  814:    internal::None, internal::None, internal::None, internal::None,
        -:  815:    internal::None, internal::None, internal::None, internal::None,
        -:  816:    internal::None, internal::None, internal::None, internal::None,
        -:  817:    internal::None, internal::None, internal::None, internal::None,
        -:  818:    internal::None, internal::None, internal::None, internal::None,
        -:  819:    internal::None, internal::None, internal::None, internal::None,
        -:  820:    internal::None, internal::None, internal::None, internal::None> {
        -:  821:  typedef internal::Types3<T1, T2, T3> type;
        -:  822:};
        -:  823:template <typename T1, typename T2, typename T3, typename T4>
        -:  824:struct Types<T1, T2, T3, T4, internal::None, internal::None, internal::None,
        -:  825:    internal::None, internal::None, internal::None, internal::None,
        -:  826:    internal::None, internal::None, internal::None, internal::None,
        -:  827:    internal::None, internal::None, internal::None, internal::None,
        -:  828:    internal::None, internal::None, internal::None, internal::None,
        -:  829:    internal::None, internal::None, internal::None, internal::None,
        -:  830:    internal::None, internal::None, internal::None, internal::None,
        -:  831:    internal::None, internal::None, internal::None, internal::None,
        -:  832:    internal::None, internal::None, internal::None, internal::None,
        -:  833:    internal::None, internal::None, internal::None, internal::None,
        -:  834:    internal::None, internal::None, internal::None, internal::None,
        -:  835:    internal::None, internal::None, internal::None> {
        -:  836:  typedef internal::Types4<T1, T2, T3, T4> type;
        -:  837:};
        -:  838:template <typename T1, typename T2, typename T3, typename T4, typename T5>
        -:  839:struct Types<T1, T2, T3, T4, T5, internal::None, internal::None,
        -:  840:    internal::None, internal::None, internal::None, internal::None,
        -:  841:    internal::None, internal::None, internal::None, internal::None,
        -:  842:    internal::None, internal::None, internal::None, internal::None,
        -:  843:    internal::None, internal::None, internal::None, internal::None,
        -:  844:    internal::None, internal::None, internal::None, internal::None,
        -:  845:    internal::None, internal::None, internal::None, internal::None,
        -:  846:    internal::None, internal::None, internal::None, internal::None,
        -:  847:    internal::None, internal::None, internal::None, internal::None,
        -:  848:    internal::None, internal::None, internal::None, internal::None,
        -:  849:    internal::None, internal::None, internal::None, internal::None,
        -:  850:    internal::None, internal::None, internal::None> {
        -:  851:  typedef internal::Types5<T1, T2, T3, T4, T5> type;
        -:  852:};
        -:  853:template <typename T1, typename T2, typename T3, typename T4, typename T5,
        -:  854:    typename T6>
        -:  855:struct Types<T1, T2, T3, T4, T5, T6, internal::None, internal::None,
        -:  856:    internal::None, internal::None, internal::None, internal::None,
        -:  857:    internal::None, internal::None, internal::None, internal::None,
        -:  858:    internal::None, internal::None, internal::None, internal::None,
        -:  859:    internal::None, internal::None, internal::None, internal::None,
        -:  860:    internal::None, internal::None, internal::None, internal::None,
        -:  861:    internal::None, internal::None, internal::None, internal::None,
        -:  862:    internal::None, internal::None, internal::None, internal::None,
        -:  863:    internal::None, internal::None, internal::None, internal::None,
        -:  864:    internal::None, internal::None, internal::None, internal::None,
        -:  865:    internal::None, internal::None, internal::None, internal::None,
        -:  866:    internal::None, internal::None> {
        -:  867:  typedef internal::Types6<T1, T2, T3, T4, T5, T6> type;
        -:  868:};
        -:  869:template <typename T1, typename T2, typename T3, typename T4, typename T5,
        -:  870:    typename T6, typename T7>
        -:  871:struct Types<T1, T2, T3, T4, T5, T6, T7, internal::None, internal::None,
        -:  872:    internal::None, internal::None, internal::None, internal::None,
        -:  873:    internal::None, internal::None, internal::None, internal::None,
        -:  874:    internal::None, internal::None, internal::None, internal::None,
        -:  875:    internal::None, internal::None, internal::None, internal::None,
        -:  876:    internal::None, internal::None, internal::None, internal::None,
        -:  877:    internal::None, internal::None, internal::None, internal::None,
        -:  878:    internal::None, internal::None, internal::None, internal::None,
        -:  879:    internal::None, internal::None, internal::None, internal::None,
        -:  880:    internal::None, internal::None, internal::None, internal::None,
        -:  881:    internal::None, internal::None, internal::None, internal::None,
        -:  882:    internal::None> {
        -:  883:  typedef internal::Types7<T1, T2, T3, T4, T5, T6, T7> type;
        -:  884:};
        -:  885:template <typename T1, typename T2, typename T3, typename T4, typename T5,
        -:  886:    typename T6, typename T7, typename T8>
        -:  887:struct Types<T1, T2, T3, T4, T5, T6, T7, T8, internal::None, internal::None,
        -:  888:    internal::None, internal::None, internal::None, internal::None,
        -:  889:    internal::None, internal::None, internal::None, internal::None,
        -:  890:    internal::None, internal::None, internal::None, internal::None,
        -:  891:    internal::None, internal::None, internal::None, internal::None,
        -:  892:    internal::None, internal::None, internal::None, internal::None,
        -:  893:    internal::None, internal::None, internal::None, internal::None,
        -:  894:    internal::None, internal::None, internal::None, internal::None,
        -:  895:    internal::None, internal::None, internal::None, internal::None,
        -:  896:    internal::None, internal::None, internal::None, internal::None,
        -:  897:    internal::None, internal::None, internal::None, internal::None> {
        -:  898:  typedef internal::Types8<T1, T2, T3, T4, T5, T6, T7, T8> type;
        -:  899:};
        -:  900:template <typename T1, typename T2, typename T3, typename T4, typename T5,
        -:  901:    typename T6, typename T7, typename T8, typename T9>
        -:  902:struct Types<T1, T2, T3, T4, T5, T6, T7, T8, T9, internal::None,
        -:  903:    internal::None, internal::None, internal::None, internal::None,
        -:  904:    internal::None, internal::None, internal::None, internal::None,
        -:  905:    internal::None, internal::None, internal::None, internal::None,
        -:  906:    internal::None, internal::None, internal::None, internal::None,
        -:  907:    internal::None, internal::None, internal::None, internal::None,
        -:  908:    internal::None, internal::None, internal::None, internal::None,
        -:  909:    internal::None, internal::None, internal::None, internal::None,
        -:  910:    internal::None, internal::None, internal::None, internal::None,
        -:  911:    internal::None, internal::None, internal::None, internal::None,
        -:  912:    internal::None, internal::None, internal::None, internal::None> {
        -:  913:  typedef internal::Types9<T1, T2, T3, T4, T5, T6, T7, T8, T9> type;
        -:  914:};
        -:  915:template <typename T1, typename T2, typename T3, typename T4, typename T5,
        -:  916:    typename T6, typename T7, typename T8, typename T9, typename T10>
        -:  917:struct Types<T1, T2, T3, T4, T5, T6, T7, T8, T9, T10, internal::None,
        -:  918:    internal::None, internal::None, internal::None, internal::None,
        -:  919:    internal::None, internal::None, internal::None, internal::None,
        -:  920:    internal::None, internal::None, internal::None, internal::None,
        -:  921:    internal::None, internal::None, internal::None, internal::None,
        -:  922:    internal::None, internal::None, internal::None, internal::None,
        -:  923:    internal::None, internal::None, internal::None, internal::None,
        -:  924:    internal::None, internal::None, internal::None, internal::None,
        -:  925:    internal::None, internal::None, internal::None, internal::None,
        -:  926:    internal::None, internal::None, internal::None, internal::None,
        -:  927:    internal::None, internal::None, internal::None> {
        -:  928:  typedef internal::Types10<T1, T2, T3, T4, T5, T6, T7, T8, T9, T10> type;
        -:  929:};
        -:  930:template <typename T1, typename T2, typename T3, typename T4, typename T5,
        -:  931:    typename T6, typename T7, typename T8, typename T9, typename T10,
        -:  932:    typename T11>
        -:  933:struct Types<T1, T2, T3, T4, T5, T6, T7, T8, T9, T10, T11, internal::None,
        -:  934:    internal::None, internal::None, internal::None, internal::None,
        -:  935:    internal::None, internal::None, internal::None, internal::None,
        -:  936:    internal::None, internal::None, internal::None, internal::None,
        -:  937:    internal::None, internal::None, internal::None, internal::None,
        -:  938:    internal::None, internal::None, internal::None, internal::None,
        -:  939:    internal::None, internal::None, internal::None, internal::None,
        -:  940:    internal::None, internal::None, internal::None, internal::None,
        -:  941:    internal::None, internal::None, internal::None, internal::None,
        -:  942:    internal::None, internal::None, internal::None, internal::None,
        -:  943:    internal::None, internal::None> {
        -:  944:  typedef internal::Types11<T1, T2, T3, T4, T5, T6, T7, T8, T9, T10, T11> type;
        -:  945:};
        -:  946:template <typename T1, typename T2, typename T3, typename T4, typename T5,
        -:  947:    typename T6, typename T7, typename T8, typename T9, typename T10,
        -:  948:    typename T11, typename T12>
        -:  949:struct Types<T1, T2, T3, T4, T5, T6, T7, T8, T9, T10, T11, T12, internal::None,
        -:  950:    internal::None, internal::None, internal::None, internal::None,
        -:  951:    internal::None, internal::None, internal::None, internal::None,
        -:  952:    internal::None, internal::None, internal::None, internal::None,
        -:  953:    internal::None, internal::None, internal::None, internal::None,
        -:  954:    internal::None, internal::None, internal::None, internal::None,
        -:  955:    internal::None, internal::None, internal::None, internal::None,
        -:  956:    internal::None, internal::None, internal::None, internal::None,
        -:  957:    internal::None, internal::None, internal::None, internal::None,
        -:  958:    internal::None, internal::None, internal::None, internal::None,
        -:  959:    internal::None> {
        -:  960:  typedef internal::Types12<T1, T2, T3, T4, T5, T6, T7, T8, T9, T10, T11,
        -:  961:      T12> type;
        -:  962:};
        -:  963:template <typename T1, typename T2, typename T3, typename T4, typename T5,
        -:  964:    typename T6, typename T7, typename T8, typename T9, typename T10,
        -:  965:    typename T11, typename T12, typename T13>
        -:  966:struct Types<T1, T2, T3, T4, T5, T6, T7, T8, T9, T10, T11, T12, T13,
        -:  967:    internal::None, internal::None, internal::None, internal::None,
        -:  968:    internal::None, internal::None, internal::None, internal::None,
        -:  969:    internal::None, internal::None, internal::None, internal::None,
        -:  970:    internal::None, internal::None, internal::None, internal::None,
        -:  971:    internal::None, internal::None, internal::None, internal::None,
        -:  972:    internal::None, internal::None, internal::None, internal::None,
        -:  973:    internal::None, internal::None, internal::None, internal::None,
        -:  974:    internal::None, internal::None, internal::None, internal::None,
        -:  975:    internal::None, internal::None, internal::None, internal::None,
        -:  976:    internal::None> {
        -:  977:  typedef internal::Types13<T1, T2, T3, T4, T5, T6, T7, T8, T9, T10, T11, T12,
        -:  978:      T13> type;
        -:  979:};
        -:  980:template <typename T1, typename T2, typename T3, typename T4, typename T5,
        -:  981:    typename T6, typename T7, typename T8, typename T9, typename T10,
        -:  982:    typename T11, typename T12, typename T13, typename T14>
        -:  983:struct Types<T1, T2, T3, T4, T5, T6, T7, T8, T9, T10, T11, T12, T13, T14,
        -:  984:    internal::None, internal::None, internal::None, internal::None,
        -:  985:    internal::None, internal::None, internal::None, internal::None,
        -:  986:    internal::None, internal::None, internal::None, internal::None,
        -:  987:    internal::None, internal::None, internal::None, internal::None,
        -:  988:    internal::None, internal::None, internal::None, internal::None,
        -:  989:    internal::None, internal::None, internal::None, internal::None,
        -:  990:    internal::None, internal::None, internal::None, internal::None,
        -:  991:    internal::None, internal::None, internal::None, internal::None,
        -:  992:    internal::None, internal::None, internal::None, internal::None> {
        -:  993:  typedef internal::Types14<T1, T2, T3, T4, T5, T6, T7, T8, T9, T10, T11, T12,
        -:  994:      T13, T14> type;
        -:  995:};
        -:  996:template <typename T1, typename T2, typename T3, typename T4, typename T5,
        -:  997:    typename T6, typename T7, typename T8, typename T9, typename T10,
        -:  998:    typename T11, typename T12, typename T13, typename T14, typename T15>
        -:  999:struct Types<T1, T2, T3, T4, T5, T6, T7, T8, T9, T10, T11, T12, T13, T14, T15,
        -: 1000:    internal::None, internal::None, internal::None, internal::None,
        -: 1001:    internal::None, internal::None, internal::None, internal::None,
        -: 1002:    internal::None, internal::None, internal::None, internal::None,
        -: 1003:    internal::None, internal::None, internal::None, internal::None,
        -: 1004:    internal::None, internal::None, internal::None, internal::None,
        -: 1005:    internal::None, internal::None, internal::None, internal::None,
        -: 1006:    internal::None, internal::None, internal::None, internal::None,
        -: 1007:    internal::None, internal::None, internal::None, internal::None,
        -: 1008:    internal::None, internal::None, internal::None> {
        -: 1009:  typedef internal::Types15<T1, T2, T3, T4, T5, T6, T7, T8, T9, T10, T11, T12,
        -: 1010:      T13, T14, T15> type;
        -: 1011:};
        -: 1012:template <typename T1, typename T2, typename T3, typename T4, typename T5,
        -: 1013:    typename T6, typename T7, typename T8, typename T9, typename T10,
        -: 1014:    typename T11, typename T12, typename T13, typename T14, typename T15,
        -: 1015:    typename T16>
        -: 1016:struct Types<T1, T2, T3, T4, T5, T6, T7, T8, T9, T10, T11, T12, T13, T14, T15,
        -: 1017:    T16, internal::None, internal::None, internal::None, internal::None,
        -: 1018:    internal::None, internal::None, internal::None, internal::None,
        -: 1019:    internal::None, internal::None, internal::None, internal::None,
        -: 1020:    internal::None, internal::None, internal::None, internal::None,
        -: 1021:    internal::None, internal::None, internal::None, internal::None,
        -: 1022:    internal::None, internal::None, internal::None, internal::None,
        -: 1023:    internal::None, internal::None, internal::None, internal::None,
        -: 1024:    internal::None, internal::None, internal::None, internal::None,
        -: 1025:    internal::None, internal::None> {
        -: 1026:  typedef internal::Types16<T1, T2, T3, T4, T5, T6, T7, T8, T9, T10, T11, T12,
        -: 1027:      T13, T14, T15, T16> type;
        -: 1028:};
        -: 1029:template <typename T1, typename T2, typename T3, typename T4, typename T5,
        -: 1030:    typename T6, typename T7, typename T8, typename T9, typename T10,
        -: 1031:    typename T11, typename T12, typename T13, typename T14, typename T15,
        -: 1032:    typename T16, typename T17>
        -: 1033:struct Types<T1, T2, T3, T4, T5, T6, T7, T8, T9, T10, T11, T12, T13, T14, T15,
        -: 1034:    T16, T17, internal::None, internal::None, internal::None, internal::None,
        -: 1035:    internal::None, internal::None, internal::None, internal::None,
        -: 1036:    internal::None, internal::None, internal::None, internal::None,
        -: 1037:    internal::None, internal::None, internal::None, internal::None,
        -: 1038:    internal::None, internal::None, internal::None, internal::None,
        -: 1039:    internal::None, internal::None, internal::None, internal::None,
        -: 1040:    internal::None, internal::None, internal::None, internal::None,
        -: 1041:    internal::None, internal::None, internal::None, internal::None,
        -: 1042:    internal::None> {
        -: 1043:  typedef internal::Types17<T1, T2, T3, T4, T5, T6, T7, T8, T9, T10, T11, T12,
        -: 1044:      T13, T14, T15, T16, T17> type;
        -: 1045:};
        -: 1046:template <typename T1, typename T2, typename T3, typename T4, typename T5,
        -: 1047:    typename T6, typename T7, typename T8, typename T9, typename T10,
        -: 1048:    typename T11, typename T12, typename T13, typename T14, typename T15,
        -: 1049:    typename T16, typename T17, typename T18>
        -: 1050:struct Types<T1, T2, T3, T4, T5, T6, T7, T8, T9, T10, T11, T12, T13, T14, T15,
        -: 1051:    T16, T17, T18, internal::None, internal::None, internal::None,
        -: 1052:    internal::None, internal::None, internal::None, internal::None,
        -: 1053:    internal::None, internal::None, internal::None, internal::None,
        -: 1054:    internal::None, internal::None, internal::None, internal::None,
        -: 1055:    internal::None, internal::None, internal::None, internal::None,
        -: 1056:    internal::None, internal::None, internal::None, internal::None,
        -: 1057:    internal::None, internal::None, internal::None, internal::None,
        -: 1058:    internal::None, internal::None, internal::None, internal::None,
        -: 1059:    internal::None> {
        -: 1060:  typedef internal::Types18<T1, T2, T3, T4, T5, T6, T7, T8, T9, T10, T11, T12,
        -: 1061:      T13, T14, T15, T16, T17, T18> type;
        -: 1062:};
        -: 1063:template <typename T1, typename T2, typename T3, typename T4, typename T5,
        -: 1064:    typename T6, typename T7, typename T8, typename T9, typename T10,
        -: 1065:    typename T11, typename T12, typename T13, typename T14, typename T15,
        -: 1066:    typename T16, typename T17, typename T18, typename T19>
        -: 1067:struct Types<T1, T2, T3, T4, T5, T6, T7, T8, T9, T10, T11, T12, T13, T14, T15,
        -: 1068:    T16, T17, T18, T19, internal::None, internal::None, internal::None,
        -: 1069:    internal::None, internal::None, internal::None, internal::None,
        -: 1070:    internal::None, internal::None, internal::None, internal::None,
        -: 1071:    internal::None, internal::None, internal::None, internal::None,
        -: 1072:    internal::None, internal::None, internal::None, internal::None,
        -: 1073:    internal::None, internal::None, internal::None, internal::None,
        -: 1074:    internal::None, internal::None, internal::None, internal::None,
        -: 1075:    internal::None, internal::None, internal::None, internal::None> {
        -: 1076:  typedef internal::Types19<T1, T2, T3, T4, T5, T6, T7, T8, T9, T10, T11, T12,
        -: 1077:      T13, T14, T15, T16, T17, T18, T19> type;
        -: 1078:};
        -: 1079:template <typename T1, typename T2, typename T3, typename T4, typename T5,
        -: 1080:    typename T6, typename T7, typename T8, typename T9, typename T10,
        -: 1081:    typename T11, typename T12, typename T13, typename T14, typename T15,
        -: 1082:    typename T16, typename T17, typename T18, typename T19, typename T20>
        -: 1083:struct Types<T1, T2, T3, T4, T5, T6, T7, T8, T9, T10, T11, T12, T13, T14, T15,
        -: 1084:    T16, T17, T18, T19, T20, internal::None, internal::None, internal::None,
        -: 1085:    internal::None, internal::None, internal::None, internal::None,
        -: 1086:    internal::None, internal::None, internal::None, internal::None,
        -: 1087:    internal::None, internal::None, internal::None, internal::None,
        -: 1088:    internal::None, internal::None, internal::None, internal::None,
        -: 1089:    internal::None, internal::None, internal::None, internal::None,
        -: 1090:    internal::None, internal::None, internal::None, internal::None,
        -: 1091:    internal::None, internal::None, internal::None> {
        -: 1092:  typedef internal::Types20<T1, T2, T3, T4, T5, T6, T7, T8, T9, T10, T11, T12,
        -: 1093:      T13, T14, T15, T16, T17, T18, T19, T20> type;
        -: 1094:};
        -: 1095:template <typename T1, typename T2, typename T3, typename T4, typename T5,
        -: 1096:    typename T6, typename T7, typename T8, typename T9, typename T10,
        -: 1097:    typename T11, typename T12, typename T13, typename T14, typename T15,
        -: 1098:    typename T16, typename T17, typename T18, typename T19, typename T20,
        -: 1099:    typename T21>
        -: 1100:struct Types<T1, T2, T3, T4, T5, T6, T7, T8, T9, T10, T11, T12, T13, T14, T15,
        -: 1101:    T16, T17, T18, T19, T20, T21, internal::None, internal::None,
        -: 1102:    internal::None, internal::None, internal::None, internal::None,
        -: 1103:    internal::None, internal::None, internal::None, internal::None,
        -: 1104:    internal::None, internal::None, internal::None, internal::None,
        -: 1105:    internal::None, internal::None, internal::None, internal::None,
        -: 1106:    internal::None, internal::None, internal::None, internal::None,
        -: 1107:    internal::None, internal::None, internal::None, internal::None,
        -: 1108:    internal::None, internal::None, internal::None> {
        -: 1109:  typedef internal::Types21<T1, T2, T3, T4, T5, T6, T7, T8, T9, T10, T11, T12,
        -: 1110:      T13, T14, T15, T16, T17, T18, T19, T20, T21> type;
        -: 1111:};
        -: 1112:template <typename T1, typename T2, typename T3, typename T4, typename T5,
        -: 1113:    typename T6, typename T7, typename T8, typename T9, typename T10,
        -: 1114:    typename T11, typename T12, typename T13, typename T14, typename T15,
        -: 1115:    typename T16, typename T17, typename T18, typename T19, typename T20,
        -: 1116:    typename T21, typename T22>
        -: 1117:struct Types<T1, T2, T3, T4, T5, T6, T7, T8, T9, T10, T11, T12, T13, T14, T15,
        -: 1118:    T16, T17, T18, T19, T20, T21, T22, internal::None, internal::None,
        -: 1119:    internal::None, internal::None, internal::None, internal::None,
        -: 1120:    internal::None, internal::None, internal::None, internal::None,
        -: 1121:    internal::None, internal::None, internal::None, internal::None,
        -: 1122:    internal::None, internal::None, internal::None, internal::None,
        -: 1123:    internal::None, internal::None, internal::None, internal::None,
        -: 1124:    internal::None, internal::None, internal::None, internal::None,
        -: 1125:    internal::None, internal::None> {
        -: 1126:  typedef internal::Types22<T1, T2, T3, T4, T5, T6, T7, T8, T9, T10, T11, T12,
        -: 1127:      T13, T14, T15, T16, T17, T18, T19, T20, T21, T22> type;
        -: 1128:};
        -: 1129:template <typename T1, typename T2, typename T3, typename T4, typename T5,
        -: 1130:    typename T6, typename T7, typename T8, typename T9, typename T10,
        -: 1131:    typename T11, typename T12, typename T13, typename T14, typename T15,
        -: 1132:    typename T16, typename T17, typename T18, typename T19, typename T20,
        -: 1133:    typename T21, typename T22, typename T23>
        -: 1134:struct Types<T1, T2, T3, T4, T5, T6, T7, T8, T9, T10, T11, T12, T13, T14, T15,
        -: 1135:    T16, T17, T18, T19, T20, T21, T22, T23, internal::None, internal::None,
        -: 1136:    internal::None, internal::None, internal::None, internal::None,
        -: 1137:    internal::None, internal::None, internal::None, internal::None,
        -: 1138:    internal::None, internal::None, internal::None, internal::None,
        -: 1139:    internal::None, internal::None, internal::None, internal::None,
        -: 1140:    internal::None, internal::None, internal::None, internal::None,
        -: 1141:    internal::None, internal::None, internal::None, internal::None,
        -: 1142:    internal::None> {
        -: 1143:  typedef internal::Types23<T1, T2, T3, T4, T5, T6, T7, T8, T9, T10, T11, T12,
        -: 1144:      T13, T14, T15, T16, T17, T18, T19, T20, T21, T22, T23> type;
        -: 1145:};
        -: 1146:template <typename T1, typename T2, typename T3, typename T4, typename T5,
        -: 1147:    typename T6, typename T7, typename T8, typename T9, typename T10,
        -: 1148:    typename T11, typename T12, typename T13, typename T14, typename T15,
        -: 1149:    typename T16, typename T17, typename T18, typename T19, typename T20,
        -: 1150:    typename T21, typename T22, typename T23, typename T24>
        -: 1151:struct Types<T1, T2, T3, T4, T5, T6, T7, T8, T9, T10, T11, T12, T13, T14, T15,
        -: 1152:    T16, T17, T18, T19, T20, T21, T22, T23, T24, internal::None,
        -: 1153:    internal::None, internal::None, internal::None, internal::None,
        -: 1154:    internal::None, internal::None, internal::None, internal::None,
        -: 1155:    internal::None, internal::None, internal::None, internal::None,
        -: 1156:    internal::None, internal::None, internal::None, internal::None,
        -: 1157:    internal::None, internal::None, internal::None, internal::None,
        -: 1158:    internal::None, internal::None, internal::None, internal::None,
        -: 1159:    internal::None> {
        -: 1160:  typedef internal::Types24<T1, T2, T3, T4, T5, T6, T7, T8, T9, T10, T11, T12,
        -: 1161:      T13, T14, T15, T16, T17, T18, T19, T20, T21, T22, T23, T24> type;
        -: 1162:};
        -: 1163:template <typename T1, typename T2, typename T3, typename T4, typename T5,
        -: 1164:    typename T6, typename T7, typename T8, typename T9, typename T10,
        -: 1165:    typename T11, typename T12, typename T13, typename T14, typename T15,
        -: 1166:    typename T16, typename T17, typename T18, typename T19, typename T20,
[...]
        -: 3074:      T14, T15, T16, T17, T18, T19, T20, T21, T22, T23, T24, T25, T26, T27,
        -: 3075:      T28, T29, T30, T31, T32, T33, T34, T35, T36, T37, T38, T39, T40> type;
        -: 3076:};
        -: 3077:template <GTEST_TEMPLATE_ T1, GTEST_TEMPLATE_ T2, GTEST_TEMPLATE_ T3,
        -: 3078:    GTEST_TEMPLATE_ T4, GTEST_TEMPLATE_ T5, GTEST_TEMPLATE_ T6,
        -: 3079:    GTEST_TEMPLATE_ T7, GTEST_TEMPLATE_ T8, GTEST_TEMPLATE_ T9,
        -: 3080:    GTEST_TEMPLATE_ T10, GTEST_TEMPLATE_ T11, GTEST_TEMPLATE_ T12,
        -: 3081:    GTEST_TEMPLATE_ T13, GTEST_TEMPLATE_ T14, GTEST_TEMPLATE_ T15,
        -: 3082:    GTEST_TEMPLATE_ T16, GTEST_TEMPLATE_ T17, GTEST_TEMPLATE_ T18,
        -: 3083:    GTEST_TEMPLATE_ T19, GTEST_TEMPLATE_ T20, GTEST_TEMPLATE_ T21,
        -: 3084:    GTEST_TEMPLATE_ T22, GTEST_TEMPLATE_ T23, GTEST_TEMPLATE_ T24,
        -: 3085:    GTEST_TEMPLATE_ T25, GTEST_TEMPLATE_ T26, GTEST_TEMPLATE_ T27,
        -: 3086:    GTEST_TEMPLATE_ T28, GTEST_TEMPLATE_ T29, GTEST_TEMPLATE_ T30,
        -: 3087:    GTEST_TEMPLATE_ T31, GTEST_TEMPLATE_ T32, GTEST_TEMPLATE_ T33,
        -: 3088:    GTEST_TEMPLATE_ T34, GTEST_TEMPLATE_ T35, GTEST_TEMPLATE_ T36,
        -: 3089:    GTEST_TEMPLATE_ T37, GTEST_TEMPLATE_ T38, GTEST_TEMPLATE_ T39,
        -: 3090:    GTEST_TEMPLATE_ T40, GTEST_TEMPLATE_ T41>
        -: 3091:struct Templates<T1, T2, T3, T4, T5, T6, T7, T8, T9, T10, T11, T12, T13, T14,
        -: 3092:    T15, T16, T17, T18, T19, T20, T21, T22, T23, T24, T25, T26, T27, T28, T29,
        -: 3093:    T30, T31, T32, T33, T34, T35, T36, T37, T38, T39, T40, T41, NoneT, NoneT,
        -: 3094:    NoneT, NoneT, NoneT, NoneT, NoneT, NoneT, NoneT> {
        -: 3095:  typedef Templates41<T1, T2, T3, T4, T5, T6, T7, T8, T9, T10, T11, T12, T13,
        -: 3096:      T14, T15, T16, T17, T18, T19, T20, T21, T22, T23, T24, T25, T26, T27,
        -: 3097:      T28, T29, T30, T31, T32, T33, T34, T35, T36, T37, T38, T39, T40,
        -: 3098:      T41> type;
        -: 3099:};
        -: 3100:template <GTEST_TEMPLATE_ T1, GTEST_TEMPLATE_ T2, GTEST_TEMPLATE_ T3,
        -: 3101:    GTEST_TEMPLATE_ T4, GTEST_TEMPLATE_ T5, GTEST_TEMPLATE_ T6,
        -: 3102:    GTEST_TEMPLATE_ T7, GTEST_TEMPLATE_ T8, GTEST_TEMPLATE_ T9,
        -: 3103:    GTEST_TEMPLATE_ T10, GTEST_TEMPLATE_ T11, GTEST_TEMPLATE_ T12,
        -: 3104:    GTEST_TEMPLATE_ T13, GTEST_TEMPLATE_ T14, GTEST_TEMPLATE_ T15,
        -: 3105:    GTEST_TEMPLATE_ T16, GTEST_TEMPLATE_ T17, GTEST_TEMPLATE_ T18,
        -: 3106:    GTEST_TEMPLATE_ T19, GTEST_TEMPLATE_ T20, GTEST_TEMPLATE_ T21,
        -: 3107:    GTEST_TEMPLATE_ T22, GTEST_TEMPLATE_ T23, GTEST_TEMPLATE_ T24,
        -: 3108:    GTEST_TEMPLATE_ T25, GTEST_TEMPLATE_ T26, GTEST_TEMPLATE_ T27,
        -: 3109:    GTEST_TEMPLATE_ T28, GTEST_TEMPLATE_ T29, GTEST_TEMPLATE_ T30,
        -: 3110:    GTEST_TEMPLATE_ T31, GTEST_TEMPLATE_ T32, GTEST_TEMPLATE_ T33,
        -: 3111:    GTEST_TEMPLATE_ T34, GTEST_TEMPLATE_ T35, GTEST_TEMPLATE_ T36,
        -: 3112:    GTEST_TEMPLATE_ T37, GTEST_TEMPLATE_ T38, GTEST_TEMPLATE_ T39,
        -: 3113:    GTEST_TEMPLATE_ T40, GTEST_TEMPLATE_ T41, GTEST_TEMPLATE_ T42>
        -: 3114:struct Templates<T1, T2, T3, T4, T5, T6, T7, T8, T9, T10, T11, T12, T13, T14,
        -: 3115:    T15, T16, T17, T18, T19, T20, T21, T22, T23, T24, T25, T26, T27, T28, T29,
        -: 3116:    T30, T31, T32, T33, T34, T35, T36, T37, T38, T39, T40, T41, T42, NoneT,
        -: 3117:    NoneT, NoneT, NoneT, NoneT, NoneT, NoneT, NoneT> {
        -: 3118:  typedef Templates42<T1, T2, T3, T4, T5, T6, T7, T8, T9, T10, T11, T12, T13,
        -: 3119:      T14, T15, T16, T17, T18, T19, T20, T21, T22, T23, T24, T25, T26, T27,
        -: 3120:      T28, T29, T30, T31, T32, T33, T34, T35, T36, T37, T38, T39, T40, T41,
        -: 3121:      T42> type;
        -: 3122:};
        -: 3123:template <GTEST_TEMPLATE_ T1, GTEST_TEMPLATE_ T2, GTEST_TEMPLATE_ T3,
        -: 3124:    GTEST_TEMPLATE_ T4, GTEST_TEMPLATE_ T5, GTEST_TEMPLATE_ T6,
        -: 3125:    GTEST_TEMPLATE_ T7, GTEST_TEMPLATE_ T8, GTEST_TEMPLATE_ T9,
        -: 3126:    GTEST_TEMPLATE_ T10, GTEST_TEMPLATE_ T11, GTEST_TEMPLATE_ T12,
        -: 3127:    GTEST_TEMPLATE_ T13, GTEST_TEMPLATE_ T14, GTEST_TEMPLATE_ T15,
        -: 3128:    GTEST_TEMPLATE_ T16, GTEST_TEMPLATE_ T17, GTEST_TEMPLATE_ T18,
        -: 3129:    GTEST_TEMPLATE_ T19, GTEST_TEMPLATE_ T20, GTEST_TEMPLATE_ T21,
        -: 3130:    GTEST_TEMPLATE_ T22, GTEST_TEMPLATE_ T23, GTEST_TEMPLATE_ T24,
        -: 3131:    GTEST_TEMPLATE_ T25, GTEST_TEMPLATE_ T26, GTEST_TEMPLATE_ T27,
        -: 3132:    GTEST_TEMPLATE_ T28, GTEST_TEMPLATE_ T29, GTEST_TEMPLATE_ T30,
        -: 3133:    GTEST_TEMPLATE_ T31, GTEST_TEMPLATE_ T32, GTEST_TEMPLATE_ T33,
        -: 3134:    GTEST_TEMPLATE_ T34, GTEST_TEMPLATE_ T35, GTEST_TEMPLATE_ T36,
        -: 3135:    GTEST_TEMPLATE_ T37, GTEST_TEMPLATE_ T38, GTEST_TEMPLATE_ T39,
        -: 3136:    GTEST_TEMPLATE_ T40, GTEST_TEMPLATE_ T41, GTEST_TEMPLATE_ T42,
        -: 3137:    GTEST_TEMPLATE_ T43>
        -: 3138:struct Templates<T1, T2, T3, T4, T5, T6, T7, T8, T9, T10, T11, T12, T13, T14,
        -: 3139:    T15, T16, T17, T18, T19, T20, T21, T22, T23, T24, T25, T26, T27, T28, T29,
        -: 3140:    T30, T31, T32, T33, T34, T35, T36, T37, T38, T39, T40, T41, T42, T43,
        -: 3141:    NoneT, NoneT, NoneT, NoneT, NoneT, NoneT, NoneT> {
        -: 3142:  typedef Templates43<T1, T2, T3, T4, T5, T6, T7, T8, T9, T10, T11, T12, T13,
        -: 3143:      T14, T15, T16, T17, T18, T19, T20, T21, T22, T23, T24, T25, T26, T27,
        -: 3144:      T28, T29, T30, T31, T32, T33, T34, T35, T36, T37, T38, T39, T40, T41,
        -: 3145:      T42, T43> type;
        -: 3146:};
        -: 3147:template <GTEST_TEMPLATE_ T1, GTEST_TEMPLATE_ T2, GTEST_TEMPLATE_ T3,
        -: 3148:    GTEST_TEMPLATE_ T4, GTEST_TEMPLATE_ T5, GTEST_TEMPLATE_ T6,
        -: 3149:    GTEST_TEMPLATE_ T7, GTEST_TEMPLATE_ T8, GTEST_TEMPLATE_ T9,
        -: 3150:    GTEST_TEMPLATE_ T10, GTEST_TEMPLATE_ T11, GTEST_TEMPLATE_ T12,
        -: 3151:    GTEST_TEMPLATE_ T13, GTEST_TEMPLATE_ T14, GTEST_TEMPLATE_ T15,
        -: 3152:    GTEST_TEMPLATE_ T16, GTEST_TEMPLATE_ T17, GTEST_TEMPLATE_ T18,
        -: 3153:    GTEST_TEMPLATE_ T19, GTEST_TEMPLATE_ T20, GTEST_TEMPLATE_ T21,
        -: 3154:    GTEST_TEMPLATE_ T22, GTEST_TEMPLATE_ T23, GTEST_TEMPLATE_ T24,
        -: 3155:    GTEST_TEMPLATE_ T25, GTEST_TEMPLATE_ T26, GTEST_TEMPLATE_ T27,
        -: 3156:    GTEST_TEMPLATE_ T28, GTEST_TEMPLATE_ T29, GTEST_TEMPLATE_ T30,
        -: 3157:    GTEST_TEMPLATE_ T31, GTEST_TEMPLATE_ T32, GTEST_TEMPLATE_ T33,
        -: 3158:    GTEST_TEMPLATE_ T34, GTEST_TEMPLATE_ T35, GTEST_TEMPLATE_ T36,
        -: 3159:    GTEST_TEMPLATE_ T37, GTEST_TEMPLATE_ T38, GTEST_TEMPLATE_ T39,
        -: 3160:    GTEST_TEMPLATE_ T40, GTEST_TEMPLATE_ T41, GTEST_TEMPLATE_ T42,
        -: 3161:    GTEST_TEMPLATE_ T43, GTEST_TEMPLATE_ T44>
        -: 3162:struct Templates<T1, T2, T3, T4, T5, T6, T7, T8, T9, T10, T11, T12, T13, T14,
        -: 3163:    T15, T16, T17, T18, T19, T20, T21, T22, T23, T24, T25, T26, T27, T28, T29,
        -: 3164:    T30, T31, T32, T33, T34, T35, T36, T37, T38, T39, T40, T41, T42, T43, T44,
        -: 3165:    NoneT, NoneT, NoneT, NoneT, NoneT, NoneT> {
        -: 3166:  typedef Templates44<T1, T2, T3, T4, T5, T6, T7, T8, T9, T10, T11, T12, T13,
        -: 3167:      T14, T15, T16, T17, T18, T19, T20, T21, T22, T23, T24, T25, T26, T27,
        -: 3168:      T28, T29, T30, T31, T32, T33, T34, T35, T36, T37, T38, T39, T40, T41,
        -: 3169:      T42, T43, T44> type;
        -: 3170:};
        -: 3171:template <GTEST_TEMPLATE_ T1, GTEST_TEMPLATE_ T2, GTEST_TEMPLATE_ T3,
        -: 3172:    GTEST_TEMPLATE_ T4, GTEST_TEMPLATE_ T5, GTEST_TEMPLATE_ T6,
        -: 3173:    GTEST_TEMPLATE_ T7, GTEST_TEMPLATE_ T8, GTEST_TEMPLATE_ T9,
        -: 3174:    GTEST_TEMPLATE_ T10, GTEST_TEMPLATE_ T11, GTEST_TEMPLATE_ T12,
        -: 3175:    GTEST_TEMPLATE_ T13, GTEST_TEMPLATE_ T14, GTEST_TEMPLATE_ T15,
        -: 3176:    GTEST_TEMPLATE_ T16, GTEST_TEMPLATE_ T17, GTEST_TEMPLATE_ T18,
        -: 3177:    GTEST_TEMPLATE_ T19, GTEST_TEMPLATE_ T20, GTEST_TEMPLATE_ T21,
        -: 3178:    GTEST_TEMPLATE_ T22, GTEST_TEMPLATE_ T23, GTEST_TEMPLATE_ T24,
        -: 3179:    GTEST_TEMPLATE_ T25, GTEST_TEMPLATE_ T26, GTEST_TEMPLATE_ T27,
        -: 3180:    GTEST_TEMPLATE_ T28, GTEST_TEMPLATE_ T29, GTEST_TEMPLATE_ T30,
        -: 3181:    GTEST_TEMPLATE_ T31, GTEST_TEMPLATE_ T32, GTEST_TEMPLATE_ T33,
        -: 3182:    GTEST_TEMPLATE_ T34, GTEST_TEMPLATE_ T35, GTEST_TEMPLATE_ T36,
        -: 3183:    GTEST_TEMPLATE_ T37, GTEST_TEMPLATE_ T38, GTEST_TEMPLATE_ T39,
        -: 3184:    GTEST_TEMPLATE_ T40, GTEST_TEMPLATE_ T41, GTEST_TEMPLATE_ T42,
        -: 3185:    GTEST_TEMPLATE_ T43, GTEST_TEMPLATE_ T44, GTEST_TEMPLATE_ T45>
        -: 3186:struct Templates<T1, T2, T3, T4, T5, T6, T7, T8, T9, T10, T11, T12, T13, T14,
        -: 3187:    T15, T16, T17, T18, T19, T20, T21, T22, T23, T24, T25, T26, T27, T28, T29,
        -: 3188:    T30, T31, T32, T33, T34, T35, T36, T37, T38, T39, T40, T41, T42, T43, T44,
        -: 3189:    T45, NoneT, NoneT, NoneT, NoneT, NoneT> {
        -: 3190:  typedef Templates45<T1, T2, T3, T4, T5, T6, T7, T8, T9, T10, T11, T12, T13,
        -: 3191:      T14, T15, T16, T17, T18, T19, T20, T21, T22, T23, T24, T25, T26, T27,
        -: 3192:      T28, T29, T30, T31, T32, T33, T34, T35, T36, T37, T38, T39, T40, T41,
        -: 3193:      T42, T43, T44, T45> type;
        -: 3194:};
        -: 3195:template <GTEST_TEMPLATE_ T1, GTEST_TEMPLATE_ T2, GTEST_TEMPLATE_ T3,
        -: 3196:    GTEST_TEMPLATE_ T4, GTEST_TEMPLATE_ T5, GTEST_TEMPLATE_ T6,
        -: 3197:    GTEST_TEMPLATE_ T7, GTEST_TEMPLATE_ T8, GTEST_TEMPLATE_ T9,
        -: 3198:    GTEST_TEMPLATE_ T10, GTEST_TEMPLATE_ T11, GTEST_TEMPLATE_ T12,
        -: 3199:    GTEST_TEMPLATE_ T13, GTEST_TEMPLATE_ T14, GTEST_TEMPLATE_ T15,
        -: 3200:    GTEST_TEMPLATE_ T16, GTEST_TEMPLATE_ T17, GTEST_TEMPLATE_ T18,
        -: 3201:    GTEST_TEMPLATE_ T19, GTEST_TEMPLATE_ T20, GTEST_TEMPLATE_ T21,
        -: 3202:    GTEST_TEMPLATE_ T22, GTEST_TEMPLATE_ T23, GTEST_TEMPLATE_ T24,
        -: 3203:    GTEST_TEMPLATE_ T25, GTEST_TEMPLATE_ T26, GTEST_TEMPLATE_ T27,
        -: 3204:    GTEST_TEMPLATE_ T28, GTEST_TEMPLATE_ T29, GTEST_TEMPLATE_ T30,
        -: 3205:    GTEST_TEMPLATE_ T31, GTEST_TEMPLATE_ T32, GTEST_TEMPLATE_ T33,
        -: 3206:    GTEST_TEMPLATE_ T34, GTEST_TEMPLATE_ T35, GTEST_TEMPLATE_ T36,
        -: 3207:    GTEST_TEMPLATE_ T37, GTEST_TEMPLATE_ T38, GTEST_TEMPLATE_ T39,
        -: 3208:    GTEST_TEMPLATE_ T40, GTEST_TEMPLATE_ T41, GTEST_TEMPLATE_ T42,
        -: 3209:    GTEST_TEMPLATE_ T43, GTEST_TEMPLATE_ T44, GTEST_TEMPLATE_ T45,
        -: 3210:    GTEST_TEMPLATE_ T46>
        -: 3211:struct Templates<T1, T2, T3, T4, T5, T6, T7, T8, T9, T10, T11, T12, T13, T14,
        -: 3212:    T15, T16, T17, T18, T19, T20, T21, T22, T23, T24, T25, T26, T27, T28, T29,
        -: 3213:    T30, T31, T32, T33, T34, T35, T36, T37, T38, T39, T40, T41, T42, T43, T44,
        -: 3214:    T45, T46, NoneT, NoneT, NoneT, NoneT> {
        -: 3215:  typedef Templates46<T1, T2, T3, T4, T5, T6, T7, T8, T9, T10, T11, T12, T13,
        -: 3216:      T14, T15, T16, T17, T18, T19, T20, T21, T22, T23, T24, T25, T26, T27,
        -: 3217:      T28, T29, T30, T31, T32, T33, T34, T35, T36, T37, T38, T39, T40, T41,
        -: 3218:      T42, T43, T44, T45, T46> type;
        -: 3219:};
        -: 3220:template <GTEST_TEMPLATE_ T1, GTEST_TEMPLATE_ T2, GTEST_TEMPLATE_ T3,
        -: 3221:    GTEST_TEMPLATE_ T4, GTEST_TEMPLATE_ T5, GTEST_TEMPLATE_ T6,
        -: 3222:    GTEST_TEMPLATE_ T7, GTEST_TEMPLATE_ T8, GTEST_TEMPLATE_ T9,
        -: 3223:    GTEST_TEMPLATE_ T10, GTEST_TEMPLATE_ T11, GTEST_TEMPLATE_ T12,
        -: 3224:    GTEST_TEMPLATE_ T13, GTEST_TEMPLATE_ T14, GTEST_TEMPLATE_ T15,
        -: 3225:    GTEST_TEMPLATE_ T16, GTEST_TEMPLATE_ T17, GTEST_TEMPLATE_ T18,
        -: 3226:    GTEST_TEMPLATE_ T19, GTEST_TEMPLATE_ T20, GTEST_TEMPLATE_ T21,
        -: 3227:    GTEST_TEMPLATE_ T22, GTEST_TEMPLATE_ T23, GTEST_TEMPLATE_ T24,
        -: 3228:    GTEST_TEMPLATE_ T25, GTEST_TEMPLATE_ T26, GTEST_TEMPLATE_ T27,
        -: 3229:    GTEST_TEMPLATE_ T28, GTEST_TEMPLATE_ T29, GTEST_TEMPLATE_ T30,
        -: 3230:    GTEST_TEMPLATE_ T31, GTEST_TEMPLATE_ T32, GTEST_TEMPLATE_ T33,
        -: 3231:    GTEST_TEMPLATE_ T34, GTEST_TEMPLATE_ T35, GTEST_TEMPLATE_ T36,
        -: 3232:    GTEST_TEMPLATE_ T37, GTEST_TEMPLATE_ T38, GTEST_TEMPLATE_ T39,
        -: 3233:    GTEST_TEMPLATE_ T40, GTEST_TEMPLATE_ T41, GTEST_TEMPLATE_ T42,
        -: 3234:    GTEST_TEMPLATE_ T43, GTEST_TEMPLATE_ T44, GTEST_TEMPLATE_ T45,
        -: 3235:    GTEST_TEMPLATE_ T46, GTEST_TEMPLATE_ T47>
        -: 3236:struct Templates<T1, T2, T3, T4, T5, T6, T7, T8, T9, T10, T11, T12, T13, T14,
        -: 3237:    T15, T16, T17, T18, T19, T20, T21, T22, T23, T24, T25, T26, T27, T28, T29,
        -: 3238:    T30, T31, T32, T33, T34, T35, T36, T37, T38, T39, T40, T41, T42, T43, T44,
        -: 3239:    T45, T46, T47, NoneT, NoneT, NoneT> {
        -: 3240:  typedef Templates47<T1, T2, T3, T4, T5, T6, T7, T8, T9, T10, T11, T12, T13,
        -: 3241:      T14, T15, T16, T17, T18, T19, T20, T21, T22, T23, T24, T25, T26, T27,
        -: 3242:      T28, T29, T30, T31, T32, T33, T34, T35, T36, T37, T38, T39, T40, T41,
        -: 3243:      T42, T43, T44, T45, T46, T47> type;
        -: 3244:};
        -: 3245:template <GTEST_TEMPLATE_ T1, GTEST_TEMPLATE_ T2, GTEST_TEMPLATE_ T3,
        -: 3246:    GTEST_TEMPLATE_ T4, GTEST_TEMPLATE_ T5, GTEST_TEMPLATE_ T6,
        -: 3247:    GTEST_TEMPLATE_ T7, GTEST_TEMPLATE_ T8, GTEST_TEMPLATE_ T9,
        -: 3248:    GTEST_TEMPLATE_ T10, GTEST_TEMPLATE_ T11, GTEST_TEMPLATE_ T12,
        -: 3249:    GTEST_TEMPLATE_ T13, GTEST_TEMPLATE_ T14, GTEST_TEMPLATE_ T15,
        -: 3250:    GTEST_TEMPLATE_ T16, GTEST_TEMPLATE_ T17, GTEST_TEMPLATE_ T18,
        -: 3251:    GTEST_TEMPLATE_ T19, GTEST_TEMPLATE_ T20, GTEST_TEMPLATE_ T21,
        -: 3252:    GTEST_TEMPLATE_ T22, GTEST_TEMPLATE_ T23, GTEST_TEMPLATE_ T24,
        -: 3253:    GTEST_TEMPLATE_ T25, GTEST_TEMPLATE_ T26, GTEST_TEMPLATE_ T27,
        -: 3254:    GTEST_TEMPLATE_ T28, GTEST_TEMPLATE_ T29, GTEST_TEMPLATE_ T30,
        -: 3255:    GTEST_TEMPLATE_ T31, GTEST_TEMPLATE_ T32, GTEST_TEMPLATE_ T33,
        -: 3256:    GTEST_TEMPLATE_ T34, GTEST_TEMPLATE_ T35, GTEST_TEMPLATE_ T36,
        -: 3257:    GTEST_TEMPLATE_ T37, GTEST_TEMPLATE_ T38, GTEST_TEMPLATE_ T39,
        -: 3258:    GTEST_TEMPLATE_ T40, GTEST_TEMPLATE_ T41, GTEST_TEMPLATE_ T42,
        -: 3259:    GTEST_TEMPLATE_ T43, GTEST_TEMPLATE_ T44, GTEST_TEMPLATE_ T45,
        -: 3260:    GTEST_TEMPLATE_ T46, GTEST_TEMPLATE_ T47, GTEST_TEMPLATE_ T48>
        -: 3261:struct Templates<T1, T2, T3, T4, T5, T6, T7, T8, T9, T10, T11, T12, T13, T14,
        -: 3262:    T15, T16, T17, T18, T19, T20, T21, T22, T23, T24, T25, T26, T27, T28, T29,
        -: 3263:    T30, T31, T32, T33, T34, T35, T36, T37, T38, T39, T40, T41, T42, T43, T44,
        -: 3264:    T45, T46, T47, T48, NoneT, NoneT> {
        -: 3265:  typedef Templates48<T1, T2, T3, T4, T5, T6, T7, T8, T9, T10, T11, T12, T13,
        -: 3266:      T14, T15, T16, T17, T18, T19, T20, T21, T22, T23, T24, T25, T26, T27,
        -: 3267:      T28, T29, T30, T31, T32, T33, T34, T35, T36, T37, T38, T39, T40, T41,
        -: 3268:      T42, T43, T44, T45, T46, T47, T48> type;
        -: 3269:};
        -: 3270:template <GTEST_TEMPLATE_ T1, GTEST_TEMPLATE_ T2, GTEST_TEMPLATE_ T3,
        -: 3271:    GTEST_TEMPLATE_ T4, GTEST_TEMPLATE_ T5, GTEST_TEMPLATE_ T6,
        -: 3272:    GTEST_TEMPLATE_ T7, GTEST_TEMPLATE_ T8, GTEST_TEMPLATE_ T9,
        -: 3273:    GTEST_TEMPLATE_ T10, GTEST_TEMPLATE_ T11, GTEST_TEMPLATE_ T12,
        -: 3274:    GTEST_TEMPLATE_ T13, GTEST_TEMPLATE_ T14, GTEST_TEMPLATE_ T15,
        -: 3275:    GTEST_TEMPLATE_ T16, GTEST_TEMPLATE_ T17, GTEST_TEMPLATE_ T18,
        -: 3276:    GTEST_TEMPLATE_ T19, GTEST_TEMPLATE_ T20, GTEST_TEMPLATE_ T21,
        -: 3277:    GTEST_TEMPLATE_ T22, GTEST_TEMPLATE_ T23, GTEST_TEMPLATE_ T24,
        -: 3278:    GTEST_TEMPLATE_ T25, GTEST_TEMPLATE_ T26, GTEST_TEMPLATE_ T27,
        -: 3279:    GTEST_TEMPLATE_ T28, GTEST_TEMPLATE_ T29, GTEST_TEMPLATE_ T30,
        -: 3280:    GTEST_TEMPLATE_ T31, GTEST_TEMPLATE_ T32, GTEST_TEMPLATE_ T33,
        -: 3281:    GTEST_TEMPLATE_ T34, GTEST_TEMPLATE_ T35, GTEST_TEMPLATE_ T36,
        -: 3282:    GTEST_TEMPLATE_ T37, GTEST_TEMPLATE_ T38, GTEST_TEMPLATE_ T39,
        -: 3283:    GTEST_TEMPLATE_ T40, GTEST_TEMPLATE_ T41, GTEST_TEMPLATE_ T42,
        -: 3284:    GTEST_TEMPLATE_ T43, GTEST_TEMPLATE_ T44, GTEST_TEMPLATE_ T45,
        -: 3285:    GTEST_TEMPLATE_ T46, GTEST_TEMPLATE_ T47, GTEST_TEMPLATE_ T48,
        -: 3286:    GTEST_TEMPLATE_ T49>
        -: 3287:struct Templates<T1, T2, T3, T4, T5, T6, T7, T8, T9, T10, T11, T12, T13, T14,
        -: 3288:    T15, T16, T17, T18, T19, T20, T21, T22, T23, T24, T25, T26, T27, T28, T29,
        -: 3289:    T30, T31, T32, T33, T34, T35, T36, T37, T38, T39, T40, T41, T42, T43, T44,
        -: 3290:    T45, T46, T47, T48, T49, NoneT> {
        -: 3291:  typedef Templates49<T1, T2, T3, T4, T5, T6, T7, T8, T9, T10, T11, T12, T13,
        -: 3292:      T14, T15, T16, T17, T18, T19, T20, T21, T22, T23, T24, T25, T26, T27,
        -: 3293:      T28, T29, T30, T31, T32, T33, T34, T35, T36, T37, T38, T39, T40, T41,
        -: 3294:      T42, T43, T44, T45, T46, T47, T48, T49> type;
        -: 3295:};
        -: 3296:
        -: 3297:// The TypeList template makes it possible to use either a single type
        -: 3298:// or a Types<...> list in TYPED_TEST_CASE() and
        -: 3299:// INSTANTIATE_TYPED_TEST_CASE_P().
        -: 3300:
        -: 3301:template <typename T>
        -: 3302:struct TypeList {
        -: 3303:  typedef Types1<T> type;
        -: 3304:};
        -: 3305:
        -: 3306:template <typename T1, typename T2, typename T3, typename T4, typename T5,
        -: 3307:    typename T6, typename T7, typename T8, typename T9, typename T10,
        -: 3308:    typename T11, typename T12, typename T13, typename T14, typename T15,
        -: 3309:    typename T16, typename T17, typename T18, typename T19, typename T20,
        -: 3310:    typename T21, typename T22, typename T23, typename T24, typename T25,
        -: 3311:    typename T26, typename T27, typename T28, typename T29, typename T30,
        -: 3312:    typename T31, typename T32, typename T33, typename T34, typename T35,
        -: 3313:    typename T36, typename T37, typename T38, typename T39, typename T40,
        -: 3314:    typename T41, typename T42, typename T43, typename T44, typename T45,
        -: 3315:    typename T46, typename T47, typename T48, typename T49, typename T50>
        -: 3316:struct TypeList<Types<T1, T2, T3, T4, T5, T6, T7, T8, T9, T10, T11, T12, T13,
        -: 3317:    T14, T15, T16, T17, T18, T19, T20, T21, T22, T23, T24, T25, T26, T27, T28,
        -: 3318:    T29, T30, T31, T32, T33, T34, T35, T36, T37, T38, T39, T40, T41, T42, T43,
        -: 3319:    T44, T45, T46, T47, T48, T49, T50> > {
        -: 3320:  typedef typename Types<T1, T2, T3, T4, T5, T6, T7, T8, T9, T10, T11, T12,
        -: 3321:      T13, T14, T15, T16, T17, T18, T19, T20, T21, T22, T23, T24, T25, T26,
        -: 3322:      T27, T28, T29, T30, T31, T32, T33, T34, T35, T36, T37, T38, T39, T40,
        -: 3323:      T41, T42, T43, T44, T45, T46, T47, T48, T49, T50>::type type;
        -: 3324:};
        -: 3325:
        -: 3326:#endif  // GTEST_HAS_TYPED_TEST || GTEST_HAS_TYPED_TEST_P
        -: 3327:
        -: 3328:}  // namespace internal
        -: 3329:}  // namespace testing
        -: 3330:
        -: 3331:#endif  // GTEST_INCLUDE_GTEST_INTERNAL_GTEST_TYPE_UTIL_H_
