        -:    0:Source:/usr/include/c++/4.8/ext/new_allocator.h
        -:    0:Graph:TestDeque.gcno
        -:    0:Data:TestDeque.gcda
        -:    0:Runs:1
        -:    0:Programs:1
        -:    1:// Allocator that wraps operator new -*- C++ -*-
        -:    2:
        -:    3:// Copyright (C) 2001-2013 Free Software Foundation, Inc.
        -:    4://
        -:    5:// This file is part of the GNU ISO C++ Library.  This library is free
        -:    6:// software; you can redistribute it and/or modify it under the
        -:    7:// terms of the GNU General Public License as published by the
        -:    8:// Free Software Foundation; either version 3, or (at your option)
        -:    9:// any later version.
        -:   10:
        -:   11:// This library is distributed in the hope that it will be useful,
        -:   12:// but WITHOUT ANY WARRANTY; without even the implied warranty of
        -:   13:// MERCHANTABILITY or FITNESS FOR A PARTICULAR PURPOSE.  See the
        -:   14:// GNU General Public License for more details.
        -:   15:
        -:   16:// Under Section 7 of GPL version 3, you are granted additional
        -:   17:// permissions described in the GCC Runtime Library Exception, version
        -:   18:// 3.1, as published by the Free Software Foundation.
        -:   19:
        -:   20:// You should have received a copy of the GNU General Public License and
        -:   21:// a copy of the GCC Runtime Library Exception along with this program;
        -:   22:// see the files COPYING3 and COPYING.RUNTIME respectively.  If not, see
        -:   23:// <http://www.gnu.org/licenses/>.
        -:   24:
        -:   25:/** @file ext/new_allocator.h
        -:   26: *  This file is a GNU extension to the Standard C++ Library.
        -:   27: */
        -:   28:
        -:   29:#ifndef _NEW_ALLOCATOR_H
        -:   30:#define _NEW_ALLOCATOR_H 1
        -:   31:
        -:   32:#include <bits/c++config.h>
        -:   33:#include <new>
        -:   34:#include <bits/functexcept.h>
        -:   35:#include <bits/move.h>
        -:   36:#if __cplusplus >= 201103L
        -:   37:#include <type_traits>
        -:   38:#endif
        -:   39:
        -:   40:namespace __gnu_cxx _GLIBCXX_VISIBILITY(default)
        -:   41:{
        -:   42:_GLIBCXX_BEGIN_NAMESPACE_VERSION
        -:   43:
        -:   44:  using std::size_t;
        -:   45:  using std::ptrdiff_t;
        -:   46:
        -:   47:  /**
        -:   48:   *  @brief  An allocator that uses global new, as per [20.4].
        -:   49:   *  @ingroup allocators
        -:   50:   *
        -:   51:   *  This is precisely the allocator defined in the C++ Standard. 
        -:   52:   *    - all allocation calls operator new
        -:   53:   *    - all deallocation calls operator delete
        -:   54:   *
        -:   55:   *  @tparam  _Tp  Type of allocated object.
        -:   56:   */
        -:   57:  template<typename _Tp>
        -:   58:    class new_allocator
        -:   59:    {
        -:   60:    public:
        -:   61:      typedef size_t     size_type;
        -:   62:      typedef ptrdiff_t  difference_type;
        -:   63:      typedef _Tp*       pointer;
        -:   64:      typedef const _Tp* const_pointer;
        -:   65:      typedef _Tp&       reference;
        -:   66:      typedef const _Tp& const_reference;
        -:   67:      typedef _Tp        value_type;
        -:   68:
        -:   69:      template<typename _Tp1>
        -:   70:        struct rebind
        -:   71:        { typedef new_allocator<_Tp1> other; };
        -:   72:
        -:   73:#if __cplusplus >= 201103L
        -:   74:      // _GLIBCXX_RESOLVE_LIB_DEFECTS
        -:   75:      // 2103. propagate_on_container_move_assignment
        -:   76:      typedef std::true_type propagate_on_container_move_assignment;
        -:   77:#endif
        -:   78:
function _ZN9__gnu_cxx13new_allocatorIPZN39Deque_Fixture_iter_arrow_op_test_1_TestISt5dequeIiSaIiEEE8TestBodyEvE1SEC2Ev called 2 returned 100% blocks executed 100%
function _ZN9__gnu_cxx13new_allocatorIPZN39Deque_Fixture_iter_arrow_op_test_2_TestISt5dequeIiSaIiEEE8TestBodyEvE1SEC2Ev called 2 returned 100% blocks executed 100%
function _ZN9__gnu_cxx13new_allocatorIPZN39Deque_Fixture_iter_arrow_op_test_3_TestISt5dequeIiSaIiEEE8TestBodyEvE1SEC2Ev called 2 returned 100% blocks executed 100%
function _ZN9__gnu_cxx13new_allocatorIPZN45Deque_Fixture_const_iter_arrow_op_test_1_TestISt5dequeIiSaIiEEE8TestBodyEvE1SEC2Ev called 4 returned 100% blocks executed 100%
function _ZN9__gnu_cxx13new_allocatorIPZN45Deque_Fixture_const_iter_arrow_op_test_2_TestISt5dequeIiSaIiEEE8TestBodyEvE1SEC2Ev called 4 returned 100% blocks executed 100%
function _ZN9__gnu_cxx13new_allocatorIPZN45Deque_Fixture_const_iter_arrow_op_test_3_TestISt5dequeIiSaIiEEE8TestBodyEvE1SEC2Ev called 4 returned 100% blocks executed 100%
function _ZN9__gnu_cxx13new_allocatorIPZN39Deque_Fixture_iter_arrow_op_test_1_TestI8my_dequeIiSaIiEEE8TestBodyEvE1SEC2Ev called 2 returned 100% blocks executed 100%
function _ZN9__gnu_cxx13new_allocatorIPZN39Deque_Fixture_iter_arrow_op_test_2_TestI8my_dequeIiSaIiEEE8TestBodyEvE1SEC2Ev called 2 returned 100% blocks executed 100%
function _ZN9__gnu_cxx13new_allocatorIPZN39Deque_Fixture_iter_arrow_op_test_3_TestI8my_dequeIiSaIiEEE8TestBodyEvE1SEC2Ev called 2 returned 100% blocks executed 100%
function _ZN9__gnu_cxx13new_allocatorIPZN45Deque_Fixture_const_iter_arrow_op_test_1_TestI8my_dequeIiSaIiEEE8TestBodyEvE1SEC2Ev called 4 returned 100% blocks executed 100%
function _ZN9__gnu_cxx13new_allocatorIPZN45Deque_Fixture_const_iter_arrow_op_test_2_TestI8my_dequeIiSaIiEEE8TestBodyEvE1SEC2Ev called 4 returned 100% blocks executed 100%
function _ZN9__gnu_cxx13new_allocatorIPZN45Deque_Fixture_const_iter_arrow_op_test_3_TestI8my_dequeIiSaIiEEE8TestBodyEvE1SEC2Ev called 4 returned 100% blocks executed 100%
function _ZN9__gnu_cxx13new_allocatorIZN39Deque_Fixture_iter_arrow_op_test_1_TestISt5dequeIiSaIiEEE8TestBodyEvE1SEC2Ev called 1 returned 100% blocks executed 100%
function _ZN9__gnu_cxx13new_allocatorIZN39Deque_Fixture_iter_arrow_op_test_2_TestISt5dequeIiSaIiEEE8TestBodyEvE1SEC2Ev called 1 returned 100% blocks executed 100%
function _ZN9__gnu_cxx13new_allocatorIZN39Deque_Fixture_iter_arrow_op_test_3_TestISt5dequeIiSaIiEEE8TestBodyEvE1SEC2Ev called 1 returned 100% blocks executed 100%
function _ZN9__gnu_cxx13new_allocatorIZN45Deque_Fixture_const_iter_arrow_op_test_1_TestISt5dequeIiSaIiEEE8TestBodyEvE1SEC2Ev called 1 returned 100% blocks executed 100%
function _ZN9__gnu_cxx13new_allocatorIZN45Deque_Fixture_const_iter_arrow_op_test_2_TestISt5dequeIiSaIiEEE8TestBodyEvE1SEC2Ev called 1 returned 100% blocks executed 100%
function _ZN9__gnu_cxx13new_allocatorIZN45Deque_Fixture_const_iter_arrow_op_test_3_TestISt5dequeIiSaIiEEE8TestBodyEvE1SEC2Ev called 1 returned 100% blocks executed 100%
function _ZN9__gnu_cxx13new_allocatorIZN39Deque_Fixture_iter_arrow_op_test_1_TestI8my_dequeIiSaIiEEE8TestBodyEvE1SEC2Ev called 1 returned 100% blocks executed 100%
function _ZN9__gnu_cxx13new_allocatorIZN39Deque_Fixture_iter_arrow_op_test_2_TestI8my_dequeIiSaIiEEE8TestBodyEvE1SEC2Ev called 1 returned 100% blocks executed 100%
function _ZN9__gnu_cxx13new_allocatorIZN39Deque_Fixture_iter_arrow_op_test_3_TestI8my_dequeIiSaIiEEE8TestBodyEvE1SEC2Ev called 1 returned 100% blocks executed 100%
function _ZN9__gnu_cxx13new_allocatorIZN45Deque_Fixture_const_iter_arrow_op_test_1_TestI8my_dequeIiSaIiEEE8TestBodyEvE1SEC2Ev called 1 returned 100% blocks executed 100%
function _ZN9__gnu_cxx13new_allocatorIZN45Deque_Fixture_const_iter_arrow_op_test_2_TestI8my_dequeIiSaIiEEE8TestBodyEvE1SEC2Ev called 1 returned 100% blocks executed 100%
function _ZN9__gnu_cxx13new_allocatorIZN45Deque_Fixture_const_iter_arrow_op_test_3_TestI8my_dequeIiSaIiEEE8TestBodyEvE1SEC2Ev called 1 returned 100% blocks executed 100%
function _ZN9__gnu_cxx13new_allocatorIPZN42Deque_Fixture_my_iter_arrow_op_test_1_TestISt5dequeIiSaIiEEE8TestBodyEvE1SEC2Ev called 1 returned 100% blocks executed 100%
function _ZN9__gnu_cxx13new_allocatorIPZN42Deque_Fixture_my_iter_arrow_op_test_2_TestISt5dequeIiSaIiEEE8TestBodyEvE1SEC2Ev called 1 returned 100% blocks executed 100%
function _ZN9__gnu_cxx13new_allocatorIPZN42Deque_Fixture_my_iter_arrow_op_test_3_TestISt5dequeIiSaIiEEE8TestBodyEvE1SEC2Ev called 1 returned 100% blocks executed 100%
function _ZN9__gnu_cxx13new_allocatorIPZN42Deque_Fixture_my_iter_arrow_op_test_1_TestI8my_dequeIiSaIiEEE8TestBodyEvE1SEC2Ev called 1 returned 100% blocks executed 100%
function _ZN9__gnu_cxx13new_allocatorIPZN42Deque_Fixture_my_iter_arrow_op_test_2_TestI8my_dequeIiSaIiEEE8TestBodyEvE1SEC2Ev called 1 returned 100% blocks executed 100%
function _ZN9__gnu_cxx13new_allocatorIPZN42Deque_Fixture_my_iter_arrow_op_test_3_TestI8my_dequeIiSaIiEEE8TestBodyEvE1SEC2Ev called 1 returned 100% blocks executed 100%
function _ZN9__gnu_cxx13new_allocatorIPiEC2Ev called 772 returned 100% blocks executed 100%
function _ZN9__gnu_cxx13new_allocatorIZN42Deque_Fixture_my_iter_arrow_op_test_1_TestISt5dequeIiSaIiEEE8TestBodyEvE1SEC2Ev called 1 returned 100% blocks executed 100%
function _ZN9__gnu_cxx13new_allocatorIZN42Deque_Fixture_my_iter_arrow_op_test_2_TestISt5dequeIiSaIiEEE8TestBodyEvE1SEC2Ev called 1 returned 100% blocks executed 100%
function _ZN9__gnu_cxx13new_allocatorIZN42Deque_Fixture_my_iter_arrow_op_test_3_TestISt5dequeIiSaIiEEE8TestBodyEvE1SEC2Ev called 1 returned 100% blocks executed 100%
function _ZN9__gnu_cxx13new_allocatorIZN42Deque_Fixture_my_iter_arrow_op_test_1_TestI8my_dequeIiSaIiEEE8TestBodyEvE1SEC2Ev called 1 returned 100% blocks executed 100%
function _ZN9__gnu_cxx13new_allocatorIZN42Deque_Fixture_my_iter_arrow_op_test_2_TestI8my_dequeIiSaIiEEE8TestBodyEvE1SEC2Ev called 1 returned 100% blocks executed 100%
function _ZN9__gnu_cxx13new_allocatorIZN42Deque_Fixture_my_iter_arrow_op_test_3_TestI8my_dequeIiSaIiEEE8TestBodyEvE1SEC2Ev called 1 returned 100% blocks executed 100%
function _ZN9__gnu_cxx13new_allocatorIiEC2Ev called 391 returned 100% blocks executed 100%
function _ZN9__gnu_cxx13new_allocatorIcEC2Ev called 0 returned 0% blocks executed 0%
     1223:   79:      new_allocator() _GLIBCXX_USE_NOEXCEPT { }
        -:   80:
function _ZN9__gnu_cxx13new_allocatorIZN45Deque_Fixture_const_iter_arrow_op_test_1_TestISt5dequeIiSaIiEEE8TestBodyEvE1SEC2ERKS7_ called 1 returned 100% blocks executed 100%
function _ZN9__gnu_cxx13new_allocatorIZN45Deque_Fixture_const_iter_arrow_op_test_2_TestISt5dequeIiSaIiEEE8TestBodyEvE1SEC2ERKS7_ called 1 returned 100% blocks executed 100%
function _ZN9__gnu_cxx13new_allocatorIZN45Deque_Fixture_const_iter_arrow_op_test_3_TestISt5dequeIiSaIiEEE8TestBodyEvE1SEC2ERKS7_ called 1 returned 100% blocks executed 100%
function _ZN9__gnu_cxx13new_allocatorIZN45Deque_Fixture_const_iter_arrow_op_test_1_TestI8my_dequeIiSaIiEEE8TestBodyEvE1SEC2ERKS7_ called 1 returned 100% blocks executed 100%
function _ZN9__gnu_cxx13new_allocatorIZN45Deque_Fixture_const_iter_arrow_op_test_2_TestI8my_dequeIiSaIiEEE8TestBodyEvE1SEC2ERKS7_ called 1 returned 100% blocks executed 100%
function _ZN9__gnu_cxx13new_allocatorIZN45Deque_Fixture_const_iter_arrow_op_test_3_TestI8my_dequeIiSaIiEEE8TestBodyEvE1SEC2ERKS7_ called 1 returned 100% blocks executed 100%
function _ZN9__gnu_cxx13new_allocatorIZN42Deque_Fixture_my_iter_arrow_op_test_1_TestISt5dequeIiSaIiEEE8TestBodyEvE1SEC2ERKS7_ called 1 returned 100% blocks executed 100%
function _ZN9__gnu_cxx13new_allocatorIZN42Deque_Fixture_my_iter_arrow_op_test_2_TestISt5dequeIiSaIiEEE8TestBodyEvE1SEC2ERKS7_ called 1 returned 100% blocks executed 100%
function _ZN9__gnu_cxx13new_allocatorIZN42Deque_Fixture_my_iter_arrow_op_test_3_TestISt5dequeIiSaIiEEE8TestBodyEvE1SEC2ERKS7_ called 1 returned 100% blocks executed 100%
function _ZN9__gnu_cxx13new_allocatorIZN42Deque_Fixture_my_iter_arrow_op_test_1_TestI8my_dequeIiSaIiEEE8TestBodyEvE1SEC2ERKS7_ called 1 returned 100% blocks executed 100%
function _ZN9__gnu_cxx13new_allocatorIZN42Deque_Fixture_my_iter_arrow_op_test_2_TestI8my_dequeIiSaIiEEE8TestBodyEvE1SEC2ERKS7_ called 1 returned 100% blocks executed 100%
function _ZN9__gnu_cxx13new_allocatorIZN42Deque_Fixture_my_iter_arrow_op_test_3_TestI8my_dequeIiSaIiEEE8TestBodyEvE1SEC2ERKS7_ called 1 returned 100% blocks executed 100%
function _ZN9__gnu_cxx13new_allocatorIiEC2ERKS1_ called 348 returned 100% blocks executed 100%
function _ZN9__gnu_cxx13new_allocatorIcEC2ERKS1_ called 0 returned 0% blocks executed 0%
      360:   81:      new_allocator(const new_allocator&) _GLIBCXX_USE_NOEXCEPT { }
        -:   82:
        -:   83:      template<typename _Tp1>
        -:   84:        new_allocator(const new_allocator<_Tp1>&) _GLIBCXX_USE_NOEXCEPT { }
        -:   85:
function _ZN9__gnu_cxx13new_allocatorIPZN39Deque_Fixture_iter_arrow_op_test_1_TestISt5dequeIiSaIiEEE8TestBodyEvE1SED2Ev called 2 returned 100% blocks executed 100%
function _ZN9__gnu_cxx13new_allocatorIPZN39Deque_Fixture_iter_arrow_op_test_2_TestISt5dequeIiSaIiEEE8TestBodyEvE1SED2Ev called 2 returned 100% blocks executed 100%
function _ZN9__gnu_cxx13new_allocatorIPZN39Deque_Fixture_iter_arrow_op_test_3_TestISt5dequeIiSaIiEEE8TestBodyEvE1SED2Ev called 2 returned 100% blocks executed 100%
function _ZN9__gnu_cxx13new_allocatorIPZN45Deque_Fixture_const_iter_arrow_op_test_1_TestISt5dequeIiSaIiEEE8TestBodyEvE1SED2Ev called 4 returned 100% blocks executed 100%
function _ZN9__gnu_cxx13new_allocatorIPZN45Deque_Fixture_const_iter_arrow_op_test_2_TestISt5dequeIiSaIiEEE8TestBodyEvE1SED2Ev called 4 returned 100% blocks executed 100%
function _ZN9__gnu_cxx13new_allocatorIPZN45Deque_Fixture_const_iter_arrow_op_test_3_TestISt5dequeIiSaIiEEE8TestBodyEvE1SED2Ev called 4 returned 100% blocks executed 100%
function _ZN9__gnu_cxx13new_allocatorIPZN39Deque_Fixture_iter_arrow_op_test_1_TestI8my_dequeIiSaIiEEE8TestBodyEvE1SED2Ev called 2 returned 100% blocks executed 100%
function _ZN9__gnu_cxx13new_allocatorIPZN39Deque_Fixture_iter_arrow_op_test_2_TestI8my_dequeIiSaIiEEE8TestBodyEvE1SED2Ev called 2 returned 100% blocks executed 100%
function _ZN9__gnu_cxx13new_allocatorIPZN39Deque_Fixture_iter_arrow_op_test_3_TestI8my_dequeIiSaIiEEE8TestBodyEvE1SED2Ev called 2 returned 100% blocks executed 100%
function _ZN9__gnu_cxx13new_allocatorIPZN45Deque_Fixture_const_iter_arrow_op_test_1_TestI8my_dequeIiSaIiEEE8TestBodyEvE1SED2Ev called 4 returned 100% blocks executed 100%
function _ZN9__gnu_cxx13new_allocatorIPZN45Deque_Fixture_const_iter_arrow_op_test_2_TestI8my_dequeIiSaIiEEE8TestBodyEvE1SED2Ev called 4 returned 100% blocks executed 100%
function _ZN9__gnu_cxx13new_allocatorIPZN45Deque_Fixture_const_iter_arrow_op_test_3_TestI8my_dequeIiSaIiEEE8TestBodyEvE1SED2Ev called 4 returned 100% blocks executed 100%
function _ZN9__gnu_cxx13new_allocatorIZN39Deque_Fixture_iter_arrow_op_test_1_TestISt5dequeIiSaIiEEE8TestBodyEvE1SED2Ev called 1 returned 100% blocks executed 100%
function _ZN9__gnu_cxx13new_allocatorIZN39Deque_Fixture_iter_arrow_op_test_2_TestISt5dequeIiSaIiEEE8TestBodyEvE1SED2Ev called 1 returned 100% blocks executed 100%
function _ZN9__gnu_cxx13new_allocatorIZN39Deque_Fixture_iter_arrow_op_test_3_TestISt5dequeIiSaIiEEE8TestBodyEvE1SED2Ev called 1 returned 100% blocks executed 100%
function _ZN9__gnu_cxx13new_allocatorIZN45Deque_Fixture_const_iter_arrow_op_test_1_TestISt5dequeIiSaIiEEE8TestBodyEvE1SED2Ev called 2 returned 100% blocks executed 100%
function _ZN9__gnu_cxx13new_allocatorIZN45Deque_Fixture_const_iter_arrow_op_test_2_TestISt5dequeIiSaIiEEE8TestBodyEvE1SED2Ev called 2 returned 100% blocks executed 100%
function _ZN9__gnu_cxx13new_allocatorIZN45Deque_Fixture_const_iter_arrow_op_test_3_TestISt5dequeIiSaIiEEE8TestBodyEvE1SED2Ev called 2 returned 100% blocks executed 100%
function _ZN9__gnu_cxx13new_allocatorIZN39Deque_Fixture_iter_arrow_op_test_1_TestI8my_dequeIiSaIiEEE8TestBodyEvE1SED2Ev called 1 returned 100% blocks executed 100%
function _ZN9__gnu_cxx13new_allocatorIZN39Deque_Fixture_iter_arrow_op_test_2_TestI8my_dequeIiSaIiEEE8TestBodyEvE1SED2Ev called 1 returned 100% blocks executed 100%
function _ZN9__gnu_cxx13new_allocatorIZN39Deque_Fixture_iter_arrow_op_test_3_TestI8my_dequeIiSaIiEEE8TestBodyEvE1SED2Ev called 1 returned 100% blocks executed 100%
function _ZN9__gnu_cxx13new_allocatorIZN45Deque_Fixture_const_iter_arrow_op_test_1_TestI8my_dequeIiSaIiEEE8TestBodyEvE1SED2Ev called 2 returned 100% blocks executed 100%
function _ZN9__gnu_cxx13new_allocatorIZN45Deque_Fixture_const_iter_arrow_op_test_2_TestI8my_dequeIiSaIiEEE8TestBodyEvE1SED2Ev called 2 returned 100% blocks executed 100%
function _ZN9__gnu_cxx13new_allocatorIZN45Deque_Fixture_const_iter_arrow_op_test_3_TestI8my_dequeIiSaIiEEE8TestBodyEvE1SED2Ev called 2 returned 100% blocks executed 100%
function _ZN9__gnu_cxx13new_allocatorIPZN42Deque_Fixture_my_iter_arrow_op_test_1_TestISt5dequeIiSaIiEEE8TestBodyEvE1SED2Ev called 1 returned 100% blocks executed 100%
function _ZN9__gnu_cxx13new_allocatorIPZN42Deque_Fixture_my_iter_arrow_op_test_2_TestISt5dequeIiSaIiEEE8TestBodyEvE1SED2Ev called 1 returned 100% blocks executed 100%
function _ZN9__gnu_cxx13new_allocatorIPZN42Deque_Fixture_my_iter_arrow_op_test_3_TestISt5dequeIiSaIiEEE8TestBodyEvE1SED2Ev called 1 returned 100% blocks executed 100%
function _ZN9__gnu_cxx13new_allocatorIPZN42Deque_Fixture_my_iter_arrow_op_test_1_TestI8my_dequeIiSaIiEEE8TestBodyEvE1SED2Ev called 1 returned 100% blocks executed 100%
function _ZN9__gnu_cxx13new_allocatorIPZN42Deque_Fixture_my_iter_arrow_op_test_2_TestI8my_dequeIiSaIiEEE8TestBodyEvE1SED2Ev called 1 returned 100% blocks executed 100%
function _ZN9__gnu_cxx13new_allocatorIPZN42Deque_Fixture_my_iter_arrow_op_test_3_TestI8my_dequeIiSaIiEEE8TestBodyEvE1SED2Ev called 1 returned 100% blocks executed 100%
function _ZN9__gnu_cxx13new_allocatorIPiED2Ev called 772 returned 100% blocks executed 100%
function _ZN9__gnu_cxx13new_allocatorIZN42Deque_Fixture_my_iter_arrow_op_test_1_TestISt5dequeIiSaIiEEE8TestBodyEvE1SED2Ev called 2 returned 100% blocks executed 100%
function _ZN9__gnu_cxx13new_allocatorIZN42Deque_Fixture_my_iter_arrow_op_test_2_TestISt5dequeIiSaIiEEE8TestBodyEvE1SED2Ev called 2 returned 100% blocks executed 100%
function _ZN9__gnu_cxx13new_allocatorIZN42Deque_Fixture_my_iter_arrow_op_test_3_TestISt5dequeIiSaIiEEE8TestBodyEvE1SED2Ev called 2 returned 100% blocks executed 100%
function _ZN9__gnu_cxx13new_allocatorIZN42Deque_Fixture_my_iter_arrow_op_test_1_TestI8my_dequeIiSaIiEEE8TestBodyEvE1SED2Ev called 2 returned 100% blocks executed 100%
function _ZN9__gnu_cxx13new_allocatorIZN42Deque_Fixture_my_iter_arrow_op_test_2_TestI8my_dequeIiSaIiEEE8TestBodyEvE1SED2Ev called 2 returned 100% blocks executed 100%
function _ZN9__gnu_cxx13new_allocatorIZN42Deque_Fixture_my_iter_arrow_op_test_3_TestI8my_dequeIiSaIiEEE8TestBodyEvE1SED2Ev called 2 returned 100% blocks executed 100%
function _ZN9__gnu_cxx13new_allocatorIiED2Ev called 739 returned 100% blocks executed 100%
function _ZN9__gnu_cxx13new_allocatorIcED2Ev called 0 returned 0% blocks executed 0%
     1583:   86:      ~new_allocator() _GLIBCXX_USE_NOEXCEPT { }
        -:   87:
        -:   88:      pointer
        -:   89:      address(reference __x) const _GLIBCXX_NOEXCEPT
        -:   90:      { return std::__addressof(__x); }
        -:   91:
        -:   92:      const_pointer
        -:   93:      address(const_reference __x) const _GLIBCXX_NOEXCEPT
        -:   94:      { return std::__addressof(__x); }
        -:   95:
        -:   96:      // NB: __n is permitted to be 0.  The C++ standard says nothing
        -:   97:      // about what the return value is when __n == 0.
        -:   98:      pointer
function _ZN9__gnu_cxx13new_allocatorIZN39Deque_Fixture_iter_arrow_op_test_1_TestISt5dequeIiSaIiEEE8TestBodyEvE1SE8allocateEmPKv called 1 returned 100% blocks executed 83%
function _ZN9__gnu_cxx13new_allocatorIZN39Deque_Fixture_iter_arrow_op_test_2_TestISt5dequeIiSaIiEEE8TestBodyEvE1SE8allocateEmPKv called 1 returned 100% blocks executed 83%
function _ZN9__gnu_cxx13new_allocatorIZN39Deque_Fixture_iter_arrow_op_test_3_TestISt5dequeIiSaIiEEE8TestBodyEvE1SE8allocateEmPKv called 1 returned 100% blocks executed 83%
function _ZN9__gnu_cxx13new_allocatorIZN45Deque_Fixture_const_iter_arrow_op_test_1_TestISt5dequeIiSaIiEEE8TestBodyEvE1SE8allocateEmPKv called 2 returned 100% blocks executed 83%
function _ZN9__gnu_cxx13new_allocatorIZN45Deque_Fixture_const_iter_arrow_op_test_2_TestISt5dequeIiSaIiEEE8TestBodyEvE1SE8allocateEmPKv called 2 returned 100% blocks executed 83%
function _ZN9__gnu_cxx13new_allocatorIZN45Deque_Fixture_const_iter_arrow_op_test_3_TestISt5dequeIiSaIiEEE8TestBodyEvE1SE8allocateEmPKv called 2 returned 100% blocks executed 83%
function _ZN9__gnu_cxx13new_allocatorIZN39Deque_Fixture_iter_arrow_op_test_1_TestI8my_dequeIiSaIiEEE8TestBodyEvE1SE8allocateEmPKv called 1 returned 100% blocks executed 83%
function _ZN9__gnu_cxx13new_allocatorIZN39Deque_Fixture_iter_arrow_op_test_2_TestI8my_dequeIiSaIiEEE8TestBodyEvE1SE8allocateEmPKv called 1 returned 100% blocks executed 83%
function _ZN9__gnu_cxx13new_allocatorIZN39Deque_Fixture_iter_arrow_op_test_3_TestI8my_dequeIiSaIiEEE8TestBodyEvE1SE8allocateEmPKv called 1 returned 100% blocks executed 83%
function _ZN9__gnu_cxx13new_allocatorIZN45Deque_Fixture_const_iter_arrow_op_test_1_TestI8my_dequeIiSaIiEEE8TestBodyEvE1SE8allocateEmPKv called 2 returned 100% blocks executed 83%
function _ZN9__gnu_cxx13new_allocatorIZN45Deque_Fixture_const_iter_arrow_op_test_2_TestI8my_dequeIiSaIiEEE8TestBodyEvE1SE8allocateEmPKv called 2 returned 100% blocks executed 83%
function _ZN9__gnu_cxx13new_allocatorIZN45Deque_Fixture_const_iter_arrow_op_test_3_TestI8my_dequeIiSaIiEEE8TestBodyEvE1SE8allocateEmPKv called 2 returned 100% blocks executed 83%
function _ZN9__gnu_cxx13new_allocatorIPZN39Deque_Fixture_iter_arrow_op_test_1_TestISt5dequeIiSaIiEEE8TestBodyEvE1SE8allocateEmPKv called 1 returned 100% blocks executed 83%
function _ZN9__gnu_cxx13new_allocatorIPZN39Deque_Fixture_iter_arrow_op_test_2_TestISt5dequeIiSaIiEEE8TestBodyEvE1SE8allocateEmPKv called 1 returned 100% blocks executed 83%
function _ZN9__gnu_cxx13new_allocatorIPZN39Deque_Fixture_iter_arrow_op_test_3_TestISt5dequeIiSaIiEEE8TestBodyEvE1SE8allocateEmPKv called 1 returned 100% blocks executed 83%
function _ZN9__gnu_cxx13new_allocatorIPZN45Deque_Fixture_const_iter_arrow_op_test_1_TestISt5dequeIiSaIiEEE8TestBodyEvE1SE8allocateEmPKv called 2 returned 100% blocks executed 83%
function _ZN9__gnu_cxx13new_allocatorIPZN45Deque_Fixture_const_iter_arrow_op_test_2_TestISt5dequeIiSaIiEEE8TestBodyEvE1SE8allocateEmPKv called 2 returned 100% blocks executed 83%
function _ZN9__gnu_cxx13new_allocatorIPZN45Deque_Fixture_const_iter_arrow_op_test_3_TestISt5dequeIiSaIiEEE8TestBodyEvE1SE8allocateEmPKv called 2 returned 100% blocks executed 83%
function _ZN9__gnu_cxx13new_allocatorIPZN39Deque_Fixture_iter_arrow_op_test_1_TestI8my_dequeIiSaIiEEE8TestBodyEvE1SE8allocateEmPKv called 1 returned 100% blocks executed 83%
function _ZN9__gnu_cxx13new_allocatorIPZN39Deque_Fixture_iter_arrow_op_test_2_TestI8my_dequeIiSaIiEEE8TestBodyEvE1SE8allocateEmPKv called 1 returned 100% blocks executed 83%
function _ZN9__gnu_cxx13new_allocatorIPZN39Deque_Fixture_iter_arrow_op_test_3_TestI8my_dequeIiSaIiEEE8TestBodyEvE1SE8allocateEmPKv called 1 returned 100% blocks executed 83%
function _ZN9__gnu_cxx13new_allocatorIPZN45Deque_Fixture_const_iter_arrow_op_test_1_TestI8my_dequeIiSaIiEEE8TestBodyEvE1SE8allocateEmPKv called 2 returned 100% blocks executed 83%
function _ZN9__gnu_cxx13new_allocatorIPZN45Deque_Fixture_const_iter_arrow_op_test_2_TestI8my_dequeIiSaIiEEE8TestBodyEvE1SE8allocateEmPKv called 2 returned 100% blocks executed 83%
function _ZN9__gnu_cxx13new_allocatorIPZN45Deque_Fixture_const_iter_arrow_op_test_3_TestI8my_dequeIiSaIiEEE8TestBodyEvE1SE8allocateEmPKv called 2 returned 100% blocks executed 83%
function _ZN9__gnu_cxx13new_allocatorIZN42Deque_Fixture_my_iter_arrow_op_test_1_TestISt5dequeIiSaIiEEE8TestBodyEvE1SE8allocateEmPKv called 2 returned 100% blocks executed 83%
function _ZN9__gnu_cxx13new_allocatorIPZN42Deque_Fixture_my_iter_arrow_op_test_1_TestISt5dequeIiSaIiEEE8TestBodyEvE1SE8allocateEmPKv called 1 returned 100% blocks executed 83%
function _ZN9__gnu_cxx13new_allocatorIZN42Deque_Fixture_my_iter_arrow_op_test_2_TestISt5dequeIiSaIiEEE8TestBodyEvE1SE8allocateEmPKv called 2 returned 100% blocks executed 83%
function _ZN9__gnu_cxx13new_allocatorIPZN42Deque_Fixture_my_iter_arrow_op_test_2_TestISt5dequeIiSaIiEEE8TestBodyEvE1SE8allocateEmPKv called 1 returned 100% blocks executed 83%
function _ZN9__gnu_cxx13new_allocatorIZN42Deque_Fixture_my_iter_arrow_op_test_3_TestISt5dequeIiSaIiEEE8TestBodyEvE1SE8allocateEmPKv called 2 returned 100% blocks executed 83%
function _ZN9__gnu_cxx13new_allocatorIPZN42Deque_Fixture_my_iter_arrow_op_test_3_TestISt5dequeIiSaIiEEE8TestBodyEvE1SE8allocateEmPKv called 1 returned 100% blocks executed 83%
function _ZN9__gnu_cxx13new_allocatorIZN42Deque_Fixture_my_iter_arrow_op_test_1_TestI8my_dequeIiSaIiEEE8TestBodyEvE1SE8allocateEmPKv called 2 returned 100% blocks executed 83%
function _ZN9__gnu_cxx13new_allocatorIPZN42Deque_Fixture_my_iter_arrow_op_test_1_TestI8my_dequeIiSaIiEEE8TestBodyEvE1SE8allocateEmPKv called 1 returned 100% blocks executed 83%
function _ZN9__gnu_cxx13new_allocatorIZN42Deque_Fixture_my_iter_arrow_op_test_2_TestI8my_dequeIiSaIiEEE8TestBodyEvE1SE8allocateEmPKv called 2 returned 100% blocks executed 83%
function _ZN9__gnu_cxx13new_allocatorIPZN42Deque_Fixture_my_iter_arrow_op_test_2_TestI8my_dequeIiSaIiEEE8TestBodyEvE1SE8allocateEmPKv called 1 returned 100% blocks executed 83%
function _ZN9__gnu_cxx13new_allocatorIZN42Deque_Fixture_my_iter_arrow_op_test_3_TestI8my_dequeIiSaIiEEE8TestBodyEvE1SE8allocateEmPKv called 2 returned 100% blocks executed 83%
function _ZN9__gnu_cxx13new_allocatorIPZN42Deque_Fixture_my_iter_arrow_op_test_3_TestI8my_dequeIiSaIiEEE8TestBodyEvE1SE8allocateEmPKv called 1 returned 100% blocks executed 83%
function _ZN9__gnu_cxx13new_allocatorIiE8allocateEmPKv called 4243 returned 100% blocks executed 83%
function _ZN9__gnu_cxx13new_allocatorIPiE8allocateEmPKv called 438 returned 100% blocks executed 83%
     4735:   99:      allocate(size_type __n, const void* = 0)
        -:  100:      { 
     4735:  101:	if (__n > this->max_size())
call    0 returned 100%
branch  1 taken 0% (fallthrough)
branch  2 taken 100%
call    3 returned 100%
branch  4 taken 0% (fallthrough)
branch  5 taken 100%
call    6 returned 100%
branch  7 taken 0% (fallthrough)
branch  8 taken 100%
call    9 returned 100%
branch 10 taken 0% (fallthrough)
branch 11 taken 100%
call   12 returned 100%
branch 13 taken 0% (fallthrough)
branch 14 taken 100%
call   15 returned 100%
branch 16 taken 0% (fallthrough)
branch 17 taken 100%
call   18 returned 100%
branch 19 taken 0% (fallthrough)
branch 20 taken 100%
call   21 returned 100%
branch 22 taken 0% (fallthrough)
branch 23 taken 100%
call   24 returned 100%
branch 25 taken 0% (fallthrough)
branch 26 taken 100%
call   27 returned 100%
branch 28 taken 0% (fallthrough)
branch 29 taken 100%
call   30 returned 100%
branch 31 taken 0% (fallthrough)
branch 32 taken 100%
call   33 returned 100%
branch 34 taken 0% (fallthrough)
branch 35 taken 100%
call   36 returned 100%
branch 37 taken 0% (fallthrough)
branch 38 taken 100%
call   39 returned 100%
branch 40 taken 0% (fallthrough)
branch 41 taken 100%
call   42 returned 100%
branch 43 taken 0% (fallthrough)
branch 44 taken 100%
call   45 returned 100%
branch 46 taken 0% (fallthrough)
branch 47 taken 100%
call   48 returned 100%
branch 49 taken 0% (fallthrough)
branch 50 taken 100%
call   51 returned 100%
branch 52 taken 0% (fallthrough)
branch 53 taken 100%
call   54 returned 100%
branch 55 taken 0% (fallthrough)
branch 56 taken 100%
call   57 returned 100%
branch 58 taken 0% (fallthrough)
branch 59 taken 100%
call   60 returned 100%
branch 61 taken 0% (fallthrough)
branch 62 taken 100%
call   63 returned 100%
branch 64 taken 0% (fallthrough)
branch 65 taken 100%
call   66 returned 100%
branch 67 taken 0% (fallthrough)
branch 68 taken 100%
call   69 returned 100%
branch 70 taken 0% (fallthrough)
branch 71 taken 100%
call   72 returned 100%
branch 73 taken 0% (fallthrough)
branch 74 taken 100%
call   75 returned 100%
branch 76 taken 0% (fallthrough)
branch 77 taken 100%
call   78 returned 100%
branch 79 taken 0% (fallthrough)
branch 80 taken 100%
call   81 returned 100%
branch 82 taken 0% (fallthrough)
branch 83 taken 100%
call   84 returned 100%
branch 85 taken 0% (fallthrough)
branch 86 taken 100%
call   87 returned 100%
branch 88 taken 0% (fallthrough)
branch 89 taken 100%
call   90 returned 100%
branch 91 taken 0% (fallthrough)
branch 92 taken 100%
call   93 returned 100%
branch 94 taken 0% (fallthrough)
branch 95 taken 100%
call   96 returned 100%
branch 97 taken 0% (fallthrough)
branch 98 taken 100%
call   99 returned 100%
branch 100 taken 0% (fallthrough)
branch 101 taken 100%
call   102 returned 100%
branch 103 taken 0% (fallthrough)
branch 104 taken 100%
call   105 returned 100%
branch 106 taken 0% (fallthrough)
branch 107 taken 100%
call   108 returned 100%
branch 109 taken 0% (fallthrough)
branch 110 taken 100%
call   111 returned 100%
branch 112 taken 0% (fallthrough)
branch 113 taken 100%
    #####:  102:	  std::__throw_bad_alloc();
call    0 never executed
call    1 never executed
call    2 never executed
call    3 never executed
call    4 never executed
call    5 never executed
call    6 never executed
call    7 never executed
call    8 never executed
call    9 never executed
call   10 never executed
call   11 never executed
call   12 never executed
call   13 never executed
call   14 never executed
call   15 never executed
call   16 never executed
call   17 never executed
call   18 never executed
call   19 never executed
call   20 never executed
call   21 never executed
call   22 never executed
call   23 never executed
call   24 never executed
call   25 never executed
call   26 never executed
call   27 never executed
call   28 never executed
call   29 never executed
call   30 never executed
call   31 never executed
call   32 never executed
call   33 never executed
call   34 never executed
call   35 never executed
call   36 never executed
call   37 never executed
        -:  103:
     4735:  104:	return static_cast<_Tp*>(::operator new(__n * sizeof(_Tp)));
call    0 returned 100%
call    1 returned 100%
call    2 returned 100%
call    3 returned 100%
call    4 returned 100%
call    5 returned 100%
call    6 returned 100%
call    7 returned 100%
call    8 returned 100%
call    9 returned 100%
call   10 returned 100%
call   11 returned 100%
call   12 returned 100%
call   13 returned 100%
call   14 returned 100%
call   15 returned 100%
call   16 returned 100%
call   17 returned 100%
call   18 returned 100%
call   19 returned 100%
call   20 returned 100%
call   21 returned 100%
call   22 returned 100%
call   23 returned 100%
call   24 returned 100%
call   25 returned 100%
call   26 returned 100%
call   27 returned 100%
call   28 returned 100%
call   29 returned 100%
call   30 returned 100%
call   31 returned 100%
call   32 returned 100%
call   33 returned 100%
call   34 returned 100%
call   35 returned 100%
call   36 returned 100%
call   37 returned 100%
        -:  105:      }
        -:  106:
        -:  107:      // __p is not permitted to be a null pointer.
        -:  108:      void
function _ZN9__gnu_cxx13new_allocatorIZN39Deque_Fixture_iter_arrow_op_test_1_TestISt5dequeIiSaIiEEE8TestBodyEvE1SE10deallocateEPS6_m called 1 returned 100% blocks executed 100%
function _ZN9__gnu_cxx13new_allocatorIZN39Deque_Fixture_iter_arrow_op_test_2_TestISt5dequeIiSaIiEEE8TestBodyEvE1SE10deallocateEPS6_m called 1 returned 100% blocks executed 100%
function _ZN9__gnu_cxx13new_allocatorIZN39Deque_Fixture_iter_arrow_op_test_3_TestISt5dequeIiSaIiEEE8TestBodyEvE1SE10deallocateEPS6_m called 1 returned 100% blocks executed 100%
function _ZN9__gnu_cxx13new_allocatorIZN45Deque_Fixture_const_iter_arrow_op_test_1_TestISt5dequeIiSaIiEEE8TestBodyEvE1SE10deallocateEPS6_m called 2 returned 100% blocks executed 100%
function _ZN9__gnu_cxx13new_allocatorIZN45Deque_Fixture_const_iter_arrow_op_test_2_TestISt5dequeIiSaIiEEE8TestBodyEvE1SE10deallocateEPS6_m called 2 returned 100% blocks executed 100%
function _ZN9__gnu_cxx13new_allocatorIZN45Deque_Fixture_const_iter_arrow_op_test_3_TestISt5dequeIiSaIiEEE8TestBodyEvE1SE10deallocateEPS6_m called 2 returned 100% blocks executed 100%
function _ZN9__gnu_cxx13new_allocatorIZN39Deque_Fixture_iter_arrow_op_test_1_TestI8my_dequeIiSaIiEEE8TestBodyEvE1SE10deallocateEPS6_m called 1 returned 100% blocks executed 100%
function _ZN9__gnu_cxx13new_allocatorIZN39Deque_Fixture_iter_arrow_op_test_2_TestI8my_dequeIiSaIiEEE8TestBodyEvE1SE10deallocateEPS6_m called 1 returned 100% blocks executed 100%
function _ZN9__gnu_cxx13new_allocatorIZN39Deque_Fixture_iter_arrow_op_test_3_TestI8my_dequeIiSaIiEEE8TestBodyEvE1SE10deallocateEPS6_m called 1 returned 100% blocks executed 100%
function _ZN9__gnu_cxx13new_allocatorIZN45Deque_Fixture_const_iter_arrow_op_test_1_TestI8my_dequeIiSaIiEEE8TestBodyEvE1SE10deallocateEPS6_m called 2 returned 100% blocks executed 100%
function _ZN9__gnu_cxx13new_allocatorIZN45Deque_Fixture_const_iter_arrow_op_test_2_TestI8my_dequeIiSaIiEEE8TestBodyEvE1SE10deallocateEPS6_m called 2 returned 100% blocks executed 100%
function _ZN9__gnu_cxx13new_allocatorIZN45Deque_Fixture_const_iter_arrow_op_test_3_TestI8my_dequeIiSaIiEEE8TestBodyEvE1SE10deallocateEPS6_m called 2 returned 100% blocks executed 100%
function _ZN9__gnu_cxx13new_allocatorIPZN39Deque_Fixture_iter_arrow_op_test_1_TestISt5dequeIiSaIiEEE8TestBodyEvE1SE10deallocateEPS7_m called 1 returned 100% blocks executed 100%
function _ZN9__gnu_cxx13new_allocatorIPZN39Deque_Fixture_iter_arrow_op_test_2_TestISt5dequeIiSaIiEEE8TestBodyEvE1SE10deallocateEPS7_m called 1 returned 100% blocks executed 100%
function _ZN9__gnu_cxx13new_allocatorIPZN39Deque_Fixture_iter_arrow_op_test_3_TestISt5dequeIiSaIiEEE8TestBodyEvE1SE10deallocateEPS7_m called 1 returned 100% blocks executed 100%
function _ZN9__gnu_cxx13new_allocatorIPZN45Deque_Fixture_const_iter_arrow_op_test_1_TestISt5dequeIiSaIiEEE8TestBodyEvE1SE10deallocateEPS7_m called 2 returned 100% blocks executed 100%
function _ZN9__gnu_cxx13new_allocatorIPZN45Deque_Fixture_const_iter_arrow_op_test_2_TestISt5dequeIiSaIiEEE8TestBodyEvE1SE10deallocateEPS7_m called 2 returned 100% blocks executed 100%
function _ZN9__gnu_cxx13new_allocatorIPZN45Deque_Fixture_const_iter_arrow_op_test_3_TestISt5dequeIiSaIiEEE8TestBodyEvE1SE10deallocateEPS7_m called 2 returned 100% blocks executed 100%
function _ZN9__gnu_cxx13new_allocatorIPZN39Deque_Fixture_iter_arrow_op_test_1_TestI8my_dequeIiSaIiEEE8TestBodyEvE1SE10deallocateEPS7_m called 1 returned 100% blocks executed 100%
function _ZN9__gnu_cxx13new_allocatorIPZN39Deque_Fixture_iter_arrow_op_test_2_TestI8my_dequeIiSaIiEEE8TestBodyEvE1SE10deallocateEPS7_m called 1 returned 100% blocks executed 100%
function _ZN9__gnu_cxx13new_allocatorIPZN39Deque_Fixture_iter_arrow_op_test_3_TestI8my_dequeIiSaIiEEE8TestBodyEvE1SE10deallocateEPS7_m called 1 returned 100% blocks executed 100%
function _ZN9__gnu_cxx13new_allocatorIPZN45Deque_Fixture_const_iter_arrow_op_test_1_TestI8my_dequeIiSaIiEEE8TestBodyEvE1SE10deallocateEPS7_m called 2 returned 100% blocks executed 100%
function _ZN9__gnu_cxx13new_allocatorIPZN45Deque_Fixture_const_iter_arrow_op_test_2_TestI8my_dequeIiSaIiEEE8TestBodyEvE1SE10deallocateEPS7_m called 2 returned 100% blocks executed 100%
function _ZN9__gnu_cxx13new_allocatorIPZN45Deque_Fixture_const_iter_arrow_op_test_3_TestI8my_dequeIiSaIiEEE8TestBodyEvE1SE10deallocateEPS7_m called 2 returned 100% blocks executed 100%
function _ZN9__gnu_cxx13new_allocatorIPZN42Deque_Fixture_my_iter_arrow_op_test_1_TestISt5dequeIiSaIiEEE8TestBodyEvE1SE10deallocateEPS7_m called 1 returned 100% blocks executed 100%
function _ZN9__gnu_cxx13new_allocatorIZN42Deque_Fixture_my_iter_arrow_op_test_1_TestISt5dequeIiSaIiEEE8TestBodyEvE1SE10deallocateEPS6_m called 2 returned 100% blocks executed 100%
function _ZN9__gnu_cxx13new_allocatorIPZN42Deque_Fixture_my_iter_arrow_op_test_2_TestISt5dequeIiSaIiEEE8TestBodyEvE1SE10deallocateEPS7_m called 1 returned 100% blocks executed 100%
function _ZN9__gnu_cxx13new_allocatorIZN42Deque_Fixture_my_iter_arrow_op_test_2_TestISt5dequeIiSaIiEEE8TestBodyEvE1SE10deallocateEPS6_m called 2 returned 100% blocks executed 100%
function _ZN9__gnu_cxx13new_allocatorIPZN42Deque_Fixture_my_iter_arrow_op_test_3_TestISt5dequeIiSaIiEEE8TestBodyEvE1SE10deallocateEPS7_m called 1 returned 100% blocks executed 100%
function _ZN9__gnu_cxx13new_allocatorIZN42Deque_Fixture_my_iter_arrow_op_test_3_TestISt5dequeIiSaIiEEE8TestBodyEvE1SE10deallocateEPS6_m called 2 returned 100% blocks executed 100%
function _ZN9__gnu_cxx13new_allocatorIPZN42Deque_Fixture_my_iter_arrow_op_test_1_TestI8my_dequeIiSaIiEEE8TestBodyEvE1SE10deallocateEPS7_m called 1 returned 100% blocks executed 100%
function _ZN9__gnu_cxx13new_allocatorIZN42Deque_Fixture_my_iter_arrow_op_test_1_TestI8my_dequeIiSaIiEEE8TestBodyEvE1SE10deallocateEPS6_m called 2 returned 100% blocks executed 100%
function _ZN9__gnu_cxx13new_allocatorIPZN42Deque_Fixture_my_iter_arrow_op_test_2_TestI8my_dequeIiSaIiEEE8TestBodyEvE1SE10deallocateEPS7_m called 1 returned 100% blocks executed 100%
function _ZN9__gnu_cxx13new_allocatorIZN42Deque_Fixture_my_iter_arrow_op_test_2_TestI8my_dequeIiSaIiEEE8TestBodyEvE1SE10deallocateEPS6_m called 2 returned 100% blocks executed 100%
function _ZN9__gnu_cxx13new_allocatorIPZN42Deque_Fixture_my_iter_arrow_op_test_3_TestI8my_dequeIiSaIiEEE8TestBodyEvE1SE10deallocateEPS7_m called 1 returned 100% blocks executed 100%
function _ZN9__gnu_cxx13new_allocatorIZN42Deque_Fixture_my_iter_arrow_op_test_3_TestI8my_dequeIiSaIiEEE8TestBodyEvE1SE10deallocateEPS6_m called 2 returned 100% blocks executed 100%
function _ZN9__gnu_cxx13new_allocatorIPiE10deallocateEPS1_m called 438 returned 100% blocks executed 100%
function _ZN9__gnu_cxx13new_allocatorIiE10deallocateEPim called 4243 returned 100% blocks executed 100%
     4735:  109:      deallocate(pointer __p, size_type)
     4735:  110:      { ::operator delete(__p); }
call    0 returned 100%
call    1 returned 100%
call    2 returned 100%
call    3 returned 100%
call    4 returned 100%
call    5 returned 100%
call    6 returned 100%
call    7 returned 100%
call    8 returned 100%
call    9 returned 100%
call   10 returned 100%
call   11 returned 100%
call   12 returned 100%
call   13 returned 100%
call   14 returned 100%
call   15 returned 100%
call   16 returned 100%
call   17 returned 100%
call   18 returned 100%
call   19 returned 100%
call   20 returned 100%
call   21 returned 100%
call   22 returned 100%
call   23 returned 100%
call   24 returned 100%
call   25 returned 100%
call   26 returned 100%
call   27 returned 100%
call   28 returned 100%
call   29 returned 100%
call   30 returned 100%
call   31 returned 100%
call   32 returned 100%
call   33 returned 100%
call   34 returned 100%
call   35 returned 100%
call   36 returned 100%
call   37 returned 100%
        -:  111:
        -:  112:      size_type
function _ZNK9__gnu_cxx13new_allocatorIZN39Deque_Fixture_iter_arrow_op_test_1_TestISt5dequeIiSaIiEEE8TestBodyEvE1SE8max_sizeEv called 1 returned 100% blocks executed 100%
function _ZNK9__gnu_cxx13new_allocatorIZN39Deque_Fixture_iter_arrow_op_test_2_TestISt5dequeIiSaIiEEE8TestBodyEvE1SE8max_sizeEv called 1 returned 100% blocks executed 100%
function _ZNK9__gnu_cxx13new_allocatorIZN39Deque_Fixture_iter_arrow_op_test_3_TestISt5dequeIiSaIiEEE8TestBodyEvE1SE8max_sizeEv called 1 returned 100% blocks executed 100%
function _ZNK9__gnu_cxx13new_allocatorIZN45Deque_Fixture_const_iter_arrow_op_test_1_TestISt5dequeIiSaIiEEE8TestBodyEvE1SE8max_sizeEv called 2 returned 100% blocks executed 100%
function _ZNK9__gnu_cxx13new_allocatorIZN45Deque_Fixture_const_iter_arrow_op_test_2_TestISt5dequeIiSaIiEEE8TestBodyEvE1SE8max_sizeEv called 2 returned 100% blocks executed 100%
function _ZNK9__gnu_cxx13new_allocatorIZN45Deque_Fixture_const_iter_arrow_op_test_3_TestISt5dequeIiSaIiEEE8TestBodyEvE1SE8max_sizeEv called 2 returned 100% blocks executed 100%
function _ZNK9__gnu_cxx13new_allocatorIZN39Deque_Fixture_iter_arrow_op_test_1_TestI8my_dequeIiSaIiEEE8TestBodyEvE1SE8max_sizeEv called 1 returned 100% blocks executed 100%
function _ZNK9__gnu_cxx13new_allocatorIZN39Deque_Fixture_iter_arrow_op_test_2_TestI8my_dequeIiSaIiEEE8TestBodyEvE1SE8max_sizeEv called 1 returned 100% blocks executed 100%
function _ZNK9__gnu_cxx13new_allocatorIZN39Deque_Fixture_iter_arrow_op_test_3_TestI8my_dequeIiSaIiEEE8TestBodyEvE1SE8max_sizeEv called 1 returned 100% blocks executed 100%
function _ZNK9__gnu_cxx13new_allocatorIZN45Deque_Fixture_const_iter_arrow_op_test_1_TestI8my_dequeIiSaIiEEE8TestBodyEvE1SE8max_sizeEv called 2 returned 100% blocks executed 100%
function _ZNK9__gnu_cxx13new_allocatorIZN45Deque_Fixture_const_iter_arrow_op_test_2_TestI8my_dequeIiSaIiEEE8TestBodyEvE1SE8max_sizeEv called 2 returned 100% blocks executed 100%
function _ZNK9__gnu_cxx13new_allocatorIZN45Deque_Fixture_const_iter_arrow_op_test_3_TestI8my_dequeIiSaIiEEE8TestBodyEvE1SE8max_sizeEv called 2 returned 100% blocks executed 100%
function _ZNK9__gnu_cxx13new_allocatorIPZN39Deque_Fixture_iter_arrow_op_test_1_TestISt5dequeIiSaIiEEE8TestBodyEvE1SE8max_sizeEv called 1 returned 100% blocks executed 100%
function _ZNK9__gnu_cxx13new_allocatorIPZN39Deque_Fixture_iter_arrow_op_test_2_TestISt5dequeIiSaIiEEE8TestBodyEvE1SE8max_sizeEv called 1 returned 100% blocks executed 100%
function _ZNK9__gnu_cxx13new_allocatorIPZN39Deque_Fixture_iter_arrow_op_test_3_TestISt5dequeIiSaIiEEE8TestBodyEvE1SE8max_sizeEv called 1 returned 100% blocks executed 100%
function _ZNK9__gnu_cxx13new_allocatorIPZN45Deque_Fixture_const_iter_arrow_op_test_1_TestISt5dequeIiSaIiEEE8TestBodyEvE1SE8max_sizeEv called 2 returned 100% blocks executed 100%
function _ZNK9__gnu_cxx13new_allocatorIPZN45Deque_Fixture_const_iter_arrow_op_test_2_TestISt5dequeIiSaIiEEE8TestBodyEvE1SE8max_sizeEv called 2 returned 100% blocks executed 100%
function _ZNK9__gnu_cxx13new_allocatorIPZN45Deque_Fixture_const_iter_arrow_op_test_3_TestISt5dequeIiSaIiEEE8TestBodyEvE1SE8max_sizeEv called 2 returned 100% blocks executed 100%
function _ZNK9__gnu_cxx13new_allocatorIPZN39Deque_Fixture_iter_arrow_op_test_1_TestI8my_dequeIiSaIiEEE8TestBodyEvE1SE8max_sizeEv called 1 returned 100% blocks executed 100%
function _ZNK9__gnu_cxx13new_allocatorIPZN39Deque_Fixture_iter_arrow_op_test_2_TestI8my_dequeIiSaIiEEE8TestBodyEvE1SE8max_sizeEv called 1 returned 100% blocks executed 100%
function _ZNK9__gnu_cxx13new_allocatorIPZN39Deque_Fixture_iter_arrow_op_test_3_TestI8my_dequeIiSaIiEEE8TestBodyEvE1SE8max_sizeEv called 1 returned 100% blocks executed 100%
function _ZNK9__gnu_cxx13new_allocatorIPZN45Deque_Fixture_const_iter_arrow_op_test_1_TestI8my_dequeIiSaIiEEE8TestBodyEvE1SE8max_sizeEv called 2 returned 100% blocks executed 100%
function _ZNK9__gnu_cxx13new_allocatorIPZN45Deque_Fixture_const_iter_arrow_op_test_2_TestI8my_dequeIiSaIiEEE8TestBodyEvE1SE8max_sizeEv called 2 returned 100% blocks executed 100%
function _ZNK9__gnu_cxx13new_allocatorIPZN45Deque_Fixture_const_iter_arrow_op_test_3_TestI8my_dequeIiSaIiEEE8TestBodyEvE1SE8max_sizeEv called 2 returned 100% blocks executed 100%
function _ZNK9__gnu_cxx13new_allocatorIZN42Deque_Fixture_my_iter_arrow_op_test_1_TestISt5dequeIiSaIiEEE8TestBodyEvE1SE8max_sizeEv called 2 returned 100% blocks executed 100%
function _ZNK9__gnu_cxx13new_allocatorIPZN42Deque_Fixture_my_iter_arrow_op_test_1_TestISt5dequeIiSaIiEEE8TestBodyEvE1SE8max_sizeEv called 1 returned 100% blocks executed 100%
function _ZNK9__gnu_cxx13new_allocatorIZN42Deque_Fixture_my_iter_arrow_op_test_2_TestISt5dequeIiSaIiEEE8TestBodyEvE1SE8max_sizeEv called 2 returned 100% blocks executed 100%
function _ZNK9__gnu_cxx13new_allocatorIPZN42Deque_Fixture_my_iter_arrow_op_test_2_TestISt5dequeIiSaIiEEE8TestBodyEvE1SE8max_sizeEv called 1 returned 100% blocks executed 100%
function _ZNK9__gnu_cxx13new_allocatorIZN42Deque_Fixture_my_iter_arrow_op_test_3_TestISt5dequeIiSaIiEEE8TestBodyEvE1SE8max_sizeEv called 2 returned 100% blocks executed 100%
function _ZNK9__gnu_cxx13new_allocatorIPZN42Deque_Fixture_my_iter_arrow_op_test_3_TestISt5dequeIiSaIiEEE8TestBodyEvE1SE8max_sizeEv called 1 returned 100% blocks executed 100%
function _ZNK9__gnu_cxx13new_allocatorIZN42Deque_Fixture_my_iter_arrow_op_test_1_TestI8my_dequeIiSaIiEEE8TestBodyEvE1SE8max_sizeEv called 2 returned 100% blocks executed 100%
function _ZNK9__gnu_cxx13new_allocatorIPZN42Deque_Fixture_my_iter_arrow_op_test_1_TestI8my_dequeIiSaIiEEE8TestBodyEvE1SE8max_sizeEv called 1 returned 100% blocks executed 100%
function _ZNK9__gnu_cxx13new_allocatorIZN42Deque_Fixture_my_iter_arrow_op_test_2_TestI8my_dequeIiSaIiEEE8TestBodyEvE1SE8max_sizeEv called 2 returned 100% blocks executed 100%
function _ZNK9__gnu_cxx13new_allocatorIPZN42Deque_Fixture_my_iter_arrow_op_test_2_TestI8my_dequeIiSaIiEEE8TestBodyEvE1SE8max_sizeEv called 1 returned 100% blocks executed 100%
function _ZNK9__gnu_cxx13new_allocatorIZN42Deque_Fixture_my_iter_arrow_op_test_3_TestI8my_dequeIiSaIiEEE8TestBodyEvE1SE8max_sizeEv called 2 returned 100% blocks executed 100%
function _ZNK9__gnu_cxx13new_allocatorIPZN42Deque_Fixture_my_iter_arrow_op_test_3_TestI8my_dequeIiSaIiEEE8TestBodyEvE1SE8max_sizeEv called 1 returned 100% blocks executed 100%
function _ZNK9__gnu_cxx13new_allocatorIiE8max_sizeEv called 4243 returned 100% blocks executed 100%
function _ZNK9__gnu_cxx13new_allocatorIPiE8max_sizeEv called 438 returned 100% blocks executed 100%
     4735:  113:      max_size() const _GLIBCXX_USE_NOEXCEPT
     4735:  114:      { return size_t(-1) / sizeof(_Tp); }
        -:  115:
        -:  116:#if __cplusplus >= 201103L
        -:  117:      template<typename _Up, typename... _Args>
        -:  118:        void
function _ZN9__gnu_cxx13new_allocatorIZN42Deque_Fixture_my_iter_arrow_op_test_1_TestISt5dequeIiSaIiEEE8TestBodyEvE1SE9constructIS6_IRKS6_EEEvPT_DpOT0_ called 2 returned 100% blocks executed 83%
function _ZN9__gnu_cxx13new_allocatorIZN42Deque_Fixture_my_iter_arrow_op_test_2_TestISt5dequeIiSaIiEEE8TestBodyEvE1SE9constructIS6_IRKS6_EEEvPT_DpOT0_ called 2 returned 100% blocks executed 83%
function _ZN9__gnu_cxx13new_allocatorIZN42Deque_Fixture_my_iter_arrow_op_test_3_TestISt5dequeIiSaIiEEE8TestBodyEvE1SE9constructIS6_IRKS6_EEEvPT_DpOT0_ called 2 returned 100% blocks executed 83%
function _ZN9__gnu_cxx13new_allocatorIiE9constructIiIiEEEvPT_DpOT0_ called 35 returned 100% blocks executed 83%
function _ZN9__gnu_cxx13new_allocatorIZN42Deque_Fixture_my_iter_arrow_op_test_1_TestI8my_dequeIiSaIiEEE8TestBodyEvE1SE9constructIS6_IRKS6_EEEvPT_DpOT0_ called 2 returned 100% blocks executed 83%
function _ZN9__gnu_cxx13new_allocatorIZN42Deque_Fixture_my_iter_arrow_op_test_2_TestI8my_dequeIiSaIiEEE8TestBodyEvE1SE9constructIS6_IRKS6_EEEvPT_DpOT0_ called 2 returned 100% blocks executed 83%
function _ZN9__gnu_cxx13new_allocatorIZN42Deque_Fixture_my_iter_arrow_op_test_3_TestI8my_dequeIiSaIiEEE8TestBodyEvE1SE9constructIS6_IRKS6_EEEvPT_DpOT0_ called 2 returned 100% blocks executed 83%
function _ZN9__gnu_cxx13new_allocatorIiE9constructIiIRKiEEEvPT_DpOT0_ called 34073 returned 100% blocks executed 83%
    34120:  119:        construct(_Up* __p, _Args&&... __args)
    34120:  120:	{ ::new((void *)__p) _Up(std::forward<_Args>(__args)...); }
call    0 returned 100%
call    1 returned 100%
branch  2 taken 100% (fallthrough)
branch  3 taken 0%
call    4 returned 100%
call    5 returned 100%
branch  6 taken 100% (fallthrough)
branch  7 taken 0%
call    8 returned 100%
call    9 returned 100%
branch 10 taken 100% (fallthrough)
branch 11 taken 0%
call   12 returned 100%
call   13 returned 100%
branch 14 taken 100% (fallthrough)
branch 15 taken 0%
call   16 returned 100%
call   17 returned 100%
branch 18 taken 100% (fallthrough)
branch 19 taken 0%
call   20 returned 100%
call   21 returned 100%
branch 22 taken 100% (fallthrough)
branch 23 taken 0%
call   24 returned 100%
call   25 returned 100%
branch 26 taken 100% (fallthrough)
branch 27 taken 0%
call   28 returned 100%
call   29 returned 100%
branch 30 taken 100% (fallthrough)
branch 31 taken 0%
        -:  121:
        -:  122:      template<typename _Up>
        -:  123:        void 
function _ZN9__gnu_cxx13new_allocatorIZN42Deque_Fixture_my_iter_arrow_op_test_1_TestISt5dequeIiSaIiEEE8TestBodyEvE1SE7destroyIS6_EEvPT_ called 2 returned 100% blocks executed 100%
function _ZN9__gnu_cxx13new_allocatorIZN42Deque_Fixture_my_iter_arrow_op_test_2_TestISt5dequeIiSaIiEEE8TestBodyEvE1SE7destroyIS6_EEvPT_ called 2 returned 100% blocks executed 100%
function _ZN9__gnu_cxx13new_allocatorIZN42Deque_Fixture_my_iter_arrow_op_test_3_TestISt5dequeIiSaIiEEE8TestBodyEvE1SE7destroyIS6_EEvPT_ called 2 returned 100% blocks executed 100%
function _ZN9__gnu_cxx13new_allocatorIZN42Deque_Fixture_my_iter_arrow_op_test_1_TestI8my_dequeIiSaIiEEE8TestBodyEvE1SE7destroyIS6_EEvPT_ called 2 returned 100% blocks executed 100%
function _ZN9__gnu_cxx13new_allocatorIZN42Deque_Fixture_my_iter_arrow_op_test_2_TestI8my_dequeIiSaIiEEE8TestBodyEvE1SE7destroyIS6_EEvPT_ called 2 returned 100% blocks executed 100%
function _ZN9__gnu_cxx13new_allocatorIZN42Deque_Fixture_my_iter_arrow_op_test_3_TestI8my_dequeIiSaIiEEE8TestBodyEvE1SE7destroyIS6_EEvPT_ called 2 returned 100% blocks executed 100%
function _ZN9__gnu_cxx13new_allocatorIiE7destroyIiEEvPT_ called 34084 returned 100% blocks executed 100%
    34096:  124:        destroy(_Up* __p) { __p->~_Up(); }
        -:  125:#else
        -:  126:      // _GLIBCXX_RESOLVE_LIB_DEFECTS
        -:  127:      // 402. wrong new expression in [some_] allocator::construct
        -:  128:      void 
        -:  129:      construct(pointer __p, const _Tp& __val) 
        -:  130:      { ::new((void *)__p) _Tp(__val); }
        -:  131:
        -:  132:      void 
        -:  133:      destroy(pointer __p) { __p->~_Tp(); }
        -:  134:#endif
        -:  135:    };
        -:  136:
        -:  137:  template<typename _Tp>
        -:  138:    inline bool
        -:  139:    operator==(const new_allocator<_Tp>&, const new_allocator<_Tp>&)
        -:  140:    { return true; }
        -:  141:  
        -:  142:  template<typename _Tp>
        -:  143:    inline bool
        -:  144:    operator!=(const new_allocator<_Tp>&, const new_allocator<_Tp>&)
        -:  145:    { return false; }
        -:  146:
        -:  147:_GLIBCXX_END_NAMESPACE_VERSION
        -:  148:} // namespace
        -:  149:
        -:  150:#endif
