        -:    0:Source:/usr/include/c++/4.8/bits/stl_algobase.h
        -:    0:Graph:TestDeque.gcno
        -:    0:Data:TestDeque.gcda
        -:    0:Runs:1
        -:    0:Programs:1
        -:    1:// Core algorithmic facilities -*- C++ -*-
        -:    2:
        -:    3:// Copyright (C) 2001-2013 Free Software Foundation, Inc.
        -:    4://
        -:    5:// This file is part of the GNU ISO C++ Library.  This library is free
        -:    6:// software; you can redistribute it and/or modify it under the
        -:    7:// terms of the GNU General Public License as published by the
        -:    8:// Free Software Foundation; either version 3, or (at your option)
        -:    9:// any later version.
        -:   10:
        -:   11:// This library is distributed in the hope that it will be useful,
        -:   12:// but WITHOUT ANY WARRANTY; without even the implied warranty of
        -:   13:// MERCHANTABILITY or FITNESS FOR A PARTICULAR PURPOSE.  See the
        -:   14:// GNU General Public License for more details.
        -:   15:
        -:   16:// Under Section 7 of GPL version 3, you are granted additional
        -:   17:// permissions described in the GCC Runtime Library Exception, version
        -:   18:// 3.1, as published by the Free Software Foundation.
        -:   19:
        -:   20:// You should have received a copy of the GNU General Public License and
        -:   21:// a copy of the GCC Runtime Library Exception along with this program;
        -:   22:// see the files COPYING3 and COPYING.RUNTIME respectively.  If not, see
        -:   23:// <http://www.gnu.org/licenses/>.
        -:   24:
        -:   25:/*
        -:   26: *
        -:   27: * Copyright (c) 1994
        -:   28: * Hewlett-Packard Company
        -:   29: *
        -:   30: * Permission to use, copy, modify, distribute and sell this software
        -:   31: * and its documentation for any purpose is hereby granted without fee,
        -:   32: * provided that the above copyright notice appear in all copies and
        -:   33: * that both that copyright notice and this permission notice appear
        -:   34: * in supporting documentation.  Hewlett-Packard Company makes no
        -:   35: * representations about the suitability of this software for any
        -:   36: * purpose.  It is provided "as is" without express or implied warranty.
        -:   37: *
        -:   38: *
        -:   39: * Copyright (c) 1996-1998
        -:   40: * Silicon Graphics Computer Systems, Inc.
        -:   41: *
        -:   42: * Permission to use, copy, modify, distribute and sell this software
        -:   43: * and its documentation for any purpose is hereby granted without fee,
        -:   44: * provided that the above copyright notice appear in all copies and
        -:   45: * that both that copyright notice and this permission notice appear
        -:   46: * in supporting documentation.  Silicon Graphics makes no
        -:   47: * representations about the suitability of this software for any
        -:   48: * purpose.  It is provided "as is" without express or implied warranty.
        -:   49: */
        -:   50:
        -:   51:/** @file bits/stl_algobase.h
        -:   52: *  This is an internal header file, included by other library headers.
        -:   53: *  Do not attempt to use it directly. @headername{algorithm}
        -:   54: */
        -:   55:
        -:   56:#ifndef _STL_ALGOBASE_H
        -:   57:#define _STL_ALGOBASE_H 1
        -:   58:
        -:   59:#include <bits/c++config.h>
        -:   60:#include <bits/functexcept.h>
        -:   61:#include <bits/cpp_type_traits.h>
        -:   62:#include <ext/type_traits.h>
        -:   63:#include <ext/numeric_traits.h>
        -:   64:#include <bits/stl_pair.h>
        -:   65:#include <bits/stl_iterator_base_types.h>
        -:   66:#include <bits/stl_iterator_base_funcs.h>
        -:   67:#include <bits/stl_iterator.h>
        -:   68:#include <bits/concept_check.h>
        -:   69:#include <debug/debug.h>
        -:   70:#include <bits/move.h> // For std::swap and _GLIBCXX_MOVE
        -:   71:
        -:   72:namespace std _GLIBCXX_VISIBILITY(default)
        -:   73:{
        -:   74:_GLIBCXX_BEGIN_NAMESPACE_VERSION
        -:   75:
        -:   76:#if __cplusplus < 201103L
        -:   77:  // See http://gcc.gnu.org/ml/libstdc++/2004-08/msg00167.html: in a
        -:   78:  // nutshell, we are partially implementing the resolution of DR 187,
        -:   79:  // when it's safe, i.e., the value_types are equal.
        -:   80:  template<bool _BoolType>
        -:   81:    struct __iter_swap
        -:   82:    {
        -:   83:      template<typename _ForwardIterator1, typename _ForwardIterator2>
        -:   84:        static void
        -:   85:        iter_swap(_ForwardIterator1 __a, _ForwardIterator2 __b)
        -:   86:        {
        -:   87:          typedef typename iterator_traits<_ForwardIterator1>::value_type
        -:   88:            _ValueType1;
        -:   89:          _ValueType1 __tmp = _GLIBCXX_MOVE(*__a);
        -:   90:          *__a = _GLIBCXX_MOVE(*__b);
        -:   91:          *__b = _GLIBCXX_MOVE(__tmp);
        -:   92:	}
        -:   93:    };
        -:   94:
        -:   95:  template<>
        -:   96:    struct __iter_swap<true>
        -:   97:    {
        -:   98:      template<typename _ForwardIterator1, typename _ForwardIterator2>
        -:   99:        static void 
        -:  100:        iter_swap(_ForwardIterator1 __a, _ForwardIterator2 __b)
        -:  101:        {
        -:  102:          swap(*__a, *__b);
        -:  103:        }
        -:  104:    };
        -:  105:#endif
        -:  106:
        -:  107:  /**
        -:  108:   *  @brief Swaps the contents of two iterators.
        -:  109:   *  @ingroup mutating_algorithms
        -:  110:   *  @param  __a  An iterator.
        -:  111:   *  @param  __b  Another iterator.
        -:  112:   *  @return   Nothing.
        -:  113:   *
        -:  114:   *  This function swaps the values pointed to by two iterators, not the
        -:  115:   *  iterators themselves.
        -:  116:  */
        -:  117:  template<typename _ForwardIterator1, typename _ForwardIterator2>
        -:  118:    inline void
        -:  119:    iter_swap(_ForwardIterator1 __a, _ForwardIterator2 __b)
        -:  120:    {
        -:  121:      // concept requirements
        -:  122:      __glibcxx_function_requires(_Mutable_ForwardIteratorConcept<
        -:  123:				  _ForwardIterator1>)
        -:  124:      __glibcxx_function_requires(_Mutable_ForwardIteratorConcept<
        -:  125:				  _ForwardIterator2>)
        -:  126:
        -:  127:#if __cplusplus < 201103L
        -:  128:      typedef typename iterator_traits<_ForwardIterator1>::value_type
        -:  129:	_ValueType1;
        -:  130:      typedef typename iterator_traits<_ForwardIterator2>::value_type
        -:  131:	_ValueType2;
        -:  132:
        -:  133:      __glibcxx_function_requires(_ConvertibleConcept<_ValueType1,
        -:  134:				  _ValueType2>)
        -:  135:      __glibcxx_function_requires(_ConvertibleConcept<_ValueType2,
        -:  136:				  _ValueType1>)
        -:  137:
        -:  138:      typedef typename iterator_traits<_ForwardIterator1>::reference
        -:  139:	_ReferenceType1;
        -:  140:      typedef typename iterator_traits<_ForwardIterator2>::reference
        -:  141:	_ReferenceType2;
        -:  142:      std::__iter_swap<__are_same<_ValueType1, _ValueType2>::__value
        -:  143:	&& __are_same<_ValueType1&, _ReferenceType1>::__value
        -:  144:	&& __are_same<_ValueType2&, _ReferenceType2>::__value>::
        -:  145:	iter_swap(__a, __b);
        -:  146:#else
        -:  147:      swap(*__a, *__b);
        -:  148:#endif
        -:  149:    }
        -:  150:
        -:  151:  /**
        -:  152:   *  @brief Swap the elements of two sequences.
        -:  153:   *  @ingroup mutating_algorithms
        -:  154:   *  @param  __first1  A forward iterator.
        -:  155:   *  @param  __last1   A forward iterator.
        -:  156:   *  @param  __first2  A forward iterator.
        -:  157:   *  @return   An iterator equal to @p first2+(last1-first1).
        -:  158:   *
        -:  159:   *  Swaps each element in the range @p [first1,last1) with the
        -:  160:   *  corresponding element in the range @p [first2,(last1-first1)).
        -:  161:   *  The ranges must not overlap.
        -:  162:  */
        -:  163:  template<typename _ForwardIterator1, typename _ForwardIterator2>
        -:  164:    _ForwardIterator2
        -:  165:    swap_ranges(_ForwardIterator1 __first1, _ForwardIterator1 __last1,
        -:  166:		_ForwardIterator2 __first2)
        -:  167:    {
        -:  168:      // concept requirements
        -:  169:      __glibcxx_function_requires(_Mutable_ForwardIteratorConcept<
        -:  170:				  _ForwardIterator1>)
        -:  171:      __glibcxx_function_requires(_Mutable_ForwardIteratorConcept<
        -:  172:				  _ForwardIterator2>)
        -:  173:      __glibcxx_requires_valid_range(__first1, __last1);
        -:  174:
        -:  175:      for (; __first1 != __last1; ++__first1, ++__first2)
        -:  176:	std::iter_swap(__first1, __first2);
        -:  177:      return __first2;
        -:  178:    }
        -:  179:
        -:  180:  /**
        -:  181:   *  @brief This does what you think it does.
        -:  182:   *  @ingroup sorting_algorithms
        -:  183:   *  @param  __a  A thing of arbitrary type.
        -:  184:   *  @param  __b  Another thing of arbitrary type.
        -:  185:   *  @return   The lesser of the parameters.
        -:  186:   *
        -:  187:   *  This is the simple classic generic implementation.  It will work on
        -:  188:   *  temporary expressions, since they are only evaluated once, unlike a
        -:  189:   *  preprocessor macro.
        -:  190:  */
        -:  191:  template<typename _Tp>
        -:  192:    inline const _Tp&
function _ZSt3minIlERKT_S2_S2_ called 8 returned 100% blocks executed 75%
        8:  193:    min(const _Tp& __a, const _Tp& __b)
        -:  194:    {
        -:  195:      // concept requirements
        -:  196:      __glibcxx_function_requires(_LessThanComparableConcept<_Tp>)
        -:  197:      //return __b < __a ? __b : __a;
        8:  198:      if (__b < __a)
branch  0 taken 0% (fallthrough)
branch  1 taken 100%
    #####:  199:	return __b;
        8:  200:      return __a;
        -:  201:    }
        -:  202:
        -:  203:  /**
        -:  204:   *  @brief This does what you think it does.
        -:  205:   *  @ingroup sorting_algorithms
        -:  206:   *  @param  __a  A thing of arbitrary type.
        -:  207:   *  @param  __b  Another thing of arbitrary type.
        -:  208:   *  @return   The greater of the parameters.
        -:  209:   *
        -:  210:   *  This is the simple classic generic implementation.  It will work on
        -:  211:   *  temporary expressions, since they are only evaluated once, unlike a
        -:  212:   *  preprocessor macro.
        -:  213:  */
        -:  214:  template<typename _Tp>
        -:  215:    inline const _Tp&
function _ZSt3maxImERKT_S2_S2_ called 262 returned 100% blocks executed 100%
      262:  216:    max(const _Tp& __a, const _Tp& __b)
        -:  217:    {
        -:  218:      // concept requirements
        -:  219:      __glibcxx_function_requires(_LessThanComparableConcept<_Tp>)
        -:  220:      //return  __a < __b ? __b : __a;
      262:  221:      if (__a < __b)
branch  0 taken 1% (fallthrough)
branch  1 taken 99%
        3:  222:	return __b;
      259:  223:      return __a;
        -:  224:    }
        -:  225:
        -:  226:  /**
        -:  227:   *  @brief This does what you think it does.
        -:  228:   *  @ingroup sorting_algorithms
        -:  229:   *  @param  __a  A thing of arbitrary type.
        -:  230:   *  @param  __b  Another thing of arbitrary type.
        -:  231:   *  @param  __comp  A @link comparison_functors comparison functor@endlink.
        -:  232:   *  @return   The lesser of the parameters.
        -:  233:   *
        -:  234:   *  This will work on temporary expressions, since they are only evaluated
        -:  235:   *  once, unlike a preprocessor macro.
        -:  236:  */
        -:  237:  template<typename _Tp, typename _Compare>
        -:  238:    inline const _Tp&
        -:  239:    min(const _Tp& __a, const _Tp& __b, _Compare __comp)
        -:  240:    {
        -:  241:      //return __comp(__b, __a) ? __b : __a;
        -:  242:      if (__comp(__b, __a))
        -:  243:	return __b;
        -:  244:      return __a;
        -:  245:    }
        -:  246:
        -:  247:  /**
        -:  248:   *  @brief This does what you think it does.
        -:  249:   *  @ingroup sorting_algorithms
        -:  250:   *  @param  __a  A thing of arbitrary type.
        -:  251:   *  @param  __b  Another thing of arbitrary type.
        -:  252:   *  @param  __comp  A @link comparison_functors comparison functor@endlink.
        -:  253:   *  @return   The greater of the parameters.
        -:  254:   *
        -:  255:   *  This will work on temporary expressions, since they are only evaluated
        -:  256:   *  once, unlike a preprocessor macro.
        -:  257:  */
        -:  258:  template<typename _Tp, typename _Compare>
        -:  259:    inline const _Tp&
        -:  260:    max(const _Tp& __a, const _Tp& __b, _Compare __comp)
        -:  261:    {
        -:  262:      //return __comp(__a, __b) ? __b : __a;
        -:  263:      if (__comp(__a, __b))
        -:  264:	return __b;
        -:  265:      return __a;
        -:  266:    }
        -:  267:
        -:  268:  // If _Iterator is a __normal_iterator return its base (a plain pointer,
        -:  269:  // normally) otherwise return it untouched.  See copy, fill, ... 
        -:  270:  template<typename _Iterator>
        -:  271:    struct _Niter_base
        -:  272:    : _Iter_base<_Iterator, __is_normal_iterator<_Iterator>::__value>
        -:  273:    { };
        -:  274:
        -:  275:  template<typename _Iterator>
        -:  276:    inline typename _Niter_base<_Iterator>::iterator_type
function _ZSt12__niter_baseIN8my_dequeIZN42Deque_Fixture_my_iter_arrow_op_test_1_TestISt5dequeIiSaIiEEE8TestBodyEvE1SSaIS6_EE14const_iteratorEENSt11_Niter_baseIT_E13iterator_typeESB_ called 0 returned 0% blocks executed 0%
function _ZSt12__niter_baseIN8my_dequeIZN42Deque_Fixture_my_iter_arrow_op_test_2_TestISt5dequeIiSaIiEEE8TestBodyEvE1SSaIS6_EE14const_iteratorEENSt11_Niter_baseIT_E13iterator_typeESB_ called 0 returned 0% blocks executed 0%
function _ZSt12__niter_baseIN8my_dequeIZN42Deque_Fixture_my_iter_arrow_op_test_3_TestISt5dequeIiSaIiEEE8TestBodyEvE1SSaIS6_EE14const_iteratorEENSt11_Niter_baseIT_E13iterator_typeESB_ called 0 returned 0% blocks executed 0%
function _ZSt12__niter_baseIPPiENSt11_Niter_baseIT_E13iterator_typeES3_ called 0 returned 0% blocks executed 0%
function _ZSt12__niter_baseIN8my_dequeIZN42Deque_Fixture_my_iter_arrow_op_test_1_TestIS0_IiSaIiEEE8TestBodyEvE1SSaIS5_EE14const_iteratorEENSt11_Niter_baseIT_E13iterator_typeESA_ called 0 returned 0% blocks executed 0%
function _ZSt12__niter_baseIN8my_dequeIZN42Deque_Fixture_my_iter_arrow_op_test_2_TestIS0_IiSaIiEEE8TestBodyEvE1SSaIS5_EE14const_iteratorEENSt11_Niter_baseIT_E13iterator_typeESA_ called 0 returned 0% blocks executed 0%
function _ZSt12__niter_baseIN8my_dequeIZN42Deque_Fixture_my_iter_arrow_op_test_3_TestIS0_IiSaIiEEE8TestBodyEvE1SSaIS5_EE14const_iteratorEENSt11_Niter_baseIT_E13iterator_typeESA_ called 0 returned 0% blocks executed 0%
function _ZSt12__niter_baseIPZN39Deque_Fixture_iter_arrow_op_test_1_TestISt5dequeIiSaIiEEE8TestBodyEvE1SENSt11_Niter_baseIT_E13iterator_typeES8_ called 2 returned 100% blocks executed 100%
function _ZSt12__niter_baseIPZN39Deque_Fixture_iter_arrow_op_test_2_TestISt5dequeIiSaIiEEE8TestBodyEvE1SENSt11_Niter_baseIT_E13iterator_typeES8_ called 2 returned 100% blocks executed 100%
function _ZSt12__niter_baseIPZN39Deque_Fixture_iter_arrow_op_test_3_TestISt5dequeIiSaIiEEE8TestBodyEvE1SENSt11_Niter_baseIT_E13iterator_typeES8_ called 2 returned 100% blocks executed 100%
function _ZSt12__niter_baseISt15_Deque_iteratorIZN45Deque_Fixture_const_iter_arrow_op_test_1_TestISt5dequeIiSaIiEEE8TestBodyEvE1SRS6_PS6_EENSt11_Niter_baseIT_E13iterator_typeESB_ called 1 returned 100% blocks executed 100%
function _ZSt12__niter_baseISt15_Deque_iteratorIZN45Deque_Fixture_const_iter_arrow_op_test_1_TestISt5dequeIiSaIiEEE8TestBodyEvE1SRKS6_PS7_EENSt11_Niter_baseIT_E13iterator_typeESC_ called 2 returned 100% blocks executed 100%
function _ZSt12__niter_baseIPZN45Deque_Fixture_const_iter_arrow_op_test_1_TestISt5dequeIiSaIiEEE8TestBodyEvE1SENSt11_Niter_baseIT_E13iterator_typeES8_ called 2 returned 100% blocks executed 100%
function _ZSt12__niter_baseISt15_Deque_iteratorIZN45Deque_Fixture_const_iter_arrow_op_test_2_TestISt5dequeIiSaIiEEE8TestBodyEvE1SRS6_PS6_EENSt11_Niter_baseIT_E13iterator_typeESB_ called 1 returned 100% blocks executed 100%
function _ZSt12__niter_baseISt15_Deque_iteratorIZN45Deque_Fixture_const_iter_arrow_op_test_2_TestISt5dequeIiSaIiEEE8TestBodyEvE1SRKS6_PS7_EENSt11_Niter_baseIT_E13iterator_typeESC_ called 2 returned 100% blocks executed 100%
function _ZSt12__niter_baseIPZN45Deque_Fixture_const_iter_arrow_op_test_2_TestISt5dequeIiSaIiEEE8TestBodyEvE1SENSt11_Niter_baseIT_E13iterator_typeES8_ called 2 returned 100% blocks executed 100%
function _ZSt12__niter_baseISt15_Deque_iteratorIZN45Deque_Fixture_const_iter_arrow_op_test_3_TestISt5dequeIiSaIiEEE8TestBodyEvE1SRS6_PS6_EENSt11_Niter_baseIT_E13iterator_typeESB_ called 1 returned 100% blocks executed 100%
function _ZSt12__niter_baseISt15_Deque_iteratorIZN45Deque_Fixture_const_iter_arrow_op_test_3_TestISt5dequeIiSaIiEEE8TestBodyEvE1SRKS6_PS7_EENSt11_Niter_baseIT_E13iterator_typeESC_ called 2 returned 100% blocks executed 100%
function _ZSt12__niter_baseIPZN45Deque_Fixture_const_iter_arrow_op_test_3_TestISt5dequeIiSaIiEEE8TestBodyEvE1SENSt11_Niter_baseIT_E13iterator_typeES8_ called 2 returned 100% blocks executed 100%
function _ZSt12__niter_baseISt15_Deque_iteratorIiRiPiEENSt11_Niter_baseIT_E13iterator_typeES5_ called 70 returned 100% blocks executed 100%
function _ZSt12__niter_baseIPZN39Deque_Fixture_iter_arrow_op_test_1_TestI8my_dequeIiSaIiEEE8TestBodyEvE1SENSt11_Niter_baseIT_E13iterator_typeES8_ called 2 returned 100% blocks executed 100%
function _ZSt12__niter_baseIPZN39Deque_Fixture_iter_arrow_op_test_2_TestI8my_dequeIiSaIiEEE8TestBodyEvE1SENSt11_Niter_baseIT_E13iterator_typeES8_ called 2 returned 100% blocks executed 100%
function _ZSt12__niter_baseIPZN39Deque_Fixture_iter_arrow_op_test_3_TestI8my_dequeIiSaIiEEE8TestBodyEvE1SENSt11_Niter_baseIT_E13iterator_typeES8_ called 2 returned 100% blocks executed 100%
function _ZSt12__niter_baseISt15_Deque_iteratorIZN45Deque_Fixture_const_iter_arrow_op_test_1_TestI8my_dequeIiSaIiEEE8TestBodyEvE1SRS6_PS6_EENSt11_Niter_baseIT_E13iterator_typeESB_ called 1 returned 100% blocks executed 100%
function _ZSt12__niter_baseISt15_Deque_iteratorIZN45Deque_Fixture_const_iter_arrow_op_test_1_TestI8my_dequeIiSaIiEEE8TestBodyEvE1SRKS6_PS7_EENSt11_Niter_baseIT_E13iterator_typeESC_ called 2 returned 100% blocks executed 100%
function _ZSt12__niter_baseIPZN45Deque_Fixture_const_iter_arrow_op_test_1_TestI8my_dequeIiSaIiEEE8TestBodyEvE1SENSt11_Niter_baseIT_E13iterator_typeES8_ called 2 returned 100% blocks executed 100%
function _ZSt12__niter_baseISt15_Deque_iteratorIZN45Deque_Fixture_const_iter_arrow_op_test_2_TestI8my_dequeIiSaIiEEE8TestBodyEvE1SRS6_PS6_EENSt11_Niter_baseIT_E13iterator_typeESB_ called 1 returned 100% blocks executed 100%
function _ZSt12__niter_baseISt15_Deque_iteratorIZN45Deque_Fixture_const_iter_arrow_op_test_2_TestI8my_dequeIiSaIiEEE8TestBodyEvE1SRKS6_PS7_EENSt11_Niter_baseIT_E13iterator_typeESC_ called 2 returned 100% blocks executed 100%
function _ZSt12__niter_baseIPZN45Deque_Fixture_const_iter_arrow_op_test_2_TestI8my_dequeIiSaIiEEE8TestBodyEvE1SENSt11_Niter_baseIT_E13iterator_typeES8_ called 2 returned 100% blocks executed 100%
function _ZSt12__niter_baseISt15_Deque_iteratorIZN45Deque_Fixture_const_iter_arrow_op_test_3_TestI8my_dequeIiSaIiEEE8TestBodyEvE1SRS6_PS6_EENSt11_Niter_baseIT_E13iterator_typeESB_ called 1 returned 100% blocks executed 100%
function _ZSt12__niter_baseISt15_Deque_iteratorIZN45Deque_Fixture_const_iter_arrow_op_test_3_TestI8my_dequeIiSaIiEEE8TestBodyEvE1SRKS6_PS7_EENSt11_Niter_baseIT_E13iterator_typeESC_ called 2 returned 100% blocks executed 100%
function _ZSt12__niter_baseIPZN45Deque_Fixture_const_iter_arrow_op_test_3_TestI8my_dequeIiSaIiEEE8TestBodyEvE1SENSt11_Niter_baseIT_E13iterator_typeES8_ called 2 returned 100% blocks executed 100%
function _ZSt12__niter_baseIN8my_dequeIZN42Deque_Fixture_my_iter_arrow_op_test_1_TestISt5dequeIiSaIiEEE8TestBodyEvE1SSaIS6_EE8iteratorEENSt11_Niter_baseIT_E13iterator_typeESB_ called 0 returned 0% blocks executed 0%
function _ZSt12__niter_baseIN8my_dequeIZN42Deque_Fixture_my_iter_arrow_op_test_2_TestISt5dequeIiSaIiEEE8TestBodyEvE1SSaIS6_EE8iteratorEENSt11_Niter_baseIT_E13iterator_typeESB_ called 0 returned 0% blocks executed 0%
function _ZSt12__niter_baseIN8my_dequeIZN42Deque_Fixture_my_iter_arrow_op_test_3_TestISt5dequeIiSaIiEEE8TestBodyEvE1SSaIS6_EE8iteratorEENSt11_Niter_baseIT_E13iterator_typeESB_ called 0 returned 0% blocks executed 0%
function _ZSt12__niter_baseIN8my_dequeIZN42Deque_Fixture_my_iter_arrow_op_test_1_TestIS0_IiSaIiEEE8TestBodyEvE1SSaIS5_EE8iteratorEENSt11_Niter_baseIT_E13iterator_typeESA_ called 0 returned 0% blocks executed 0%
function _ZSt12__niter_baseIN8my_dequeIZN42Deque_Fixture_my_iter_arrow_op_test_2_TestIS0_IiSaIiEEE8TestBodyEvE1SSaIS5_EE8iteratorEENSt11_Niter_baseIT_E13iterator_typeESA_ called 0 returned 0% blocks executed 0%
function _ZSt12__niter_baseIN8my_dequeIZN42Deque_Fixture_my_iter_arrow_op_test_3_TestIS0_IiSaIiEEE8TestBodyEvE1SSaIS5_EE8iteratorEENSt11_Niter_baseIT_E13iterator_typeESA_ called 0 returned 0% blocks executed 0%
function _ZSt12__niter_baseIPiENSt11_Niter_baseIT_E13iterator_typeES2_ called 850 returned 100% blocks executed 100%
function _ZSt12__niter_baseIN8my_dequeIiSaIiEE8iteratorEENSt11_Niter_baseIT_E13iterator_typeES5_ called 54 returned 100% blocks executed 100%
function _ZSt12__niter_baseISt15_Deque_iteratorIiRKiPS1_EENSt11_Niter_baseIT_E13iterator_typeES6_ called 180 returned 100% blocks executed 100%
function _ZSt12__niter_baseIN8my_dequeIiSaIiEE14const_iteratorEENSt11_Niter_baseIT_E13iterator_typeES5_ called 58 returned 100% blocks executed 100%
     1254:  277:    __niter_base(_Iterator __it)
     1254:  278:    { return std::_Niter_base<_Iterator>::_S_base(__it); }
call    0 never executed
call    1 never executed
call    2 never executed
call    3 never executed
call    4 never executed
call    5 never executed
call    6 never executed
call    7 returned 100%
call    8 returned 100%
call    9 returned 100%
call   10 returned 100%
call   11 returned 100%
call   12 returned 100%
call   13 returned 100%
call   14 returned 100%
call   15 returned 100%
call   16 returned 100%
call   17 returned 100%
call   18 returned 100%
call   19 returned 100%
call   20 returned 100%
call   21 returned 100%
call   22 returned 100%
call   23 returned 100%
call   24 returned 100%
call   25 returned 100%
call   26 returned 100%
call   27 returned 100%
call   28 returned 100%
call   29 returned 100%
call   30 returned 100%
call   31 returned 100%
call   32 returned 100%
call   33 returned 100%
call   34 returned 100%
call   35 returned 100%
call   36 returned 100%
call   37 returned 100%
call   38 returned 100%
call   39 never executed
call   40 never executed
call   41 never executed
call   42 never executed
call   43 never executed
call   44 never executed
call   45 returned 100%
call   46 returned 100%
call   47 returned 100%
call   48 returned 100%
        -:  279:
        -:  280:  // Likewise, for move_iterator.
        -:  281:  template<typename _Iterator>
        -:  282:    struct _Miter_base
        -:  283:    : _Iter_base<_Iterator, __is_move_iterator<_Iterator>::__value>
        -:  284:    { };
        -:  285:
        -:  286:  template<typename _Iterator>
        -:  287:    inline typename _Miter_base<_Iterator>::iterator_type
function _ZSt12__miter_baseISt13move_iteratorISt15_Deque_iteratorIiRiPiEEENSt11_Miter_baseIT_E13iterator_typeES7_ called 0 returned 0% blocks executed 0%
function _ZSt12__miter_baseIN8my_dequeIZN42Deque_Fixture_my_iter_arrow_op_test_1_TestISt5dequeIiSaIiEEE8TestBodyEvE1SSaIS6_EE14const_iteratorEENSt11_Miter_baseIT_E13iterator_typeESB_ called 0 returned 0% blocks executed 0%
function _ZSt12__miter_baseIN8my_dequeIZN42Deque_Fixture_my_iter_arrow_op_test_2_TestISt5dequeIiSaIiEEE8TestBodyEvE1SSaIS6_EE14const_iteratorEENSt11_Miter_baseIT_E13iterator_typeESB_ called 0 returned 0% blocks executed 0%
function _ZSt12__miter_baseIN8my_dequeIZN42Deque_Fixture_my_iter_arrow_op_test_3_TestISt5dequeIiSaIiEEE8TestBodyEvE1SSaIS6_EE14const_iteratorEENSt11_Miter_baseIT_E13iterator_typeESB_ called 0 returned 0% blocks executed 0%
function _ZSt12__miter_baseIPPiENSt11_Miter_baseIT_E13iterator_typeES3_ called 0 returned 0% blocks executed 0%
function _ZSt12__miter_baseIN8my_dequeIZN42Deque_Fixture_my_iter_arrow_op_test_1_TestIS0_IiSaIiEEE8TestBodyEvE1SSaIS5_EE14const_iteratorEENSt11_Miter_baseIT_E13iterator_typeESA_ called 0 returned 0% blocks executed 0%
function _ZSt12__miter_baseIN8my_dequeIZN42Deque_Fixture_my_iter_arrow_op_test_2_TestIS0_IiSaIiEEE8TestBodyEvE1SSaIS5_EE14const_iteratorEENSt11_Miter_baseIT_E13iterator_typeESA_ called 0 returned 0% blocks executed 0%
function _ZSt12__miter_baseIN8my_dequeIZN42Deque_Fixture_my_iter_arrow_op_test_3_TestIS0_IiSaIiEEE8TestBodyEvE1SSaIS5_EE14const_iteratorEENSt11_Miter_baseIT_E13iterator_typeESA_ called 0 returned 0% blocks executed 0%
function _ZSt12__miter_baseISt15_Deque_iteratorIZN45Deque_Fixture_const_iter_arrow_op_test_1_TestISt5dequeIiSaIiEEE8TestBodyEvE1SRKS6_PS7_EENSt11_Miter_baseIT_E13iterator_typeESC_ called 2 returned 100% blocks executed 100%
function _ZSt12__miter_baseISt15_Deque_iteratorIZN45Deque_Fixture_const_iter_arrow_op_test_2_TestISt5dequeIiSaIiEEE8TestBodyEvE1SRKS6_PS7_EENSt11_Miter_baseIT_E13iterator_typeESC_ called 2 returned 100% blocks executed 100%
function _ZSt12__miter_baseISt15_Deque_iteratorIZN45Deque_Fixture_const_iter_arrow_op_test_3_TestISt5dequeIiSaIiEEE8TestBodyEvE1SRKS6_PS7_EENSt11_Miter_baseIT_E13iterator_typeESC_ called 2 returned 100% blocks executed 100%
function _ZSt12__miter_baseISt15_Deque_iteratorIiRKiPS1_EENSt11_Miter_baseIT_E13iterator_typeES6_ called 128 returned 100% blocks executed 100%
function _ZSt12__miter_baseISt15_Deque_iteratorIZN45Deque_Fixture_const_iter_arrow_op_test_1_TestI8my_dequeIiSaIiEEE8TestBodyEvE1SRKS6_PS7_EENSt11_Miter_baseIT_E13iterator_typeESC_ called 2 returned 100% blocks executed 100%
function _ZSt12__miter_baseISt15_Deque_iteratorIZN45Deque_Fixture_const_iter_arrow_op_test_2_TestI8my_dequeIiSaIiEEE8TestBodyEvE1SRKS6_PS7_EENSt11_Miter_baseIT_E13iterator_typeESC_ called 2 returned 100% blocks executed 100%
function _ZSt12__miter_baseISt15_Deque_iteratorIZN45Deque_Fixture_const_iter_arrow_op_test_3_TestI8my_dequeIiSaIiEEE8TestBodyEvE1SRKS6_PS7_EENSt11_Miter_baseIT_E13iterator_typeESC_ called 2 returned 100% blocks executed 100%
function _ZSt12__miter_baseIN8my_dequeIZN42Deque_Fixture_my_iter_arrow_op_test_1_TestISt5dequeIiSaIiEEE8TestBodyEvE1SSaIS6_EE8iteratorEENSt11_Miter_baseIT_E13iterator_typeESB_ called 0 returned 0% blocks executed 0%
function _ZSt12__miter_baseIN8my_dequeIZN42Deque_Fixture_my_iter_arrow_op_test_2_TestISt5dequeIiSaIiEEE8TestBodyEvE1SSaIS6_EE8iteratorEENSt11_Miter_baseIT_E13iterator_typeESB_ called 0 returned 0% blocks executed 0%
function _ZSt12__miter_baseIN8my_dequeIZN42Deque_Fixture_my_iter_arrow_op_test_3_TestISt5dequeIiSaIiEEE8TestBodyEvE1SSaIS6_EE8iteratorEENSt11_Miter_baseIT_E13iterator_typeESB_ called 0 returned 0% blocks executed 0%
function _ZSt12__miter_baseIN8my_dequeIZN42Deque_Fixture_my_iter_arrow_op_test_1_TestIS0_IiSaIiEEE8TestBodyEvE1SSaIS5_EE8iteratorEENSt11_Miter_baseIT_E13iterator_typeESA_ called 0 returned 0% blocks executed 0%
function _ZSt12__miter_baseIN8my_dequeIZN42Deque_Fixture_my_iter_arrow_op_test_2_TestIS0_IiSaIiEEE8TestBodyEvE1SSaIS5_EE8iteratorEENSt11_Miter_baseIT_E13iterator_typeESA_ called 0 returned 0% blocks executed 0%
function _ZSt12__miter_baseIN8my_dequeIZN42Deque_Fixture_my_iter_arrow_op_test_3_TestIS0_IiSaIiEEE8TestBodyEvE1SSaIS5_EE8iteratorEENSt11_Miter_baseIT_E13iterator_typeESA_ called 0 returned 0% blocks executed 0%
function _ZSt12__miter_baseIPiENSt11_Miter_baseIT_E13iterator_typeES2_ called 8 returned 100% blocks executed 100%
function _ZSt12__miter_baseIN8my_dequeIiSaIiEE14const_iteratorEENSt11_Miter_baseIT_E13iterator_typeES5_ called 6 returned 100% blocks executed 100%
function _ZSt12__miter_baseIN8my_dequeIiSaIiEE8iteratorEENSt11_Miter_baseIT_E13iterator_typeES5_ called 34 returned 100% blocks executed 100%
      188:  288:    __miter_base(_Iterator __it)
      188:  289:    { return std::_Miter_base<_Iterator>::_S_base(__it); }
call    0 never executed
call    1 never executed
branch  2 never executed
branch  3 never executed
call    4 never executed
call    5 never executed
call    6 never executed
call    7 never executed
call    8 never executed
call    9 never executed
call   10 never executed
call   11 returned 100%
call   12 returned 100%
call   13 returned 100%
call   14 returned 100%
call   15 returned 100%
call   16 returned 100%
call   17 returned 100%
call   18 never executed
call   19 never executed
call   20 never executed
call   21 never executed
call   22 never executed
call   23 never executed
call   24 returned 100%
call   25 returned 100%
call   26 returned 100%
        -:  290:
        -:  291:  // All of these auxiliary structs serve two purposes.  (1) Replace
        -:  292:  // calls to copy with memmove whenever possible.  (Memmove, not memcpy,
        -:  293:  // because the input and output ranges are permitted to overlap.)
        -:  294:  // (2) If we're using random access iterators, then write the loop as
        -:  295:  // a for loop with an explicit count.
        -:  296:
        -:  297:  template<bool, bool, typename>
        -:  298:    struct __copy_move
        -:  299:    {
        -:  300:      template<typename _II, typename _OI>
        -:  301:        static _OI
function _ZNSt11__copy_moveILb0ELb0ESt26bidirectional_iterator_tagE8__copy_mIN8my_dequeIZN42Deque_Fixture_my_iter_arrow_op_test_1_TestISt5dequeIiSaIiEEE8TestBodyEvE1SSaIS9_EE14const_iteratorENSB_8iteratorEEET0_T_SF_SE_ called 0 returned 0% blocks executed 0%
function _ZNSt11__copy_moveILb0ELb0ESt26bidirectional_iterator_tagE8__copy_mIN8my_dequeIZN42Deque_Fixture_my_iter_arrow_op_test_2_TestISt5dequeIiSaIiEEE8TestBodyEvE1SSaIS9_EE14const_iteratorENSB_8iteratorEEET0_T_SF_SE_ called 0 returned 0% blocks executed 0%
function _ZNSt11__copy_moveILb0ELb0ESt26bidirectional_iterator_tagE8__copy_mIN8my_dequeIZN42Deque_Fixture_my_iter_arrow_op_test_3_TestISt5dequeIiSaIiEEE8TestBodyEvE1SSaIS9_EE14const_iteratorENSB_8iteratorEEET0_T_SF_SE_ called 0 returned 0% blocks executed 0%
function _ZNSt11__copy_moveILb0ELb0ESt26bidirectional_iterator_tagE8__copy_mIN8my_dequeIZN42Deque_Fixture_my_iter_arrow_op_test_1_TestIS3_IiSaIiEEE8TestBodyEvE1SSaIS8_EE14const_iteratorENSA_8iteratorEEET0_T_SE_SD_ called 0 returned 0% blocks executed 0%
function _ZNSt11__copy_moveILb0ELb0ESt26bidirectional_iterator_tagE8__copy_mIN8my_dequeIZN42Deque_Fixture_my_iter_arrow_op_test_2_TestIS3_IiSaIiEEE8TestBodyEvE1SSaIS8_EE14const_iteratorENSA_8iteratorEEET0_T_SE_SD_ called 0 returned 0% blocks executed 0%
function _ZNSt11__copy_moveILb0ELb0ESt26bidirectional_iterator_tagE8__copy_mIN8my_dequeIZN42Deque_Fixture_my_iter_arrow_op_test_3_TestIS3_IiSaIiEEE8TestBodyEvE1SSaIS8_EE14const_iteratorENSA_8iteratorEEET0_T_SE_SD_ called 0 returned 0% blocks executed 0%
function _ZNSt11__copy_moveILb0ELb0ESt26bidirectional_iterator_tagE8__copy_mIN8my_dequeIZN42Deque_Fixture_my_iter_arrow_op_test_1_TestISt5dequeIiSaIiEEE8TestBodyEvE1SSaIS9_EE8iteratorESC_EET0_T_SE_SD_ called 0 returned 0% blocks executed 0%
function _ZNSt11__copy_moveILb0ELb0ESt26bidirectional_iterator_tagE8__copy_mIN8my_dequeIZN42Deque_Fixture_my_iter_arrow_op_test_2_TestISt5dequeIiSaIiEEE8TestBodyEvE1SSaIS9_EE8iteratorESC_EET0_T_SE_SD_ called 0 returned 0% blocks executed 0%
function _ZNSt11__copy_moveILb0ELb0ESt26bidirectional_iterator_tagE8__copy_mIN8my_dequeIZN42Deque_Fixture_my_iter_arrow_op_test_3_TestISt5dequeIiSaIiEEE8TestBodyEvE1SSaIS9_EE8iteratorESC_EET0_T_SE_SD_ called 0 returned 0% blocks executed 0%
function _ZNSt11__copy_moveILb0ELb0ESt26bidirectional_iterator_tagE8__copy_mIN8my_dequeIZN42Deque_Fixture_my_iter_arrow_op_test_1_TestIS3_IiSaIiEEE8TestBodyEvE1SSaIS8_EE8iteratorESB_EET0_T_SD_SC_ called 0 returned 0% blocks executed 0%
function _ZNSt11__copy_moveILb0ELb0ESt26bidirectional_iterator_tagE8__copy_mIN8my_dequeIZN42Deque_Fixture_my_iter_arrow_op_test_2_TestIS3_IiSaIiEEE8TestBodyEvE1SSaIS8_EE8iteratorESB_EET0_T_SD_SC_ called 0 returned 0% blocks executed 0%
function _ZNSt11__copy_moveILb0ELb0ESt26bidirectional_iterator_tagE8__copy_mIN8my_dequeIZN42Deque_Fixture_my_iter_arrow_op_test_3_TestIS3_IiSaIiEEE8TestBodyEvE1SSaIS8_EE8iteratorESB_EET0_T_SD_SC_ called 0 returned 0% blocks executed 0%
function _ZNSt11__copy_moveILb0ELb0ESt26bidirectional_iterator_tagE8__copy_mIN8my_dequeIiSaIiEE14const_iteratorENS5_8iteratorEEET0_T_S9_S8_ called 3 returned 100% blocks executed 100%
function _ZNSt11__copy_moveILb0ELb0ESt26bidirectional_iterator_tagE8__copy_mIN8my_dequeIiSaIiEE8iteratorES6_EET0_T_S8_S7_ called 17 returned 100% blocks executed 100%
       20:  302:        __copy_m(_II __first, _II __last, _OI __result)
        -:  303:        {
       87:  304:	  for (; __first != __last; ++__result, ++__first)
call    0 never executed
call    1 never executed
call    2 never executed
branch  3 never executed
branch  4 never executed
call    5 never executed
call    6 never executed
call    7 never executed
branch  8 never executed
branch  9 never executed
call   10 never executed
call   11 never executed
call   12 never executed
branch 13 never executed
branch 14 never executed
call   15 never executed
call   16 never executed
call   17 never executed
branch 18 never executed
branch 19 never executed
call   20 never executed
call   21 never executed
call   22 never executed
branch 23 never executed
branch 24 never executed
call   25 never executed
call   26 never executed
call   27 never executed
branch 28 never executed
branch 29 never executed
call   30 never executed
call   31 never executed
call   32 never executed
branch 33 never executed
branch 34 never executed
call   35 never executed
call   36 never executed
call   37 never executed
branch 38 never executed
branch 39 never executed
call   40 never executed
call   41 never executed
call   42 never executed
branch 43 never executed
branch 44 never executed
call   45 never executed
call   46 never executed
call   47 never executed
branch 48 never executed
branch 49 never executed
call   50 never executed
call   51 never executed
call   52 never executed
branch 53 never executed
branch 54 never executed
call   55 never executed
call   56 never executed
call   57 never executed
branch 58 never executed
branch 59 never executed
call   60 returned 100%
call   61 returned 100%
call   62 returned 100%
branch 63 taken 67%
branch 64 taken 33% (fallthrough)
call   65 returned 100%
call   66 returned 100%
call   67 returned 100%
branch 68 taken 78%
branch 69 taken 22% (fallthrough)
       67:  305:	    *__result = *__first;
call    0 never executed
call    1 never executed
call    2 never executed
call    3 never executed
call    4 never executed
call    5 never executed
call    6 never executed
call    7 never executed
call    8 never executed
call    9 never executed
call   10 never executed
call   11 never executed
call   12 never executed
call   13 never executed
call   14 never executed
call   15 never executed
call   16 never executed
call   17 never executed
call   18 never executed
call   19 never executed
call   20 never executed
call   21 never executed
call   22 never executed
call   23 never executed
call   24 returned 100%
call   25 returned 100%
call   26 returned 100%
call   27 returned 100%
       20:  306:	  return __result;
        -:  307:	}
        -:  308:    };
        -:  309:
        -:  310:#if __cplusplus >= 201103L
        -:  311:  template<typename _Category>
        -:  312:    struct __copy_move<true, false, _Category>
        -:  313:    {
        -:  314:      template<typename _II, typename _OI>
        -:  315:        static _OI
        -:  316:        __copy_m(_II __first, _II __last, _OI __result)
        -:  317:        {
        -:  318:	  for (; __first != __last; ++__result, ++__first)
        -:  319:	    *__result = std::move(*__first);
        -:  320:	  return __result;
        -:  321:	}
        -:  322:    };
        -:  323:#endif
        -:  324:
        -:  325:  template<>
        -:  326:    struct __copy_move<false, false, random_access_iterator_tag>
        -:  327:    {
        -:  328:      template<typename _II, typename _OI>
        -:  329:        static _OI
function _ZNSt11__copy_moveILb0ELb0ESt26random_access_iterator_tagE8__copy_mISt15_Deque_iteratorIZN45Deque_Fixture_const_iter_arrow_op_test_1_TestISt5dequeIiSaIiEEE8TestBodyEvE1SRKS9_PSA_ES3_IS9_RS9_PS9_EEET0_T_SI_SH_ called 1 returned 100% blocks executed 100%
function _ZNSt11__copy_moveILb0ELb0ESt26random_access_iterator_tagE8__copy_mISt15_Deque_iteratorIZN45Deque_Fixture_const_iter_arrow_op_test_2_TestISt5dequeIiSaIiEEE8TestBodyEvE1SRKS9_PSA_ES3_IS9_RS9_PS9_EEET0_T_SI_SH_ called 1 returned 100% blocks executed 100%
function _ZNSt11__copy_moveILb0ELb0ESt26random_access_iterator_tagE8__copy_mISt15_Deque_iteratorIZN45Deque_Fixture_const_iter_arrow_op_test_3_TestISt5dequeIiSaIiEEE8TestBodyEvE1SRKS9_PSA_ES3_IS9_RS9_PS9_EEET0_T_SI_SH_ called 1 returned 100% blocks executed 100%
function _ZNSt11__copy_moveILb0ELb0ESt26random_access_iterator_tagE8__copy_mISt15_Deque_iteratorIiRKiPS4_ES3_IiRiPiEEET0_T_SC_SB_ called 64 returned 100% blocks executed 100%
function _ZNSt11__copy_moveILb0ELb0ESt26random_access_iterator_tagE8__copy_mISt15_Deque_iteratorIZN45Deque_Fixture_const_iter_arrow_op_test_1_TestI8my_dequeIiSaIiEEE8TestBodyEvE1SRKS9_PSA_ES3_IS9_RS9_PS9_EEET0_T_SI_SH_ called 1 returned 100% blocks executed 100%
function _ZNSt11__copy_moveILb0ELb0ESt26random_access_iterator_tagE8__copy_mISt15_Deque_iteratorIZN45Deque_Fixture_const_iter_arrow_op_test_2_TestI8my_dequeIiSaIiEEE8TestBodyEvE1SRKS9_PSA_ES3_IS9_RS9_PS9_EEET0_T_SI_SH_ called 1 returned 100% blocks executed 100%
function _ZNSt11__copy_moveILb0ELb0ESt26random_access_iterator_tagE8__copy_mISt15_Deque_iteratorIZN45Deque_Fixture_const_iter_arrow_op_test_3_TestI8my_dequeIiSaIiEEE8TestBodyEvE1SRKS9_PSA_ES3_IS9_RS9_PS9_EEET0_T_SI_SH_ called 1 returned 100% blocks executed 100%
       70:  330:        __copy_m(_II __first, _II __last, _OI __result)
        -:  331:        { 
        -:  332:	  typedef typename iterator_traits<_II>::difference_type _Distance;
      654:  333:	  for(_Distance __n = __last - __first; __n > 0; --__n)
call    0 returned 100%
branch  1 taken 67%
branch  2 taken 33% (fallthrough)
call    3 returned 100%
branch  4 taken 67%
branch  5 taken 33% (fallthrough)
call    6 returned 100%
branch  7 taken 67%
branch  8 taken 33% (fallthrough)
call    9 returned 100%
branch 10 taken 90%
branch 11 taken 10% (fallthrough)
call   12 returned 100%
branch 13 taken 67%
branch 14 taken 33% (fallthrough)
call   15 returned 100%
branch 16 taken 67%
branch 17 taken 33% (fallthrough)
call   18 returned 100%
branch 19 taken 67%
branch 20 taken 33% (fallthrough)
        -:  334:	    {
      584:  335:	      *__result = *__first;
call    0 returned 100%
call    1 returned 100%
call    2 returned 100%
call    3 returned 100%
call    4 returned 100%
call    5 returned 100%
call    6 returned 100%
call    7 returned 100%
call    8 returned 100%
call    9 returned 100%
call   10 returned 100%
call   11 returned 100%
call   12 returned 100%
call   13 returned 100%
      584:  336:	      ++__first;
call    0 returned 100%
call    1 returned 100%
call    2 returned 100%
call    3 returned 100%
call    4 returned 100%
call    5 returned 100%
call    6 returned 100%
      584:  337:	      ++__result;
call    0 returned 100%
call    1 returned 100%
call    2 returned 100%
call    3 returned 100%
call    4 returned 100%
call    5 returned 100%
call    6 returned 100%
        -:  338:	    }
       70:  339:	  return __result;
call    0 returned 100%
call    1 returned 100%
call    2 returned 100%
call    3 returned 100%
call    4 returned 100%
call    5 returned 100%
call    6 returned 100%
        -:  340:	}
        -:  341:    };
        -:  342:
        -:  343:#if __cplusplus >= 201103L
        -:  344:  template<>
        -:  345:    struct __copy_move<true, false, random_access_iterator_tag>
        -:  346:    {
        -:  347:      template<typename _II, typename _OI>
        -:  348:        static _OI
function _ZNSt11__copy_moveILb1ELb0ESt26random_access_iterator_tagE8__copy_mISt15_Deque_iteratorIiRiPiES6_EET0_T_S8_S7_ called 0 returned 0% blocks executed 0%
    #####:  349:        __copy_m(_II __first, _II __last, _OI __result)
        -:  350:        { 
        -:  351:	  typedef typename iterator_traits<_II>::difference_type _Distance;
    #####:  352:	  for(_Distance __n = __last - __first; __n > 0; --__n)
call    0 never executed
branch  1 never executed
branch  2 never executed
        -:  353:	    {
    #####:  354:	      *__result = std::move(*__first);
call    0 never executed
call    1 never executed
call    2 never executed
    #####:  355:	      ++__first;
call    0 never executed
    #####:  356:	      ++__result;
call    0 never executed
        -:  357:	    }
    #####:  358:	  return __result;
call    0 never executed
        -:  359:	}
        -:  360:    };
        -:  361:#endif
        -:  362:
        -:  363:  template<bool _IsMove>
        -:  364:    struct __copy_move<_IsMove, true, random_access_iterator_tag>
        -:  365:    {
        -:  366:      template<typename _Tp>
        -:  367:        static _Tp*
function _ZNSt11__copy_moveILb0ELb1ESt26random_access_iterator_tagE8__copy_mIPiEEPT_PKS4_S7_S5_ called 0 returned 0% blocks executed 0%
function _ZNSt11__copy_moveILb1ELb1ESt26random_access_iterator_tagE8__copy_mIiEEPT_PKS3_S6_S4_ called 1 returned 100% blocks executed 100%
function _ZNSt11__copy_moveILb0ELb1ESt26random_access_iterator_tagE8__copy_mIiEEPT_PKS3_S6_S4_ called 3 returned 100% blocks executed 100%
        4:  368:        __copy_m(const _Tp* __first, const _Tp* __last, _Tp* __result)
        -:  369:        {
        4:  370:	  const ptrdiff_t _Num = __last - __first;
        4:  371:	  if (_Num)
branch  0 never executed
branch  1 never executed
branch  2 taken 100% (fallthrough)
branch  3 taken 0%
branch  4 taken 100% (fallthrough)
branch  5 taken 0%
        4:  372:	    __builtin_memmove(__result, __first, sizeof(_Tp) * _Num);
        4:  373:	  return __result + _Num;
        -:  374:	}
        -:  375:    };
        -:  376:
        -:  377:  template<bool _IsMove, typename _II, typename _OI>
        -:  378:    inline _OI
function _ZSt13__copy_move_aILb1ESt15_Deque_iteratorIiRiPiES3_ET1_T0_S5_S4_ called 0 returned 0% blocks executed 0%
function _ZSt13__copy_move_aILb0EN8my_dequeIZN42Deque_Fixture_my_iter_arrow_op_test_1_TestISt5dequeIiSaIiEEE8TestBodyEvE1SSaIS6_EE14const_iteratorENS8_8iteratorEET1_T0_SC_SB_ called 0 returned 0% blocks executed 0%
function _ZSt13__copy_move_aILb0EN8my_dequeIZN42Deque_Fixture_my_iter_arrow_op_test_2_TestISt5dequeIiSaIiEEE8TestBodyEvE1SSaIS6_EE14const_iteratorENS8_8iteratorEET1_T0_SC_SB_ called 0 returned 0% blocks executed 0%
function _ZSt13__copy_move_aILb0EN8my_dequeIZN42Deque_Fixture_my_iter_arrow_op_test_3_TestISt5dequeIiSaIiEEE8TestBodyEvE1SSaIS6_EE14const_iteratorENS8_8iteratorEET1_T0_SC_SB_ called 0 returned 0% blocks executed 0%
function _ZSt13__copy_move_aILb0EPPiS1_ET1_T0_S3_S2_ called 0 returned 0% blocks executed 0%
function _ZSt13__copy_move_aILb0EN8my_dequeIZN42Deque_Fixture_my_iter_arrow_op_test_1_TestIS0_IiSaIiEEE8TestBodyEvE1SSaIS5_EE14const_iteratorENS7_8iteratorEET1_T0_SB_SA_ called 0 returned 0% blocks executed 0%
function _ZSt13__copy_move_aILb0EN8my_dequeIZN42Deque_Fixture_my_iter_arrow_op_test_2_TestIS0_IiSaIiEEE8TestBodyEvE1SSaIS5_EE14const_iteratorENS7_8iteratorEET1_T0_SB_SA_ called 0 returned 0% blocks executed 0%
function _ZSt13__copy_move_aILb0EN8my_dequeIZN42Deque_Fixture_my_iter_arrow_op_test_3_TestIS0_IiSaIiEEE8TestBodyEvE1SSaIS5_EE14const_iteratorENS7_8iteratorEET1_T0_SB_SA_ called 0 returned 0% blocks executed 0%
function _ZSt13__copy_move_aILb0ESt15_Deque_iteratorIZN45Deque_Fixture_const_iter_arrow_op_test_1_TestISt5dequeIiSaIiEEE8TestBodyEvE1SRKS6_PS7_ES0_IS6_RS6_PS6_EET1_T0_SF_SE_ called 1 returned 100% blocks executed 100%
function _ZSt13__copy_move_aILb0ESt15_Deque_iteratorIZN45Deque_Fixture_const_iter_arrow_op_test_2_TestISt5dequeIiSaIiEEE8TestBodyEvE1SRKS6_PS7_ES0_IS6_RS6_PS6_EET1_T0_SF_SE_ called 1 returned 100% blocks executed 100%
function _ZSt13__copy_move_aILb0ESt15_Deque_iteratorIZN45Deque_Fixture_const_iter_arrow_op_test_3_TestISt5dequeIiSaIiEEE8TestBodyEvE1SRKS6_PS7_ES0_IS6_RS6_PS6_EET1_T0_SF_SE_ called 1 returned 100% blocks executed 100%
function _ZSt13__copy_move_aILb0ESt15_Deque_iteratorIiRKiPS1_ES0_IiRiPiEET1_T0_S9_S8_ called 64 returned 100% blocks executed 100%
function _ZSt13__copy_move_aILb0ESt15_Deque_iteratorIZN45Deque_Fixture_const_iter_arrow_op_test_1_TestI8my_dequeIiSaIiEEE8TestBodyEvE1SRKS6_PS7_ES0_IS6_RS6_PS6_EET1_T0_SF_SE_ called 1 returned 100% blocks executed 100%
function _ZSt13__copy_move_aILb0ESt15_Deque_iteratorIZN45Deque_Fixture_const_iter_arrow_op_test_2_TestI8my_dequeIiSaIiEEE8TestBodyEvE1SRKS6_PS7_ES0_IS6_RS6_PS6_EET1_T0_SF_SE_ called 1 returned 100% blocks executed 100%
function _ZSt13__copy_move_aILb0ESt15_Deque_iteratorIZN45Deque_Fixture_const_iter_arrow_op_test_3_TestI8my_dequeIiSaIiEEE8TestBodyEvE1SRKS6_PS7_ES0_IS6_RS6_PS6_EET1_T0_SF_SE_ called 1 returned 100% blocks executed 100%
function _ZSt13__copy_move_aILb0EN8my_dequeIZN42Deque_Fixture_my_iter_arrow_op_test_1_TestISt5dequeIiSaIiEEE8TestBodyEvE1SSaIS6_EE8iteratorES9_ET1_T0_SB_SA_ called 0 returned 0% blocks executed 0%
function _ZSt13__copy_move_aILb0EN8my_dequeIZN42Deque_Fixture_my_iter_arrow_op_test_2_TestISt5dequeIiSaIiEEE8TestBodyEvE1SSaIS6_EE8iteratorES9_ET1_T0_SB_SA_ called 0 returned 0% blocks executed 0%
function _ZSt13__copy_move_aILb0EN8my_dequeIZN42Deque_Fixture_my_iter_arrow_op_test_3_TestISt5dequeIiSaIiEEE8TestBodyEvE1SSaIS6_EE8iteratorES9_ET1_T0_SB_SA_ called 0 returned 0% blocks executed 0%
function _ZSt13__copy_move_aILb1EPiS0_ET1_T0_S2_S1_ called 1 returned 100% blocks executed 100%
function _ZSt13__copy_move_aILb0EN8my_dequeIZN42Deque_Fixture_my_iter_arrow_op_test_1_TestIS0_IiSaIiEEE8TestBodyEvE1SSaIS5_EE8iteratorES8_ET1_T0_SA_S9_ called 0 returned 0% blocks executed 0%
function _ZSt13__copy_move_aILb0EN8my_dequeIZN42Deque_Fixture_my_iter_arrow_op_test_2_TestIS0_IiSaIiEEE8TestBodyEvE1SSaIS5_EE8iteratorES8_ET1_T0_SA_S9_ called 0 returned 0% blocks executed 0%
function _ZSt13__copy_move_aILb0EN8my_dequeIZN42Deque_Fixture_my_iter_arrow_op_test_3_TestIS0_IiSaIiEEE8TestBodyEvE1SSaIS5_EE8iteratorES8_ET1_T0_SA_S9_ called 0 returned 0% blocks executed 0%
function _ZSt13__copy_move_aILb0EPiS0_ET1_T0_S2_S1_ called 3 returned 100% blocks executed 100%
function _ZSt13__copy_move_aILb0EN8my_dequeIiSaIiEE14const_iteratorENS2_8iteratorEET1_T0_S6_S5_ called 3 returned 100% blocks executed 100%
function _ZSt13__copy_move_aILb0EN8my_dequeIiSaIiEE8iteratorES3_ET1_T0_S5_S4_ called 17 returned 100% blocks executed 100%
       94:  379:    __copy_move_a(_II __first, _II __last, _OI __result)
        -:  380:    {
        -:  381:      typedef typename iterator_traits<_II>::value_type _ValueTypeI;
        -:  382:      typedef typename iterator_traits<_OI>::value_type _ValueTypeO;
        -:  383:      typedef typename iterator_traits<_II>::iterator_category _Category;
        -:  384:      const bool __simple = (__is_trivial(_ValueTypeI)
        -:  385:	                     && __is_pointer<_II>::__value
        -:  386:	                     && __is_pointer<_OI>::__value
       94:  387:			     && __are_same<_ValueTypeI, _ValueTypeO>::__value);
        -:  388:
        -:  389:      return std::__copy_move<_IsMove, __simple,
       94:  390:	                      _Category>::__copy_m(__first, __last, __result);
call    0 never executed
call    1 never executed
call    2 never executed
call    3 never executed
branch  4 never executed
branch  5 never executed
call    6 never executed
call    7 never executed
call    8 never executed
call    9 never executed
call   10 never executed
call   11 never executed
call   12 never executed
call   13 returned 100%
call   14 returned 100%
branch 15 taken 100% (fallthrough)
branch 16 taken 0% (throw)
call   17 returned 100%
call   18 returned 100%
branch 19 taken 100% (fallthrough)
branch 20 taken 0% (throw)
call   21 returned 100%
call   22 returned 100%
branch 23 taken 100% (fallthrough)
branch 24 taken 0% (throw)
call   25 returned 100%
call   26 returned 100%
branch 27 taken 100% (fallthrough)
branch 28 taken 0% (throw)
call   29 returned 100%
call   30 returned 100%
branch 31 taken 100% (fallthrough)
branch 32 taken 0% (throw)
call   33 returned 100%
call   34 returned 100%
branch 35 taken 100% (fallthrough)
branch 36 taken 0% (throw)
call   37 returned 100%
call   38 returned 100%
branch 39 taken 100% (fallthrough)
branch 40 taken 0% (throw)
call   41 never executed
call   42 never executed
call   43 never executed
call   44 returned 100%
call   45 never executed
call   46 never executed
call   47 never executed
call   48 returned 100%
call   49 returned 100%
call   50 returned 100%
        -:  391:    }
        -:  392:
        -:  393:  // Helpers for streambuf iterators (either istream or ostream).
        -:  394:  // NB: avoid including <iosfwd>, relatively large.
        -:  395:  template<typename _CharT>
        -:  396:    struct char_traits;
        -:  397:
        -:  398:  template<typename _CharT, typename _Traits>
        -:  399:    class istreambuf_iterator;
        -:  400:
        -:  401:  template<typename _CharT, typename _Traits>
        -:  402:    class ostreambuf_iterator;
        -:  403:
        -:  404:  template<bool _IsMove, typename _CharT>
        -:  405:    typename __gnu_cxx::__enable_if<__is_char<_CharT>::__value, 
        -:  406:	     ostreambuf_iterator<_CharT, char_traits<_CharT> > >::__type
        -:  407:    __copy_move_a2(_CharT*, _CharT*,
        -:  408:		   ostreambuf_iterator<_CharT, char_traits<_CharT> >);
        -:  409:
        -:  410:  template<bool _IsMove, typename _CharT>
        -:  411:    typename __gnu_cxx::__enable_if<__is_char<_CharT>::__value, 
        -:  412:	     ostreambuf_iterator<_CharT, char_traits<_CharT> > >::__type
        -:  413:    __copy_move_a2(const _CharT*, const _CharT*,
        -:  414:		   ostreambuf_iterator<_CharT, char_traits<_CharT> >);
        -:  415:
        -:  416:  template<bool _IsMove, typename _CharT>
        -:  417:    typename __gnu_cxx::__enable_if<__is_char<_CharT>::__value,
        -:  418:				    _CharT*>::__type
        -:  419:    __copy_move_a2(istreambuf_iterator<_CharT, char_traits<_CharT> >,
        -:  420:		   istreambuf_iterator<_CharT, char_traits<_CharT> >, _CharT*);
        -:  421:
        -:  422:  template<bool _IsMove, typename _II, typename _OI>
        -:  423:    inline _OI
function _ZSt14__copy_move_a2ILb1ESt15_Deque_iteratorIiRiPiES3_ET1_T0_S5_S4_ called 0 returned 0% blocks executed 0%
function _ZSt14__copy_move_a2ILb0EN8my_dequeIZN42Deque_Fixture_my_iter_arrow_op_test_1_TestISt5dequeIiSaIiEEE8TestBodyEvE1SSaIS6_EE14const_iteratorENS8_8iteratorEET1_T0_SC_SB_ called 0 returned 0% blocks executed 0%
function _ZSt14__copy_move_a2ILb0EN8my_dequeIZN42Deque_Fixture_my_iter_arrow_op_test_2_TestISt5dequeIiSaIiEEE8TestBodyEvE1SSaIS6_EE14const_iteratorENS8_8iteratorEET1_T0_SC_SB_ called 0 returned 0% blocks executed 0%
function _ZSt14__copy_move_a2ILb0EN8my_dequeIZN42Deque_Fixture_my_iter_arrow_op_test_3_TestISt5dequeIiSaIiEEE8TestBodyEvE1SSaIS6_EE14const_iteratorENS8_8iteratorEET1_T0_SC_SB_ called 0 returned 0% blocks executed 0%
function _ZSt14__copy_move_a2ILb0EPPiS1_ET1_T0_S3_S2_ called 0 returned 0% blocks executed 0%
function _ZSt14__copy_move_a2ILb0EN8my_dequeIZN42Deque_Fixture_my_iter_arrow_op_test_1_TestIS0_IiSaIiEEE8TestBodyEvE1SSaIS5_EE14const_iteratorENS7_8iteratorEET1_T0_SB_SA_ called 0 returned 0% blocks executed 0%
function _ZSt14__copy_move_a2ILb0EN8my_dequeIZN42Deque_Fixture_my_iter_arrow_op_test_2_TestIS0_IiSaIiEEE8TestBodyEvE1SSaIS5_EE14const_iteratorENS7_8iteratorEET1_T0_SB_SA_ called 0 returned 0% blocks executed 0%
function _ZSt14__copy_move_a2ILb0EN8my_dequeIZN42Deque_Fixture_my_iter_arrow_op_test_3_TestIS0_IiSaIiEEE8TestBodyEvE1SSaIS5_EE14const_iteratorENS7_8iteratorEET1_T0_SB_SA_ called 0 returned 0% blocks executed 0%
function _ZSt14__copy_move_a2ILb0ESt15_Deque_iteratorIZN45Deque_Fixture_const_iter_arrow_op_test_1_TestISt5dequeIiSaIiEEE8TestBodyEvE1SRKS6_PS7_ES0_IS6_RS6_PS6_EET1_T0_SF_SE_ called 1 returned 100% blocks executed 89%
function _ZSt14__copy_move_a2ILb0ESt15_Deque_iteratorIZN45Deque_Fixture_const_iter_arrow_op_test_2_TestISt5dequeIiSaIiEEE8TestBodyEvE1SRKS6_PS7_ES0_IS6_RS6_PS6_EET1_T0_SF_SE_ called 1 returned 100% blocks executed 89%
function _ZSt14__copy_move_a2ILb0ESt15_Deque_iteratorIZN45Deque_Fixture_const_iter_arrow_op_test_3_TestISt5dequeIiSaIiEEE8TestBodyEvE1SRKS6_PS7_ES0_IS6_RS6_PS6_EET1_T0_SF_SE_ called 1 returned 100% blocks executed 89%
function _ZSt14__copy_move_a2ILb0ESt15_Deque_iteratorIiRKiPS1_ES0_IiRiPiEET1_T0_S9_S8_ called 64 returned 100% blocks executed 89%
function _ZSt14__copy_move_a2ILb0ESt15_Deque_iteratorIZN45Deque_Fixture_const_iter_arrow_op_test_1_TestI8my_dequeIiSaIiEEE8TestBodyEvE1SRKS6_PS7_ES0_IS6_RS6_PS6_EET1_T0_SF_SE_ called 1 returned 100% blocks executed 89%
function _ZSt14__copy_move_a2ILb0ESt15_Deque_iteratorIZN45Deque_Fixture_const_iter_arrow_op_test_2_TestI8my_dequeIiSaIiEEE8TestBodyEvE1SRKS6_PS7_ES0_IS6_RS6_PS6_EET1_T0_SF_SE_ called 1 returned 100% blocks executed 89%
function _ZSt14__copy_move_a2ILb0ESt15_Deque_iteratorIZN45Deque_Fixture_const_iter_arrow_op_test_3_TestI8my_dequeIiSaIiEEE8TestBodyEvE1SRKS6_PS7_ES0_IS6_RS6_PS6_EET1_T0_SF_SE_ called 1 returned 100% blocks executed 89%
function _ZSt14__copy_move_a2ILb0EN8my_dequeIZN42Deque_Fixture_my_iter_arrow_op_test_1_TestISt5dequeIiSaIiEEE8TestBodyEvE1SSaIS6_EE8iteratorES9_ET1_T0_SB_SA_ called 0 returned 0% blocks executed 0%
function _ZSt14__copy_move_a2ILb0EN8my_dequeIZN42Deque_Fixture_my_iter_arrow_op_test_2_TestISt5dequeIiSaIiEEE8TestBodyEvE1SSaIS6_EE8iteratorES9_ET1_T0_SB_SA_ called 0 returned 0% blocks executed 0%
function _ZSt14__copy_move_a2ILb0EN8my_dequeIZN42Deque_Fixture_my_iter_arrow_op_test_3_TestISt5dequeIiSaIiEEE8TestBodyEvE1SSaIS6_EE8iteratorES9_ET1_T0_SB_SA_ called 0 returned 0% blocks executed 0%
function _ZSt14__copy_move_a2ILb1EPiS0_ET1_T0_S2_S1_ called 1 returned 100% blocks executed 100%
function _ZSt14__copy_move_a2ILb0EN8my_dequeIZN42Deque_Fixture_my_iter_arrow_op_test_1_TestIS0_IiSaIiEEE8TestBodyEvE1SSaIS5_EE8iteratorES8_ET1_T0_SA_S9_ called 0 returned 0% blocks executed 0%
function _ZSt14__copy_move_a2ILb0EN8my_dequeIZN42Deque_Fixture_my_iter_arrow_op_test_2_TestIS0_IiSaIiEEE8TestBodyEvE1SSaIS5_EE8iteratorES8_ET1_T0_SA_S9_ called 0 returned 0% blocks executed 0%
function _ZSt14__copy_move_a2ILb0EN8my_dequeIZN42Deque_Fixture_my_iter_arrow_op_test_3_TestIS0_IiSaIiEEE8TestBodyEvE1SSaIS5_EE8iteratorES8_ET1_T0_SA_S9_ called 0 returned 0% blocks executed 0%
function _ZSt14__copy_move_a2ILb0EPiS0_ET1_T0_S2_S1_ called 3 returned 100% blocks executed 100%
function _ZSt14__copy_move_a2ILb0EN8my_dequeIiSaIiEE14const_iteratorENS2_8iteratorEET1_T0_S6_S5_ called 3 returned 100% blocks executed 100%
function _ZSt14__copy_move_a2ILb0EN8my_dequeIiSaIiEE8iteratorES3_ET1_T0_S5_S4_ called 17 returned 100% blocks executed 100%
       94:  424:    __copy_move_a2(_II __first, _II __last, _OI __result)
        -:  425:    {
        -:  426:      return _OI(std::__copy_move_a<_IsMove>(std::__niter_base(__first),
        -:  427:					     std::__niter_base(__last),
       94:  428:					     std::__niter_base(__result)));
call    0 never executed
call    1 never executed
branch  2 never executed
branch  3 never executed
call    4 never executed
call    5 never executed
branch  6 never executed
branch  7 never executed
call    8 never executed
call    9 never executed
branch 10 never executed
branch 11 never executed
call   12 never executed
branch 13 never executed
branch 14 never executed
call   15 never executed
call   16 never executed
call   17 never executed
call   18 never executed
call   19 never executed
call   20 never executed
call   21 never executed
call   22 never executed
call   23 never executed
call   24 never executed
call   25 never executed
call   26 never executed
call   27 never executed
call   28 never executed
call   29 never executed
call   30 never executed
call   31 never executed
call   32 never executed
call   33 never executed
call   34 never executed
call   35 never executed
call   36 never executed
call   37 never executed
call   38 never executed
call   39 never executed
call   40 never executed
call   41 never executed
call   42 never executed
call   43 returned 100%
call   44 returned 100%
branch 45 taken 100% (fallthrough)
branch 46 taken 0% (throw)
call   47 returned 100%
call   48 returned 100%
call   49 returned 100%
branch 50 taken 100% (fallthrough)
branch 51 taken 0% (throw)
call   52 returned 100%
call   53 returned 100%
branch 54 taken 100% (fallthrough)
branch 55 taken 0% (throw)
call   56 returned 100%
call   57 returned 100%
call   58 returned 100%
branch 59 taken 100% (fallthrough)
branch 60 taken 0% (throw)
call   61 returned 100%
call   62 returned 100%
branch 63 taken 100% (fallthrough)
branch 64 taken 0% (throw)
call   65 returned 100%
call   66 returned 100%
call   67 returned 100%
branch 68 taken 100% (fallthrough)
branch 69 taken 0% (throw)
call   70 returned 100%
call   71 returned 100%
branch 72 taken 100% (fallthrough)
branch 73 taken 0% (throw)
call   74 returned 100%
branch 75 taken 100% (fallthrough)
branch 76 taken 0% (throw)
call   77 returned 100%
branch 78 taken 100% (fallthrough)
branch 79 taken 0% (throw)
call   80 returned 100%
branch 81 taken 100% (fallthrough)
branch 82 taken 0% (throw)
call   83 returned 100%
call   84 returned 100%
branch 85 taken 100% (fallthrough)
branch 86 taken 0% (throw)
call   87 returned 100%
call   88 returned 100%
call   89 returned 100%
branch 90 taken 100% (fallthrough)
branch 91 taken 0% (throw)
call   92 returned 100%
call   93 returned 100%
branch 94 taken 100% (fallthrough)
branch 95 taken 0% (throw)
call   96 returned 100%
call   97 returned 100%
call   98 returned 100%
branch 99 taken 100% (fallthrough)
branch 100 taken 0% (throw)
call   101 returned 100%
call   102 returned 100%
branch 103 taken 100% (fallthrough)
branch 104 taken 0% (throw)
call   105 returned 100%
call   106 returned 100%
call   107 returned 100%
branch 108 taken 100% (fallthrough)
branch 109 taken 0% (throw)
call   110 never executed
call   111 never executed
call   112 never executed
call   113 never executed
call   114 never executed
call   115 never executed
call   116 never executed
call   117 never executed
call   118 never executed
call   119 never executed
call   120 never executed
call   121 never executed
call   122 returned 100%
call   123 returned 100%
call   124 returned 100%
call   125 returned 100%
call   126 never executed
call   127 never executed
call   128 never executed
call   129 never executed
call   130 never executed
call   131 never executed
call   132 never executed
call   133 never executed
call   134 never executed
call   135 never executed
call   136 never executed
call   137 never executed
call   138 returned 100%
call   139 returned 100%
call   140 returned 100%
call   141 returned 100%
call   142 returned 100%
call   143 returned 100%
call   144 returned 100%
call   145 returned 100%
call   146 returned 100%
call   147 returned 100%
call   148 returned 100%
call   149 returned 100%
        -:  429:    }
        -:  430:
        -:  431:  /**
        -:  432:   *  @brief Copies the range [first,last) into result.
        -:  433:   *  @ingroup mutating_algorithms
        -:  434:   *  @param  __first  An input iterator.
        -:  435:   *  @param  __last   An input iterator.
        -:  436:   *  @param  __result An output iterator.
        -:  437:   *  @return   result + (first - last)
        -:  438:   *
        -:  439:   *  This inline function will boil down to a call to @c memmove whenever
        -:  440:   *  possible.  Failing that, if random access iterators are passed, then the
        -:  441:   *  loop count will be known (and therefore a candidate for compiler
        -:  442:   *  optimizations such as unrolling).  Result may not be contained within
        -:  443:   *  [first,last); the copy_backward function should be used instead.
        -:  444:   *
        -:  445:   *  Note that the end of the output range is permitted to be contained
        -:  446:   *  within [first,last).
        -:  447:  */
        -:  448:  template<typename _II, typename _OI>
        -:  449:    inline _OI
function _ZSt4copyISt13move_iteratorISt15_Deque_iteratorIiRiPiEES4_ET0_T_S7_S6_ called 0 returned 0% blocks executed 0%
function _ZSt4copyIN8my_dequeIZN42Deque_Fixture_my_iter_arrow_op_test_1_TestISt5dequeIiSaIiEEE8TestBodyEvE1SSaIS6_EE14const_iteratorENS8_8iteratorEET0_T_SC_SB_ called 0 returned 0% blocks executed 0%
function _ZSt4copyIN8my_dequeIZN42Deque_Fixture_my_iter_arrow_op_test_2_TestISt5dequeIiSaIiEEE8TestBodyEvE1SSaIS6_EE14const_iteratorENS8_8iteratorEET0_T_SC_SB_ called 0 returned 0% blocks executed 0%
function _ZSt4copyIN8my_dequeIZN42Deque_Fixture_my_iter_arrow_op_test_3_TestISt5dequeIiSaIiEEE8TestBodyEvE1SSaIS6_EE14const_iteratorENS8_8iteratorEET0_T_SC_SB_ called 0 returned 0% blocks executed 0%
function _ZSt4copyIPPiS1_ET0_T_S3_S2_ called 0 returned 0% blocks executed 0%
function _ZSt4copyIN8my_dequeIZN42Deque_Fixture_my_iter_arrow_op_test_1_TestIS0_IiSaIiEEE8TestBodyEvE1SSaIS5_EE14const_iteratorENS7_8iteratorEET0_T_SB_SA_ called 0 returned 0% blocks executed 0%
function _ZSt4copyIN8my_dequeIZN42Deque_Fixture_my_iter_arrow_op_test_2_TestIS0_IiSaIiEEE8TestBodyEvE1SSaIS5_EE14const_iteratorENS7_8iteratorEET0_T_SB_SA_ called 0 returned 0% blocks executed 0%
function _ZSt4copyIN8my_dequeIZN42Deque_Fixture_my_iter_arrow_op_test_3_TestIS0_IiSaIiEEE8TestBodyEvE1SSaIS5_EE14const_iteratorENS7_8iteratorEET0_T_SB_SA_ called 0 returned 0% blocks executed 0%
function _ZSt4copyISt15_Deque_iteratorIZN45Deque_Fixture_const_iter_arrow_op_test_1_TestISt5dequeIiSaIiEEE8TestBodyEvE1SRKS6_PS7_ES0_IS6_RS6_PS6_EET0_T_SF_SE_ called 1 returned 100% blocks executed 100%
function _ZSt4copyISt15_Deque_iteratorIZN45Deque_Fixture_const_iter_arrow_op_test_2_TestISt5dequeIiSaIiEEE8TestBodyEvE1SRKS6_PS7_ES0_IS6_RS6_PS6_EET0_T_SF_SE_ called 1 returned 100% blocks executed 100%
function _ZSt4copyISt15_Deque_iteratorIZN45Deque_Fixture_const_iter_arrow_op_test_3_TestISt5dequeIiSaIiEEE8TestBodyEvE1SRKS6_PS7_ES0_IS6_RS6_PS6_EET0_T_SF_SE_ called 1 returned 100% blocks executed 100%
function _ZSt4copyISt15_Deque_iteratorIiRKiPS1_ES0_IiRiPiEET0_T_S9_S8_ called 64 returned 100% blocks executed 100%
function _ZSt4copyISt15_Deque_iteratorIZN45Deque_Fixture_const_iter_arrow_op_test_1_TestI8my_dequeIiSaIiEEE8TestBodyEvE1SRKS6_PS7_ES0_IS6_RS6_PS6_EET0_T_SF_SE_ called 1 returned 100% blocks executed 100%
function _ZSt4copyISt15_Deque_iteratorIZN45Deque_Fixture_const_iter_arrow_op_test_2_TestI8my_dequeIiSaIiEEE8TestBodyEvE1SRKS6_PS7_ES0_IS6_RS6_PS6_EET0_T_SF_SE_ called 1 returned 100% blocks executed 100%
function _ZSt4copyISt15_Deque_iteratorIZN45Deque_Fixture_const_iter_arrow_op_test_3_TestI8my_dequeIiSaIiEEE8TestBodyEvE1SRKS6_PS7_ES0_IS6_RS6_PS6_EET0_T_SF_SE_ called 1 returned 100% blocks executed 100%
function _ZSt4copyIN8my_dequeIZN42Deque_Fixture_my_iter_arrow_op_test_1_TestISt5dequeIiSaIiEEE8TestBodyEvE1SSaIS6_EE8iteratorES9_ET0_T_SB_SA_ called 0 returned 0% blocks executed 0%
function _ZSt4copyIN8my_dequeIZN42Deque_Fixture_my_iter_arrow_op_test_2_TestISt5dequeIiSaIiEEE8TestBodyEvE1SSaIS6_EE8iteratorES9_ET0_T_SB_SA_ called 0 returned 0% blocks executed 0%
function _ZSt4copyIN8my_dequeIZN42Deque_Fixture_my_iter_arrow_op_test_3_TestISt5dequeIiSaIiEEE8TestBodyEvE1SSaIS6_EE8iteratorES9_ET0_T_SB_SA_ called 0 returned 0% blocks executed 0%
function _ZSt4copyIN8my_dequeIZN42Deque_Fixture_my_iter_arrow_op_test_1_TestIS0_IiSaIiEEE8TestBodyEvE1SSaIS5_EE8iteratorES8_ET0_T_SA_S9_ called 0 returned 0% blocks executed 0%
function _ZSt4copyIN8my_dequeIZN42Deque_Fixture_my_iter_arrow_op_test_2_TestIS0_IiSaIiEEE8TestBodyEvE1SSaIS5_EE8iteratorES8_ET0_T_SA_S9_ called 0 returned 0% blocks executed 0%
function _ZSt4copyIN8my_dequeIZN42Deque_Fixture_my_iter_arrow_op_test_3_TestIS0_IiSaIiEEE8TestBodyEvE1SSaIS5_EE8iteratorES8_ET0_T_SA_S9_ called 0 returned 0% blocks executed 0%
function _ZSt4copyIPiS0_ET0_T_S2_S1_ called 3 returned 100% blocks executed 100%
function _ZSt4copyIN8my_dequeIiSaIiEE14const_iteratorENS2_8iteratorEET0_T_S6_S5_ called 3 returned 100% blocks executed 100%
function _ZSt4copyIN8my_dequeIiSaIiEE8iteratorES3_ET0_T_S5_S4_ called 17 returned 100% blocks executed 100%
       93:  450:    copy(_II __first, _II __last, _OI __result)
        -:  451:    {
        -:  452:      // concept requirements
        -:  453:      __glibcxx_function_requires(_InputIteratorConcept<_II>)
        -:  454:      __glibcxx_function_requires(_OutputIteratorConcept<_OI,
        -:  455:	    typename iterator_traits<_II>::value_type>)
        -:  456:      __glibcxx_requires_valid_range(__first, __last);
        -:  457:
        -:  458:      return (std::__copy_move_a2<__is_move_iterator<_II>::__value>
        -:  459:	      (std::__miter_base(__first), std::__miter_base(__last),
       93:  460:	       __result));
call    0 never executed
call    1 never executed
call    2 never executed
branch  3 never executed
branch  4 never executed
call    5 never executed
call    6 never executed
branch  7 never executed
branch  8 never executed
call    9 never executed
branch 10 never executed
branch 11 never executed
call   12 never executed
call   13 never executed
call   14 never executed
call   15 never executed
call   16 never executed
call   17 never executed
call   18 never executed
call   19 never executed
call   20 never executed
call   21 never executed
call   22 never executed
call   23 never executed
call   24 never executed
call   25 never executed
call   26 never executed
call   27 never executed
call   28 never executed
call   29 never executed
call   30 never executed
call   31 never executed
call   32 never executed
call   33 returned 100%
call   34 returned 100%
branch 35 taken 100% (fallthrough)
branch 36 taken 0% (throw)
call   37 returned 100%
branch 38 taken 100% (fallthrough)
branch 39 taken 0% (throw)
call   40 returned 100%
branch 41 taken 100% (fallthrough)
branch 42 taken 0% (throw)
call   43 returned 100%
call   44 returned 100%
branch 45 taken 100% (fallthrough)
branch 46 taken 0% (throw)
call   47 returned 100%
branch 48 taken 100% (fallthrough)
branch 49 taken 0% (throw)
call   50 returned 100%
branch 51 taken 100% (fallthrough)
branch 52 taken 0% (throw)
call   53 returned 100%
call   54 returned 100%
branch 55 taken 100% (fallthrough)
branch 56 taken 0% (throw)
call   57 returned 100%
branch 58 taken 100% (fallthrough)
branch 59 taken 0% (throw)
call   60 returned 100%
branch 61 taken 100% (fallthrough)
branch 62 taken 0% (throw)
call   63 returned 100%
call   64 returned 100%
call   65 returned 100%
call   66 returned 100%
branch 67 taken 100% (fallthrough)
branch 68 taken 0% (throw)
call   69 returned 100%
call   70 returned 100%
branch 71 taken 100% (fallthrough)
branch 72 taken 0% (throw)
call   73 returned 100%
branch 74 taken 100% (fallthrough)
branch 75 taken 0% (throw)
call   76 returned 100%
branch 77 taken 100% (fallthrough)
branch 78 taken 0% (throw)
call   79 returned 100%
call   80 returned 100%
branch 81 taken 100% (fallthrough)
branch 82 taken 0% (throw)
call   83 returned 100%
branch 84 taken 100% (fallthrough)
branch 85 taken 0% (throw)
call   86 returned 100%
branch 87 taken 100% (fallthrough)
branch 88 taken 0% (throw)
call   89 returned 100%
call   90 returned 100%
branch 91 taken 100% (fallthrough)
branch 92 taken 0% (throw)
call   93 returned 100%
branch 94 taken 100% (fallthrough)
branch 95 taken 0% (throw)
call   96 returned 100%
branch 97 taken 100% (fallthrough)
branch 98 taken 0% (throw)
call   99 never executed
call   100 never executed
call   101 never executed
call   102 never executed
call   103 never executed
call   104 never executed
call   105 never executed
call   106 never executed
call   107 never executed
call   108 never executed
call   109 never executed
call   110 never executed
call   111 never executed
call   112 never executed
call   113 never executed
call   114 never executed
call   115 never executed
call   116 never executed
call   117 returned 100%
call   118 returned 100%
call   119 returned 100%
call   120 returned 100%
call   121 returned 100%
call   122 returned 100%
call   123 returned 100%
call   124 returned 100%
call   125 returned 100%
        -:  461:    }
        -:  462:
        -:  463:#if __cplusplus >= 201103L
        -:  464:  /**
        -:  465:   *  @brief Moves the range [first,last) into result.
        -:  466:   *  @ingroup mutating_algorithms
        -:  467:   *  @param  __first  An input iterator.
        -:  468:   *  @param  __last   An input iterator.
        -:  469:   *  @param  __result An output iterator.
        -:  470:   *  @return   result + (first - last)
        -:  471:   *
        -:  472:   *  This inline function will boil down to a call to @c memmove whenever
        -:  473:   *  possible.  Failing that, if random access iterators are passed, then the
        -:  474:   *  loop count will be known (and therefore a candidate for compiler
        -:  475:   *  optimizations such as unrolling).  Result may not be contained within
        -:  476:   *  [first,last); the move_backward function should be used instead.
        -:  477:   *
        -:  478:   *  Note that the end of the output range is permitted to be contained
        -:  479:   *  within [first,last).
        -:  480:  */
        -:  481:  template<typename _II, typename _OI>
        -:  482:    inline _OI
function _ZSt4moveIPiS0_ET0_T_S2_S1_ called 1 returned 100% blocks executed 100%
        1:  483:    move(_II __first, _II __last, _OI __result)
        -:  484:    {
        -:  485:      // concept requirements
        -:  486:      __glibcxx_function_requires(_InputIteratorConcept<_II>)
        -:  487:      __glibcxx_function_requires(_OutputIteratorConcept<_OI,
        -:  488:	    typename iterator_traits<_II>::value_type>)
        -:  489:      __glibcxx_requires_valid_range(__first, __last);
        -:  490:
        -:  491:      return std::__copy_move_a2<true>(std::__miter_base(__first),
        1:  492:				       std::__miter_base(__last), __result);
call    0 returned 100%
call    1 returned 100%
call    2 returned 100%
        -:  493:    }
        -:  494:
        -:  495:#define _GLIBCXX_MOVE3(_Tp, _Up, _Vp) std::move(_Tp, _Up, _Vp)
        -:  496:#else
        -:  497:#define _GLIBCXX_MOVE3(_Tp, _Up, _Vp) std::copy(_Tp, _Up, _Vp)
        -:  498:#endif
        -:  499:
        -:  500:  template<bool, bool, typename>
        -:  501:    struct __copy_move_backward
        -:  502:    {
        -:  503:      template<typename _BI1, typename _BI2>
        -:  504:        static _BI2
        -:  505:        __copy_move_b(_BI1 __first, _BI1 __last, _BI2 __result)
        -:  506:        {
        -:  507:	  while (__first != __last)
        -:  508:	    *--__result = *--__last;
        -:  509:	  return __result;
        -:  510:	}
        -:  511:    };
        -:  512:
        -:  513:#if __cplusplus >= 201103L
        -:  514:  template<typename _Category>
        -:  515:    struct __copy_move_backward<true, false, _Category>
        -:  516:    {
        -:  517:      template<typename _BI1, typename _BI2>
        -:  518:        static _BI2
        -:  519:        __copy_move_b(_BI1 __first, _BI1 __last, _BI2 __result)
        -:  520:        {
        -:  521:	  while (__first != __last)
        -:  522:	    *--__result = std::move(*--__last);
        -:  523:	  return __result;
        -:  524:	}
        -:  525:    };
        -:  526:#endif
        -:  527:
        -:  528:  template<>
        -:  529:    struct __copy_move_backward<false, false, random_access_iterator_tag>
        -:  530:    {
        -:  531:      template<typename _BI1, typename _BI2>
        -:  532:        static _BI2
        -:  533:        __copy_move_b(_BI1 __first, _BI1 __last, _BI2 __result)
        -:  534:        {
        -:  535:	  typename iterator_traits<_BI1>::difference_type __n;
        -:  536:	  for (__n = __last - __first; __n > 0; --__n)
        -:  537:	    *--__result = *--__last;
        -:  538:	  return __result;
        -:  539:	}
        -:  540:    };
        -:  541:
        -:  542:#if __cplusplus >= 201103L
        -:  543:  template<>
        -:  544:    struct __copy_move_backward<true, false, random_access_iterator_tag>
        -:  545:    {
        -:  546:      template<typename _BI1, typename _BI2>
        -:  547:        static _BI2
        -:  548:        __copy_move_b(_BI1 __first, _BI1 __last, _BI2 __result)
        -:  549:        {
        -:  550:	  typename iterator_traits<_BI1>::difference_type __n;
        -:  551:	  for (__n = __last - __first; __n > 0; --__n)
        -:  552:	    *--__result = std::move(*--__last);
        -:  553:	  return __result;
        -:  554:	}
        -:  555:    };
        -:  556:#endif
        -:  557:
        -:  558:  template<bool _IsMove>
        -:  559:    struct __copy_move_backward<_IsMove, true, random_access_iterator_tag>
        -:  560:    {
        -:  561:      template<typename _Tp>
        -:  562:        static _Tp*
function _ZNSt20__copy_move_backwardILb0ELb1ESt26random_access_iterator_tagE13__copy_move_bIPiEEPT_PKS4_S7_S5_ called 0 returned 0% blocks executed 0%
function _ZNSt20__copy_move_backwardILb1ELb1ESt26random_access_iterator_tagE13__copy_move_bIiEEPT_PKS3_S6_S4_ called 0 returned 0% blocks executed 0%
    #####:  563:        __copy_move_b(const _Tp* __first, const _Tp* __last, _Tp* __result)
        -:  564:        {
    #####:  565:	  const ptrdiff_t _Num = __last - __first;
    #####:  566:	  if (_Num)
branch  0 never executed
branch  1 never executed
branch  2 never executed
branch  3 never executed
    #####:  567:	    __builtin_memmove(__result - _Num, __first, sizeof(_Tp) * _Num);
    #####:  568:	  return __result - _Num;
        -:  569:	}
        -:  570:    };
        -:  571:
        -:  572:  template<bool _IsMove, typename _BI1, typename _BI2>
        -:  573:    inline _BI2
function _ZSt22__copy_move_backward_aILb0EPPiS1_ET1_T0_S3_S2_ called 0 returned 0% blocks executed 0%
function _ZSt22__copy_move_backward_aILb1EPiS0_ET1_T0_S2_S1_ called 0 returned 0% blocks executed 0%
    #####:  574:    __copy_move_backward_a(_BI1 __first, _BI1 __last, _BI2 __result)
        -:  575:    {
        -:  576:      typedef typename iterator_traits<_BI1>::value_type _ValueType1;
        -:  577:      typedef typename iterator_traits<_BI2>::value_type _ValueType2;
        -:  578:      typedef typename iterator_traits<_BI1>::iterator_category _Category;
        -:  579:      const bool __simple = (__is_trivial(_ValueType1)
        -:  580:	                     && __is_pointer<_BI1>::__value
        -:  581:	                     && __is_pointer<_BI2>::__value
    #####:  582:			     && __are_same<_ValueType1, _ValueType2>::__value);
        -:  583:
        -:  584:      return std::__copy_move_backward<_IsMove, __simple,
        -:  585:	                               _Category>::__copy_move_b(__first,
        -:  586:								 __last,
    #####:  587:								 __result);
call    0 never executed
call    1 never executed
        -:  588:    }
        -:  589:
        -:  590:  template<bool _IsMove, typename _BI1, typename _BI2>
        -:  591:    inline _BI2
function _ZSt23__copy_move_backward_a2ILb0EPPiS1_ET1_T0_S3_S2_ called 0 returned 0% blocks executed 0%
function _ZSt23__copy_move_backward_a2ILb1EPiS0_ET1_T0_S2_S1_ called 0 returned 0% blocks executed 0%
    #####:  592:    __copy_move_backward_a2(_BI1 __first, _BI1 __last, _BI2 __result)
        -:  593:    {
        -:  594:      return _BI2(std::__copy_move_backward_a<_IsMove>
        -:  595:		  (std::__niter_base(__first), std::__niter_base(__last),
    #####:  596:		   std::__niter_base(__result)));
call    0 never executed
call    1 never executed
call    2 never executed
call    3 never executed
call    4 never executed
call    5 never executed
call    6 never executed
call    7 never executed
        -:  597:    }
        -:  598:
        -:  599:  /**
        -:  600:   *  @brief Copies the range [first,last) into result.
        -:  601:   *  @ingroup mutating_algorithms
        -:  602:   *  @param  __first  A bidirectional iterator.
        -:  603:   *  @param  __last   A bidirectional iterator.
        -:  604:   *  @param  __result A bidirectional iterator.
        -:  605:   *  @return   result - (first - last)
        -:  606:   *
        -:  607:   *  The function has the same effect as copy, but starts at the end of the
        -:  608:   *  range and works its way to the start, returning the start of the result.
        -:  609:   *  This inline function will boil down to a call to @c memmove whenever
        -:  610:   *  possible.  Failing that, if random access iterators are passed, then the
        -:  611:   *  loop count will be known (and therefore a candidate for compiler
        -:  612:   *  optimizations such as unrolling).
        -:  613:   *
        -:  614:   *  Result may not be in the range (first,last].  Use copy instead.  Note
        -:  615:   *  that the start of the output range may overlap [first,last).
        -:  616:  */
        -:  617:  template<typename _BI1, typename _BI2>
        -:  618:    inline _BI2
function _ZSt13copy_backwardIPPiS1_ET0_T_S3_S2_ called 0 returned 0% blocks executed 0%
    #####:  619:    copy_backward(_BI1 __first, _BI1 __last, _BI2 __result)
        -:  620:    {
        -:  621:      // concept requirements
        -:  622:      __glibcxx_function_requires(_BidirectionalIteratorConcept<_BI1>)
        -:  623:      __glibcxx_function_requires(_Mutable_BidirectionalIteratorConcept<_BI2>)
        -:  624:      __glibcxx_function_requires(_ConvertibleConcept<
        -:  625:	    typename iterator_traits<_BI1>::value_type,
        -:  626:	    typename iterator_traits<_BI2>::value_type>)
        -:  627:      __glibcxx_requires_valid_range(__first, __last);
        -:  628:
[...]
branch  9 taken 25% (fallthrough)
call   10 returned 100%
call   11 returned 100%
call   12 returned 100%
branch 13 taken 75% (fallthrough)
branch 14 taken 25%
call   15 returned 100%
branch 16 taken 100% (fallthrough)
branch 17 taken 0%
branch 18 taken 75%
branch 19 taken 25% (fallthrough)
        -:  886:	     ++__first1, ++__first2)
        -:  887:	  {
       12:  888:	    if (*__first1 < *__first2)
call    0 returned 100%
call    1 returned 100%
branch  2 taken 33% (fallthrough)
branch  3 taken 67%
call    4 returned 100%
call    5 returned 100%
branch  6 taken 33% (fallthrough)
branch  7 taken 67%
        4:  889:	      return true;
        8:  890:	    if (*__first2 < *__first1)
call    0 returned 100%
call    1 returned 100%
branch  2 taken 0% (fallthrough)
branch  3 taken 100%
call    4 returned 100%
call    5 returned 100%
branch  6 taken 0% (fallthrough)
branch  7 taken 100%
    #####:  891:	      return false;
        -:  892:	  }
        4:  893:	return __first1 == __last1 && __first2 != __last2;
call    0 returned 100%
branch  1 taken 100% (fallthrough)
branch  2 taken 0%
call    3 returned 100%
branch  4 taken 50% (fallthrough)
branch  5 taken 50%
call    6 returned 100%
branch  7 taken 100% (fallthrough)
branch  8 taken 0%
call    9 returned 100%
branch 10 taken 50% (fallthrough)
branch 11 taken 50%
        -:  894:      }
        -:  895:
        -:  896:  template<>
        -:  897:    struct __lexicographical_compare<true>
        -:  898:    {
        -:  899:      template<typename _Tp, typename _Up>
        -:  900:        static bool
        -:  901:        __lc(const _Tp* __first1, const _Tp* __last1,
        -:  902:	     const _Up* __first2, const _Up* __last2)
        -:  903:	{
        -:  904:	  const size_t __len1 = __last1 - __first1;
        -:  905:	  const size_t __len2 = __last2 - __first2;
        -:  906:	  const int __result = __builtin_memcmp(__first1, __first2,
        -:  907:						std::min(__len1, __len2));
        -:  908:	  return __result != 0 ? __result < 0 : __len1 < __len2;
        -:  909:	}
        -:  910:    };
        -:  911:
        -:  912:  template<typename _II1, typename _II2>
        -:  913:    inline bool
function _ZSt29__lexicographical_compare_auxISt15_Deque_iteratorIiRKiPS1_ES4_EbT_S5_T0_S6_ called 4 returned 100% blocks executed 100%
function _ZSt29__lexicographical_compare_auxIN8my_dequeIiSaIiEE14const_iteratorES3_EbT_S4_T0_S5_ called 4 returned 100% blocks executed 100%
        8:  914:    __lexicographical_compare_aux(_II1 __first1, _II1 __last1,
        -:  915:				  _II2 __first2, _II2 __last2)
        -:  916:    {
        -:  917:      typedef typename iterator_traits<_II1>::value_type _ValueType1;
        -:  918:      typedef typename iterator_traits<_II2>::value_type _ValueType2;
        -:  919:      const bool __simple =
        -:  920:	(__is_byte<_ValueType1>::__value && __is_byte<_ValueType2>::__value
        -:  921:	 && !__gnu_cxx::__numeric_traits<_ValueType1>::__is_signed
        -:  922:	 && !__gnu_cxx::__numeric_traits<_ValueType2>::__is_signed
        -:  923:	 && __is_pointer<_II1>::__value
        8:  924:	 && __is_pointer<_II2>::__value);
        -:  925:
        -:  926:      return std::__lexicographical_compare<__simple>::__lc(__first1, __last1,
        8:  927:							    __first2, __last2);
call    0 returned 100%
call    1 returned 100%
        -:  928:    }
        -:  929:
        -:  930:  /**
        -:  931:   *  @brief Finds the first position in which @a val could be inserted
        -:  932:   *         without changing the ordering.
        -:  933:   *  @param  __first   An iterator.
        -:  934:   *  @param  __last    Another iterator.
        -:  935:   *  @param  __val     The search term.
        -:  936:   *  @return         An iterator pointing to the first element <em>not less
        -:  937:   *                  than</em> @a val, or end() if every element is less than 
        -:  938:   *                  @a val.
        -:  939:   *  @ingroup binary_search_algorithms
        -:  940:  */
        -:  941:  template<typename _ForwardIterator, typename _Tp>
        -:  942:    _ForwardIterator
        -:  943:    lower_bound(_ForwardIterator __first, _ForwardIterator __last,
        -:  944:		const _Tp& __val)
        -:  945:    {
        -:  946:#ifdef _GLIBCXX_CONCEPT_CHECKS
        -:  947:      typedef typename iterator_traits<_ForwardIterator>::value_type
        -:  948:	_ValueType;
        -:  949:#endif
        -:  950:      typedef typename iterator_traits<_ForwardIterator>::difference_type
        -:  951:	_DistanceType;
        -:  952:
        -:  953:      // concept requirements
        -:  954:      __glibcxx_function_requires(_ForwardIteratorConcept<_ForwardIterator>)
        -:  955:      __glibcxx_function_requires(_LessThanOpConcept<_ValueType, _Tp>)
        -:  956:      __glibcxx_requires_partitioned_lower(__first, __last, __val);
        -:  957:
        -:  958:      _DistanceType __len = std::distance(__first, __last);
        -:  959:
        -:  960:      while (__len > 0)
        -:  961:	{
        -:  962:	  _DistanceType __half = __len >> 1;
        -:  963:	  _ForwardIterator __middle = __first;
        -:  964:	  std::advance(__middle, __half);
        -:  965:	  if (*__middle < __val)
        -:  966:	    {
        -:  967:	      __first = __middle;
        -:  968:	      ++__first;
        -:  969:	      __len = __len - __half - 1;
        -:  970:	    }
        -:  971:	  else
        -:  972:	    __len = __half;
        -:  973:	}
        -:  974:      return __first;
        -:  975:    }
        -:  976:
        -:  977:  /// This is a helper function for the sort routines and for random.tcc.
        -:  978:  //  Precondition: __n > 0.
        -:  979:  inline _GLIBCXX_CONSTEXPR int
        -:  980:  __lg(int __n)
        -:  981:  { return sizeof(int) * __CHAR_BIT__  - 1 - __builtin_clz(__n); }
        -:  982:
        -:  983:  inline _GLIBCXX_CONSTEXPR unsigned
        -:  984:  __lg(unsigned __n)
        -:  985:  { return sizeof(int) * __CHAR_BIT__  - 1 - __builtin_clz(__n); }
        -:  986:
        -:  987:  inline _GLIBCXX_CONSTEXPR long
        -:  988:  __lg(long __n)
        -:  989:  { return sizeof(long) * __CHAR_BIT__ - 1 - __builtin_clzl(__n); }
        -:  990:
        -:  991:  inline _GLIBCXX_CONSTEXPR unsigned long
        -:  992:  __lg(unsigned long __n)
        -:  993:  { return sizeof(long) * __CHAR_BIT__ - 1 - __builtin_clzl(__n); }
        -:  994:
        -:  995:  inline _GLIBCXX_CONSTEXPR long long
        -:  996:  __lg(long long __n)
        -:  997:  { return sizeof(long long) * __CHAR_BIT__ - 1 - __builtin_clzll(__n); }
        -:  998:
        -:  999:  inline _GLIBCXX_CONSTEXPR unsigned long long
        -: 1000:  __lg(unsigned long long __n)
        -: 1001:  { return sizeof(long long) * __CHAR_BIT__ - 1 - __builtin_clzll(__n); }
        -: 1002:
        -: 1003:_GLIBCXX_END_NAMESPACE_VERSION
        -: 1004:
        -: 1005:_GLIBCXX_BEGIN_NAMESPACE_ALGO
        -: 1006:
        -: 1007:  /**
        -: 1008:   *  @brief Tests a range for element-wise equality.
        -: 1009:   *  @ingroup non_mutating_algorithms
        -: 1010:   *  @param  __first1  An input iterator.
        -: 1011:   *  @param  __last1   An input iterator.
        -: 1012:   *  @param  __first2  An input iterator.
        -: 1013:   *  @return   A boolean true or false.
        -: 1014:   *
        -: 1015:   *  This compares the elements of two ranges using @c == and returns true or
        -: 1016:   *  false depending on whether all of the corresponding elements of the
        -: 1017:   *  ranges are equal.
        -: 1018:  */
        -: 1019:  template<typename _II1, typename _II2>
        -: 1020:    inline bool
function _ZSt5equalISt15_Deque_iteratorIiRKiPS1_ES4_EbT_S5_T0_ called 12 returned 100% blocks executed 100%
function _ZSt5equalIN8my_dequeIiSaIiEE14const_iteratorES3_EbT_S4_T0_ called 12 returned 100% blocks executed 100%
       24: 1021:    equal(_II1 __first1, _II1 __last1, _II2 __first2)
        -: 1022:    {
        -: 1023:      // concept requirements
        -: 1024:      __glibcxx_function_requires(_InputIteratorConcept<_II1>)
        -: 1025:      __glibcxx_function_requires(_InputIteratorConcept<_II2>)
        -: 1026:      __glibcxx_function_requires(_EqualOpConcept<
        -: 1027:	    typename iterator_traits<_II1>::value_type,
        -: 1028:	    typename iterator_traits<_II2>::value_type>)
        -: 1029:      __glibcxx_requires_valid_range(__first1, __last1);
        -: 1030:
        -: 1031:      return std::__equal_aux(std::__niter_base(__first1),
        -: 1032:			      std::__niter_base(__last1),
       24: 1033:			      std::__niter_base(__first2));
call    0 returned 100%
call    1 returned 100%
call    2 returned 100%
call    3 returned 100%
call    4 returned 100%
call    5 returned 100%
call    6 returned 100%
call    7 returned 100%
        -: 1034:    }
        -: 1035:
        -: 1036:  /**
        -: 1037:   *  @brief Tests a range for element-wise equality.
        -: 1038:   *  @ingroup non_mutating_algorithms
        -: 1039:   *  @param  __first1  An input iterator.
        -: 1040:   *  @param  __last1   An input iterator.
        -: 1041:   *  @param  __first2  An input iterator.
        -: 1042:   *  @param __binary_pred A binary predicate @link functors
        -: 1043:   *                  functor@endlink.
        -: 1044:   *  @return         A boolean true or false.
        -: 1045:   *
        -: 1046:   *  This compares the elements of two ranges using the binary_pred
        -: 1047:   *  parameter, and returns true or
        -: 1048:   *  false depending on whether all of the corresponding elements of the
        -: 1049:   *  ranges are equal.
        -: 1050:  */
        -: 1051:  template<typename _IIter1, typename _IIter2, typename _BinaryPredicate>
        -: 1052:    inline bool
        -: 1053:    equal(_IIter1 __first1, _IIter1 __last1,
        -: 1054:	  _IIter2 __first2, _BinaryPredicate __binary_pred)
        -: 1055:    {
        -: 1056:      // concept requirements
        -: 1057:      __glibcxx_function_requires(_InputIteratorConcept<_IIter1>)
        -: 1058:      __glibcxx_function_requires(_InputIteratorConcept<_IIter2>)
        -: 1059:      __glibcxx_requires_valid_range(__first1, __last1);
        -: 1060:
        -: 1061:      for (; __first1 != __last1; ++__first1, ++__first2)
        -: 1062:	if (!bool(__binary_pred(*__first1, *__first2)))
        -: 1063:	  return false;
        -: 1064:      return true;
        -: 1065:    }
        -: 1066:
        -: 1067:  /**
        -: 1068:   *  @brief Performs @b dictionary comparison on ranges.
        -: 1069:   *  @ingroup sorting_algorithms
        -: 1070:   *  @param  __first1  An input iterator.
        -: 1071:   *  @param  __last1   An input iterator.
        -: 1072:   *  @param  __first2  An input iterator.
        -: 1073:   *  @param  __last2   An input iterator.
        -: 1074:   *  @return   A boolean true or false.
        -: 1075:   *
        -: 1076:   *  <em>Returns true if the sequence of elements defined by the range
        -: 1077:   *  [first1,last1) is lexicographically less than the sequence of elements
        -: 1078:   *  defined by the range [first2,last2).  Returns false otherwise.</em>
        -: 1079:   *  (Quoted from [25.3.8]/1.)  If the iterators are all character pointers,
        -: 1080:   *  then this is an inline call to @c memcmp.
        -: 1081:  */
        -: 1082:  template<typename _II1, typename _II2>
        -: 1083:    inline bool
function _ZSt23lexicographical_compareISt15_Deque_iteratorIiRKiPS1_ES4_EbT_S5_T0_S6_ called 4 returned 100% blocks executed 100%
function _ZSt23lexicographical_compareIN8my_dequeIiSaIiEE14const_iteratorES3_EbT_S4_T0_S5_ called 4 returned 100% blocks executed 100%
        8: 1084:    lexicographical_compare(_II1 __first1, _II1 __last1,
        -: 1085:			    _II2 __first2, _II2 __last2)
        -: 1086:    {
        -: 1087:#ifdef _GLIBCXX_CONCEPT_CHECKS
        -: 1088:      // concept requirements
        -: 1089:      typedef typename iterator_traits<_II1>::value_type _ValueType1;
        -: 1090:      typedef typename iterator_traits<_II2>::value_type _ValueType2;
        -: 1091:#endif
        -: 1092:      __glibcxx_function_requires(_InputIteratorConcept<_II1>)
        -: 1093:      __glibcxx_function_requires(_InputIteratorConcept<_II2>)
        -: 1094:      __glibcxx_function_requires(_LessThanOpConcept<_ValueType1, _ValueType2>)
        -: 1095:      __glibcxx_function_requires(_LessThanOpConcept<_ValueType2, _ValueType1>)
        -: 1096:      __glibcxx_requires_valid_range(__first1, __last1);
        -: 1097:      __glibcxx_requires_valid_range(__first2, __last2);
        -: 1098:
        -: 1099:      return std::__lexicographical_compare_aux(std::__niter_base(__first1),
        -: 1100:						std::__niter_base(__last1),
        -: 1101:						std::__niter_base(__first2),
        8: 1102:						std::__niter_base(__last2));
call    0 returned 100%
call    1 returned 100%
call    2 returned 100%
call    3 returned 100%
call    4 returned 100%
call    5 returned 100%
call    6 returned 100%
call    7 returned 100%
call    8 returned 100%
call    9 returned 100%
        -: 1103:    }
        -: 1104:
        -: 1105:  /**
        -: 1106:   *  @brief Performs @b dictionary comparison on ranges.
        -: 1107:   *  @ingroup sorting_algorithms
        -: 1108:   *  @param  __first1  An input iterator.
        -: 1109:   *  @param  __last1   An input iterator.
        -: 1110:   *  @param  __first2  An input iterator.
        -: 1111:   *  @param  __last2   An input iterator.
        -: 1112:   *  @param  __comp  A @link comparison_functors comparison functor@endlink.
        -: 1113:   *  @return   A boolean true or false.
        -: 1114:   *
        -: 1115:   *  The same as the four-parameter @c lexicographical_compare, but uses the
        -: 1116:   *  comp parameter instead of @c <.
        -: 1117:  */
        -: 1118:  template<typename _II1, typename _II2, typename _Compare>
        -: 1119:    bool
        -: 1120:    lexicographical_compare(_II1 __first1, _II1 __last1,
        -: 1121:			    _II2 __first2, _II2 __last2, _Compare __comp)
        -: 1122:    {
        -: 1123:      typedef typename iterator_traits<_II1>::iterator_category _Category1;
        -: 1124:      typedef typename iterator_traits<_II2>::iterator_category _Category2;
        -: 1125:      typedef std::__lc_rai<_Category1, _Category2> 	__rai_type;
        -: 1126:
        -: 1127:      // concept requirements
        -: 1128:      __glibcxx_function_requires(_InputIteratorConcept<_II1>)
        -: 1129:      __glibcxx_function_requires(_InputIteratorConcept<_II2>)
        -: 1130:      __glibcxx_requires_valid_range(__first1, __last1);
        -: 1131:      __glibcxx_requires_valid_range(__first2, __last2);
        -: 1132:
        -: 1133:      __last1 = __rai_type::__newlast1(__first1, __last1, __first2, __last2);
        -: 1134:      for (; __first1 != __last1 && __rai_type::__cnd2(__first2, __last2);
        -: 1135:	   ++__first1, ++__first2)
        -: 1136:	{
        -: 1137:	  if (__comp(*__first1, *__first2))
        -: 1138:	    return true;
        -: 1139:	  if (__comp(*__first2, *__first1))
        -: 1140:	    return false;
        -: 1141:	}
        -: 1142:      return __first1 == __last1 && __first2 != __last2;
        -: 1143:    }
        -: 1144:
        -: 1145:  /**
        -: 1146:   *  @brief Finds the places in ranges which don't match.
        -: 1147:   *  @ingroup non_mutating_algorithms
        -: 1148:   *  @param  __first1  An input iterator.
        -: 1149:   *  @param  __last1   An input iterator.
        -: 1150:   *  @param  __first2  An input iterator.
        -: 1151:   *  @return   A pair of iterators pointing to the first mismatch.
        -: 1152:   *
        -: 1153:   *  This compares the elements of two ranges using @c == and returns a pair
        -: 1154:   *  of iterators.  The first iterator points into the first range, the
        -: 1155:   *  second iterator points into the second range, and the elements pointed
        -: 1156:   *  to by the iterators are not equal.
        -: 1157:  */
        -: 1158:  template<typename _InputIterator1, typename _InputIterator2>
        -: 1159:    pair<_InputIterator1, _InputIterator2>
        -: 1160:    mismatch(_InputIterator1 __first1, _InputIterator1 __last1,
        -: 1161:	     _InputIterator2 __first2)
        -: 1162:    {
        -: 1163:      // concept requirements
        -: 1164:      __glibcxx_function_requires(_InputIteratorConcept<_InputIterator1>)
        -: 1165:      __glibcxx_function_requires(_InputIteratorConcept<_InputIterator2>)
        -: 1166:      __glibcxx_function_requires(_EqualOpConcept<
        -: 1167:	    typename iterator_traits<_InputIterator1>::value_type,
        -: 1168:	    typename iterator_traits<_InputIterator2>::value_type>)
        -: 1169:      __glibcxx_requires_valid_range(__first1, __last1);
        -: 1170:
        -: 1171:      while (__first1 != __last1 && *__first1 == *__first2)
        -: 1172:        {
        -: 1173:	  ++__first1;
        -: 1174:	  ++__first2;
        -: 1175:        }
        -: 1176:      return pair<_InputIterator1, _InputIterator2>(__first1, __first2);
        -: 1177:    }
        -: 1178:
        -: 1179:  /**
        -: 1180:   *  @brief Finds the places in ranges which don't match.
        -: 1181:   *  @ingroup non_mutating_algorithms
        -: 1182:   *  @param  __first1  An input iterator.
        -: 1183:   *  @param  __last1   An input iterator.
        -: 1184:   *  @param  __first2  An input iterator.
        -: 1185:   *  @param __binary_pred A binary predicate @link functors
        -: 1186:   *         functor@endlink.
        -: 1187:   *  @return   A pair of iterators pointing to the first mismatch.
        -: 1188:   *
        -: 1189:   *  This compares the elements of two ranges using the binary_pred
        -: 1190:   *  parameter, and returns a pair
        -: 1191:   *  of iterators.  The first iterator points into the first range, the
        -: 1192:   *  second iterator points into the second range, and the elements pointed
        -: 1193:   *  to by the iterators are not equal.
        -: 1194:  */
        -: 1195:  template<typename _InputIterator1, typename _InputIterator2,
        -: 1196:	   typename _BinaryPredicate>
        -: 1197:    pair<_InputIterator1, _InputIterator2>
        -: 1198:    mismatch(_InputIterator1 __first1, _InputIterator1 __last1,
        -: 1199:	     _InputIterator2 __first2, _BinaryPredicate __binary_pred)
        -: 1200:    {
        -: 1201:      // concept requirements
        -: 1202:      __glibcxx_function_requires(_InputIteratorConcept<_InputIterator1>)
        -: 1203:      __glibcxx_function_requires(_InputIteratorConcept<_InputIterator2>)
        -: 1204:      __glibcxx_requires_valid_range(__first1, __last1);
        -: 1205:
        -: 1206:      while (__first1 != __last1 && bool(__binary_pred(*__first1, *__first2)))
        -: 1207:        {
        -: 1208:	  ++__first1;
        -: 1209:	  ++__first2;
        -: 1210:        }
        -: 1211:      return pair<_InputIterator1, _InputIterator2>(__first1, __first2);
        -: 1212:    }
        -: 1213:
        -: 1214:_GLIBCXX_END_NAMESPACE_ALGO
        -: 1215:} // namespace std
        -: 1216:
        -: 1217:// NB: This file is included within many other C++ includes, as a way
        -: 1218:// of getting the base algorithms. So, make sure that parallel bits
        -: 1219:// come in too if requested. 
        -: 1220:#ifdef _GLIBCXX_PARALLEL
        -: 1221:# include <parallel/algobase.h>
        -: 1222:#endif
        -: 1223:
        -: 1224:#endif
