        -:    0:Source:/usr/include/c++/4.8/bits/stl_deque.h
        -:    0:Graph:TestDeque.gcno
        -:    0:Data:TestDeque.gcda
        -:    0:Runs:1
        -:    0:Programs:1
        -:    1:// Deque implementation -*- C++ -*-
        -:    2:
        -:    3:// Copyright (C) 2001-2013 Free Software Foundation, Inc.
        -:    4://
        -:    5:// This file is part of the GNU ISO C++ Library.  This library is free
        -:    6:// software; you can redistribute it and/or modify it under the
        -:    7:// terms of the GNU General Public License as published by the
        -:    8:// Free Software Foundation; either version 3, or (at your option)
        -:    9:// any later version.
        -:   10:
        -:   11:// This library is distributed in the hope that it will be useful,
        -:   12:// but WITHOUT ANY WARRANTY; without even the implied warranty of
        -:   13:// MERCHANTABILITY or FITNESS FOR A PARTICULAR PURPOSE.  See the
        -:   14:// GNU General Public License for more details.
        -:   15:
        -:   16:// Under Section 7 of GPL version 3, you are granted additional
        -:   17:// permissions described in the GCC Runtime Library Exception, version
        -:   18:// 3.1, as published by the Free Software Foundation.
        -:   19:
        -:   20:// You should have received a copy of the GNU General Public License and
        -:   21:// a copy of the GCC Runtime Library Exception along with this program;
        -:   22:// see the files COPYING3 and COPYING.RUNTIME respectively.  If not, see
        -:   23:// <http://www.gnu.org/licenses/>.
        -:   24:
        -:   25:/*
        -:   26: *
        -:   27: * Copyright (c) 1994
        -:   28: * Hewlett-Packard Company
        -:   29: *
        -:   30: * Permission to use, copy, modify, distribute and sell this software
        -:   31: * and its documentation for any purpose is hereby granted without fee,
        -:   32: * provided that the above copyright notice appear in all copies and
        -:   33: * that both that copyright notice and this permission notice appear
        -:   34: * in supporting documentation.  Hewlett-Packard Company makes no
        -:   35: * representations about the suitability of this software for any
        -:   36: * purpose.  It is provided "as is" without express or implied warranty.
        -:   37: *
        -:   38: *
        -:   39: * Copyright (c) 1997
        -:   40: * Silicon Graphics Computer Systems, Inc.
        -:   41: *
        -:   42: * Permission to use, copy, modify, distribute and sell this software
        -:   43: * and its documentation for any purpose is hereby granted without fee,
        -:   44: * provided that the above copyright notice appear in all copies and
        -:   45: * that both that copyright notice and this permission notice appear
        -:   46: * in supporting documentation.  Silicon Graphics makes no
        -:   47: * representations about the suitability of this software for any
        -:   48: * purpose.  It is provided "as is" without express or implied warranty.
        -:   49: */
        -:   50:
        -:   51:/** @file bits/stl_deque.h
        -:   52: *  This is an internal header file, included by other library headers.
        -:   53: *  Do not attempt to use it directly. @headername{deque}
        -:   54: */
        -:   55:
        -:   56:#ifndef _STL_DEQUE_H
        -:   57:#define _STL_DEQUE_H 1
        -:   58:
        -:   59:#include <bits/concept_check.h>
        -:   60:#include <bits/stl_iterator_base_types.h>
        -:   61:#include <bits/stl_iterator_base_funcs.h>
        -:   62:#if __cplusplus >= 201103L
        -:   63:#include <initializer_list>
        -:   64:#endif
        -:   65:
        -:   66:namespace std _GLIBCXX_VISIBILITY(default)
        -:   67:{
        -:   68:_GLIBCXX_BEGIN_NAMESPACE_CONTAINER
        -:   69:
        -:   70:  /**
        -:   71:   *  @brief This function controls the size of memory nodes.
        -:   72:   *  @param  __size  The size of an element.
        -:   73:   *  @return   The number (not byte size) of elements per node.
        -:   74:   *
        -:   75:   *  This function started off as a compiler kludge from SGI, but
        -:   76:   *  seems to be a useful wrapper around a repeated constant
        -:   77:   *  expression.  The @b 512 is tunable (and no other code needs to
        -:   78:   *  change), but no investigation has been done since inheriting the
        -:   79:   *  SGI code.  Touch _GLIBCXX_DEQUE_BUF_SIZE only if you know what
        -:   80:   *  you are doing, however: changing it breaks the binary
        -:   81:   *  compatibility!!
        -:   82:  */
        -:   83:
        -:   84:#ifndef _GLIBCXX_DEQUE_BUF_SIZE
        -:   85:#define _GLIBCXX_DEQUE_BUF_SIZE 512
        -:   86:#endif
        -:   87:
        -:   88:  inline size_t
function _ZSt16__deque_buf_sizem called 3213 returned 100% blocks executed 80%
     3213:   89:  __deque_buf_size(size_t __size)
        -:   90:  { return (__size < _GLIBCXX_DEQUE_BUF_SIZE
     3213:   91:	    ? size_t(_GLIBCXX_DEQUE_BUF_SIZE / __size) : size_t(1)); }
branch  0 taken 100% (fallthrough)
branch  1 taken 0%
        -:   92:
        -:   93:
        -:   94:  /**
        -:   95:   *  @brief A deque::iterator.
        -:   96:   *
        -:   97:   *  Quite a bit of intelligence here.  Much of the functionality of
        -:   98:   *  deque is actually passed off to this class.  A deque holds two
        -:   99:   *  of these internally, marking its valid range.  Access to
        -:  100:   *  elements is done as offsets of either of those two, relying on
        -:  101:   *  operator overloading in this class.
        -:  102:   *
        -:  103:   *  All the functions are op overloads except for _M_set_node.
        -:  104:  */
        -:  105:  template<typename _Tp, typename _Ref, typename _Ptr>
        -:  106:    struct _Deque_iterator
        -:  107:    {
        -:  108:      typedef _Deque_iterator<_Tp, _Tp&, _Tp*>             iterator;
        -:  109:      typedef _Deque_iterator<_Tp, const _Tp&, const _Tp*> const_iterator;
        -:  110:
function _ZNSt15_Deque_iteratorIZN45Deque_Fixture_const_iter_arrow_op_test_1_TestISt5dequeIiSaIiEEE8TestBodyEvE1SRKS5_PS6_E14_S_buffer_sizeEv called 1 returned 100% blocks executed 100%
function _ZNSt15_Deque_iteratorIZN45Deque_Fixture_const_iter_arrow_op_test_2_TestISt5dequeIiSaIiEEE8TestBodyEvE1SRKS5_PS6_E14_S_buffer_sizeEv called 1 returned 100% blocks executed 100%
function _ZNSt15_Deque_iteratorIZN45Deque_Fixture_const_iter_arrow_op_test_1_TestI8my_dequeIiSaIiEEE8TestBodyEvE1SRKS5_PS6_E14_S_buffer_sizeEv called 1 returned 100% blocks executed 100%
function _ZNSt15_Deque_iteratorIZN45Deque_Fixture_const_iter_arrow_op_test_2_TestI8my_dequeIiSaIiEEE8TestBodyEvE1SRKS5_PS6_E14_S_buffer_sizeEv called 1 returned 100% blocks executed 100%
function _ZNSt15_Deque_iteratorIZN39Deque_Fixture_iter_arrow_op_test_1_TestISt5dequeIiSaIiEEE8TestBodyEvE1SRS5_PS5_E14_S_buffer_sizeEv called 4 returned 100% blocks executed 100%
function _ZNSt15_Deque_iteratorIZN39Deque_Fixture_iter_arrow_op_test_2_TestISt5dequeIiSaIiEEE8TestBodyEvE1SRS5_PS5_E14_S_buffer_sizeEv called 4 returned 100% blocks executed 100%
function _ZNSt15_Deque_iteratorIZN45Deque_Fixture_const_iter_arrow_op_test_1_TestISt5dequeIiSaIiEEE8TestBodyEvE1SRS5_PS5_E14_S_buffer_sizeEv called 7 returned 100% blocks executed 100%
function _ZNSt15_Deque_iteratorIZN45Deque_Fixture_const_iter_arrow_op_test_2_TestISt5dequeIiSaIiEEE8TestBodyEvE1SRS5_PS5_E14_S_buffer_sizeEv called 7 returned 100% blocks executed 100%
function _ZNSt15_Deque_iteratorIZN45Deque_Fixture_const_iter_arrow_op_test_3_TestISt5dequeIiSaIiEEE8TestBodyEvE1SRS5_PS5_E14_S_buffer_sizeEv called 7 returned 100% blocks executed 100%
function _ZNSt15_Deque_iteratorIZN39Deque_Fixture_iter_arrow_op_test_1_TestI8my_dequeIiSaIiEEE8TestBodyEvE1SRS5_PS5_E14_S_buffer_sizeEv called 4 returned 100% blocks executed 100%
function _ZNSt15_Deque_iteratorIZN39Deque_Fixture_iter_arrow_op_test_2_TestI8my_dequeIiSaIiEEE8TestBodyEvE1SRS5_PS5_E14_S_buffer_sizeEv called 4 returned 100% blocks executed 100%
function _ZNSt15_Deque_iteratorIZN45Deque_Fixture_const_iter_arrow_op_test_1_TestI8my_dequeIiSaIiEEE8TestBodyEvE1SRS5_PS5_E14_S_buffer_sizeEv called 7 returned 100% blocks executed 100%
function _ZNSt15_Deque_iteratorIZN45Deque_Fixture_const_iter_arrow_op_test_2_TestI8my_dequeIiSaIiEEE8TestBodyEvE1SRS5_PS5_E14_S_buffer_sizeEv called 7 returned 100% blocks executed 100%
function _ZNSt15_Deque_iteratorIZN45Deque_Fixture_const_iter_arrow_op_test_3_TestI8my_dequeIiSaIiEEE8TestBodyEvE1SRS5_PS5_E14_S_buffer_sizeEv called 7 returned 100% blocks executed 100%
function _ZNSt15_Deque_iteratorIZN39Deque_Fixture_iter_arrow_op_test_3_TestISt5dequeIiSaIiEEE8TestBodyEvE1SRS5_PS5_E14_S_buffer_sizeEv called 4 returned 100% blocks executed 100%
function _ZNSt15_Deque_iteratorIZN45Deque_Fixture_const_iter_arrow_op_test_3_TestISt5dequeIiSaIiEEE8TestBodyEvE1SRKS5_PS6_E14_S_buffer_sizeEv called 1 returned 100% blocks executed 100%
function _ZNSt15_Deque_iteratorIZN39Deque_Fixture_iter_arrow_op_test_3_TestI8my_dequeIiSaIiEEE8TestBodyEvE1SRS5_PS5_E14_S_buffer_sizeEv called 4 returned 100% blocks executed 100%
function _ZNSt15_Deque_iteratorIZN45Deque_Fixture_const_iter_arrow_op_test_3_TestI8my_dequeIiSaIiEEE8TestBodyEvE1SRKS5_PS6_E14_S_buffer_sizeEv called 1 returned 100% blocks executed 100%
function _ZNSt15_Deque_iteratorIiRiPiE14_S_buffer_sizeEv called 1170 returned 100% blocks executed 100%
function _ZNSt15_Deque_iteratorIiRKiPS0_E14_S_buffer_sizeEv called 133 returned 100% blocks executed 100%
     1375:  111:      static size_t _S_buffer_size()
     1375:  112:      { return __deque_buf_size(sizeof(_Tp)); }
call    0 returned 100%
call    1 returned 100%
call    2 returned 100%
call    3 returned 100%
call    4 returned 100%
call    5 returned 100%
call    6 returned 100%
call    7 returned 100%
call    8 returned 100%
call    9 returned 100%
call   10 returned 100%
call   11 returned 100%
call   12 returned 100%
call   13 returned 100%
call   14 returned 100%
call   15 returned 100%
call   16 returned 100%
call   17 returned 100%
call   18 returned 100%
call   19 returned 100%
        -:  113:
        -:  114:      typedef std::random_access_iterator_tag iterator_category;
        -:  115:      typedef _Tp                             value_type;
        -:  116:      typedef _Ptr                            pointer;
        -:  117:      typedef _Ref                            reference;
        -:  118:      typedef size_t                          size_type;
        -:  119:      typedef ptrdiff_t                       difference_type;
        -:  120:      typedef _Tp**                           _Map_pointer;
        -:  121:      typedef _Deque_iterator                 _Self;
        -:  122:
        -:  123:      _Tp* _M_cur;
        -:  124:      _Tp* _M_first;
        -:  125:      _Tp* _M_last;
        -:  126:      _Map_pointer _M_node;
        -:  127:
function _ZNSt15_Deque_iteratorIZN39Deque_Fixture_iter_arrow_op_test_1_TestISt5dequeIiSaIiEEE8TestBodyEvE1SRS5_PS5_EC2ES7_PS7_ called 0 returned 0% blocks executed 0%
function _ZNSt15_Deque_iteratorIZN39Deque_Fixture_iter_arrow_op_test_2_TestISt5dequeIiSaIiEEE8TestBodyEvE1SRS5_PS5_EC2ES7_PS7_ called 0 returned 0% blocks executed 0%
function _ZNSt15_Deque_iteratorIZN39Deque_Fixture_iter_arrow_op_test_3_TestISt5dequeIiSaIiEEE8TestBodyEvE1SRS5_PS5_EC2ES7_PS7_ called 0 returned 0% blocks executed 0%
function _ZNSt15_Deque_iteratorIZN45Deque_Fixture_const_iter_arrow_op_test_1_TestISt5dequeIiSaIiEEE8TestBodyEvE1SRS5_PS5_EC2ES7_PS7_ called 0 returned 0% blocks executed 0%
function _ZNSt15_Deque_iteratorIZN45Deque_Fixture_const_iter_arrow_op_test_2_TestISt5dequeIiSaIiEEE8TestBodyEvE1SRS5_PS5_EC2ES7_PS7_ called 0 returned 0% blocks executed 0%
function _ZNSt15_Deque_iteratorIZN45Deque_Fixture_const_iter_arrow_op_test_3_TestISt5dequeIiSaIiEEE8TestBodyEvE1SRS5_PS5_EC2ES7_PS7_ called 0 returned 0% blocks executed 0%
function _ZNSt15_Deque_iteratorIiRiPiEC2ES1_PS1_ called 0 returned 0% blocks executed 0%
function _ZNSt15_Deque_iteratorIZN39Deque_Fixture_iter_arrow_op_test_1_TestI8my_dequeIiSaIiEEE8TestBodyEvE1SRS5_PS5_EC2ES7_PS7_ called 0 returned 0% blocks executed 0%
function _ZNSt15_Deque_iteratorIZN39Deque_Fixture_iter_arrow_op_test_2_TestI8my_dequeIiSaIiEEE8TestBodyEvE1SRS5_PS5_EC2ES7_PS7_ called 0 returned 0% blocks executed 0%
function _ZNSt15_Deque_iteratorIZN39Deque_Fixture_iter_arrow_op_test_3_TestI8my_dequeIiSaIiEEE8TestBodyEvE1SRS5_PS5_EC2ES7_PS7_ called 0 returned 0% blocks executed 0%
function _ZNSt15_Deque_iteratorIZN45Deque_Fixture_const_iter_arrow_op_test_1_TestI8my_dequeIiSaIiEEE8TestBodyEvE1SRS5_PS5_EC2ES7_PS7_ called 0 returned 0% blocks executed 0%
function _ZNSt15_Deque_iteratorIZN45Deque_Fixture_const_iter_arrow_op_test_2_TestI8my_dequeIiSaIiEEE8TestBodyEvE1SRS5_PS5_EC2ES7_PS7_ called 0 returned 0% blocks executed 0%
function _ZNSt15_Deque_iteratorIZN45Deque_Fixture_const_iter_arrow_op_test_3_TestI8my_dequeIiSaIiEEE8TestBodyEvE1SRS5_PS5_EC2ES7_PS7_ called 0 returned 0% blocks executed 0%
    #####:  128:      _Deque_iterator(_Tp* __x, _Map_pointer __y)
        -:  129:      : _M_cur(__x), _M_first(*__y),
    #####:  130:        _M_last(*__y + _S_buffer_size()), _M_node(__y) { }
call    0 never executed
call    1 never executed
call    2 never executed
call    3 never executed
call    4 never executed
call    5 never executed
call    6 never executed
call    7 never executed
call    8 never executed
call    9 never executed
call   10 never executed
call   11 never executed
call   12 never executed
        -:  131:
function _ZNSt15_Deque_iteratorIZN39Deque_Fixture_iter_arrow_op_test_1_TestISt5dequeIiSaIiEEE8TestBodyEvE1SRS5_PS5_EC2Ev called 2 returned 100% blocks executed 100%
function _ZNSt15_Deque_iteratorIZN39Deque_Fixture_iter_arrow_op_test_2_TestISt5dequeIiSaIiEEE8TestBodyEvE1SRS5_PS5_EC2Ev called 2 returned 100% blocks executed 100%
function _ZNSt15_Deque_iteratorIZN39Deque_Fixture_iter_arrow_op_test_3_TestISt5dequeIiSaIiEEE8TestBodyEvE1SRS5_PS5_EC2Ev called 2 returned 100% blocks executed 100%
function _ZNSt15_Deque_iteratorIZN45Deque_Fixture_const_iter_arrow_op_test_1_TestISt5dequeIiSaIiEEE8TestBodyEvE1SRS5_PS5_EC2Ev called 4 returned 100% blocks executed 100%
function _ZNSt15_Deque_iteratorIZN45Deque_Fixture_const_iter_arrow_op_test_2_TestISt5dequeIiSaIiEEE8TestBodyEvE1SRS5_PS5_EC2Ev called 4 returned 100% blocks executed 100%
function _ZNSt15_Deque_iteratorIZN45Deque_Fixture_const_iter_arrow_op_test_3_TestISt5dequeIiSaIiEEE8TestBodyEvE1SRS5_PS5_EC2Ev called 4 returned 100% blocks executed 100%
function _ZNSt15_Deque_iteratorIiRiPiEC2Ev called 496 returned 100% blocks executed 100%
function _ZNSt15_Deque_iteratorIZN39Deque_Fixture_iter_arrow_op_test_1_TestI8my_dequeIiSaIiEEE8TestBodyEvE1SRS5_PS5_EC2Ev called 2 returned 100% blocks executed 100%
function _ZNSt15_Deque_iteratorIZN39Deque_Fixture_iter_arrow_op_test_2_TestI8my_dequeIiSaIiEEE8TestBodyEvE1SRS5_PS5_EC2Ev called 2 returned 100% blocks executed 100%
function _ZNSt15_Deque_iteratorIZN39Deque_Fixture_iter_arrow_op_test_3_TestI8my_dequeIiSaIiEEE8TestBodyEvE1SRS5_PS5_EC2Ev called 2 returned 100% blocks executed 100%
function _ZNSt15_Deque_iteratorIZN45Deque_Fixture_const_iter_arrow_op_test_1_TestI8my_dequeIiSaIiEEE8TestBodyEvE1SRS5_PS5_EC2Ev called 4 returned 100% blocks executed 100%
function _ZNSt15_Deque_iteratorIZN45Deque_Fixture_const_iter_arrow_op_test_2_TestI8my_dequeIiSaIiEEE8TestBodyEvE1SRS5_PS5_EC2Ev called 4 returned 100% blocks executed 100%
function _ZNSt15_Deque_iteratorIZN45Deque_Fixture_const_iter_arrow_op_test_3_TestI8my_dequeIiSaIiEEE8TestBodyEvE1SRS5_PS5_EC2Ev called 4 returned 100% blocks executed 100%
      532:  132:      _Deque_iterator()
      532:  133:      : _M_cur(0), _M_first(0), _M_last(0), _M_node(0) { }
        -:  134:
function _ZNSt15_Deque_iteratorIZN45Deque_Fixture_const_iter_arrow_op_test_1_TestISt5dequeIiSaIiEEE8TestBodyEvE1SRKS5_PS6_EC2ERKS_IS5_RS5_PS5_E called 3 returned 100% blocks executed 100%
function _ZNSt15_Deque_iteratorIZN45Deque_Fixture_const_iter_arrow_op_test_1_TestISt5dequeIiSaIiEEE8TestBodyEvE1SRS5_PS5_EC2ERKS8_ called 18 returned 100% blocks executed 100%
function _ZNSt15_Deque_iteratorIZN45Deque_Fixture_const_iter_arrow_op_test_2_TestISt5dequeIiSaIiEEE8TestBodyEvE1SRKS5_PS6_EC2ERKS_IS5_RS5_PS5_E called 3 returned 100% blocks executed 100%
function _ZNSt15_Deque_iteratorIZN45Deque_Fixture_const_iter_arrow_op_test_2_TestISt5dequeIiSaIiEEE8TestBodyEvE1SRS5_PS5_EC2ERKS8_ called 18 returned 100% blocks executed 100%
function _ZNSt15_Deque_iteratorIZN45Deque_Fixture_const_iter_arrow_op_test_3_TestISt5dequeIiSaIiEEE8TestBodyEvE1SRKS5_PS6_EC2ERKS_IS5_RS5_PS5_E called 3 returned 100% blocks executed 100%
function _ZNSt15_Deque_iteratorIZN45Deque_Fixture_const_iter_arrow_op_test_3_TestISt5dequeIiSaIiEEE8TestBodyEvE1SRS5_PS5_EC2ERKS8_ called 18 returned 100% blocks executed 100%
function _ZNSt15_Deque_iteratorIiRKiPS0_EC2ERKS_IiRiPiE called 321 returned 100% blocks executed 100%
function _ZNSt15_Deque_iteratorIZN45Deque_Fixture_const_iter_arrow_op_test_1_TestI8my_dequeIiSaIiEEE8TestBodyEvE1SRKS5_PS6_EC2ERKS_IS5_RS5_PS5_E called 3 returned 100% blocks executed 100%
function _ZNSt15_Deque_iteratorIZN45Deque_Fixture_const_iter_arrow_op_test_1_TestI8my_dequeIiSaIiEEE8TestBodyEvE1SRS5_PS5_EC2ERKS8_ called 18 returned 100% blocks executed 100%
function _ZNSt15_Deque_iteratorIZN45Deque_Fixture_const_iter_arrow_op_test_2_TestI8my_dequeIiSaIiEEE8TestBodyEvE1SRKS5_PS6_EC2ERKS_IS5_RS5_PS5_E called 3 returned 100% blocks executed 100%
function _ZNSt15_Deque_iteratorIZN45Deque_Fixture_const_iter_arrow_op_test_2_TestI8my_dequeIiSaIiEEE8TestBodyEvE1SRS5_PS5_EC2ERKS8_ called 18 returned 100% blocks executed 100%
function _ZNSt15_Deque_iteratorIZN45Deque_Fixture_const_iter_arrow_op_test_3_TestI8my_dequeIiSaIiEEE8TestBodyEvE1SRKS5_PS6_EC2ERKS_IS5_RS5_PS5_E called 3 returned 100% blocks executed 100%
function _ZNSt15_Deque_iteratorIZN45Deque_Fixture_const_iter_arrow_op_test_3_TestI8my_dequeIiSaIiEEE8TestBodyEvE1SRS5_PS5_EC2ERKS8_ called 18 returned 100% blocks executed 100%
function _ZNSt15_Deque_iteratorIZN39Deque_Fixture_iter_arrow_op_test_1_TestISt5dequeIiSaIiEEE8TestBodyEvE1SRS5_PS5_EC2ERKS8_ called 7 returned 100% blocks executed 100%
function _ZNSt15_Deque_iteratorIZN39Deque_Fixture_iter_arrow_op_test_2_TestISt5dequeIiSaIiEEE8TestBodyEvE1SRS5_PS5_EC2ERKS8_ called 7 returned 100% blocks executed 100%
function _ZNSt15_Deque_iteratorIZN39Deque_Fixture_iter_arrow_op_test_3_TestISt5dequeIiSaIiEEE8TestBodyEvE1SRS5_PS5_EC2ERKS8_ called 7 returned 100% blocks executed 100%
function _ZNSt15_Deque_iteratorIiRiPiEC2ERKS2_ called 2274 returned 100% blocks executed 100%
function _ZNSt15_Deque_iteratorIZN39Deque_Fixture_iter_arrow_op_test_1_TestI8my_dequeIiSaIiEEE8TestBodyEvE1SRS5_PS5_EC2ERKS8_ called 7 returned 100% blocks executed 100%
function _ZNSt15_Deque_iteratorIZN39Deque_Fixture_iter_arrow_op_test_2_TestI8my_dequeIiSaIiEEE8TestBodyEvE1SRS5_PS5_EC2ERKS8_ called 7 returned 100% blocks executed 100%
function _ZNSt15_Deque_iteratorIZN39Deque_Fixture_iter_arrow_op_test_3_TestI8my_dequeIiSaIiEEE8TestBodyEvE1SRS5_PS5_EC2ERKS8_ called 7 returned 100% blocks executed 100%
     2763:  135:      _Deque_iterator(const iterator& __x)
        -:  136:      : _M_cur(__x._M_cur), _M_first(__x._M_first),
     2763:  137:        _M_last(__x._M_last), _M_node(__x._M_node) { }
        -:  138:
        -:  139:      reference
function _ZNKSt15_Deque_iteratorIZN45Deque_Fixture_const_iter_arrow_op_test_1_TestISt5dequeIiSaIiEEE8TestBodyEvE1SRKS5_PS6_EdeEv called 2 returned 100% blocks executed 100%
function _ZNKSt15_Deque_iteratorIZN45Deque_Fixture_const_iter_arrow_op_test_2_TestISt5dequeIiSaIiEEE8TestBodyEvE1SRKS5_PS6_EdeEv called 2 returned 100% blocks executed 100%
function _ZNKSt15_Deque_iteratorIZN45Deque_Fixture_const_iter_arrow_op_test_3_TestISt5dequeIiSaIiEEE8TestBodyEvE1SRKS5_PS6_EdeEv called 2 returned 100% blocks executed 100%
function _ZNKSt15_Deque_iteratorIZN45Deque_Fixture_const_iter_arrow_op_test_1_TestI8my_dequeIiSaIiEEE8TestBodyEvE1SRKS5_PS6_EdeEv called 2 returned 100% blocks executed 100%
function _ZNKSt15_Deque_iteratorIZN45Deque_Fixture_const_iter_arrow_op_test_2_TestI8my_dequeIiSaIiEEE8TestBodyEvE1SRKS5_PS6_EdeEv called 2 returned 100% blocks executed 100%
function _ZNKSt15_Deque_iteratorIZN45Deque_Fixture_const_iter_arrow_op_test_3_TestI8my_dequeIiSaIiEEE8TestBodyEvE1SRKS5_PS6_EdeEv called 2 returned 100% blocks executed 100%
function _ZNKSt15_Deque_iteratorIZN39Deque_Fixture_iter_arrow_op_test_1_TestISt5dequeIiSaIiEEE8TestBodyEvE1SRS5_PS5_EdeEv called 2 returned 100% blocks executed 100%
function _ZNKSt15_Deque_iteratorIZN39Deque_Fixture_iter_arrow_op_test_2_TestISt5dequeIiSaIiEEE8TestBodyEvE1SRS5_PS5_EdeEv called 2 returned 100% blocks executed 100%
function _ZNKSt15_Deque_iteratorIZN39Deque_Fixture_iter_arrow_op_test_3_TestISt5dequeIiSaIiEEE8TestBodyEvE1SRS5_PS5_EdeEv called 2 returned 100% blocks executed 100%
function _ZNKSt15_Deque_iteratorIZN45Deque_Fixture_const_iter_arrow_op_test_1_TestISt5dequeIiSaIiEEE8TestBodyEvE1SRS5_PS5_EdeEv called 4 returned 100% blocks executed 100%
function _ZNKSt15_Deque_iteratorIZN45Deque_Fixture_const_iter_arrow_op_test_2_TestISt5dequeIiSaIiEEE8TestBodyEvE1SRS5_PS5_EdeEv called 4 returned 100% blocks executed 100%
function _ZNKSt15_Deque_iteratorIZN45Deque_Fixture_const_iter_arrow_op_test_3_TestISt5dequeIiSaIiEEE8TestBodyEvE1SRS5_PS5_EdeEv called 4 returned 100% blocks executed 100%
function _ZNKSt15_Deque_iteratorIZN39Deque_Fixture_iter_arrow_op_test_1_TestI8my_dequeIiSaIiEEE8TestBodyEvE1SRS5_PS5_EdeEv called 2 returned 100% blocks executed 100%
function _ZNKSt15_Deque_iteratorIZN39Deque_Fixture_iter_arrow_op_test_2_TestI8my_dequeIiSaIiEEE8TestBodyEvE1SRS5_PS5_EdeEv called 2 returned 100% blocks executed 100%
function _ZNKSt15_Deque_iteratorIZN39Deque_Fixture_iter_arrow_op_test_3_TestI8my_dequeIiSaIiEEE8TestBodyEvE1SRS5_PS5_EdeEv called 2 returned 100% blocks executed 100%
function _ZNKSt15_Deque_iteratorIZN45Deque_Fixture_const_iter_arrow_op_test_1_TestI8my_dequeIiSaIiEEE8TestBodyEvE1SRS5_PS5_EdeEv called 4 returned 100% blocks executed 100%
function _ZNKSt15_Deque_iteratorIZN45Deque_Fixture_const_iter_arrow_op_test_2_TestI8my_dequeIiSaIiEEE8TestBodyEvE1SRS5_PS5_EdeEv called 4 returned 100% blocks executed 100%
function _ZNKSt15_Deque_iteratorIZN45Deque_Fixture_const_iter_arrow_op_test_3_TestI8my_dequeIiSaIiEEE8TestBodyEvE1SRS5_PS5_EdeEv called 4 returned 100% blocks executed 100%
function _ZNKSt15_Deque_iteratorIiRiPiEdeEv called 1068 returned 100% blocks executed 100%
function _ZNKSt15_Deque_iteratorIiRKiPS0_EdeEv called 922 returned 100% blocks executed 100%
     2038:  140:      operator*() const
     2038:  141:      { return *_M_cur; }
        -:  142:
        -:  143:      pointer
function _ZNKSt15_Deque_iteratorIZN39Deque_Fixture_iter_arrow_op_test_1_TestISt5dequeIiSaIiEEE8TestBodyEvE1SRS5_PS5_EptEv called 1 returned 100% blocks executed 100%
function _ZNKSt15_Deque_iteratorIZN39Deque_Fixture_iter_arrow_op_test_2_TestISt5dequeIiSaIiEEE8TestBodyEvE1SRS5_PS5_EptEv called 1 returned 100% blocks executed 100%
function _ZNKSt15_Deque_iteratorIZN39Deque_Fixture_iter_arrow_op_test_3_TestISt5dequeIiSaIiEEE8TestBodyEvE1SRS5_PS5_EptEv called 1 returned 100% blocks executed 100%
function _ZNKSt15_Deque_iteratorIZN45Deque_Fixture_const_iter_arrow_op_test_1_TestISt5dequeIiSaIiEEE8TestBodyEvE1SRKS5_PS6_EptEv called 1 returned 100% blocks executed 100%
function _ZNKSt15_Deque_iteratorIZN45Deque_Fixture_const_iter_arrow_op_test_2_TestISt5dequeIiSaIiEEE8TestBodyEvE1SRKS5_PS6_EptEv called 1 returned 100% blocks executed 100%
function _ZNKSt15_Deque_iteratorIZN45Deque_Fixture_const_iter_arrow_op_test_3_TestISt5dequeIiSaIiEEE8TestBodyEvE1SRKS5_PS6_EptEv called 1 returned 100% blocks executed 100%
function _ZNKSt15_Deque_iteratorIZN39Deque_Fixture_iter_arrow_op_test_1_TestI8my_dequeIiSaIiEEE8TestBodyEvE1SRS5_PS5_EptEv called 1 returned 100% blocks executed 100%
function _ZNKSt15_Deque_iteratorIZN39Deque_Fixture_iter_arrow_op_test_2_TestI8my_dequeIiSaIiEEE8TestBodyEvE1SRS5_PS5_EptEv called 1 returned 100% blocks executed 100%
function _ZNKSt15_Deque_iteratorIZN39Deque_Fixture_iter_arrow_op_test_3_TestI8my_dequeIiSaIiEEE8TestBodyEvE1SRS5_PS5_EptEv called 1 returned 100% blocks executed 100%
function _ZNKSt15_Deque_iteratorIZN45Deque_Fixture_const_iter_arrow_op_test_1_TestI8my_dequeIiSaIiEEE8TestBodyEvE1SRKS5_PS6_EptEv called 1 returned 100% blocks executed 100%
function _ZNKSt15_Deque_iteratorIZN45Deque_Fixture_const_iter_arrow_op_test_2_TestI8my_dequeIiSaIiEEE8TestBodyEvE1SRKS5_PS6_EptEv called 1 returned 100% blocks executed 100%
function _ZNKSt15_Deque_iteratorIZN45Deque_Fixture_const_iter_arrow_op_test_3_TestI8my_dequeIiSaIiEEE8TestBodyEvE1SRKS5_PS6_EptEv called 1 returned 100% blocks executed 100%
       12:  144:      operator->() const
       12:  145:      { return _M_cur; }
        -:  146:
        -:  147:      _Self&
function _ZNSt15_Deque_iteratorIZN45Deque_Fixture_const_iter_arrow_op_test_1_TestISt5dequeIiSaIiEEE8TestBodyEvE1SRS5_PS5_EppEv called 2 returned 100% blocks executed 60%
function _ZNSt15_Deque_iteratorIZN45Deque_Fixture_const_iter_arrow_op_test_1_TestISt5dequeIiSaIiEEE8TestBodyEvE1SRKS5_PS6_EppEv called 2 returned 100% blocks executed 60%
function _ZNSt15_Deque_iteratorIZN45Deque_Fixture_const_iter_arrow_op_test_2_TestISt5dequeIiSaIiEEE8TestBodyEvE1SRS5_PS5_EppEv called 2 returned 100% blocks executed 60%
function _ZNSt15_Deque_iteratorIZN45Deque_Fixture_const_iter_arrow_op_test_2_TestISt5dequeIiSaIiEEE8TestBodyEvE1SRKS5_PS6_EppEv called 2 returned 100% blocks executed 60%
function _ZNSt15_Deque_iteratorIZN45Deque_Fixture_const_iter_arrow_op_test_3_TestISt5dequeIiSaIiEEE8TestBodyEvE1SRS5_PS5_EppEv called 2 returned 100% blocks executed 60%
function _ZNSt15_Deque_iteratorIZN45Deque_Fixture_const_iter_arrow_op_test_1_TestI8my_dequeIiSaIiEEE8TestBodyEvE1SRS5_PS5_EppEv called 2 returned 100% blocks executed 60%
function _ZNSt15_Deque_iteratorIZN45Deque_Fixture_const_iter_arrow_op_test_1_TestI8my_dequeIiSaIiEEE8TestBodyEvE1SRKS5_PS6_EppEv called 2 returned 100% blocks executed 60%
function _ZNSt15_Deque_iteratorIZN45Deque_Fixture_const_iter_arrow_op_test_2_TestI8my_dequeIiSaIiEEE8TestBodyEvE1SRS5_PS5_EppEv called 2 returned 100% blocks executed 60%
function _ZNSt15_Deque_iteratorIZN45Deque_Fixture_const_iter_arrow_op_test_2_TestI8my_dequeIiSaIiEEE8TestBodyEvE1SRKS5_PS6_EppEv called 2 returned 100% blocks executed 60%
function _ZNSt15_Deque_iteratorIZN45Deque_Fixture_const_iter_arrow_op_test_3_TestI8my_dequeIiSaIiEEE8TestBodyEvE1SRS5_PS5_EppEv called 2 returned 100% blocks executed 60%
function _ZNSt15_Deque_iteratorIZN39Deque_Fixture_iter_arrow_op_test_3_TestISt5dequeIiSaIiEEE8TestBodyEvE1SRS5_PS5_EppEv called 1 returned 100% blocks executed 60%
function _ZNSt15_Deque_iteratorIZN45Deque_Fixture_const_iter_arrow_op_test_3_TestISt5dequeIiSaIiEEE8TestBodyEvE1SRKS5_PS6_EppEv called 3 returned 100% blocks executed 60%
function _ZNSt15_Deque_iteratorIiRKiPS0_EppEv called 892 returned 100% blocks executed 100%
function _ZNSt15_Deque_iteratorIiRiPiEppEv called 646 returned 100% blocks executed 60%
function _ZNSt15_Deque_iteratorIZN39Deque_Fixture_iter_arrow_op_test_3_TestI8my_dequeIiSaIiEEE8TestBodyEvE1SRS5_PS5_EppEv called 1 returned 100% blocks executed 60%
function _ZNSt15_Deque_iteratorIZN45Deque_Fixture_const_iter_arrow_op_test_3_TestI8my_dequeIiSaIiEEE8TestBodyEvE1SRKS5_PS6_EppEv called 3 returned 100% blocks executed 60%
     1566:  148:      operator++()
        -:  149:      {
     1566:  150:	++_M_cur;
     1566:  151:	if (_M_cur == _M_last)
branch  0 taken 0% (fallthrough)
branch  1 taken 100%
branch  2 taken 0% (fallthrough)
branch  3 taken 100%
branch  4 taken 0% (fallthrough)
branch  5 taken 100%
branch  6 taken 0% (fallthrough)
branch  7 taken 100%
branch  8 taken 0% (fallthrough)
branch  9 taken 100%
branch 10 taken 0% (fallthrough)
branch 11 taken 100%
branch 12 taken 0% (fallthrough)
branch 13 taken 100%
branch 14 taken 0% (fallthrough)
branch 15 taken 100%
branch 16 taken 0% (fallthrough)
branch 17 taken 100%
branch 18 taken 0% (fallthrough)
branch 19 taken 100%
branch 20 taken 0% (fallthrough)
branch 21 taken 100%
branch 22 taken 0% (fallthrough)
branch 23 taken 100%
branch 24 taken 1% (fallthrough)
branch 25 taken 99%
branch 26 taken 0% (fallthrough)
branch 27 taken 100%
branch 28 taken 0% (fallthrough)
branch 29 taken 100%
branch 30 taken 0% (fallthrough)
branch 31 taken 100%
        -:  152:	  {
       12:  153:	    _M_set_node(_M_node + 1);
call    0 never executed
call    1 never executed
call    2 never executed
call    3 never executed
call    4 never executed
call    5 never executed
call    6 never executed
call    7 never executed
call    8 never executed
call    9 never executed
call   10 never executed
call   11 never executed
call   12 returned 100%
call   13 never executed
call   14 never executed
call   15 never executed
       12:  154:	    _M_cur = _M_first;
        -:  155:	  }
     1566:  156:	return *this;
        -:  157:      }
        -:  158:
        -:  159:      _Self
function _ZNSt15_Deque_iteratorIiRiPiEppEi called 4 returned 100% blocks executed 100%
function _ZNSt15_Deque_iteratorIiRKiPS0_EppEi called 4 returned 100% blocks executed 100%
        8:  160:      operator++(int)
        -:  161:      {
        8:  162:	_Self __tmp = *this;
call    0 returned 100%
        8:  163:	++*this;
call    0 returned 100%
call    1 returned 100%
        8:  164:	return __tmp;
        -:  165:      }
        -:  166:
        -:  167:      _Self&
function _ZNSt15_Deque_iteratorIiRiPiEmmEv called 15 returned 100% blocks executed 100%
function _ZNSt15_Deque_iteratorIiRKiPS0_EmmEv called 14 returned 100% blocks executed 100%
       29:  168:      operator--()
        -:  169:      {
       29:  170:	if (_M_cur == _M_first)
branch  0 taken 7% (fallthrough)
branch  1 taken 93%
branch  2 taken 7% (fallthrough)
branch  3 taken 93%
        -:  171:	  {
        2:  172:	    _M_set_node(_M_node - 1);
call    0 returned 100%
call    1 returned 100%
        2:  173:	    _M_cur = _M_last;
        -:  174:	  }
       29:  175:	--_M_cur;
       29:  176:	return *this;
        -:  177:      }
        -:  178:
        -:  179:      _Self
function _ZNSt15_Deque_iteratorIiRiPiEmmEi called 5 returned 100% blocks executed 100%
function _ZNSt15_Deque_iteratorIiRKiPS0_EmmEi called 5 returned 100% blocks executed 100%
       10:  180:      operator--(int)
        -:  181:      {
       10:  182:	_Self __tmp = *this;
call    0 returned 100%
       10:  183:	--*this;
call    0 returned 100%
call    1 returned 100%
       10:  184:	return __tmp;
        -:  185:      }
        -:  186:
        -:  187:      _Self&
function _ZNSt15_Deque_iteratorIZN39Deque_Fixture_iter_arrow_op_test_1_TestISt5dequeIiSaIiEEE8TestBodyEvE1SRS5_PS5_EpLEl called 2 returned 100% blocks executed 47%
function _ZNSt15_Deque_iteratorIZN39Deque_Fixture_iter_arrow_op_test_2_TestISt5dequeIiSaIiEEE8TestBodyEvE1SRS5_PS5_EpLEl called 2 returned 100% blocks executed 47%
function _ZNSt15_Deque_iteratorIZN39Deque_Fixture_iter_arrow_op_test_3_TestISt5dequeIiSaIiEEE8TestBodyEvE1SRS5_PS5_EpLEl called 2 returned 100% blocks executed 47%
function _ZNSt15_Deque_iteratorIZN45Deque_Fixture_const_iter_arrow_op_test_1_TestISt5dequeIiSaIiEEE8TestBodyEvE1SRS5_PS5_EpLEl called 2 returned 100% blocks executed 47%
function _ZNSt15_Deque_iteratorIZN45Deque_Fixture_const_iter_arrow_op_test_2_TestISt5dequeIiSaIiEEE8TestBodyEvE1SRS5_PS5_EpLEl called 2 returned 100% blocks executed 47%
function _ZNSt15_Deque_iteratorIZN45Deque_Fixture_const_iter_arrow_op_test_3_TestISt5dequeIiSaIiEEE8TestBodyEvE1SRS5_PS5_EpLEl called 2 returned 100% blocks executed 47%
function _ZNSt15_Deque_iteratorIZN39Deque_Fixture_iter_arrow_op_test_1_TestI8my_dequeIiSaIiEEE8TestBodyEvE1SRS5_PS5_EpLEl called 2 returned 100% blocks executed 47%
function _ZNSt15_Deque_iteratorIZN39Deque_Fixture_iter_arrow_op_test_2_TestI8my_dequeIiSaIiEEE8TestBodyEvE1SRS5_PS5_EpLEl called 2 returned 100% blocks executed 47%
function _ZNSt15_Deque_iteratorIZN39Deque_Fixture_iter_arrow_op_test_3_TestI8my_dequeIiSaIiEEE8TestBodyEvE1SRS5_PS5_EpLEl called 2 returned 100% blocks executed 47%
function _ZNSt15_Deque_iteratorIZN45Deque_Fixture_const_iter_arrow_op_test_1_TestI8my_dequeIiSaIiEEE8TestBodyEvE1SRS5_PS5_EpLEl called 2 returned 100% blocks executed 47%
function _ZNSt15_Deque_iteratorIZN45Deque_Fixture_const_iter_arrow_op_test_2_TestI8my_dequeIiSaIiEEE8TestBodyEvE1SRS5_PS5_EpLEl called 2 returned 100% blocks executed 47%
function _ZNSt15_Deque_iteratorIZN45Deque_Fixture_const_iter_arrow_op_test_3_TestI8my_dequeIiSaIiEEE8TestBodyEvE1SRS5_PS5_EpLEl called 2 returned 100% blocks executed 47%
function _ZNSt15_Deque_iteratorIiRiPiEpLEl called 470 returned 100% blocks executed 88%
function _ZNSt15_Deque_iteratorIiRKiPS0_EpLEl called 31 returned 100% blocks executed 47%
      525:  188:      operator+=(difference_type __n)
        -:  189:      {
      525:  190:	const difference_type __offset = __n + (_M_cur - _M_first);
      525:  191:	if (__offset >= 0 && __offset < difference_type(_S_buffer_size()))
branch  0 taken 100% (fallthrough)
branch  1 taken 0%
call    2 returned 100%
branch  3 taken 100% (fallthrough)
branch  4 taken 0%
branch  5 taken 100% (fallthrough)
branch  6 taken 0%
branch  7 taken 100% (fallthrough)
branch  8 taken 0%
call    9 returned 100%
branch 10 taken 100% (fallthrough)
branch 11 taken 0%
branch 12 taken 100% (fallthrough)
branch 13 taken 0%
branch 14 taken 100% (fallthrough)
branch 15 taken 0%
call   16 returned 100%
branch 17 taken 100% (fallthrough)
branch 18 taken 0%
branch 19 taken 100% (fallthrough)
branch 20 taken 0%
branch 21 taken 100% (fallthrough)
branch 22 taken 0%
call   23 returned 100%
branch 24 taken 100% (fallthrough)
branch 25 taken 0%
branch 26 taken 100% (fallthrough)
branch 27 taken 0%
branch 28 taken 100% (fallthrough)
branch 29 taken 0%
call   30 returned 100%
branch 31 taken 100% (fallthrough)
branch 32 taken 0%
branch 33 taken 100% (fallthrough)
branch 34 taken 0%
branch 35 taken 100% (fallthrough)
branch 36 taken 0%
call   37 returned 100%
branch 38 taken 100% (fallthrough)
branch 39 taken 0%
branch 40 taken 100% (fallthrough)
branch 41 taken 0%
branch 42 taken 100% (fallthrough)
branch 43 taken 0%
call   44 returned 100%
branch 45 taken 100% (fallthrough)
branch 46 taken 0%
branch 47 taken 100% (fallthrough)
branch 48 taken 0%
branch 49 taken 100% (fallthrough)
branch 50 taken 0%
call   51 returned 100%
branch 52 taken 100% (fallthrough)
branch 53 taken 0%
branch 54 taken 100% (fallthrough)
branch 55 taken 0%
branch 56 taken 100% (fallthrough)
branch 57 taken 0%
call   58 returned 100%
branch 59 taken 100% (fallthrough)
branch 60 taken 0%
branch 61 taken 100% (fallthrough)
branch 62 taken 0%
branch 63 taken 100% (fallthrough)
branch 64 taken 0%
call   65 returned 100%
branch 66 taken 100% (fallthrough)
branch 67 taken 0%
branch 68 taken 100% (fallthrough)
branch 69 taken 0%
branch 70 taken 100% (fallthrough)
branch 71 taken 0%
call   72 returned 100%
branch 73 taken 100% (fallthrough)
branch 74 taken 0%
branch 75 taken 100% (fallthrough)
branch 76 taken 0%
branch 77 taken 100% (fallthrough)
branch 78 taken 0%
call   79 returned 100%
branch 80 taken 100% (fallthrough)
branch 81 taken 0%
branch 82 taken 100% (fallthrough)
branch 83 taken 0%
branch 84 taken 100% (fallthrough)
branch 85 taken 0%
call   86 returned 100%
branch 87 taken 99% (fallthrough)
branch 88 taken 1%
branch 89 taken 99% (fallthrough)
branch 90 taken 1%
branch 91 taken 100% (fallthrough)
branch 92 taken 0%
call   93 returned 100%
branch 94 taken 100% (fallthrough)
branch 95 taken 0%
branch 96 taken 100% (fallthrough)
branch 97 taken 0%
      520:  192:	  _M_cur += __n;
        -:  193:	else
        -:  194:	  {
        -:  195:	    const difference_type __node_offset =
        5:  196:	      __offset > 0 ? __offset / difference_type(_S_buffer_size())
call    0 never executed
call    1 never executed
call    2 never executed
call    3 never executed
call    4 never executed
call    5 never executed
call    6 never executed
call    7 never executed
call    8 never executed
call    9 never executed
call   10 never executed
call   11 never executed
call   12 returned 100%
call   13 never executed
        -:  197:	                   : -difference_type((-__offset - 1)
       10:  198:					      / _S_buffer_size()) - 1;
branch  0 never executed
branch  1 never executed
call    2 never executed
branch  3 never executed
branch  4 never executed
call    5 never executed
branch  6 never executed
branch  7 never executed
call    8 never executed
branch  9 never executed
branch 10 never executed
call   11 never executed
branch 12 never executed
branch 13 never executed
call   14 never executed
branch 15 never executed
branch 16 never executed
call   17 never executed
branch 18 never executed
branch 19 never executed
call   20 never executed
branch 21 never executed
branch 22 never executed
call   23 never executed
branch 24 never executed
branch 25 never executed
call   26 never executed
branch 27 never executed
branch 28 never executed
call   29 never executed
branch 30 never executed
branch 31 never executed
call   32 never executed
branch 33 never executed
branch 34 never executed
call   35 never executed
branch 36 taken 100% (fallthrough)
branch 37 taken 0%
call   38 never executed
branch 39 never executed
branch 40 never executed
call   41 never executed
        5:  199:	    _M_set_node(_M_node + __node_offset);
call    0 never executed
call    1 never executed
call    2 never executed
call    3 never executed
call    4 never executed
call    5 never executed
call    6 never executed
call    7 never executed
call    8 never executed
call    9 never executed
call   10 never executed
call   11 never executed
call   12 returned 100%
call   13 never executed
       10:  200:	    _M_cur = _M_first + (__offset - __node_offset
        5:  201:				 * difference_type(_S_buffer_size()));
call    0 never executed
call    1 never executed
call    2 never executed
call    3 never executed
call    4 never executed
call    5 never executed
call    6 never executed
call    7 never executed
call    8 never executed
call    9 never executed
call   10 never executed
call   11 never executed
call   12 returned 100%
call   13 never executed
        -:  202:	  }
      525:  203:	return *this;
        -:  204:      }
        -:  205:
        -:  206:      _Self
function _ZNKSt15_Deque_iteratorIZN39Deque_Fixture_iter_arrow_op_test_1_TestISt5dequeIiSaIiEEE8TestBodyEvE1SRS5_PS5_EplEl called 2 returned 100% blocks executed 100%
function _ZNKSt15_Deque_iteratorIZN39Deque_Fixture_iter_arrow_op_test_2_TestISt5dequeIiSaIiEEE8TestBodyEvE1SRS5_PS5_EplEl called 2 returned 100% blocks executed 100%
function _ZNKSt15_Deque_iteratorIZN39Deque_Fixture_iter_arrow_op_test_3_TestISt5dequeIiSaIiEEE8TestBodyEvE1SRS5_PS5_EplEl called 2 returned 100% blocks executed 100%
function _ZNKSt15_Deque_iteratorIZN45Deque_Fixture_const_iter_arrow_op_test_1_TestISt5dequeIiSaIiEEE8TestBodyEvE1SRS5_PS5_EplEl called 2 returned 100% blocks executed 100%
function _ZNKSt15_Deque_iteratorIZN45Deque_Fixture_const_iter_arrow_op_test_2_TestISt5dequeIiSaIiEEE8TestBodyEvE1SRS5_PS5_EplEl called 2 returned 100% blocks executed 100%
function _ZNKSt15_Deque_iteratorIZN45Deque_Fixture_const_iter_arrow_op_test_3_TestISt5dequeIiSaIiEEE8TestBodyEvE1SRS5_PS5_EplEl called 2 returned 100% blocks executed 100%
function _ZNKSt15_Deque_iteratorIZN39Deque_Fixture_iter_arrow_op_test_1_TestI8my_dequeIiSaIiEEE8TestBodyEvE1SRS5_PS5_EplEl called 2 returned 100% blocks executed 100%
function _ZNKSt15_Deque_iteratorIZN39Deque_Fixture_iter_arrow_op_test_2_TestI8my_dequeIiSaIiEEE8TestBodyEvE1SRS5_PS5_EplEl called 2 returned 100% blocks executed 100%
function _ZNKSt15_Deque_iteratorIZN39Deque_Fixture_iter_arrow_op_test_3_TestI8my_dequeIiSaIiEEE8TestBodyEvE1SRS5_PS5_EplEl called 2 returned 100% blocks executed 100%
function _ZNKSt15_Deque_iteratorIZN45Deque_Fixture_const_iter_arrow_op_test_1_TestI8my_dequeIiSaIiEEE8TestBodyEvE1SRS5_PS5_EplEl called 2 returned 100% blocks executed 100%
function _ZNKSt15_Deque_iteratorIZN45Deque_Fixture_const_iter_arrow_op_test_2_TestI8my_dequeIiSaIiEEE8TestBodyEvE1SRS5_PS5_EplEl called 2 returned 100% blocks executed 100%
function _ZNKSt15_Deque_iteratorIZN45Deque_Fixture_const_iter_arrow_op_test_3_TestI8my_dequeIiSaIiEEE8TestBodyEvE1SRS5_PS5_EplEl called 2 returned 100% blocks executed 100%
function _ZNKSt15_Deque_iteratorIiRiPiEplEl called 451 returned 100% blocks executed 100%
function _ZNKSt15_Deque_iteratorIiRKiPS0_EplEl called 12 returned 100% blocks executed 100%
      487:  207:      operator+(difference_type __n) const
        -:  208:      {
      487:  209:	_Self __tmp = *this;
call    0 returned 100%
call    1 returned 100%
call    2 returned 100%
call    3 returned 100%
call    4 returned 100%
call    5 returned 100%
call    6 returned 100%
call    7 returned 100%
call    8 returned 100%
call    9 returned 100%
call   10 returned 100%
call   11 returned 100%
call   12 returned 100%
      487:  210:	return __tmp += __n;
call    0 returned 100%
branch  1 taken 100% (fallthrough)
branch  2 taken 0% (throw)
call    3 returned 100%
call    4 returned 100%
branch  5 taken 100% (fallthrough)
branch  6 taken 0% (throw)
call    7 returned 100%
call    8 returned 100%
branch  9 taken 100% (fallthrough)
branch 10 taken 0% (throw)
call   11 returned 100%
call   12 returned 100%
branch 13 taken 100% (fallthrough)
branch 14 taken 0% (throw)
call   15 returned 100%
call   16 returned 100%
branch 17 taken 100% (fallthrough)
branch 18 taken 0% (throw)
call   19 returned 100%
call   20 returned 100%
branch 21 taken 100% (fallthrough)
branch 22 taken 0% (throw)
call   23 returned 100%
call   24 returned 100%
branch 25 taken 100% (fallthrough)
branch 26 taken 0% (throw)
call   27 returned 100%
call   28 returned 100%
branch 29 taken 100% (fallthrough)
branch 30 taken 0% (throw)
call   31 returned 100%
call   32 returned 100%
branch 33 taken 100% (fallthrough)
branch 34 taken 0% (throw)
call   35 returned 100%
call   36 returned 100%
branch 37 taken 100% (fallthrough)
branch 38 taken 0% (throw)
call   39 returned 100%
call   40 returned 100%
branch 41 taken 100% (fallthrough)
branch 42 taken 0% (throw)
call   43 returned 100%
call   44 returned 100%
branch 45 taken 100% (fallthrough)
branch 46 taken 0% (throw)
call   47 returned 100%
call   48 returned 100%
branch 49 taken 100% (fallthrough)
branch 50 taken 0% (throw)
call   51 returned 100%
call   52 returned 100%
branch 53 taken 100% (fallthrough)
branch 54 taken 0% (throw)
        -:  211:      }
        -:  212:
        -:  213:      _Self&
function _ZNSt15_Deque_iteratorIiRiPiEmIEl called 11 returned 100% blocks executed 100%
function _ZNSt15_Deque_iteratorIiRKiPS0_EmIEl called 11 returned 100% blocks executed 100%
       22:  214:      operator-=(difference_type __n)
       22:  215:      { return *this += -__n; }
call    0 returned 100%
call    1 returned 100%
        -:  216:
        -:  217:      _Self
function _ZNKSt15_Deque_iteratorIiRiPiEmiEl called 8 returned 100% blocks executed 100%
function _ZNKSt15_Deque_iteratorIiRKiPS0_EmiEl called 8 returned 100% blocks executed 100%
       16:  218:      operator-(difference_type __n) const
        -:  219:      {
       16:  220:	_Self __tmp = *this;
call    0 returned 100%
       16:  221:	return __tmp -= __n;
call    0 returned 100%
branch  1 taken 100% (fallthrough)
branch  2 taken 0% (throw)
call    3 returned 100%
call    4 returned 100%
branch  5 taken 100% (fallthrough)
branch  6 taken 0% (throw)
        -:  222:      }
        -:  223:
        -:  224:      reference
function _ZNKSt15_Deque_iteratorIZN39Deque_Fixture_iter_arrow_op_test_1_TestISt5dequeIiSaIiEEE8TestBodyEvE1SRS5_PS5_EixEl called 2 returned 100% blocks executed 100%
function _ZNKSt15_Deque_iteratorIZN39Deque_Fixture_iter_arrow_op_test_2_TestISt5dequeIiSaIiEEE8TestBodyEvE1SRS5_PS5_EixEl called 2 returned 100% blocks executed 100%
function _ZNKSt15_Deque_iteratorIZN39Deque_Fixture_iter_arrow_op_test_3_TestISt5dequeIiSaIiEEE8TestBodyEvE1SRS5_PS5_EixEl called 2 returned 100% blocks executed 100%
function _ZNKSt15_Deque_iteratorIZN45Deque_Fixture_const_iter_arrow_op_test_1_TestISt5dequeIiSaIiEEE8TestBodyEvE1SRS5_PS5_EixEl called 2 returned 100% blocks executed 100%
function _ZNKSt15_Deque_iteratorIZN45Deque_Fixture_const_iter_arrow_op_test_2_TestISt5dequeIiSaIiEEE8TestBodyEvE1SRS5_PS5_EixEl called 2 returned 100% blocks executed 100%
function _ZNKSt15_Deque_iteratorIZN45Deque_Fixture_const_iter_arrow_op_test_3_TestISt5dequeIiSaIiEEE8TestBodyEvE1SRS5_PS5_EixEl called 2 returned 100% blocks executed 100%
function _ZNKSt15_Deque_iteratorIiRiPiEixEl called 432 returned 100% blocks executed 100%
function _ZNKSt15_Deque_iteratorIZN39Deque_Fixture_iter_arrow_op_test_1_TestI8my_dequeIiSaIiEEE8TestBodyEvE1SRS5_PS5_EixEl called 2 returned 100% blocks executed 100%
function _ZNKSt15_Deque_iteratorIZN39Deque_Fixture_iter_arrow_op_test_2_TestI8my_dequeIiSaIiEEE8TestBodyEvE1SRS5_PS5_EixEl called 2 returned 100% blocks executed 100%
function _ZNKSt15_Deque_iteratorIZN39Deque_Fixture_iter_arrow_op_test_3_TestI8my_dequeIiSaIiEEE8TestBodyEvE1SRS5_PS5_EixEl called 2 returned 100% blocks executed 100%
function _ZNKSt15_Deque_iteratorIZN45Deque_Fixture_const_iter_arrow_op_test_1_TestI8my_dequeIiSaIiEEE8TestBodyEvE1SRS5_PS5_EixEl called 2 returned 100% blocks executed 100%
function _ZNKSt15_Deque_iteratorIZN45Deque_Fixture_const_iter_arrow_op_test_2_TestI8my_dequeIiSaIiEEE8TestBodyEvE1SRS5_PS5_EixEl called 2 returned 100% blocks executed 100%
function _ZNKSt15_Deque_iteratorIZN45Deque_Fixture_const_iter_arrow_op_test_3_TestI8my_dequeIiSaIiEEE8TestBodyEvE1SRS5_PS5_EixEl called 2 returned 100% blocks executed 100%
      456:  225:      operator[](difference_type __n) const
      456:  226:      { return *(*this + __n); }
call    0 returned 100%
call    1 returned 100%
call    2 returned 100%
call    3 returned 100%
call    4 returned 100%
call    5 returned 100%
call    6 returned 100%
call    7 returned 100%
call    8 returned 100%
call    9 returned 100%
call   10 returned 100%
call   11 returned 100%
call   12 returned 100%
call   13 returned 100%
call   14 returned 100%
call   15 returned 100%
call   16 returned 100%
call   17 returned 100%
call   18 returned 100%
call   19 returned 100%
call   20 returned 100%
call   21 returned 100%
call   22 returned 100%
call   23 returned 100%
call   24 returned 100%
call   25 returned 100%
        -:  227:
        -:  228:      /** 
        -:  229:       *  Prepares to traverse new_node.  Sets everything except
        -:  230:       *  _M_cur, which should therefore be set by the caller
        -:  231:       *  immediately afterwards, based on _M_first and _M_last.
        -:  232:       */
        -:  233:      void
function _ZNSt15_Deque_iteratorIZN45Deque_Fixture_const_iter_arrow_op_test_1_TestISt5dequeIiSaIiEEE8TestBodyEvE1SRKS5_PS6_E11_M_set_nodeEPPS5_ called 0 returned 0% blocks executed 0%
function _ZNSt15_Deque_iteratorIZN45Deque_Fixture_const_iter_arrow_op_test_2_TestISt5dequeIiSaIiEEE8TestBodyEvE1SRKS5_PS6_E11_M_set_nodeEPPS5_ called 0 returned 0% blocks executed 0%
function _ZNSt15_Deque_iteratorIZN45Deque_Fixture_const_iter_arrow_op_test_1_TestI8my_dequeIiSaIiEEE8TestBodyEvE1SRKS5_PS6_E11_M_set_nodeEPPS5_ called 0 returned 0% blocks executed 0%
function _ZNSt15_Deque_iteratorIZN45Deque_Fixture_const_iter_arrow_op_test_2_TestI8my_dequeIiSaIiEEE8TestBodyEvE1SRKS5_PS6_E11_M_set_nodeEPPS5_ called 0 returned 0% blocks executed 0%
function _ZNSt15_Deque_iteratorIZN39Deque_Fixture_iter_arrow_op_test_1_TestISt5dequeIiSaIiEEE8TestBodyEvE1SRS5_PS5_E11_M_set_nodeEPS7_ called 2 returned 100% blocks executed 100%
function _ZNSt15_Deque_iteratorIZN39Deque_Fixture_iter_arrow_op_test_2_TestISt5dequeIiSaIiEEE8TestBodyEvE1SRS5_PS5_E11_M_set_nodeEPS7_ called 2 returned 100% blocks executed 100%
function _ZNSt15_Deque_iteratorIZN45Deque_Fixture_const_iter_arrow_op_test_1_TestISt5dequeIiSaIiEEE8TestBodyEvE1SRS5_PS5_E11_M_set_nodeEPS7_ called 4 returned 100% blocks executed 100%
function _ZNSt15_Deque_iteratorIZN45Deque_Fixture_const_iter_arrow_op_test_2_TestISt5dequeIiSaIiEEE8TestBodyEvE1SRS5_PS5_E11_M_set_nodeEPS7_ called 4 returned 100% blocks executed 100%
function _ZNSt15_Deque_iteratorIZN45Deque_Fixture_const_iter_arrow_op_test_3_TestISt5dequeIiSaIiEEE8TestBodyEvE1SRS5_PS5_E11_M_set_nodeEPS7_ called 4 returned 100% blocks executed 100%
function _ZNSt15_Deque_iteratorIZN39Deque_Fixture_iter_arrow_op_test_1_TestI8my_dequeIiSaIiEEE8TestBodyEvE1SRS5_PS5_E11_M_set_nodeEPS7_ called 2 returned 100% blocks executed 100%
function _ZNSt15_Deque_iteratorIZN39Deque_Fixture_iter_arrow_op_test_2_TestI8my_dequeIiSaIiEEE8TestBodyEvE1SRS5_PS5_E11_M_set_nodeEPS7_ called 2 returned 100% blocks executed 100%
function _ZNSt15_Deque_iteratorIZN45Deque_Fixture_const_iter_arrow_op_test_1_TestI8my_dequeIiSaIiEEE8TestBodyEvE1SRS5_PS5_E11_M_set_nodeEPS7_ called 4 returned 100% blocks executed 100%
function _ZNSt15_Deque_iteratorIZN45Deque_Fixture_const_iter_arrow_op_test_2_TestI8my_dequeIiSaIiEEE8TestBodyEvE1SRS5_PS5_E11_M_set_nodeEPS7_ called 4 returned 100% blocks executed 100%
function _ZNSt15_Deque_iteratorIZN45Deque_Fixture_const_iter_arrow_op_test_3_TestI8my_dequeIiSaIiEEE8TestBodyEvE1SRS5_PS5_E11_M_set_nodeEPS7_ called 4 returned 100% blocks executed 100%
function _ZNSt15_Deque_iteratorIZN39Deque_Fixture_iter_arrow_op_test_3_TestISt5dequeIiSaIiEEE8TestBodyEvE1SRS5_PS5_E11_M_set_nodeEPS7_ called 2 returned 100% blocks executed 100%
function _ZNSt15_Deque_iteratorIZN45Deque_Fixture_const_iter_arrow_op_test_3_TestISt5dequeIiSaIiEEE8TestBodyEvE1SRKS5_PS6_E11_M_set_nodeEPPS5_ called 0 returned 0% blocks executed 0%
function _ZNSt15_Deque_iteratorIiRKiPS0_E11_M_set_nodeEPPi called 13 returned 100% blocks executed 100%
function _ZNSt15_Deque_iteratorIiRiPiE11_M_set_nodeEPS1_ called 517 returned 100% blocks executed 100%
function _ZNSt15_Deque_iteratorIZN39Deque_Fixture_iter_arrow_op_test_3_TestI8my_dequeIiSaIiEEE8TestBodyEvE1SRS5_PS5_E11_M_set_nodeEPS7_ called 2 returned 100% blocks executed 100%
function _ZNSt15_Deque_iteratorIZN45Deque_Fixture_const_iter_arrow_op_test_3_TestI8my_dequeIiSaIiEEE8TestBodyEvE1SRKS5_PS6_E11_M_set_nodeEPPS5_ called 0 returned 0% blocks executed 0%
      566:  234:      _M_set_node(_Map_pointer __new_node)
        -:  235:      {
      566:  236:	_M_node = __new_node;
      566:  237:	_M_first = *__new_node;
      566:  238:	_M_last = _M_first + difference_type(_S_buffer_size());
call    0 never executed
call    1 never executed
call    2 never executed
call    3 never executed
call    4 returned 100%
call    5 returned 100%
call    6 returned 100%
call    7 returned 100%
call    8 returned 100%
call    9 returned 100%
call   10 returned 100%
call   11 returned 100%
call   12 returned 100%
call   13 returned 100%
call   14 returned 100%
call   15 never executed
call   16 returned 100%
call   17 returned 100%
call   18 returned 100%
call   19 never executed
      566:  239:      }
        -:  240:    };
        -:  241:
        -:  242:  // Note: we also provide overloads whose operands are of the same type in
        -:  243:  // order to avoid ambiguous overload resolution when std::rel_ops operators
        -:  244:  // are in scope (for additional details, see libstdc++/3628)
        -:  245:  template<typename _Tp, typename _Ref, typename _Ptr>
        -:  246:    inline bool
function _ZSteqIiRiPiEbRKSt15_Deque_iteratorIT_T0_T1_ES8_ called 88 returned 100% blocks executed 100%
function _ZSteqIiRKiPS0_EbRKSt15_Deque_iteratorIT_T0_T1_ES9_ called 224 returned 100% blocks executed 100%
      312:  247:    operator==(const _Deque_iterator<_Tp, _Ref, _Ptr>& __x,
        -:  248:	       const _Deque_iterator<_Tp, _Ref, _Ptr>& __y)
      312:  249:    { return __x._M_cur == __y._M_cur; }
        -:  250:
        -:  251:  template<typename _Tp, typename _RefL, typename _PtrL,
        -:  252:	   typename _RefR, typename _PtrR>
        -:  253:    inline bool
        -:  254:    operator==(const _Deque_iterator<_Tp, _RefL, _PtrL>& __x,
        -:  255:	       const _Deque_iterator<_Tp, _RefR, _PtrR>& __y)
        -:  256:    { return __x._M_cur == __y._M_cur; }
        -:  257:
        -:  258:  template<typename _Tp, typename _Ref, typename _Ptr>
        -:  259:    inline bool
function _ZStneIiRiPiEbRKSt15_Deque_iteratorIT_T0_T1_ES8_ called 49 returned 100% blocks executed 100%
function _ZStneIiRKiPS0_EbRKSt15_Deque_iteratorIT_T0_T1_ES9_ called 189 returned 100% blocks executed 100%
      238:  260:    operator!=(const _Deque_iterator<_Tp, _Ref, _Ptr>& __x,
        -:  261:	       const _Deque_iterator<_Tp, _Ref, _Ptr>& __y)
      238:  262:    { return !(__x == __y); }
call    0 returned 100%
call    1 returned 100%
        -:  263:
        -:  264:  template<typename _Tp, typename _RefL, typename _PtrL,
        -:  265:	   typename _RefR, typename _PtrR>
        -:  266:    inline bool
        -:  267:    operator!=(const _Deque_iterator<_Tp, _RefL, _PtrL>& __x,
        -:  268:	       const _Deque_iterator<_Tp, _RefR, _PtrR>& __y)
        -:  269:    { return !(__x == __y); }
        -:  270:
        -:  271:  template<typename _Tp, typename _Ref, typename _Ptr>
        -:  272:    inline bool
        -:  273:    operator<(const _Deque_iterator<_Tp, _Ref, _Ptr>& __x,
        -:  274:	      const _Deque_iterator<_Tp, _Ref, _Ptr>& __y)
        -:  275:    { return (__x._M_node == __y._M_node) ? (__x._M_cur < __y._M_cur)
        -:  276:                                          : (__x._M_node < __y._M_node); }
        -:  277:
        -:  278:  template<typename _Tp, typename _RefL, typename _PtrL,
        -:  279:	   typename _RefR, typename _PtrR>
        -:  280:    inline bool
        -:  281:    operator<(const _Deque_iterator<_Tp, _RefL, _PtrL>& __x,
        -:  282:	      const _Deque_iterator<_Tp, _RefR, _PtrR>& __y)
        -:  283:    { return (__x._M_node == __y._M_node) ? (__x._M_cur < __y._M_cur)
        -:  284:	                                  : (__x._M_node < __y._M_node); }
        -:  285:
        -:  286:  template<typename _Tp, typename _Ref, typename _Ptr>
        -:  287:    inline bool
        -:  288:    operator>(const _Deque_iterator<_Tp, _Ref, _Ptr>& __x,
        -:  289:	      const _Deque_iterator<_Tp, _Ref, _Ptr>& __y)
        -:  290:    { return __y < __x; }
        -:  291:
        -:  292:  template<typename _Tp, typename _RefL, typename _PtrL,
        -:  293:	   typename _RefR, typename _PtrR>
        -:  294:    inline bool
        -:  295:    operator>(const _Deque_iterator<_Tp, _RefL, _PtrL>& __x,
        -:  296:	      const _Deque_iterator<_Tp, _RefR, _PtrR>& __y)
        -:  297:    { return __y < __x; }
        -:  298:
        -:  299:  template<typename _Tp, typename _Ref, typename _Ptr>
        -:  300:    inline bool
        -:  301:    operator<=(const _Deque_iterator<_Tp, _Ref, _Ptr>& __x,
        -:  302:	       const _Deque_iterator<_Tp, _Ref, _Ptr>& __y)
        -:  303:    { return !(__y < __x); }
        -:  304:
        -:  305:  template<typename _Tp, typename _RefL, typename _PtrL,
        -:  306:	   typename _RefR, typename _PtrR>
        -:  307:    inline bool
        -:  308:    operator<=(const _Deque_iterator<_Tp, _RefL, _PtrL>& __x,
        -:  309:	       const _Deque_iterator<_Tp, _RefR, _PtrR>& __y)
        -:  310:    { return !(__y < __x); }
        -:  311:
        -:  312:  template<typename _Tp, typename _Ref, typename _Ptr>
        -:  313:    inline bool
        -:  314:    operator>=(const _Deque_iterator<_Tp, _Ref, _Ptr>& __x,
        -:  315:	       const _Deque_iterator<_Tp, _Ref, _Ptr>& __y)
        -:  316:    { return !(__x < __y); }
        -:  317:
        -:  318:  template<typename _Tp, typename _RefL, typename _PtrL,
        -:  319:	   typename _RefR, typename _PtrR>
        -:  320:    inline bool
        -:  321:    operator>=(const _Deque_iterator<_Tp, _RefL, _PtrL>& __x,
        -:  322:	       const _Deque_iterator<_Tp, _RefR, _PtrR>& __y)
        -:  323:    { return !(__x < __y); }
        -:  324:
        -:  325:  // _GLIBCXX_RESOLVE_LIB_DEFECTS
        -:  326:  // According to the resolution of DR179 not only the various comparison
        -:  327:  // operators but also operator- must accept mixed iterator/const_iterator
        -:  328:  // parameters.
        -:  329:  template<typename _Tp, typename _Ref, typename _Ptr>
        -:  330:    inline typename _Deque_iterator<_Tp, _Ref, _Ptr>::difference_type
function _ZStmiIZN45Deque_Fixture_const_iter_arrow_op_test_1_TestISt5dequeIiSaIiEEE8TestBodyEvE1SRKS5_PS6_ENSt15_Deque_iteratorIT_T0_T1_E15difference_typeERKSD_SG_ called 1 returned 100% blocks executed 100%
function _ZStmiIZN45Deque_Fixture_const_iter_arrow_op_test_2_TestISt5dequeIiSaIiEEE8TestBodyEvE1SRKS5_PS6_ENSt15_Deque_iteratorIT_T0_T1_E15difference_typeERKSD_SG_ called 1 returned 100% blocks executed 100%
function _ZStmiIZN45Deque_Fixture_const_iter_arrow_op_test_3_TestISt5dequeIiSaIiEEE8TestBodyEvE1SRKS5_PS6_ENSt15_Deque_iteratorIT_T0_T1_E15difference_typeERKSD_SG_ called 1 returned 100% blocks executed 100%
function _ZStmiIZN45Deque_Fixture_const_iter_arrow_op_test_1_TestI8my_dequeIiSaIiEEE8TestBodyEvE1SRKS5_PS6_ENSt15_Deque_iteratorIT_T0_T1_E15difference_typeERKSD_SG_ called 1 returned 100% blocks executed 100%
function _ZStmiIZN45Deque_Fixture_const_iter_arrow_op_test_2_TestI8my_dequeIiSaIiEEE8TestBodyEvE1SRKS5_PS6_ENSt15_Deque_iteratorIT_T0_T1_E15difference_typeERKSD_SG_ called 1 returned 100% blocks executed 100%
function _ZStmiIZN45Deque_Fixture_const_iter_arrow_op_test_3_TestI8my_dequeIiSaIiEEE8TestBodyEvE1SRKS5_PS6_ENSt15_Deque_iteratorIT_T0_T1_E15difference_typeERKSD_SG_ called 1 returned 100% blocks executed 100%
function _ZStmiIZN45Deque_Fixture_const_iter_arrow_op_test_1_TestISt5dequeIiSaIiEEE8TestBodyEvE1SRS5_PS5_ENSt15_Deque_iteratorIT_T0_T1_E15difference_typeERKSC_SF_ called 1 returned 100% blocks executed 100%
function _ZStmiIZN45Deque_Fixture_const_iter_arrow_op_test_2_TestISt5dequeIiSaIiEEE8TestBodyEvE1SRS5_PS5_ENSt15_Deque_iteratorIT_T0_T1_E15difference_typeERKSC_SF_ called 1 returned 100% blocks executed 100%
function _ZStmiIZN45Deque_Fixture_const_iter_arrow_op_test_3_TestISt5dequeIiSaIiEEE8TestBodyEvE1SRS5_PS5_ENSt15_Deque_iteratorIT_T0_T1_E15difference_typeERKSC_SF_ called 1 returned 100% blocks executed 100%
function _ZStmiIiRKiPS0_ENSt15_Deque_iteratorIT_T0_T1_E15difference_typeERKS7_SA_ called 89 returned 100% blocks executed 100%
function _ZStmiIZN45Deque_Fixture_const_iter_arrow_op_test_1_TestI8my_dequeIiSaIiEEE8TestBodyEvE1SRS5_PS5_ENSt15_Deque_iteratorIT_T0_T1_E15difference_typeERKSC_SF_ called 1 returned 100% blocks executed 100%
function _ZStmiIZN45Deque_Fixture_const_iter_arrow_op_test_2_TestI8my_dequeIiSaIiEEE8TestBodyEvE1SRS5_PS5_ENSt15_Deque_iteratorIT_T0_T1_E15difference_typeERKSC_SF_ called 1 returned 100% blocks executed 100%
function _ZStmiIZN45Deque_Fixture_const_iter_arrow_op_test_3_TestI8my_dequeIiSaIiEEE8TestBodyEvE1SRS5_PS5_ENSt15_Deque_iteratorIT_T0_T1_E15difference_typeERKSC_SF_ called 1 returned 100% blocks executed 100%
function _ZStmiIiRiPiENSt15_Deque_iteratorIT_T0_T1_E15difference_typeERKS6_S9_ called 173 returned 100% blocks executed 100%
      274:  331:    operator-(const _Deque_iterator<_Tp, _Ref, _Ptr>& __x,
        -:  332:	      const _Deque_iterator<_Tp, _Ref, _Ptr>& __y)
        -:  333:    {
        -:  334:      return typename _Deque_iterator<_Tp, _Ref, _Ptr>::difference_type
      274:  335:	(_Deque_iterator<_Tp, _Ref, _Ptr>::_S_buffer_size())
call    0 returned 100%
call    1 returned 100%
call    2 returned 100%
call    3 returned 100%
call    4 returned 100%
call    5 returned 100%
call    6 returned 100%
call    7 returned 100%
call    8 returned 100%
call    9 returned 100%
call   10 returned 100%
call   11 returned 100%
call   12 returned 100%
call   13 returned 100%
        -:  336:	* (__x._M_node - __y._M_node - 1) + (__x._M_cur - __x._M_first)
      274:  337:	+ (__y._M_last - __y._M_cur);
        -:  338:    }
        -:  339:
        -:  340:  template<typename _Tp, typename _RefL, typename _PtrL,
        -:  341:	   typename _RefR, typename _PtrR>
        -:  342:    inline typename _Deque_iterator<_Tp, _RefL, _PtrL>::difference_type
        -:  343:    operator-(const _Deque_iterator<_Tp, _RefL, _PtrL>& __x,
        -:  344:	      const _Deque_iterator<_Tp, _RefR, _PtrR>& __y)
        -:  345:    {
        -:  346:      return typename _Deque_iterator<_Tp, _RefL, _PtrL>::difference_type
        -:  347:	(_Deque_iterator<_Tp, _RefL, _PtrL>::_S_buffer_size())
        -:  348:	* (__x._M_node - __y._M_node - 1) + (__x._M_cur - __x._M_first)
        -:  349:	+ (__y._M_last - __y._M_cur);
        -:  350:    }
        -:  351:
        -:  352:  template<typename _Tp, typename _Ref, typename _Ptr>
        -:  353:    inline _Deque_iterator<_Tp, _Ref, _Ptr>
        -:  354:    operator+(ptrdiff_t __n, const _Deque_iterator<_Tp, _Ref, _Ptr>& __x)
        -:  355:    { return __x + __n; }
        -:  356:
        -:  357:  template<typename _Tp>
        -:  358:    void
        -:  359:    fill(const _Deque_iterator<_Tp, _Tp&, _Tp*>&,
        -:  360:	 const _Deque_iterator<_Tp, _Tp&, _Tp*>&, const _Tp&);
        -:  361:
        -:  362:  template<typename _Tp>
        -:  363:    _Deque_iterator<_Tp, _Tp&, _Tp*>
        -:  364:    copy(_Deque_iterator<_Tp, const _Tp&, const _Tp*>,
        -:  365:	 _Deque_iterator<_Tp, const _Tp&, const _Tp*>,
        -:  366:	 _Deque_iterator<_Tp, _Tp&, _Tp*>);
        -:  367:
        -:  368:  template<typename _Tp>
        -:  369:    inline _Deque_iterator<_Tp, _Tp&, _Tp*>
        -:  370:    copy(_Deque_iterator<_Tp, _Tp&, _Tp*> __first,
        -:  371:	 _Deque_iterator<_Tp, _Tp&, _Tp*> __last,
        -:  372:	 _Deque_iterator<_Tp, _Tp&, _Tp*> __result)
        -:  373:    { return std::copy(_Deque_iterator<_Tp, const _Tp&, const _Tp*>(__first),
        -:  374:		       _Deque_iterator<_Tp, const _Tp&, const _Tp*>(__last),
        -:  375:		       __result); }
        -:  376:
        -:  377:  template<typename _Tp>
        -:  378:    _Deque_iterator<_Tp, _Tp&, _Tp*>
        -:  379:    copy_backward(_Deque_iterator<_Tp, const _Tp&, const _Tp*>,
        -:  380:		  _Deque_iterator<_Tp, const _Tp&, const _Tp*>,
        -:  381:		  _Deque_iterator<_Tp, _Tp&, _Tp*>);
        -:  382:
        -:  383:  template<typename _Tp>
        -:  384:    inline _Deque_iterator<_Tp, _Tp&, _Tp*>
        -:  385:    copy_backward(_Deque_iterator<_Tp, _Tp&, _Tp*> __first,
        -:  386:		  _Deque_iterator<_Tp, _Tp&, _Tp*> __last,
        -:  387:		  _Deque_iterator<_Tp, _Tp&, _Tp*> __result)
        -:  388:    { return std::copy_backward(_Deque_iterator<_Tp,
        -:  389:				const _Tp&, const _Tp*>(__first),
        -:  390:				_Deque_iterator<_Tp,
        -:  391:				const _Tp&, const _Tp*>(__last),
        -:  392:				__result); }
        -:  393:
        -:  394:#if __cplusplus >= 201103L
        -:  395:  template<typename _Tp>
        -:  396:    _Deque_iterator<_Tp, _Tp&, _Tp*>
        -:  397:    move(_Deque_iterator<_Tp, const _Tp&, const _Tp*>,
        -:  398:	 _Deque_iterator<_Tp, const _Tp&, const _Tp*>,
        -:  399:	 _Deque_iterator<_Tp, _Tp&, _Tp*>);
        -:  400:
        -:  401:  template<typename _Tp>
        -:  402:    inline _Deque_iterator<_Tp, _Tp&, _Tp*>
function _ZSt4moveIiESt15_Deque_iteratorIT_RS1_PS1_ES4_S4_S4_ called 1 returned 100% blocks executed 78%
        1:  403:    move(_Deque_iterator<_Tp, _Tp&, _Tp*> __first,
        -:  404:	 _Deque_iterator<_Tp, _Tp&, _Tp*> __last,
        -:  405:	 _Deque_iterator<_Tp, _Tp&, _Tp*> __result)
        -:  406:    { return std::move(_Deque_iterator<_Tp, const _Tp&, const _Tp*>(__first),
        -:  407:		       _Deque_iterator<_Tp, const _Tp&, const _Tp*>(__last),
        1:  408:		       __result); }
call    0 returned 100%
call    1 returned 100%
call    2 returned 100%
call    3 returned 100%
branch  4 taken 100% (fallthrough)
branch  5 taken 0% (throw)
        -:  409:
        -:  410:  template<typename _Tp>
        -:  411:    _Deque_iterator<_Tp, _Tp&, _Tp*>
        -:  412:    move_backward(_Deque_iterator<_Tp, const _Tp&, const _Tp*>,
        -:  413:		  _Deque_iterator<_Tp, const _Tp&, const _Tp*>,
        -:  414:		  _Deque_iterator<_Tp, _Tp&, _Tp*>);
        -:  415:
        -:  416:  template<typename _Tp>
        -:  417:    inline _Deque_iterator<_Tp, _Tp&, _Tp*>
function _ZSt13move_backwardIiESt15_Deque_iteratorIT_RS1_PS1_ES4_S4_S4_ called 0 returned 0% blocks executed 0%
    #####:  418:    move_backward(_Deque_iterator<_Tp, _Tp&, _Tp*> __first,
        -:  419:		  _Deque_iterator<_Tp, _Tp&, _Tp*> __last,
        -:  420:		  _Deque_iterator<_Tp, _Tp&, _Tp*> __result)
        -:  421:    { return std::move_backward(_Deque_iterator<_Tp,
        -:  422:				const _Tp&, const _Tp*>(__first),
        -:  423:				_Deque_iterator<_Tp,
        -:  424:				const _Tp&, const _Tp*>(__last),
    #####:  425:				__result); }
call    0 never executed
call    1 never executed
call    2 never executed
call    3 never executed
branch  4 never executed
branch  5 never executed
        -:  426:#endif
        -:  427:
        -:  428:  /**
        -:  429:   *  Deque base class.  This class provides the unified face for %deque's
        -:  430:   *  allocation.  This class's constructor and destructor allocate and
        -:  431:   *  deallocate (but do not initialize) storage.  This makes %exception
        -:  432:   *  safety easier.
        -:  433:   *
        -:  434:   *  Nothing in this class ever constructs or destroys an actual Tp element.
        -:  435:   *  (Deque handles that itself.)  Only/All memory management is performed
        -:  436:   *  here.
        -:  437:  */
        -:  438:  template<typename _Tp, typename _Alloc>
        -:  439:    class _Deque_base
        -:  440:    {
        -:  441:    public:
        -:  442:      typedef _Alloc                  allocator_type;
        -:  443:
        -:  444:      allocator_type
        -:  445:      get_allocator() const _GLIBCXX_NOEXCEPT
        -:  446:      { return allocator_type(_M_get_Tp_allocator()); }
        -:  447:
        -:  448:      typedef _Deque_iterator<_Tp, _Tp&, _Tp*>             iterator;
        -:  449:      typedef _Deque_iterator<_Tp, const _Tp&, const _Tp*> const_iterator;
        -:  450:
function _ZNSt11_Deque_baseIiSaIiEEC2Ev called 19 returned 100% blocks executed 80%
       19:  451:      _Deque_base()
       19:  452:      : _M_impl()
call    0 returned 100%
call    1 never executed
       19:  453:      { _M_initialize_map(0); }
call    0 returned 100%
branch  1 taken 100% (fallthrough)
branch  2 taken 0% (throw)
        -:  454:
function _ZNSt11_Deque_baseIZN39Deque_Fixture_iter_arrow_op_test_1_TestISt5dequeIiSaIiEEE8TestBodyEvE1SSaIS5_EEC2Em called 1 returned 100% blocks executed 80%
function _ZNSt11_Deque_baseIZN39Deque_Fixture_iter_arrow_op_test_2_TestISt5dequeIiSaIiEEE8TestBodyEvE1SSaIS5_EEC2Em called 1 returned 100% blocks executed 80%
function _ZNSt11_Deque_baseIZN39Deque_Fixture_iter_arrow_op_test_3_TestISt5dequeIiSaIiEEE8TestBodyEvE1SSaIS5_EEC2Em called 1 returned 100% blocks executed 80%
function _ZNSt11_Deque_baseIZN45Deque_Fixture_const_iter_arrow_op_test_1_TestISt5dequeIiSaIiEEE8TestBodyEvE1SSaIS5_EEC2Em called 1 returned 100% blocks executed 80%
function _ZNSt11_Deque_baseIZN45Deque_Fixture_const_iter_arrow_op_test_2_TestISt5dequeIiSaIiEEE8TestBodyEvE1SSaIS5_EEC2Em called 1 returned 100% blocks executed 80%
function _ZNSt11_Deque_baseIZN45Deque_Fixture_const_iter_arrow_op_test_3_TestISt5dequeIiSaIiEEE8TestBodyEvE1SSaIS5_EEC2Em called 1 returned 100% blocks executed 80%
function _ZNSt11_Deque_baseIiSaIiEEC2Em called 157 returned 100% blocks executed 80%
function _ZNSt11_Deque_baseIZN39Deque_Fixture_iter_arrow_op_test_1_TestI8my_dequeIiSaIiEEE8TestBodyEvE1SSaIS5_EEC2Em called 1 returned 100% blocks executed 80%
function _ZNSt11_Deque_baseIZN39Deque_Fixture_iter_arrow_op_test_2_TestI8my_dequeIiSaIiEEE8TestBodyEvE1SSaIS5_EEC2Em called 1 returned 100% blocks executed 80%
function _ZNSt11_Deque_baseIZN39Deque_Fixture_iter_arrow_op_test_3_TestI8my_dequeIiSaIiEEE8TestBodyEvE1SSaIS5_EEC2Em called 1 returned 100% blocks executed 80%
function _ZNSt11_Deque_baseIZN45Deque_Fixture_const_iter_arrow_op_test_1_TestI8my_dequeIiSaIiEEE8TestBodyEvE1SSaIS5_EEC2Em called 1 returned 100% blocks executed 80%
function _ZNSt11_Deque_baseIZN45Deque_Fixture_const_iter_arrow_op_test_2_TestI8my_dequeIiSaIiEEE8TestBodyEvE1SSaIS5_EEC2Em called 1 returned 100% blocks executed 80%
function _ZNSt11_Deque_baseIZN45Deque_Fixture_const_iter_arrow_op_test_3_TestI8my_dequeIiSaIiEEE8TestBodyEvE1SSaIS5_EEC2Em called 1 returned 100% blocks executed 80%
      169:  455:      _Deque_base(size_t __num_elements)
      169:  456:      : _M_impl()
call    0 returned 100%
call    1 never executed
call    2 returned 100%
call    3 never executed
call    4 returned 100%
call    5 never executed
call    6 returned 100%
call    7 never executed
call    8 returned 100%
call    9 never executed
call   10 returned 100%
call   11 never executed
call   12 returned 100%
call   13 never executed
call   14 returned 100%
call   15 never executed
call   16 returned 100%
call   17 never executed
call   18 returned 100%
call   19 never executed
call   20 returned 100%
call   21 never executed
call   22 returned 100%
call   23 never executed
call   24 returned 100%
call   25 never executed
      169:  457:      { _M_initialize_map(__num_elements); }
call    0 returned 100%
branch  1 taken 100% (fallthrough)
branch  2 taken 0% (throw)
call    3 returned 100%
branch  4 taken 100% (fallthrough)
branch  5 taken 0% (throw)
call    6 returned 100%
branch  7 taken 100% (fallthrough)
branch  8 taken 0% (throw)
call    9 returned 100%
branch 10 taken 100% (fallthrough)
branch 11 taken 0% (throw)
call   12 returned 100%
branch 13 taken 100% (fallthrough)
branch 14 taken 0% (throw)
call   15 returned 100%
branch 16 taken 100% (fallthrough)
branch 17 taken 0% (throw)
call   18 returned 100%
branch 19 taken 100% (fallthrough)
branch 20 taken 0% (throw)
call   21 returned 100%
branch 22 taken 100% (fallthrough)
branch 23 taken 0% (throw)
call   24 returned 100%
branch 25 taken 100% (fallthrough)
branch 26 taken 0% (throw)
call   27 returned 100%
branch 28 taken 100% (fallthrough)
branch 29 taken 0% (throw)
call   30 returned 100%
branch 31 taken 100% (fallthrough)
branch 32 taken 0% (throw)
call   33 returned 100%
branch 34 taken 100% (fallthrough)
branch 35 taken 0% (throw)
call   36 returned 100%
branch 37 taken 100% (fallthrough)
branch 38 taken 0% (throw)
        -:  458:
function _ZNSt11_Deque_baseIZN45Deque_Fixture_const_iter_arrow_op_test_1_TestISt5dequeIiSaIiEEE8TestBodyEvE1SSaIS5_EEC2ERKS6_m called 1 returned 100% blocks executed 80%
function _ZNSt11_Deque_baseIZN45Deque_Fixture_const_iter_arrow_op_test_2_TestISt5dequeIiSaIiEEE8TestBodyEvE1SSaIS5_EEC2ERKS6_m called 1 returned 100% blocks executed 80%
function _ZNSt11_Deque_baseIZN45Deque_Fixture_const_iter_arrow_op_test_3_TestISt5dequeIiSaIiEEE8TestBodyEvE1SSaIS5_EEC2ERKS6_m called 1 returned 100% blocks executed 80%
function _ZNSt11_Deque_baseIiSaIiEEC2ERKS0_m called 72 returned 100% blocks executed 80%
function _ZNSt11_Deque_baseIZN45Deque_Fixture_const_iter_arrow_op_test_1_TestI8my_dequeIiSaIiEEE8TestBodyEvE1SSaIS5_EEC2ERKS6_m called 1 returned 100% blocks executed 80%
function _ZNSt11_Deque_baseIZN45Deque_Fixture_const_iter_arrow_op_test_2_TestI8my_dequeIiSaIiEEE8TestBodyEvE1SSaIS5_EEC2ERKS6_m called 1 returned 100% blocks executed 80%
function _ZNSt11_Deque_baseIZN45Deque_Fixture_const_iter_arrow_op_test_3_TestI8my_dequeIiSaIiEEE8TestBodyEvE1SSaIS5_EEC2ERKS6_m called 1 returned 100% blocks executed 80%
       78:  459:      _Deque_base(const allocator_type& __a, size_t __num_elements)
       78:  460:      : _M_impl(__a)
call    0 returned 100%
call    1 never executed
call    2 returned 100%
call    3 never executed
call    4 returned 100%
call    5 never executed
call    6 returned 100%
call    7 never executed
call    8 returned 100%
call    9 never executed
call   10 returned 100%
call   11 never executed
call   12 returned 100%
call   13 never executed
       78:  461:      { _M_initialize_map(__num_elements); }
call    0 returned 100%
branch  1 taken 100% (fallthrough)
branch  2 taken 0% (throw)
call    3 returned 100%
branch  4 taken 100% (fallthrough)
branch  5 taken 0% (throw)
call    6 returned 100%
branch  7 taken 100% (fallthrough)
branch  8 taken 0% (throw)
call    9 returned 100%
branch 10 taken 100% (fallthrough)
branch 11 taken 0% (throw)
call   12 returned 100%
branch 13 taken 100% (fallthrough)
branch 14 taken 0% (throw)
call   15 returned 100%
branch 16 taken 100% (fallthrough)
branch 17 taken 0% (throw)
call   18 returned 100%
branch 19 taken 100% (fallthrough)
branch 20 taken 0% (throw)
        -:  462:
        -:  463:      _Deque_base(const allocator_type& __a)
        -:  464:      : _M_impl(__a)
        -:  465:      { }
        -:  466:
        -:  467:#if __cplusplus >= 201103L
        -:  468:      _Deque_base(_Deque_base&& __x)
        -:  469:      : _M_impl(std::move(__x._M_get_Tp_allocator()))
        -:  470:      {
        -:  471:	_M_initialize_map(0);
        -:  472:	if (__x._M_impl._M_map)
        -:  473:	  {
        -:  474:	    std::swap(this->_M_impl._M_start, __x._M_impl._M_start);
        -:  475:	    std::swap(this->_M_impl._M_finish, __x._M_impl._M_finish);
        -:  476:	    std::swap(this->_M_impl._M_map, __x._M_impl._M_map);
        -:  477:	    std::swap(this->_M_impl._M_map_size, __x._M_impl._M_map_size);
        -:  478:	  }
        -:  479:      }
        -:  480:#endif
        -:  481:
        -:  482:      ~_Deque_base();
        -:  483:
        -:  484:    protected:
        -:  485:      //This struct encapsulates the implementation of the std::deque
        -:  486:      //standard container and at the same time makes use of the EBO
        -:  487:      //for empty allocators.
        -:  488:      typedef typename _Alloc::template rebind<_Tp*>::other _Map_alloc_type;
        -:  489:
        -:  490:      typedef typename _Alloc::template rebind<_Tp>::other  _Tp_alloc_type;
        -:  491:
function _ZNSt11_Deque_baseIZN39Deque_Fixture_iter_arrow_op_test_1_TestISt5dequeIiSaIiEEE8TestBodyEvE1SSaIS5_EE11_Deque_implD2Ev called 1 returned 100% blocks executed 100%
function _ZNSt11_Deque_baseIZN39Deque_Fixture_iter_arrow_op_test_2_TestISt5dequeIiSaIiEEE8TestBodyEvE1SSaIS5_EE11_Deque_implD2Ev called 1 returned 100% blocks executed 100%
function _ZNSt11_Deque_baseIZN39Deque_Fixture_iter_arrow_op_test_3_TestISt5dequeIiSaIiEEE8TestBodyEvE1SSaIS5_EE11_Deque_implD2Ev called 1 returned 100% blocks executed 100%
function _ZNSt11_Deque_baseIZN45Deque_Fixture_const_iter_arrow_op_test_1_TestISt5dequeIiSaIiEEE8TestBodyEvE1SSaIS5_EE11_Deque_implD2Ev called 2 returned 100% blocks executed 100%
function _ZNSt11_Deque_baseIZN45Deque_Fixture_const_iter_arrow_op_test_2_TestISt5dequeIiSaIiEEE8TestBodyEvE1SSaIS5_EE11_Deque_implD2Ev called 2 returned 100% blocks executed 100%
function _ZNSt11_Deque_baseIZN45Deque_Fixture_const_iter_arrow_op_test_3_TestISt5dequeIiSaIiEEE8TestBodyEvE1SSaIS5_EE11_Deque_implD2Ev called 2 returned 100% blocks executed 100%
function _ZNSt11_Deque_baseIiSaIiEE11_Deque_implD2Ev called 248 returned 100% blocks executed 100%
function _ZNSt11_Deque_baseIZN39Deque_Fixture_iter_arrow_op_test_1_TestI8my_dequeIiSaIiEEE8TestBodyEvE1SSaIS5_EE11_Deque_implD2Ev called 1 returned 100% blocks executed 100%
function _ZNSt11_Deque_baseIZN39Deque_Fixture_iter_arrow_op_test_2_TestI8my_dequeIiSaIiEEE8TestBodyEvE1SSaIS5_EE11_Deque_implD2Ev called 1 returned 100% blocks executed 100%
function _ZNSt11_Deque_baseIZN39Deque_Fixture_iter_arrow_op_test_3_TestI8my_dequeIiSaIiEEE8TestBodyEvE1SSaIS5_EE11_Deque_implD2Ev called 1 returned 100% blocks executed 100%
function _ZNSt11_Deque_baseIZN45Deque_Fixture_const_iter_arrow_op_test_1_TestI8my_dequeIiSaIiEEE8TestBodyEvE1SSaIS5_EE11_Deque_implD2Ev called 2 returned 100% blocks executed 100%
function _ZNSt11_Deque_baseIZN45Deque_Fixture_const_iter_arrow_op_test_2_TestI8my_dequeIiSaIiEEE8TestBodyEvE1SSaIS5_EE11_Deque_implD2Ev called 2 returned 100% blocks executed 100%
function _ZNSt11_Deque_baseIZN45Deque_Fixture_const_iter_arrow_op_test_3_TestI8my_dequeIiSaIiEEE8TestBodyEvE1SSaIS5_EE11_Deque_implD2Ev called 2 returned 100% blocks executed 100%
      266:  492:      struct _Deque_impl
call    0 returned 100%
call    1 returned 100%
call    2 returned 100%
call    3 returned 100%
call    4 returned 100%
call    5 returned 100%
call    6 returned 100%
call    7 returned 100%
call    8 returned 100%
call    9 returned 100%
call   10 returned 100%
call   11 returned 100%
call   12 returned 100%
        -:  493:      : public _Tp_alloc_type
        -:  494:      {
        -:  495:	_Tp** _M_map;
        -:  496:	size_t _M_map_size;
        -:  497:	iterator _M_start;
        -:  498:	iterator _M_finish;
        -:  499:
function _ZNSt11_Deque_baseIZN39Deque_Fixture_iter_arrow_op_test_1_TestISt5dequeIiSaIiEEE8TestBodyEvE1SSaIS5_EE11_Deque_implC2Ev called 1 returned 100% blocks executed 100%
function _ZNSt11_Deque_baseIZN39Deque_Fixture_iter_arrow_op_test_2_TestISt5dequeIiSaIiEEE8TestBodyEvE1SSaIS5_EE11_Deque_implC2Ev called 1 returned 100% blocks executed 100%
function _ZNSt11_Deque_baseIZN39Deque_Fixture_iter_arrow_op_test_3_TestISt5dequeIiSaIiEEE8TestBodyEvE1SSaIS5_EE11_Deque_implC2Ev called 1 returned 100% blocks executed 100%
function _ZNSt11_Deque_baseIZN45Deque_Fixture_const_iter_arrow_op_test_1_TestISt5dequeIiSaIiEEE8TestBodyEvE1SSaIS5_EE11_Deque_implC2Ev called 1 returned 100% blocks executed 100%
function _ZNSt11_Deque_baseIZN45Deque_Fixture_const_iter_arrow_op_test_2_TestISt5dequeIiSaIiEEE8TestBodyEvE1SSaIS5_EE11_Deque_implC2Ev called 1 returned 100% blocks executed 100%
function _ZNSt11_Deque_baseIZN45Deque_Fixture_const_iter_arrow_op_test_3_TestISt5dequeIiSaIiEEE8TestBodyEvE1SSaIS5_EE11_Deque_implC2Ev called 1 returned 100% blocks executed 100%
function _ZNSt11_Deque_baseIiSaIiEE11_Deque_implC2Ev called 176 returned 100% blocks executed 100%
function _ZNSt11_Deque_baseIZN39Deque_Fixture_iter_arrow_op_test_1_TestI8my_dequeIiSaIiEEE8TestBodyEvE1SSaIS5_EE11_Deque_implC2Ev called 1 returned 100% blocks executed 100%
function _ZNSt11_Deque_baseIZN39Deque_Fixture_iter_arrow_op_test_2_TestI8my_dequeIiSaIiEEE8TestBodyEvE1SSaIS5_EE11_Deque_implC2Ev called 1 returned 100% blocks executed 100%
function _ZNSt11_Deque_baseIZN39Deque_Fixture_iter_arrow_op_test_3_TestI8my_dequeIiSaIiEEE8TestBodyEvE1SSaIS5_EE11_Deque_implC2Ev called 1 returned 100% blocks executed 100%
function _ZNSt11_Deque_baseIZN45Deque_Fixture_const_iter_arrow_op_test_1_TestI8my_dequeIiSaIiEEE8TestBodyEvE1SSaIS5_EE11_Deque_implC2Ev called 1 returned 100% blocks executed 100%
function _ZNSt11_Deque_baseIZN45Deque_Fixture_const_iter_arrow_op_test_2_TestI8my_dequeIiSaIiEEE8TestBodyEvE1SSaIS5_EE11_Deque_implC2Ev called 1 returned 100% blocks executed 100%
[...]
        -: 1690:
        -: 1691:      // called by the range assign to implement [23.1.1]/9
        -: 1692:
        -: 1693:      // _GLIBCXX_RESOLVE_LIB_DEFECTS
        -: 1694:      // 438. Ambiguity in the "do the right thing" clause
        -: 1695:      template<typename _Integer>
        -: 1696:        void
        -: 1697:        _M_assign_dispatch(_Integer __n, _Integer __val, __true_type)
        -: 1698:        { _M_fill_assign(__n, __val); }
        -: 1699:
        -: 1700:      // called by the range assign to implement [23.1.1]/9
        -: 1701:      template<typename _InputIterator>
        -: 1702:        void
        -: 1703:        _M_assign_dispatch(_InputIterator __first, _InputIterator __last,
        -: 1704:			   __false_type)
        -: 1705:        {
        -: 1706:	  typedef typename std::iterator_traits<_InputIterator>::
        -: 1707:	    iterator_category _IterCategory;
        -: 1708:	  _M_assign_aux(__first, __last, _IterCategory());
        -: 1709:	}
        -: 1710:
        -: 1711:      // called by the second assign_dispatch above
        -: 1712:      template<typename _InputIterator>
        -: 1713:        void
        -: 1714:        _M_assign_aux(_InputIterator __first, _InputIterator __last,
        -: 1715:		      std::input_iterator_tag);
        -: 1716:
        -: 1717:      // called by the second assign_dispatch above
        -: 1718:      template<typename _ForwardIterator>
        -: 1719:        void
        -: 1720:        _M_assign_aux(_ForwardIterator __first, _ForwardIterator __last,
        -: 1721:		      std::forward_iterator_tag)
        -: 1722:        {
        -: 1723:	  const size_type __len = std::distance(__first, __last);
        -: 1724:	  if (__len > size())
        -: 1725:	    {
        -: 1726:	      _ForwardIterator __mid = __first;
        -: 1727:	      std::advance(__mid, size());
        -: 1728:	      std::copy(__first, __mid, begin());
        -: 1729:	      insert(end(), __mid, __last);
        -: 1730:	    }
        -: 1731:	  else
        -: 1732:	    _M_erase_at_end(std::copy(__first, __last, begin()));
        -: 1733:	}
        -: 1734:
        -: 1735:      // Called by assign(n,t), and the range assign when it turns out
        -: 1736:      // to be the same thing.
        -: 1737:      void
        -: 1738:      _M_fill_assign(size_type __n, const value_type& __val)
        -: 1739:      {
        -: 1740:	if (__n > size())
        -: 1741:	  {
        -: 1742:	    std::fill(begin(), end(), __val);
        -: 1743:	    insert(end(), __n - size(), __val);
        -: 1744:	  }
        -: 1745:	else
        -: 1746:	  {
        -: 1747:	    _M_erase_at_end(begin() + difference_type(__n));
        -: 1748:	    std::fill(begin(), end(), __val);
        -: 1749:	  }
        -: 1750:      }
        -: 1751:
        -: 1752:      //@{
        -: 1753:      /// Helper functions for push_* and pop_*.
        -: 1754:#if __cplusplus < 201103L
        -: 1755:      void _M_push_back_aux(const value_type&);
        -: 1756:
        -: 1757:      void _M_push_front_aux(const value_type&);
        -: 1758:#else
        -: 1759:      template<typename... _Args>
        -: 1760:        void _M_push_back_aux(_Args&&... __args);
        -: 1761:
        -: 1762:      template<typename... _Args>
        -: 1763:        void _M_push_front_aux(_Args&&... __args);
        -: 1764:#endif
        -: 1765:
        -: 1766:      void _M_pop_back_aux();
        -: 1767:
        -: 1768:      void _M_pop_front_aux();
        -: 1769:      //@}
        -: 1770:
        -: 1771:      // Internal insert functions follow.  The *_aux functions do the actual
        -: 1772:      // insertion work when all shortcuts fail.
        -: 1773:
        -: 1774:      // called by the range insert to implement [23.1.1]/9
        -: 1775:
        -: 1776:      // _GLIBCXX_RESOLVE_LIB_DEFECTS
        -: 1777:      // 438. Ambiguity in the "do the right thing" clause
        -: 1778:      template<typename _Integer>
        -: 1779:        void
        -: 1780:        _M_insert_dispatch(iterator __pos,
        -: 1781:			   _Integer __n, _Integer __x, __true_type)
        -: 1782:        { _M_fill_insert(__pos, __n, __x); }
        -: 1783:
        -: 1784:      // called by the range insert to implement [23.1.1]/9
        -: 1785:      template<typename _InputIterator>
        -: 1786:        void
function _ZNSt5dequeIiSaIiEE18_M_insert_dispatchISt15_Deque_iteratorIiRKiPS4_EEEvS3_IiRiPiET_SB_St12__false_type called 1 returned 100% blocks executed 80%
        1: 1787:        _M_insert_dispatch(iterator __pos,
        -: 1788:			   _InputIterator __first, _InputIterator __last,
        -: 1789:			   __false_type)
        -: 1790:        {
        -: 1791:	  typedef typename std::iterator_traits<_InputIterator>::
        -: 1792:	    iterator_category _IterCategory;
        1: 1793:          _M_range_insert_aux(__pos, __first, __last, _IterCategory());
call    0 returned 100%
call    1 returned 100%
branch  2 taken 100% (fallthrough)
branch  3 taken 0% (throw)
        1: 1794:	}
        -: 1795:
        -: 1796:      // called by the second insert_dispatch above
        -: 1797:      template<typename _InputIterator>
        -: 1798:        void
        -: 1799:        _M_range_insert_aux(iterator __pos, _InputIterator __first,
        -: 1800:			    _InputIterator __last, std::input_iterator_tag);
        -: 1801:
        -: 1802:      // called by the second insert_dispatch above
        -: 1803:      template<typename _ForwardIterator>
        -: 1804:        void
        -: 1805:        _M_range_insert_aux(iterator __pos, _ForwardIterator __first,
        -: 1806:			    _ForwardIterator __last, std::forward_iterator_tag);
        -: 1807:
        -: 1808:      // Called by insert(p,n,x), and the range insert when it turns out to be
        -: 1809:      // the same thing.  Can use fill functions in optimal situations,
        -: 1810:      // otherwise passes off to insert_aux(p,n,x).
        -: 1811:      void
        -: 1812:      _M_fill_insert(iterator __pos, size_type __n, const value_type& __x);
        -: 1813:
        -: 1814:      // called by insert(p,x)
        -: 1815:#if __cplusplus < 201103L
        -: 1816:      iterator
        -: 1817:      _M_insert_aux(iterator __pos, const value_type& __x);
        -: 1818:#else
        -: 1819:      template<typename... _Args>
        -: 1820:        iterator
        -: 1821:        _M_insert_aux(iterator __pos, _Args&&... __args);
        -: 1822:#endif
        -: 1823:
        -: 1824:      // called by insert(p,n,x) via fill_insert
        -: 1825:      void
        -: 1826:      _M_insert_aux(iterator __pos, size_type __n, const value_type& __x);
        -: 1827:
        -: 1828:      // called by range_insert_aux for forward iterators
        -: 1829:      template<typename _ForwardIterator>
        -: 1830:        void
        -: 1831:        _M_insert_aux(iterator __pos,
        -: 1832:		      _ForwardIterator __first, _ForwardIterator __last,
        -: 1833:		      size_type __n);
        -: 1834:
        -: 1835:
        -: 1836:      // Internal erase functions follow.
        -: 1837:
        -: 1838:      void
        -: 1839:      _M_destroy_data_aux(iterator __first, iterator __last);
        -: 1840:
        -: 1841:      // Called by ~deque().
        -: 1842:      // NB: Doesn't deallocate the nodes.
        -: 1843:      template<typename _Alloc1>
        -: 1844:        void
        -: 1845:        _M_destroy_data(iterator __first, iterator __last, const _Alloc1&)
        -: 1846:        { _M_destroy_data_aux(__first, __last); }
        -: 1847:
        -: 1848:      void
function _ZNSt5dequeIZN39Deque_Fixture_iter_arrow_op_test_1_TestIS_IiSaIiEEE8TestBodyEvE1SSaIS4_EE15_M_destroy_dataESt15_Deque_iteratorIS4_RS4_PS4_ESA_RKS5_ called 1 returned 100% blocks executed 100%
function _ZNSt5dequeIZN39Deque_Fixture_iter_arrow_op_test_2_TestIS_IiSaIiEEE8TestBodyEvE1SSaIS4_EE15_M_destroy_dataESt15_Deque_iteratorIS4_RS4_PS4_ESA_RKS5_ called 1 returned 100% blocks executed 100%
function _ZNSt5dequeIZN39Deque_Fixture_iter_arrow_op_test_3_TestIS_IiSaIiEEE8TestBodyEvE1SSaIS4_EE15_M_destroy_dataESt15_Deque_iteratorIS4_RS4_PS4_ESA_RKS5_ called 1 returned 100% blocks executed 100%
function _ZNSt5dequeIZN45Deque_Fixture_const_iter_arrow_op_test_1_TestIS_IiSaIiEEE8TestBodyEvE1SSaIS4_EE15_M_destroy_dataESt15_Deque_iteratorIS4_RS4_PS4_ESA_RKS5_ called 2 returned 100% blocks executed 100%
function _ZNSt5dequeIZN45Deque_Fixture_const_iter_arrow_op_test_2_TestIS_IiSaIiEEE8TestBodyEvE1SSaIS4_EE15_M_destroy_dataESt15_Deque_iteratorIS4_RS4_PS4_ESA_RKS5_ called 2 returned 100% blocks executed 100%
function _ZNSt5dequeIZN45Deque_Fixture_const_iter_arrow_op_test_3_TestIS_IiSaIiEEE8TestBodyEvE1SSaIS4_EE15_M_destroy_dataESt15_Deque_iteratorIS4_RS4_PS4_ESA_RKS5_ called 2 returned 100% blocks executed 100%
function _ZNSt5dequeIiSaIiEE15_M_destroy_dataESt15_Deque_iteratorIiRiPiES5_RKS0_ called 257 returned 100% blocks executed 100%
function _ZNSt5dequeIZN39Deque_Fixture_iter_arrow_op_test_1_TestI8my_dequeIiSaIiEEE8TestBodyEvE1SSaIS5_EE15_M_destroy_dataESt15_Deque_iteratorIS5_RS5_PS5_ESB_RKS6_ called 1 returned 100% blocks executed 100%
function _ZNSt5dequeIZN39Deque_Fixture_iter_arrow_op_test_2_TestI8my_dequeIiSaIiEEE8TestBodyEvE1SSaIS5_EE15_M_destroy_dataESt15_Deque_iteratorIS5_RS5_PS5_ESB_RKS6_ called 1 returned 100% blocks executed 100%
function _ZNSt5dequeIZN39Deque_Fixture_iter_arrow_op_test_3_TestI8my_dequeIiSaIiEEE8TestBodyEvE1SSaIS5_EE15_M_destroy_dataESt15_Deque_iteratorIS5_RS5_PS5_ESB_RKS6_ called 1 returned 100% blocks executed 100%
function _ZNSt5dequeIZN45Deque_Fixture_const_iter_arrow_op_test_1_TestI8my_dequeIiSaIiEEE8TestBodyEvE1SSaIS5_EE15_M_destroy_dataESt15_Deque_iteratorIS5_RS5_PS5_ESB_RKS6_ called 2 returned 100% blocks executed 100%
function _ZNSt5dequeIZN45Deque_Fixture_const_iter_arrow_op_test_2_TestI8my_dequeIiSaIiEEE8TestBodyEvE1SSaIS5_EE15_M_destroy_dataESt15_Deque_iteratorIS5_RS5_PS5_ESB_RKS6_ called 2 returned 100% blocks executed 100%
function _ZNSt5dequeIZN45Deque_Fixture_const_iter_arrow_op_test_3_TestI8my_dequeIiSaIiEEE8TestBodyEvE1SSaIS5_EE15_M_destroy_dataESt15_Deque_iteratorIS5_RS5_PS5_ESB_RKS6_ called 2 returned 100% blocks executed 100%
      275: 1849:      _M_destroy_data(iterator __first, iterator __last,
        -: 1850:		      const std::allocator<_Tp>&)
        -: 1851:      {
        -: 1852:	if (!__has_trivial_destructor(value_type))
        -: 1853:	  _M_destroy_data_aux(__first, __last);
      275: 1854:      }
        -: 1855:
        -: 1856:      // Called by erase(q1, q2).
        -: 1857:      void
        -: 1858:      _M_erase_at_begin(iterator __pos)
        -: 1859:      {
        -: 1860:	_M_destroy_data(begin(), __pos, _M_get_Tp_allocator());
        -: 1861:	_M_destroy_nodes(this->_M_impl._M_start._M_node, __pos._M_node);
        -: 1862:	this->_M_impl._M_start = __pos;
        -: 1863:      }
        -: 1864:
        -: 1865:      // Called by erase(q1, q2), resize(), clear(), _M_assign_aux,
        -: 1866:      // _M_fill_assign, operator=.
        -: 1867:      void
function _ZNSt5dequeIiSaIiEE15_M_erase_at_endESt15_Deque_iteratorIiRiPiE called 9 returned 100% blocks executed 88%
        9: 1868:      _M_erase_at_end(iterator __pos)
        -: 1869:      {
        9: 1870:	_M_destroy_data(__pos, end(), _M_get_Tp_allocator());
call    0 returned 100%
call    1 returned 100%
call    2 returned 100%
call    3 returned 100%
branch  4 taken 100% (fallthrough)
branch  5 taken 0% (throw)
        9: 1871:	_M_destroy_nodes(__pos._M_node + 1,
call    0 returned 100%
        9: 1872:			 this->_M_impl._M_finish._M_node + 1);
        9: 1873:	this->_M_impl._M_finish = __pos;
        9: 1874:      }
        -: 1875:
        -: 1876:#if __cplusplus >= 201103L
        -: 1877:      // Called by resize(sz).
        -: 1878:      void
        -: 1879:      _M_default_append(size_type __n);
        -: 1880:
        -: 1881:      bool
        -: 1882:      _M_shrink_to_fit();
        -: 1883:#endif
        -: 1884:
        -: 1885:      //@{
        -: 1886:      /// Memory-handling helpers for the previous internal insert functions.
        -: 1887:      iterator
function _ZNSt5dequeIiSaIiEE28_M_reserve_elements_at_frontEm called 0 returned 0% blocks executed 0%
    #####: 1888:      _M_reserve_elements_at_front(size_type __n)
        -: 1889:      {
        -: 1890:	const size_type __vacancies = this->_M_impl._M_start._M_cur
    #####: 1891:	                              - this->_M_impl._M_start._M_first;
    #####: 1892:	if (__n > __vacancies)
branch  0 never executed
branch  1 never executed
    #####: 1893:	  _M_new_elements_at_front(__n - __vacancies);
call    0 never executed
    #####: 1894:	return this->_M_impl._M_start - difference_type(__n);
call    0 never executed
        -: 1895:      }
        -: 1896:
        -: 1897:      iterator
function _ZNSt5dequeIiSaIiEE27_M_reserve_elements_at_backEm called 4 returned 100% blocks executed 75%
        4: 1898:      _M_reserve_elements_at_back(size_type __n)
        -: 1899:      {
        -: 1900:	const size_type __vacancies = (this->_M_impl._M_finish._M_last
        4: 1901:				       - this->_M_impl._M_finish._M_cur) - 1;
        4: 1902:	if (__n > __vacancies)
branch  0 taken 0% (fallthrough)
branch  1 taken 100%
    #####: 1903:	  _M_new_elements_at_back(__n - __vacancies);
call    0 never executed
        4: 1904:	return this->_M_impl._M_finish + difference_type(__n);
call    0 returned 100%
        -: 1905:      }
        -: 1906:
        -: 1907:      void
        -: 1908:      _M_new_elements_at_front(size_type __new_elements);
        -: 1909:
        -: 1910:      void
        -: 1911:      _M_new_elements_at_back(size_type __new_elements);
        -: 1912:      //@}
        -: 1913:
        -: 1914:
        -: 1915:      //@{
        -: 1916:      /**
        -: 1917:       *  @brief Memory-handling helpers for the major %map.
        -: 1918:       *
        -: 1919:       *  Makes sure the _M_map has space for new nodes.  Does not
        -: 1920:       *  actually add the nodes.  Can invalidate _M_map pointers.
        -: 1921:       *  (And consequently, %deque iterators.)
        -: 1922:       */
        -: 1923:      void
function _ZNSt5dequeIiSaIiEE22_M_reserve_map_at_backEm called 0 returned 0% blocks executed 0%
    #####: 1924:      _M_reserve_map_at_back(size_type __nodes_to_add = 1)
        -: 1925:      {
    #####: 1926:	if (__nodes_to_add + 1 > this->_M_impl._M_map_size
branch  0 never executed
branch  1 never executed
        -: 1927:	    - (this->_M_impl._M_finish._M_node - this->_M_impl._M_map))
    #####: 1928:	  _M_reallocate_map(__nodes_to_add, false);
call    0 never executed
    #####: 1929:      }
        -: 1930:
        -: 1931:      void
function _ZNSt5dequeIiSaIiEE23_M_reserve_map_at_frontEm called 15 returned 100% blocks executed 67%
       15: 1932:      _M_reserve_map_at_front(size_type __nodes_to_add = 1)
        -: 1933:      {
       15: 1934:	if (__nodes_to_add > size_type(this->_M_impl._M_start._M_node
branch  0 taken 0% (fallthrough)
branch  1 taken 100%
        -: 1935:				       - this->_M_impl._M_map))
    #####: 1936:	  _M_reallocate_map(__nodes_to_add, true);
call    0 never executed
       15: 1937:      }
        -: 1938:
        -: 1939:      void
        -: 1940:      _M_reallocate_map(size_type __nodes_to_add, bool __add_at_front);
        -: 1941:      //@}
        -: 1942:    };
        -: 1943:
        -: 1944:
        -: 1945:  /**
        -: 1946:   *  @brief  Deque equality comparison.
        -: 1947:   *  @param  __x  A %deque.
        -: 1948:   *  @param  __y  A %deque of the same type as @a __x.
        -: 1949:   *  @return  True iff the size and elements of the deques are equal.
        -: 1950:   *
        -: 1951:   *  This is an equivalence relation.  It is linear in the size of the
        -: 1952:   *  deques.  Deques are considered equivalent if their sizes are equal,
        -: 1953:   *  and if corresponding elements compare equal.
        -: 1954:  */
        -: 1955:  template<typename _Tp, typename _Alloc>
        -: 1956:    inline bool
function _ZSteqIiSaIiEEbRKSt5dequeIT_T0_ES6_ called 26 returned 100% blocks executed 100%
       26: 1957:    operator==(const deque<_Tp, _Alloc>& __x,
        -: 1958:                         const deque<_Tp, _Alloc>& __y)
       26: 1959:    { return __x.size() == __y.size()
call    0 returned 100%
call    1 returned 100%
       26: 1960:             && std::equal(__x.begin(), __x.end(), __y.begin()); }
branch  0 taken 100% (fallthrough)
branch  1 taken 0%
call    2 returned 100%
call    3 returned 100%
call    4 returned 100%
call    5 returned 100%
branch  6 taken 77% (fallthrough)
branch  7 taken 23%
        -: 1961:
        -: 1962:  /**
        -: 1963:   *  @brief  Deque ordering relation.
        -: 1964:   *  @param  __x  A %deque.
        -: 1965:   *  @param  __y  A %deque of the same type as @a __x.
        -: 1966:   *  @return  True iff @a x is lexicographically less than @a __y.
        -: 1967:   *
        -: 1968:   *  This is a total ordering relation.  It is linear in the size of the
        -: 1969:   *  deques.  The elements must be comparable with @c <.
        -: 1970:   *
        -: 1971:   *  See std::lexicographical_compare() for how the determination is made.
        -: 1972:  */
        -: 1973:  template<typename _Tp, typename _Alloc>
        -: 1974:    inline bool
function _ZStltIiSaIiEEbRKSt5dequeIT_T0_ES6_ called 8 returned 100% blocks executed 100%
        8: 1975:    operator<(const deque<_Tp, _Alloc>& __x,
        -: 1976:	      const deque<_Tp, _Alloc>& __y)
        -: 1977:    { return std::lexicographical_compare(__x.begin(), __x.end(),
        8: 1978:					  __y.begin(), __y.end()); }
call    0 returned 100%
call    1 returned 100%
call    2 returned 100%
call    3 returned 100%
call    4 returned 100%
        -: 1979:
        -: 1980:  /// Based on operator==
        -: 1981:  template<typename _Tp, typename _Alloc>
        -: 1982:    inline bool
function _ZStneIiSaIiEEbRKSt5dequeIT_T0_ES6_ called 10 returned 100% blocks executed 100%
       10: 1983:    operator!=(const deque<_Tp, _Alloc>& __x,
        -: 1984:	       const deque<_Tp, _Alloc>& __y)
       10: 1985:    { return !(__x == __y); }
call    0 returned 100%
        -: 1986:
        -: 1987:  /// Based on operator<
        -: 1988:  template<typename _Tp, typename _Alloc>
        -: 1989:    inline bool
        -: 1990:    operator>(const deque<_Tp, _Alloc>& __x,
        -: 1991:	      const deque<_Tp, _Alloc>& __y)
        -: 1992:    { return __y < __x; }
        -: 1993:
        -: 1994:  /// Based on operator<
        -: 1995:  template<typename _Tp, typename _Alloc>
        -: 1996:    inline bool
        -: 1997:    operator<=(const deque<_Tp, _Alloc>& __x,
        -: 1998:	       const deque<_Tp, _Alloc>& __y)
        -: 1999:    { return !(__y < __x); }
        -: 2000:
        -: 2001:  /// Based on operator<
        -: 2002:  template<typename _Tp, typename _Alloc>
        -: 2003:    inline bool
        -: 2004:    operator>=(const deque<_Tp, _Alloc>& __x,
        -: 2005:	       const deque<_Tp, _Alloc>& __y)
        -: 2006:    { return !(__x < __y); }
        -: 2007:
        -: 2008:  /// See std::deque::swap().
        -: 2009:  template<typename _Tp, typename _Alloc>
        -: 2010:    inline void
        -: 2011:    swap(deque<_Tp,_Alloc>& __x, deque<_Tp,_Alloc>& __y)
        -: 2012:    { __x.swap(__y); }
        -: 2013:
        -: 2014:#undef _GLIBCXX_DEQUE_BUF_SIZE
        -: 2015:
        -: 2016:_GLIBCXX_END_NAMESPACE_CONTAINER
        -: 2017:} // namespace std
        -: 2018:
        -: 2019:#endif /* _STL_DEQUE_H */
