        -:    0:Source:TestDeque.c++
        -:    0:Graph:TestDeque.gcno
        -:    0:Data:TestDeque.gcda
        -:    0:Runs:1
        -:    0:Programs:1
        -:    1:// --------------------------------
        -:    2:// projects/c++/deque/TestDeque.c++
        -:    3:// Copyright (C) 2015
        -:    4:// Glenn P. Downing
        -:    5:// --------------------------------
        -:    6:
        -:    7:// http://www.cplusplus.com/reference/deque/deque/
        -:    8:
        -:    9:// --------
        -:   10:// includes
        -:   11:// --------
        -:   12:
        -:   13:#include <deque>     // deque
        -:   14:#include <stdexcept> // invalid_argument, out_of_range
        -:   15:
        -:   16:#include "gtest/gtest.h"
        -:   17:
        -:   18:#include "Deque.h"
        -:   19:
        -:   20:// -----
        -:   21:// Using
        -:   22:// -----
        -:   23:
        -:   24:using namespace std;
        -:   25:
        -:   26:using testing::Test;
        -:   27:using testing::Types;
        -:   28:
        -:   29:// -----
        -:   30:// Types
        -:   31:// -----
        -:   32:
        -:   33:template <typename T>
function _ZN13Deque_FixtureISt5dequeIiSaIiEEED0Ev called 0 returned 0% blocks executed 0%
function _ZN13Deque_FixtureISt5dequeIiSaIiEEED2Ev called 168 returned 100% blocks executed 75%
function _ZN13Deque_FixtureISt5dequeIiSaIiEEEC2Ev called 168 returned 100% blocks executed 100%
function _ZN13Deque_FixtureI8my_dequeIiSaIiEEED0Ev called 0 returned 0% blocks executed 0%
function _ZN13Deque_FixtureI8my_dequeIiSaIiEEED2Ev called 168 returned 100% blocks executed 75%
function _ZN13Deque_FixtureI8my_dequeIiSaIiEEEC2Ev called 168 returned 100% blocks executed 100%
      672:   34:struct Deque_Fixture : Test {
call    0 never executed
call    1 never executed
call    2 returned 100%
branch  3 taken 0% (fallthrough)
branch  4 taken 100%
call    5 never executed
call    6 returned 100%
call    7 never executed
call    8 never executed
call    9 returned 100%
branch 10 taken 0% (fallthrough)
branch 11 taken 100%
call   12 never executed
call   13 returned 100%
        -:   35:    typedef T                               deque_type;
        -:   36:    typedef typename deque_type::value_type value_type;};
        -:   37:
        -:   38:typedef Types<
        -:   39:               deque<int>,
        -:   40:            my_deque<int>>
        -:   41:        deque_types;
        -:   42:
        -:   43:TYPED_TEST_CASE(Deque_Fixture, deque_types);
        -:   44:
        -:   45:// -----
        -:   46:// Tests
        -:   47:// -----
        -:   48:
        -:   49:// -------
        -:   50:// my_deque
        -:   51:// -------
        -:   52:
        -:   53:        // -----------
        -:   54:        // operator ==
        -:   55:        // -----------
        -:   56:
function _ZN25Deque_Fixture_equal1_TestISt5dequeIiSaIiEEE8TestBodyEv called 1 returned 100% blocks executed 43%
function _ZN25Deque_Fixture_equal1_TestI8my_dequeIiSaIiEEE8TestBodyEv called 1 returned 100% blocks executed 43%
function _ZN25Deque_Fixture_equal1_TestISt5dequeIiSaIiEEED0Ev called 1 returned 100% blocks executed 100%
function _ZN25Deque_Fixture_equal1_TestISt5dequeIiSaIiEEED2Ev called 1 returned 100% blocks executed 75%
function _ZN25Deque_Fixture_equal1_TestI8my_dequeIiSaIiEEED0Ev called 1 returned 100% blocks executed 100%
function _ZN25Deque_Fixture_equal1_TestI8my_dequeIiSaIiEEED2Ev called 1 returned 100% blocks executed 75%
function _ZN25Deque_Fixture_equal1_TestISt5dequeIiSaIiEEEC2Ev called 1 returned 100% blocks executed 100%
function _ZN25Deque_Fixture_equal1_TestI8my_dequeIiSaIiEEEC2Ev called 1 returned 100% blocks executed 100%
        9:   57:        TYPED_TEST(Deque_Fixture, equal1) {
call    0 returned 100%
call    1 returned 100%
call    2 returned 100%
branch  3 taken 0% (fallthrough)
branch  4 taken 100%
call    5 never executed
call    6 returned 100%
call    7 returned 100%
call    8 returned 100%
branch  9 taken 0% (fallthrough)
branch 10 taken 100%
call   11 never executed
call   12 returned 100%
call   13 returned 100%
call   14 returned 100%
        -:   58:            typedef typename TestFixture::deque_type deque_type;
        -:   59:
        2:   60:            deque_type x(2);
call    0 returned 100%
branch  1 taken 100% (fallthrough)
branch  2 taken 0% (throw)
call    3 returned 100%
call    4 returned 100%
branch  5 taken 100% (fallthrough)
branch  6 taken 0% (throw)
call    7 returned 100%
call    8 never executed
        2:   61:            x[0] = 0;
call    0 returned 100%
branch  1 taken 100% (fallthrough)
branch  2 taken 0% (throw)
call    3 returned 100%
        2:   62:            x[1] = 1;
call    0 returned 100%
branch  1 taken 100% (fallthrough)
branch  2 taken 0% (throw)
call    3 returned 100%
        4:   63:            deque_type y(2);
call    0 returned 100%
branch  1 taken 100% (fallthrough)
branch  2 taken 0% (throw)
call    3 returned 100%
branch  4 taken 100%
branch  5 taken 0%
call    6 never executed
call    7 returned 100%
call    8 returned 100%
branch  9 taken 100% (fallthrough)
branch 10 taken 0% (throw)
call   11 returned 100%
call   12 returned 100%
branch 13 taken 100%
branch 14 taken 0%
call   15 never executed
call   16 never executed
        2:   64:            y[0] = 0;
call    0 returned 100%
branch  1 taken 100% (fallthrough)
branch  2 taken 0% (throw)
call    3 returned 100%
        2:   65:            y[1] = 1;
call    0 returned 100%
branch  1 taken 100% (fallthrough)
branch  2 taken 0% (throw)
call    3 returned 100%
        -:   66:
        2:   67:            ASSERT_TRUE(x == y);
call    0 returned 100%
branch  1 taken 100% (fallthrough)
branch  2 taken 0% (throw)
call    3 returned 100%
branch  4 taken 100% (fallthrough)
branch  5 taken 0% (throw)
call    6 returned 100%
branch  7 taken 0% (fallthrough)
branch  8 taken 100%
call    9 never executed
branch 10 never executed
branch 11 never executed
call   12 never executed
branch 13 never executed
branch 14 never executed
call   15 never executed
call   16 never executed
branch 17 never executed
branch 18 never executed
call   19 never executed
branch 20 never executed
branch 21 never executed
call   22 never executed
call   23 never executed
call   24 never executed
call   25 returned 100%
branch 26 taken 100%
branch 27 taken 0%
call   28 never executed
call   29 never executed
call   30 never executed
call   31 never executed
call   32 returned 100%
branch 33 taken 100% (fallthrough)
branch 34 taken 0% (throw)
call   35 returned 100%
branch 36 taken 100% (fallthrough)
branch 37 taken 0% (throw)
call   38 returned 100%
branch 39 taken 0% (fallthrough)
branch 40 taken 100%
call   41 never executed
branch 42 never executed
branch 43 never executed
call   44 never executed
branch 45 never executed
branch 46 never executed
call   47 never executed
call   48 never executed
branch 49 never executed
branch 50 never executed
call   51 never executed
branch 52 never executed
branch 53 never executed
call   54 never executed
call   55 never executed
call   56 never executed
call   57 returned 100%
branch 58 taken 100%
branch 59 taken 0%
call   60 never executed
call   61 never executed
call   62 never executed
call   63 never executed
        4:   68:            ASSERT_TRUE(y == x);
call    0 returned 100%
branch  1 taken 100% (fallthrough)
branch  2 taken 0% (throw)
call    3 returned 100%
branch  4 taken 100% (fallthrough)
branch  5 taken 0% (throw)
call    6 returned 100%
branch  7 taken 0% (fallthrough)
branch  8 taken 100%
call    9 never executed
branch 10 never executed
branch 11 never executed
call   12 never executed
branch 13 never executed
branch 14 never executed
call   15 never executed
call   16 never executed
branch 17 never executed
branch 18 never executed
call   19 never executed
branch 20 never executed
branch 21 never executed
call   22 never executed
call   23 never executed
call   24 never executed
call   25 returned 100%
branch 26 taken 100%
branch 27 taken 0%
call   28 returned 100%
branch 29 taken 100%
branch 30 taken 0%
call   31 never executed
call   32 never executed
call   33 never executed
call   34 never executed
call   35 never executed
call   36 returned 100%
branch 37 taken 100% (fallthrough)
branch 38 taken 0% (throw)
call   39 returned 100%
branch 40 taken 100% (fallthrough)
branch 41 taken 0% (throw)
call   42 returned 100%
branch 43 taken 0% (fallthrough)
branch 44 taken 100%
call   45 never executed
branch 46 never executed
branch 47 never executed
call   48 never executed
branch 49 never executed
branch 50 never executed
call   51 never executed
call   52 never executed
branch 53 never executed
branch 54 never executed
call   55 never executed
branch 56 never executed
branch 57 never executed
call   58 never executed
call   59 never executed
call   60 never executed
call   61 returned 100%
branch 62 taken 100%
branch 63 taken 0%
call   64 returned 100%
branch 65 taken 100%
branch 66 taken 0%
call   67 never executed
call   68 never executed
call   69 never executed
call   70 never executed
call   71 never executed
        -:   69:        }
        -:   70:
function _ZN25Deque_Fixture_equal2_TestISt5dequeIiSaIiEEE8TestBodyEv called 1 returned 100% blocks executed 41%
function _ZN25Deque_Fixture_equal2_TestI8my_dequeIiSaIiEEE8TestBodyEv called 1 returned 100% blocks executed 41%
function _ZN25Deque_Fixture_equal2_TestISt5dequeIiSaIiEEED0Ev called 1 returned 100% blocks executed 100%
function _ZN25Deque_Fixture_equal2_TestISt5dequeIiSaIiEEED2Ev called 1 returned 100% blocks executed 75%
function _ZN25Deque_Fixture_equal2_TestI8my_dequeIiSaIiEEED0Ev called 1 returned 100% blocks executed 100%
function _ZN25Deque_Fixture_equal2_TestI8my_dequeIiSaIiEEED2Ev called 1 returned 100% blocks executed 75%
function _ZN25Deque_Fixture_equal2_TestISt5dequeIiSaIiEEEC2Ev called 1 returned 100% blocks executed 100%
function _ZN25Deque_Fixture_equal2_TestI8my_dequeIiSaIiEEEC2Ev called 1 returned 100% blocks executed 100%
        9:   71:        TYPED_TEST(Deque_Fixture, equal2) {
call    0 returned 100%
call    1 returned 100%
call    2 returned 100%
branch  3 taken 0% (fallthrough)
branch  4 taken 100%
call    5 never executed
call    6 returned 100%
call    7 returned 100%
call    8 returned 100%
branch  9 taken 0% (fallthrough)
branch 10 taken 100%
call   11 never executed
call   12 returned 100%
call   13 returned 100%
call   14 returned 100%
        -:   72:            typedef typename TestFixture::deque_type deque_type;
        -:   73:
        2:   74:            deque_type x(2);
call    0 returned 100%
branch  1 taken 100% (fallthrough)
branch  2 taken 0% (throw)
call    3 returned 100%
call    4 returned 100%
branch  5 taken 100% (fallthrough)
branch  6 taken 0% (throw)
call    7 returned 100%
call    8 never executed
        2:   75:            x[0] = 0;
call    0 returned 100%
branch  1 taken 100% (fallthrough)
branch  2 taken 0% (throw)
call    3 returned 100%
        2:   76:            x[1] = 1;
call    0 returned 100%
branch  1 taken 100% (fallthrough)
branch  2 taken 0% (throw)
call    3 returned 100%
        4:   77:            deque_type y(x);
call    0 returned 100%
branch  1 taken 100% (fallthrough)
branch  2 taken 0% (throw)
call    3 returned 100%
branch  4 taken 100%
branch  5 taken 0%
call    6 never executed
call    7 returned 100%
branch  8 taken 100% (fallthrough)
branch  9 taken 0% (throw)
call   10 returned 100%
branch 11 taken 100%
branch 12 taken 0%
call   13 never executed
        -:   78:
        -:   79:
        2:   80:            ASSERT_TRUE(x == y);
call    0 returned 100%
branch  1 taken 100% (fallthrough)
branch  2 taken 0% (throw)
call    3 returned 100%
branch  4 taken 100% (fallthrough)
branch  5 taken 0% (throw)
call    6 returned 100%
branch  7 taken 0% (fallthrough)
branch  8 taken 100%
call    9 never executed
branch 10 never executed
branch 11 never executed
call   12 never executed
branch 13 never executed
branch 14 never executed
call   15 never executed
call   16 never executed
branch 17 never executed
branch 18 never executed
call   19 never executed
branch 20 never executed
branch 21 never executed
call   22 never executed
call   23 never executed
call   24 never executed
call   25 returned 100%
branch 26 taken 100%
branch 27 taken 0%
call   28 never executed
call   29 never executed
call   30 never executed
call   31 never executed
call   32 returned 100%
branch 33 taken 100% (fallthrough)
branch 34 taken 0% (throw)
call   35 returned 100%
branch 36 taken 100% (fallthrough)
branch 37 taken 0% (throw)
call   38 returned 100%
branch 39 taken 0% (fallthrough)
branch 40 taken 100%
call   41 never executed
branch 42 never executed
branch 43 never executed
call   44 never executed
branch 45 never executed
branch 46 never executed
call   47 never executed
call   48 never executed
branch 49 never executed
branch 50 never executed
call   51 never executed
branch 52 never executed
branch 53 never executed
call   54 never executed
call   55 never executed
call   56 never executed
call   57 returned 100%
branch 58 taken 100%
branch 59 taken 0%
call   60 never executed
call   61 never executed
call   62 never executed
call   63 never executed
        4:   81:            ASSERT_TRUE(y == x);
call    0 returned 100%
branch  1 taken 100% (fallthrough)
branch  2 taken 0% (throw)
call    3 returned 100%
branch  4 taken 100% (fallthrough)
branch  5 taken 0% (throw)
call    6 returned 100%
branch  7 taken 0% (fallthrough)
branch  8 taken 100%
call    9 never executed
branch 10 never executed
branch 11 never executed
call   12 never executed
branch 13 never executed
branch 14 never executed
call   15 never executed
call   16 never executed
branch 17 never executed
branch 18 never executed
call   19 never executed
branch 20 never executed
branch 21 never executed
call   22 never executed
call   23 never executed
call   24 never executed
call   25 returned 100%
branch 26 taken 100%
branch 27 taken 0%
call   28 returned 100%
branch 29 taken 100%
branch 30 taken 0%
call   31 never executed
call   32 never executed
call   33 never executed
call   34 never executed
call   35 never executed
call   36 returned 100%
branch 37 taken 100% (fallthrough)
branch 38 taken 0% (throw)
call   39 returned 100%
branch 40 taken 100% (fallthrough)
branch 41 taken 0% (throw)
call   42 returned 100%
branch 43 taken 0% (fallthrough)
branch 44 taken 100%
call   45 never executed
branch 46 never executed
branch 47 never executed
call   48 never executed
branch 49 never executed
branch 50 never executed
call   51 never executed
call   52 never executed
branch 53 never executed
branch 54 never executed
call   55 never executed
branch 56 never executed
branch 57 never executed
call   58 never executed
call   59 never executed
call   60 never executed
call   61 returned 100%
branch 62 taken 100%
branch 63 taken 0%
call   64 returned 100%
branch 65 taken 100%
branch 66 taken 0%
call   67 never executed
call   68 never executed
call   69 never executed
call   70 never executed
call   71 never executed
        -:   82:        }
function _ZN25Deque_Fixture_equal3_TestISt5dequeIiSaIiEEE8TestBodyEv called 1 returned 100% blocks executed 40%
function _ZN25Deque_Fixture_equal3_TestI8my_dequeIiSaIiEEE8TestBodyEv called 1 returned 100% blocks executed 41%
function _ZN25Deque_Fixture_equal3_TestISt5dequeIiSaIiEEED0Ev called 1 returned 100% blocks executed 100%
function _ZN25Deque_Fixture_equal3_TestISt5dequeIiSaIiEEED2Ev called 1 returned 100% blocks executed 75%
function _ZN25Deque_Fixture_equal3_TestI8my_dequeIiSaIiEEED0Ev called 1 returned 100% blocks executed 100%
function _ZN25Deque_Fixture_equal3_TestI8my_dequeIiSaIiEEED2Ev called 1 returned 100% blocks executed 75%
function _ZN25Deque_Fixture_equal3_TestISt5dequeIiSaIiEEEC2Ev called 1 returned 100% blocks executed 100%
function _ZN25Deque_Fixture_equal3_TestI8my_dequeIiSaIiEEEC2Ev called 1 returned 100% blocks executed 100%
        9:   83:        TYPED_TEST(Deque_Fixture, equal3) {
call    0 returned 100%
call    1 returned 100%
call    2 returned 100%
branch  3 taken 0% (fallthrough)
branch  4 taken 100%
call    5 never executed
call    6 returned 100%
call    7 returned 100%
call    8 returned 100%
branch  9 taken 0% (fallthrough)
branch 10 taken 100%
call   11 never executed
call   12 returned 100%
call   13 returned 100%
call   14 returned 100%
        -:   84:            typedef typename TestFixture::deque_type deque_type;
        -:   85:
        2:   86:            deque_type x;
call    0 returned 100%
branch  1 taken 100% (fallthrough)
branch  2 taken 0% (throw)
call    3 returned 100%
call    4 returned 100%
branch  5 taken 100% (fallthrough)
branch  6 taken 0% (throw)
call    7 returned 100%
        2:   87:            x.push_front(1);
call    0 returned 100%
branch  1 taken 100% (fallthrough)
branch  2 taken 0% (throw)
call    3 returned 100%
branch  4 taken 100% (fallthrough)
branch  5 taken 0% (throw)
call    6 never executed
        4:   88:            deque_type y;
call    0 returned 100%
branch  1 taken 100% (fallthrough)
branch  2 taken 0% (throw)
call    3 returned 100%
branch  4 taken 100%
branch  5 taken 0%
call    6 never executed
call    7 returned 100%
call    8 returned 100%
branch  9 taken 100% (fallthrough)
branch 10 taken 0% (throw)
call   11 returned 100%
call   12 returned 100%
branch 13 taken 100%
branch 14 taken 0%
call   15 never executed
        2:   89:            y.push_front(1);
call    0 returned 100%
branch  1 taken 100% (fallthrough)
branch  2 taken 0% (throw)
call    3 returned 100%
branch  4 taken 100% (fallthrough)
branch  5 taken 0% (throw)
        -:   90:
        2:   91:            ASSERT_TRUE(x == y);
call    0 returned 100%
branch  1 taken 100% (fallthrough)
branch  2 taken 0% (throw)
call    3 returned 100%
branch  4 taken 100% (fallthrough)
branch  5 taken 0% (throw)
call    6 returned 100%
branch  7 taken 0% (fallthrough)
branch  8 taken 100%
call    9 never executed
branch 10 never executed
branch 11 never executed
call   12 never executed
branch 13 never executed
branch 14 never executed
call   15 never executed
call   16 never executed
branch 17 never executed
branch 18 never executed
call   19 never executed
branch 20 never executed
branch 21 never executed
call   22 never executed
call   23 never executed
call   24 never executed
call   25 returned 100%
branch 26 taken 100%
branch 27 taken 0%
call   28 never executed
call   29 never executed
call   30 never executed
call   31 never executed
call   32 returned 100%
branch 33 taken 100% (fallthrough)
branch 34 taken 0% (throw)
call   35 returned 100%
branch 36 taken 100% (fallthrough)
branch 37 taken 0% (throw)
call   38 returned 100%
branch 39 taken 0% (fallthrough)
branch 40 taken 100%
call   41 never executed
branch 42 never executed
branch 43 never executed
call   44 never executed
branch 45 never executed
branch 46 never executed
call   47 never executed
call   48 never executed
branch 49 never executed
branch 50 never executed
call   51 never executed
branch 52 never executed
branch 53 never executed
call   54 never executed
call   55 never executed
call   56 never executed
call   57 returned 100%
branch 58 taken 100%
branch 59 taken 0%
call   60 never executed
call   61 never executed
call   62 never executed
call   63 never executed
        4:   92:            ASSERT_TRUE(y == x);
call    0 returned 100%
branch  1 taken 100% (fallthrough)
branch  2 taken 0% (throw)
call    3 returned 100%
branch  4 taken 100% (fallthrough)
branch  5 taken 0% (throw)
call    6 returned 100%
branch  7 taken 0% (fallthrough)
branch  8 taken 100%
call    9 never executed
branch 10 never executed
branch 11 never executed
call   12 never executed
branch 13 never executed
branch 14 never executed
call   15 never executed
call   16 never executed
branch 17 never executed
branch 18 never executed
call   19 never executed
branch 20 never executed
branch 21 never executed
call   22 never executed
call   23 never executed
call   24 never executed
call   25 returned 100%
branch 26 taken 100%
branch 27 taken 0%
call   28 returned 100%
branch 29 taken 100%
branch 30 taken 0%
call   31 never executed
call   32 never executed
call   33 never executed
call   34 never executed
call   35 never executed
call   36 returned 100%
branch 37 taken 100% (fallthrough)
branch 38 taken 0% (throw)
call   39 returned 100%
branch 40 taken 100% (fallthrough)
branch 41 taken 0% (throw)
call   42 returned 100%
branch 43 taken 0% (fallthrough)
branch 44 taken 100%
call   45 never executed
branch 46 never executed
branch 47 never executed
call   48 never executed
branch 49 never executed
branch 50 never executed
call   51 never executed
call   52 never executed
branch 53 never executed
branch 54 never executed
call   55 never executed
branch 56 never executed
branch 57 never executed
call   58 never executed
call   59 never executed
call   60 never executed
call   61 returned 100%
branch 62 taken 100%
branch 63 taken 0%
call   64 returned 100%
branch 65 taken 100%
branch 66 taken 0%
call   67 never executed
call   68 never executed
call   69 never executed
call   70 never executed
call   71 never executed
call   72 never executed
        -:   93:        }
        -:   94:
function _ZN25Deque_Fixture_equal4_TestISt5dequeIiSaIiEEE8TestBodyEv called 1 returned 100% blocks executed 40%
function _ZN25Deque_Fixture_equal4_TestI8my_dequeIiSaIiEEE8TestBodyEv called 1 returned 100% blocks executed 41%
function _ZN25Deque_Fixture_equal4_TestISt5dequeIiSaIiEEED0Ev called 1 returned 100% blocks executed 100%
function _ZN25Deque_Fixture_equal4_TestISt5dequeIiSaIiEEED2Ev called 1 returned 100% blocks executed 75%
function _ZN25Deque_Fixture_equal4_TestI8my_dequeIiSaIiEEED0Ev called 1 returned 100% blocks executed 100%
function _ZN25Deque_Fixture_equal4_TestI8my_dequeIiSaIiEEED2Ev called 1 returned 100% blocks executed 75%
function _ZN25Deque_Fixture_equal4_TestISt5dequeIiSaIiEEEC2Ev called 1 returned 100% blocks executed 100%
function _ZN25Deque_Fixture_equal4_TestI8my_dequeIiSaIiEEEC2Ev called 1 returned 100% blocks executed 100%
        9:   95:        TYPED_TEST(Deque_Fixture, equal4) {
call    0 returned 100%
call    1 returned 100%
call    2 returned 100%
branch  3 taken 0% (fallthrough)
branch  4 taken 100%
call    5 never executed
call    6 returned 100%
call    7 returned 100%
call    8 returned 100%
branch  9 taken 0% (fallthrough)
branch 10 taken 100%
call   11 never executed
call   12 returned 100%
call   13 returned 100%
call   14 returned 100%
        -:   96:            typedef typename TestFixture::deque_type deque_type;
        -:   97:
        2:   98:            deque_type x;
call    0 returned 100%
branch  1 taken 100% (fallthrough)
branch  2 taken 0% (throw)
call    3 returned 100%
call    4 returned 100%
branch  5 taken 100% (fallthrough)
branch  6 taken 0% (throw)
call    7 returned 100%
        2:   99:            x.push_front(3);
call    0 returned 100%
branch  1 taken 100% (fallthrough)
branch  2 taken 0% (throw)
call    3 returned 100%
branch  4 taken 100% (fallthrough)
branch  5 taken 0% (throw)
call    6 never executed
        4:  100:            deque_type y;
call    0 returned 100%
branch  1 taken 100% (fallthrough)
branch  2 taken 0% (throw)
call    3 returned 100%
branch  4 taken 100%
branch  5 taken 0%
call    6 never executed
call    7 returned 100%
call    8 returned 100%
branch  9 taken 100% (fallthrough)
branch 10 taken 0% (throw)
call   11 returned 100%
call   12 returned 100%
branch 13 taken 100%
branch 14 taken 0%
call   15 never executed
        2:  101:            y.push_front(9);
call    0 returned 100%
branch  1 taken 100% (fallthrough)
branch  2 taken 0% (throw)
call    3 returned 100%
branch  4 taken 100% (fallthrough)
branch  5 taken 0% (throw)
        -:  102:
        2:  103:            ASSERT_FALSE(x == y);
call    0 returned 100%
branch  1 taken 100% (fallthrough)
branch  2 taken 0% (throw)
call    3 returned 100%
branch  4 taken 100% (fallthrough)
branch  5 taken 0% (throw)
call    6 returned 100%
branch  7 taken 0% (fallthrough)
branch  8 taken 100%
call    9 never executed
branch 10 never executed
branch 11 never executed
call   12 never executed
branch 13 never executed
branch 14 never executed
call   15 never executed
call   16 never executed
branch 17 never executed
branch 18 never executed
call   19 never executed
branch 20 never executed
branch 21 never executed
call   22 never executed
call   23 never executed
call   24 never executed
call   25 returned 100%
branch 26 taken 100%
branch 27 taken 0%
call   28 never executed
call   29 never executed
call   30 never executed
call   31 never executed
call   32 returned 100%
branch 33 taken 100% (fallthrough)
branch 34 taken 0% (throw)
call   35 returned 100%
branch 36 taken 100% (fallthrough)
branch 37 taken 0% (throw)
call   38 returned 100%
branch 39 taken 0% (fallthrough)
branch 40 taken 100%
call   41 never executed
branch 42 never executed
branch 43 never executed
call   44 never executed
branch 45 never executed
branch 46 never executed
call   47 never executed
call   48 never executed
branch 49 never executed
branch 50 never executed
call   51 never executed
branch 52 never executed
branch 53 never executed
call   54 never executed
call   55 never executed
call   56 never executed
call   57 returned 100%
branch 58 taken 100%
branch 59 taken 0%
call   60 never executed
call   61 never executed
call   62 never executed
call   63 never executed
        4:  104:            ASSERT_FALSE(y == x);
call    0 returned 100%
branch  1 taken 100% (fallthrough)
branch  2 taken 0% (throw)
call    3 returned 100%
branch  4 taken 100% (fallthrough)
branch  5 taken 0% (throw)
call    6 returned 100%
branch  7 taken 0% (fallthrough)
branch  8 taken 100%
call    9 never executed
branch 10 never executed
branch 11 never executed
call   12 never executed
branch 13 never executed
branch 14 never executed
call   15 never executed
call   16 never executed
branch 17 never executed
branch 18 never executed
call   19 never executed
branch 20 never executed
branch 21 never executed
call   22 never executed
call   23 never executed
call   24 never executed
call   25 returned 100%
branch 26 taken 100%
branch 27 taken 0%
call   28 returned 100%
branch 29 taken 100%
branch 30 taken 0%
call   31 never executed
call   32 never executed
call   33 never executed
call   34 never executed
call   35 never executed
call   36 returned 100%
branch 37 taken 100% (fallthrough)
branch 38 taken 0% (throw)
call   39 returned 100%
branch 40 taken 100% (fallthrough)
branch 41 taken 0% (throw)
call   42 returned 100%
branch 43 taken 0% (fallthrough)
branch 44 taken 100%
call   45 never executed
branch 46 never executed
branch 47 never executed
call   48 never executed
branch 49 never executed
branch 50 never executed
call   51 never executed
call   52 never executed
branch 53 never executed
branch 54 never executed
call   55 never executed
branch 56 never executed
branch 57 never executed
call   58 never executed
call   59 never executed
call   60 never executed
call   61 returned 100%
branch 62 taken 100%
branch 63 taken 0%
call   64 returned 100%
branch 65 taken 100%
branch 66 taken 0%
call   67 never executed
call   68 never executed
call   69 never executed
call   70 never executed
call   71 never executed
call   72 never executed
        -:  105:        }
        -:  106:        // -----------
        -:  107:        // operator !=
        -:  108:        // -----------
function _ZN28Deque_Fixture_notequal1_TestISt5dequeIiSaIiEEE8TestBodyEv called 1 returned 100% blocks executed 43%
function _ZN28Deque_Fixture_notequal1_TestI8my_dequeIiSaIiEEE8TestBodyEv called 1 returned 100% blocks executed 43%
function _ZN28Deque_Fixture_notequal1_TestISt5dequeIiSaIiEEED0Ev called 1 returned 100% blocks executed 100%
function _ZN28Deque_Fixture_notequal1_TestISt5dequeIiSaIiEEED2Ev called 1 returned 100% blocks executed 75%
function _ZN28Deque_Fixture_notequal1_TestI8my_dequeIiSaIiEEED0Ev called 1 returned 100% blocks executed 100%
function _ZN28Deque_Fixture_notequal1_TestI8my_dequeIiSaIiEEED2Ev called 1 returned 100% blocks executed 75%
function _ZN28Deque_Fixture_notequal1_TestISt5dequeIiSaIiEEEC2Ev called 1 returned 100% blocks executed 100%
function _ZN28Deque_Fixture_notequal1_TestI8my_dequeIiSaIiEEEC2Ev called 1 returned 100% blocks executed 100%
        9:  109:       TYPED_TEST(Deque_Fixture, notequal1) {
call    0 returned 100%
call    1 returned 100%
call    2 returned 100%
branch  3 taken 0% (fallthrough)
branch  4 taken 100%
call    5 never executed
call    6 returned 100%
call    7 returned 100%
call    8 returned 100%
branch  9 taken 0% (fallthrough)
branch 10 taken 100%
call   11 never executed
call   12 returned 100%
call   13 returned 100%
call   14 returned 100%
        -:  110:            typedef typename TestFixture::deque_type deque_type;
        -:  111:
        2:  112:            deque_type x(2);
call    0 returned 100%
branch  1 taken 100% (fallthrough)
branch  2 taken 0% (throw)
call    3 returned 100%
call    4 returned 100%
branch  5 taken 100% (fallthrough)
branch  6 taken 0% (throw)
call    7 returned 100%
call    8 never executed
        2:  113:            x[0] = 0;
call    0 returned 100%
branch  1 taken 100% (fallthrough)
branch  2 taken 0% (throw)
call    3 returned 100%
        2:  114:            x[1] = 1;
call    0 returned 100%
branch  1 taken 100% (fallthrough)
branch  2 taken 0% (throw)
call    3 returned 100%
        4:  115:            deque_type y(2);
call    0 returned 100%
branch  1 taken 100% (fallthrough)
branch  2 taken 0% (throw)
call    3 returned 100%
branch  4 taken 100%
branch  5 taken 0%
call    6 never executed
call    7 returned 100%
call    8 returned 100%
branch  9 taken 100% (fallthrough)
branch 10 taken 0% (throw)
call   11 returned 100%
call   12 returned 100%
branch 13 taken 100%
branch 14 taken 0%
call   15 never executed
call   16 never executed
        2:  116:            y[0] = 0;
call    0 returned 100%
branch  1 taken 100% (fallthrough)
branch  2 taken 0% (throw)
call    3 returned 100%
        2:  117:            y[1] = 1;
call    0 returned 100%
branch  1 taken 100% (fallthrough)
branch  2 taken 0% (throw)
call    3 returned 100%
        -:  118:
        2:  119:            ASSERT_FALSE(x != y);
call    0 returned 100%
branch  1 taken 100% (fallthrough)
branch  2 taken 0% (throw)
call    3 returned 100%
branch  4 taken 100% (fallthrough)
branch  5 taken 0% (throw)
call    6 returned 100%
branch  7 taken 0% (fallthrough)
branch  8 taken 100%
call    9 never executed
branch 10 never executed
branch 11 never executed
call   12 never executed
branch 13 never executed
branch 14 never executed
call   15 never executed
call   16 never executed
branch 17 never executed
branch 18 never executed
call   19 never executed
branch 20 never executed
branch 21 never executed
call   22 never executed
call   23 never executed
call   24 never executed
call   25 returned 100%
branch 26 taken 100%
branch 27 taken 0%
call   28 never executed
call   29 never executed
call   30 never executed
call   31 never executed
call   32 returned 100%
branch 33 taken 100% (fallthrough)
branch 34 taken 0% (throw)
call   35 returned 100%
branch 36 taken 100% (fallthrough)
branch 37 taken 0% (throw)
call   38 returned 100%
branch 39 taken 0% (fallthrough)
branch 40 taken 100%
call   41 never executed
branch 42 never executed
branch 43 never executed
call   44 never executed
branch 45 never executed
branch 46 never executed
call   47 never executed
call   48 never executed
branch 49 never executed
branch 50 never executed
call   51 never executed
branch 52 never executed
branch 53 never executed
call   54 never executed
call   55 never executed
call   56 never executed
call   57 returned 100%
branch 58 taken 100%
branch 59 taken 0%
call   60 never executed
call   61 never executed
call   62 never executed
call   63 never executed
        4:  120:            ASSERT_FALSE(y != x);
call    0 returned 100%
branch  1 taken 100% (fallthrough)
branch  2 taken 0% (throw)
call    3 returned 100%
branch  4 taken 100% (fallthrough)
branch  5 taken 0% (throw)
call    6 returned 100%
branch  7 taken 0% (fallthrough)
branch  8 taken 100%
call    9 never executed
branch 10 never executed
branch 11 never executed
call   12 never executed
branch 13 never executed
branch 14 never executed
call   15 never executed
call   16 never executed
branch 17 never executed
branch 18 never executed
call   19 never executed
branch 20 never executed
branch 21 never executed
call   22 never executed
call   23 never executed
call   24 never executed
call   25 returned 100%
branch 26 taken 100%
branch 27 taken 0%
call   28 returned 100%
branch 29 taken 100%
branch 30 taken 0%
call   31 never executed
call   32 never executed
call   33 never executed
call   34 never executed
call   35 never executed
call   36 returned 100%
branch 37 taken 100% (fallthrough)
branch 38 taken 0% (throw)
call   39 returned 100%
branch 40 taken 100% (fallthrough)
branch 41 taken 0% (throw)
call   42 returned 100%
branch 43 taken 0% (fallthrough)
branch 44 taken 100%
call   45 never executed
branch 46 never executed
branch 47 never executed
call   48 never executed
branch 49 never executed
branch 50 never executed
call   51 never executed
call   52 never executed
branch 53 never executed
branch 54 never executed
call   55 never executed
branch 56 never executed
branch 57 never executed
call   58 never executed
call   59 never executed
call   60 never executed
call   61 returned 100%
branch 62 taken 100%
branch 63 taken 0%
call   64 returned 100%
branch 65 taken 100%
branch 66 taken 0%
call   67 never executed
call   68 never executed
call   69 never executed
call   70 never executed
call   71 never executed
        -:  121:        }
        -:  122:
function _ZN28Deque_Fixture_notequal2_TestISt5dequeIiSaIiEEE8TestBodyEv called 1 returned 100% blocks executed 41%
function _ZN28Deque_Fixture_notequal2_TestI8my_dequeIiSaIiEEE8TestBodyEv called 1 returned 100% blocks executed 41%
function _ZN28Deque_Fixture_notequal2_TestISt5dequeIiSaIiEEED0Ev called 1 returned 100% blocks executed 100%
function _ZN28Deque_Fixture_notequal2_TestISt5dequeIiSaIiEEED2Ev called 1 returned 100% blocks executed 75%
function _ZN28Deque_Fixture_notequal2_TestI8my_dequeIiSaIiEEED0Ev called 1 returned 100% blocks executed 100%
function _ZN28Deque_Fixture_notequal2_TestI8my_dequeIiSaIiEEED2Ev called 1 returned 100% blocks executed 75%
function _ZN28Deque_Fixture_notequal2_TestISt5dequeIiSaIiEEEC2Ev called 1 returned 100% blocks executed 100%
function _ZN28Deque_Fixture_notequal2_TestI8my_dequeIiSaIiEEEC2Ev called 1 returned 100% blocks executed 100%
        9:  123:        TYPED_TEST(Deque_Fixture, notequal2) {
call    0 returned 100%
call    1 returned 100%
call    2 returned 100%
branch  3 taken 0% (fallthrough)
branch  4 taken 100%
call    5 never executed
call    6 returned 100%
call    7 returned 100%
call    8 returned 100%
branch  9 taken 0% (fallthrough)
branch 10 taken 100%
call   11 never executed
call   12 returned 100%
call   13 returned 100%
call   14 returned 100%
        -:  124:            typedef typename TestFixture::deque_type deque_type;
        -:  125:
        2:  126:            deque_type x(2);
call    0 returned 100%
branch  1 taken 100% (fallthrough)
branch  2 taken 0% (throw)
call    3 returned 100%
call    4 returned 100%
branch  5 taken 100% (fallthrough)
branch  6 taken 0% (throw)
call    7 returned 100%
call    8 never executed
        2:  127:            x[0] = 0;
call    0 returned 100%
branch  1 taken 100% (fallthrough)
branch  2 taken 0% (throw)
call    3 returned 100%
        2:  128:            x[1] = 1;
call    0 returned 100%
branch  1 taken 100% (fallthrough)
branch  2 taken 0% (throw)
call    3 returned 100%
        4:  129:            deque_type y(x);
call    0 returned 100%
branch  1 taken 100% (fallthrough)
branch  2 taken 0% (throw)
call    3 returned 100%
branch  4 taken 100%
branch  5 taken 0%
call    6 never executed
call    7 returned 100%
branch  8 taken 100% (fallthrough)
branch  9 taken 0% (throw)
call   10 returned 100%
branch 11 taken 100%
branch 12 taken 0%
call   13 never executed
        -:  130:
        -:  131:
        2:  132:            ASSERT_FALSE(x != y);
call    0 returned 100%
branch  1 taken 100% (fallthrough)
branch  2 taken 0% (throw)
call    3 returned 100%
branch  4 taken 100% (fallthrough)
branch  5 taken 0% (throw)
call    6 returned 100%
branch  7 taken 0% (fallthrough)
branch  8 taken 100%
call    9 never executed
branch 10 never executed
branch 11 never executed
call   12 never executed
branch 13 never executed
branch 14 never executed
call   15 never executed
call   16 never executed
branch 17 never executed
branch 18 never executed
call   19 never executed
branch 20 never executed
branch 21 never executed
call   22 never executed
call   23 never executed
call   24 never executed
call   25 returned 100%
branch 26 taken 100%
branch 27 taken 0%
call   28 never executed
call   29 never executed
call   30 never executed
call   31 never executed
call   32 returned 100%
branch 33 taken 100% (fallthrough)
branch 34 taken 0% (throw)
call   35 returned 100%
branch 36 taken 100% (fallthrough)
branch 37 taken 0% (throw)
call   38 returned 100%
branch 39 taken 0% (fallthrough)
branch 40 taken 100%
call   41 never executed
branch 42 never executed
branch 43 never executed
call   44 never executed
branch 45 never executed
branch 46 never executed
call   47 never executed
call   48 never executed
branch 49 never executed
branch 50 never executed
call   51 never executed
branch 52 never executed
branch 53 never executed
call   54 never executed
call   55 never executed
call   56 never executed
call   57 returned 100%
branch 58 taken 100%
branch 59 taken 0%
call   60 never executed
call   61 never executed
call   62 never executed
call   63 never executed
        4:  133:            ASSERT_FALSE(y != x);
call    0 returned 100%
branch  1 taken 100% (fallthrough)
branch  2 taken 0% (throw)
call    3 returned 100%
branch  4 taken 100% (fallthrough)
branch  5 taken 0% (throw)
call    6 returned 100%
branch  7 taken 0% (fallthrough)
branch  8 taken 100%
call    9 never executed
branch 10 never executed
branch 11 never executed
call   12 never executed
branch 13 never executed
branch 14 never executed
call   15 never executed
call   16 never executed
branch 17 never executed
branch 18 never executed
call   19 never executed
branch 20 never executed
branch 21 never executed
call   22 never executed
call   23 never executed
call   24 never executed
call   25 returned 100%
branch 26 taken 100%
branch 27 taken 0%
call   28 returned 100%
branch 29 taken 100%
branch 30 taken 0%
call   31 never executed
call   32 never executed
call   33 never executed
call   34 never executed
call   35 never executed
call   36 returned 100%
branch 37 taken 100% (fallthrough)
branch 38 taken 0% (throw)
call   39 returned 100%
branch 40 taken 100% (fallthrough)
branch 41 taken 0% (throw)
call   42 returned 100%
branch 43 taken 0% (fallthrough)
branch 44 taken 100%
call   45 never executed
branch 46 never executed
branch 47 never executed
call   48 never executed
branch 49 never executed
branch 50 never executed
call   51 never executed
call   52 never executed
branch 53 never executed
branch 54 never executed
call   55 never executed
branch 56 never executed
branch 57 never executed
call   58 never executed
call   59 never executed
call   60 never executed
call   61 returned 100%
branch 62 taken 100%
branch 63 taken 0%
call   64 returned 100%
branch 65 taken 100%
branch 66 taken 0%
call   67 never executed
call   68 never executed
call   69 never executed
call   70 never executed
call   71 never executed
        -:  134:        }
function _ZN28Deque_Fixture_notequal3_TestISt5dequeIiSaIiEEE8TestBodyEv called 1 returned 100% blocks executed 40%
function _ZN28Deque_Fixture_notequal3_TestI8my_dequeIiSaIiEEE8TestBodyEv called 1 returned 100% blocks executed 41%
function _ZN28Deque_Fixture_notequal3_TestISt5dequeIiSaIiEEED0Ev called 1 returned 100% blocks executed 100%
function _ZN28Deque_Fixture_notequal3_TestISt5dequeIiSaIiEEED2Ev called 1 returned 100% blocks executed 75%
function _ZN28Deque_Fixture_notequal3_TestI8my_dequeIiSaIiEEED0Ev called 1 returned 100% blocks executed 100%
function _ZN28Deque_Fixture_notequal3_TestI8my_dequeIiSaIiEEED2Ev called 1 returned 100% blocks executed 75%
function _ZN28Deque_Fixture_notequal3_TestISt5dequeIiSaIiEEEC2Ev called 1 returned 100% blocks executed 100%
function _ZN28Deque_Fixture_notequal3_TestI8my_dequeIiSaIiEEEC2Ev called 1 returned 100% blocks executed 100%
        9:  135:        TYPED_TEST(Deque_Fixture, notequal3) {
call    0 returned 100%
call    1 returned 100%
call    2 returned 100%
branch  3 taken 0% (fallthrough)
branch  4 taken 100%
call    5 never executed
call    6 returned 100%
call    7 returned 100%
call    8 returned 100%
branch  9 taken 0% (fallthrough)
branch 10 taken 100%
call   11 never executed
call   12 returned 100%
call   13 returned 100%
call   14 returned 100%
        -:  136:            typedef typename TestFixture::deque_type deque_type;
        -:  137:
        2:  138:            deque_type x;
call    0 returned 100%
branch  1 taken 100% (fallthrough)
branch  2 taken 0% (throw)
call    3 returned 100%
call    4 returned 100%
branch  5 taken 100% (fallthrough)
branch  6 taken 0% (throw)
call    7 returned 100%
        2:  139:            x.push_front(1);
call    0 returned 100%
branch  1 taken 100% (fallthrough)
branch  2 taken 0% (throw)
call    3 returned 100%
branch  4 taken 100% (fallthrough)
branch  5 taken 0% (throw)
call    6 never executed
        4:  140:            deque_type y;
call    0 returned 100%
branch  1 taken 100% (fallthrough)
branch  2 taken 0% (throw)
call    3 returned 100%
branch  4 taken 100%
branch  5 taken 0%
call    6 never executed
call    7 returned 100%
call    8 returned 100%
branch  9 taken 100% (fallthrough)
branch 10 taken 0% (throw)
call   11 returned 100%
call   12 returned 100%
branch 13 taken 100%
branch 14 taken 0%
call   15 never executed
        2:  141:            y.push_front(1);
call    0 returned 100%
branch  1 taken 100% (fallthrough)
branch  2 taken 0% (throw)
call    3 returned 100%
branch  4 taken 100% (fallthrough)
branch  5 taken 0% (throw)
        -:  142:
        2:  143:            ASSERT_FALSE(x != y);
call    0 returned 100%
branch  1 taken 100% (fallthrough)
branch  2 taken 0% (throw)
call    3 returned 100%
branch  4 taken 100% (fallthrough)
branch  5 taken 0% (throw)
call    6 returned 100%
branch  7 taken 0% (fallthrough)
branch  8 taken 100%
call    9 never executed
branch 10 never executed
branch 11 never executed
call   12 never executed
branch 13 never executed
branch 14 never executed
call   15 never executed
call   16 never executed
branch 17 never executed
branch 18 never executed
call   19 never executed
branch 20 never executed
branch 21 never executed
call   22 never executed
call   23 never executed
call   24 never executed
call   25 returned 100%
branch 26 taken 100%
branch 27 taken 0%
call   28 never executed
call   29 never executed
call   30 never executed
call   31 never executed
call   32 returned 100%
branch 33 taken 100% (fallthrough)
branch 34 taken 0% (throw)
call   35 returned 100%
branch 36 taken 100% (fallthrough)
branch 37 taken 0% (throw)
call   38 returned 100%
branch 39 taken 0% (fallthrough)
branch 40 taken 100%
call   41 never executed
branch 42 never executed
branch 43 never executed
call   44 never executed
branch 45 never executed
branch 46 never executed
call   47 never executed
call   48 never executed
branch 49 never executed
branch 50 never executed
call   51 never executed
branch 52 never executed
branch 53 never executed
call   54 never executed
call   55 never executed
call   56 never executed
call   57 returned 100%
branch 58 taken 100%
branch 59 taken 0%
call   60 never executed
call   61 never executed
call   62 never executed
call   63 never executed
        4:  144:            ASSERT_FALSE(y != x);
call    0 returned 100%
branch  1 taken 100% (fallthrough)
branch  2 taken 0% (throw)
call    3 returned 100%
branch  4 taken 100% (fallthrough)
branch  5 taken 0% (throw)
call    6 returned 100%
branch  7 taken 0% (fallthrough)
branch  8 taken 100%
call    9 never executed
branch 10 never executed
branch 11 never executed
call   12 never executed
branch 13 never executed
branch 14 never executed
call   15 never executed
call   16 never executed
branch 17 never executed
branch 18 never executed
call   19 never executed
branch 20 never executed
branch 21 never executed
call   22 never executed
call   23 never executed
call   24 never executed
call   25 returned 100%
branch 26 taken 100%
branch 27 taken 0%
call   28 returned 100%
branch 29 taken 100%
branch 30 taken 0%
call   31 never executed
call   32 never executed
call   33 never executed
call   34 never executed
call   35 never executed
call   36 returned 100%
branch 37 taken 100% (fallthrough)
branch 38 taken 0% (throw)
call   39 returned 100%
branch 40 taken 100% (fallthrough)
branch 41 taken 0% (throw)
call   42 returned 100%
branch 43 taken 0% (fallthrough)
branch 44 taken 100%
call   45 never executed
branch 46 never executed
branch 47 never executed
call   48 never executed
branch 49 never executed
branch 50 never executed
call   51 never executed
call   52 never executed
branch 53 never executed
branch 54 never executed
call   55 never executed
branch 56 never executed
branch 57 never executed
call   58 never executed
call   59 never executed
call   60 never executed
call   61 returned 100%
branch 62 taken 100%
branch 63 taken 0%
call   64 returned 100%
branch 65 taken 100%
branch 66 taken 0%
call   67 never executed
call   68 never executed
call   69 never executed
call   70 never executed
call   71 never executed
call   72 never executed
        -:  145:        }
        -:  146:
function _ZN28Deque_Fixture_notequal4_TestISt5dequeIiSaIiEEE8TestBodyEv called 1 returned 100% blocks executed 40%
function _ZN28Deque_Fixture_notequal4_TestI8my_dequeIiSaIiEEE8TestBodyEv called 1 returned 100% blocks executed 41%
function _ZN28Deque_Fixture_notequal4_TestISt5dequeIiSaIiEEED0Ev called 1 returned 100% blocks executed 100%
function _ZN28Deque_Fixture_notequal4_TestISt5dequeIiSaIiEEED2Ev called 1 returned 100% blocks executed 75%
function _ZN28Deque_Fixture_notequal4_TestI8my_dequeIiSaIiEEED0Ev called 1 returned 100% blocks executed 100%
function _ZN28Deque_Fixture_notequal4_TestI8my_dequeIiSaIiEEED2Ev called 1 returned 100% blocks executed 75%
function _ZN28Deque_Fixture_notequal4_TestISt5dequeIiSaIiEEEC2Ev called 1 returned 100% blocks executed 100%
function _ZN28Deque_Fixture_notequal4_TestI8my_dequeIiSaIiEEEC2Ev called 1 returned 100% blocks executed 100%
        9:  147:        TYPED_TEST(Deque_Fixture, notequal4) {
call    0 returned 100%
call    1 returned 100%
call    2 returned 100%
branch  3 taken 0% (fallthrough)
branch  4 taken 100%
call    5 never executed
call    6 returned 100%
call    7 returned 100%
call    8 returned 100%
branch  9 taken 0% (fallthrough)
branch 10 taken 100%
call   11 never executed
call   12 returned 100%
call   13 returned 100%
call   14 returned 100%
        -:  148:            typedef typename TestFixture::deque_type deque_type;
        -:  149:
        2:  150:            deque_type x;
call    0 returned 100%
branch  1 taken 100% (fallthrough)
branch  2 taken 0% (throw)
call    3 returned 100%
call    4 returned 100%
branch  5 taken 100% (fallthrough)
branch  6 taken 0% (throw)
call    7 returned 100%
        2:  151:            x.push_front(3);
call    0 returned 100%
branch  1 taken 100% (fallthrough)
branch  2 taken 0% (throw)
call    3 returned 100%
branch  4 taken 100% (fallthrough)
branch  5 taken 0% (throw)
call    6 never executed
        4:  152:            deque_type y;
call    0 returned 100%
branch  1 taken 100% (fallthrough)
branch  2 taken 0% (throw)
call    3 returned 100%
branch  4 taken 100%
branch  5 taken 0%
call    6 never executed
call    7 returned 100%
call    8 returned 100%
branch  9 taken 100% (fallthrough)
branch 10 taken 0% (throw)
call   11 returned 100%
call   12 returned 100%
branch 13 taken 100%
branch 14 taken 0%
call   15 never executed
        2:  153:            y.push_front(9);
call    0 returned 100%
branch  1 taken 100% (fallthrough)
branch  2 taken 0% (throw)
call    3 returned 100%
branch  4 taken 100% (fallthrough)
branch  5 taken 0% (throw)
        -:  154:
        2:  155:            ASSERT_TRUE(x != y);
call    0 returned 100%
branch  1 taken 100% (fallthrough)
branch  2 taken 0% (throw)
call    3 returned 100%
branch  4 taken 100% (fallthrough)
branch  5 taken 0% (throw)
call    6 returned 100%
branch  7 taken 0% (fallthrough)
branch  8 taken 100%
call    9 never executed
branch 10 never executed
branch 11 never executed
call   12 never executed
branch 13 never executed
branch 14 never executed
call   15 never executed
call   16 never executed
branch 17 never executed
branch 18 never executed
call   19 never executed
branch 20 never executed
branch 21 never executed
call   22 never executed
call   23 never executed
call   24 never executed
call   25 returned 100%
branch 26 taken 100%
branch 27 taken 0%
call   28 never executed
call   29 never executed
call   30 never executed
call   31 never executed
call   32 returned 100%
branch 33 taken 100% (fallthrough)
branch 34 taken 0% (throw)
call   35 returned 100%
branch 36 taken 100% (fallthrough)
branch 37 taken 0% (throw)
call   38 returned 100%
branch 39 taken 0% (fallthrough)
branch 40 taken 100%
call   41 never executed
branch 42 never executed
branch 43 never executed
call   44 never executed
branch 45 never executed
branch 46 never executed
call   47 never executed
call   48 never executed
branch 49 never executed
branch 50 never executed
call   51 never executed
branch 52 never executed
branch 53 never executed
call   54 never executed
call   55 never executed
call   56 never executed
call   57 returned 100%
branch 58 taken 100%
branch 59 taken 0%
call   60 never executed
call   61 never executed
call   62 never executed
call   63 never executed
        4:  156:            ASSERT_TRUE(y != x);
call    0 returned 100%
branch  1 taken 100% (fallthrough)
branch  2 taken 0% (throw)
call    3 returned 100%
branch  4 taken 100% (fallthrough)
branch  5 taken 0% (throw)
call    6 returned 100%
branch  7 taken 0% (fallthrough)
branch  8 taken 100%
call    9 never executed
branch 10 never executed
branch 11 never executed
call   12 never executed
branch 13 never executed
branch 14 never executed
call   15 never executed
call   16 never executed
branch 17 never executed
branch 18 never executed
call   19 never executed
branch 20 never executed
branch 21 never executed
call   22 never executed
call   23 never executed
call   24 never executed
call   25 returned 100%
branch 26 taken 100%
branch 27 taken 0%
call   28 returned 100%
branch 29 taken 100%
branch 30 taken 0%
call   31 never executed
call   32 never executed
call   33 never executed
call   34 never executed
call   35 never executed
call   36 returned 100%
branch 37 taken 100% (fallthrough)
branch 38 taken 0% (throw)
call   39 returned 100%
branch 40 taken 100% (fallthrough)
branch 41 taken 0% (throw)
call   42 returned 100%
branch 43 taken 0% (fallthrough)
branch 44 taken 100%
call   45 never executed
branch 46 never executed
branch 47 never executed
call   48 never executed
branch 49 never executed
branch 50 never executed
call   51 never executed
call   52 never executed
branch 53 never executed
branch 54 never executed
call   55 never executed
branch 56 never executed
branch 57 never executed
call   58 never executed
call   59 never executed
call   60 never executed
call   61 returned 100%
branch 62 taken 100%
branch 63 taken 0%
call   64 returned 100%
branch 65 taken 100%
branch 66 taken 0%
call   67 never executed
call   68 never executed
call   69 never executed
call   70 never executed
call   71 never executed
call   72 never executed
        -:  157:        }
        -:  158:     
        -:  159:        // ----------
        -:  160:        // operator <
        -:  161:        // ----------
function _ZN24Deque_Fixture_less1_TestISt5dequeIiSaIiEEE8TestBodyEv called 1 returned 100% blocks executed 43%
function _ZN24Deque_Fixture_less1_TestI8my_dequeIiSaIiEEE8TestBodyEv called 1 returned 100% blocks executed 43%
function _ZN24Deque_Fixture_less1_TestISt5dequeIiSaIiEEED0Ev called 1 returned 100% blocks executed 100%
function _ZN24Deque_Fixture_less1_TestISt5dequeIiSaIiEEED2Ev called 1 returned 100% blocks executed 75%
function _ZN24Deque_Fixture_less1_TestI8my_dequeIiSaIiEEED0Ev called 1 returned 100% blocks executed 100%
function _ZN24Deque_Fixture_less1_TestI8my_dequeIiSaIiEEED2Ev called 1 returned 100% blocks executed 75%
function _ZN24Deque_Fixture_less1_TestISt5dequeIiSaIiEEEC2Ev called 1 returned 100% blocks executed 100%
function _ZN24Deque_Fixture_less1_TestI8my_dequeIiSaIiEEEC2Ev called 1 returned 100% blocks executed 100%
        9:  162:        TYPED_TEST(Deque_Fixture, less1) {
call    0 returned 100%
call    1 returned 100%
call    2 returned 100%
branch  3 taken 0% (fallthrough)
branch  4 taken 100%
call    5 never executed
call    6 returned 100%
call    7 returned 100%
call    8 returned 100%
branch  9 taken 0% (fallthrough)
branch 10 taken 100%
call   11 never executed
call   12 returned 100%
call   13 returned 100%
call   14 returned 100%
        -:  163:            typedef typename TestFixture::deque_type deque_type;
        -:  164:
        2:  165:            deque_type x(2);
call    0 returned 100%
branch  1 taken 100% (fallthrough)
branch  2 taken 0% (throw)
call    3 returned 100%
call    4 returned 100%
branch  5 taken 100% (fallthrough)
branch  6 taken 0% (throw)
call    7 returned 100%
call    8 never executed
        2:  166:            x[0] = 0;
call    0 returned 100%
branch  1 taken 100% (fallthrough)
branch  2 taken 0% (throw)
call    3 returned 100%
        2:  167:            x[1] = 1;
call    0 returned 100%
branch  1 taken 100% (fallthrough)
branch  2 taken 0% (throw)
call    3 returned 100%
        4:  168:            deque_type y(2);
call    0 returned 100%
branch  1 taken 100% (fallthrough)
branch  2 taken 0% (throw)
call    3 returned 100%
branch  4 taken 100%
branch  5 taken 0%
call    6 never executed
call    7 returned 100%
call    8 returned 100%
branch  9 taken 100% (fallthrough)
branch 10 taken 0% (throw)
call   11 returned 100%
call   12 returned 100%
branch 13 taken 100%
branch 14 taken 0%
call   15 never executed
call   16 never executed
        2:  169:            y[0] = 0;
call    0 returned 100%
branch  1 taken 100% (fallthrough)
branch  2 taken 0% (throw)
call    3 returned 100%
        2:  170:            y[1] = 1;
call    0 returned 100%
branch  1 taken 100% (fallthrough)
branch  2 taken 0% (throw)
call    3 returned 100%
        -:  171:
        2:  172:            ASSERT_FALSE(x < y);
call    0 returned 100%
branch  1 taken 100% (fallthrough)
branch  2 taken 0% (throw)
call    3 returned 100%
branch  4 taken 100% (fallthrough)
branch  5 taken 0% (throw)
call    6 returned 100%
branch  7 taken 0% (fallthrough)
branch  8 taken 100%
call    9 never executed
branch 10 never executed
branch 11 never executed
call   12 never executed
branch 13 never executed
branch 14 never executed
call   15 never executed
call   16 never executed
branch 17 never executed
branch 18 never executed
call   19 never executed
branch 20 never executed
branch 21 never executed
call   22 never executed
call   23 never executed
call   24 never executed
call   25 returned 100%
branch 26 taken 100%
branch 27 taken 0%
call   28 never executed
call   29 never executed
call   30 never executed
call   31 never executed
call   32 returned 100%
branch 33 taken 100% (fallthrough)
branch 34 taken 0% (throw)
call   35 returned 100%
branch 36 taken 100% (fallthrough)
branch 37 taken 0% (throw)
call   38 returned 100%
branch 39 taken 0% (fallthrough)
branch 40 taken 100%
call   41 never executed
branch 42 never executed
branch 43 never executed
call   44 never executed
branch 45 never executed
branch 46 never executed
call   47 never executed
call   48 never executed
branch 49 never executed
branch 50 never executed
call   51 never executed
branch 52 never executed
branch 53 never executed
call   54 never executed
call   55 never executed
call   56 never executed
call   57 returned 100%
branch 58 taken 100%
branch 59 taken 0%
call   60 never executed
call   61 never executed
call   62 never executed
call   63 never executed
        4:  173:            ASSERT_FALSE(y < x);
call    0 returned 100%
branch  1 taken 100% (fallthrough)
branch  2 taken 0% (throw)
call    3 returned 100%
branch  4 taken 100% (fallthrough)
branch  5 taken 0% (throw)
call    6 returned 100%
branch  7 taken 0% (fallthrough)
branch  8 taken 100%
call    9 never executed
branch 10 never executed
branch 11 never executed
call   12 never executed
branch 13 never executed
branch 14 never executed
call   15 never executed
call   16 never executed
branch 17 never executed
branch 18 never executed
call   19 never executed
branch 20 never executed
branch 21 never executed
call   22 never executed
call   23 never executed
call   24 never executed
call   25 returned 100%
branch 26 taken 100%
branch 27 taken 0%
call   28 returned 100%
branch 29 taken 100%
branch 30 taken 0%
call   31 never executed
call   32 never executed
call   33 never executed
call   34 never executed
call   35 never executed
call   36 returned 100%
branch 37 taken 100% (fallthrough)
branch 38 taken 0% (throw)
call   39 returned 100%
branch 40 taken 100% (fallthrough)
branch 41 taken 0% (throw)
call   42 returned 100%
branch 43 taken 0% (fallthrough)
branch 44 taken 100%
call   45 never executed
branch 46 never executed
branch 47 never executed
call   48 never executed
branch 49 never executed
branch 50 never executed
call   51 never executed
call   52 never executed
branch 53 never executed
branch 54 never executed
call   55 never executed
branch 56 never executed
branch 57 never executed
call   58 never executed
call   59 never executed
call   60 never executed
call   61 returned 100%
branch 62 taken 100%
branch 63 taken 0%
call   64 returned 100%
branch 65 taken 100%
branch 66 taken 0%
call   67 never executed
call   68 never executed
call   69 never executed
call   70 never executed
call   71 never executed
        -:  174:        }
        -:  175:
function _ZN24Deque_Fixture_less2_TestISt5dequeIiSaIiEEE8TestBodyEv called 1 returned 100% blocks executed 41%
function _ZN24Deque_Fixture_less2_TestI8my_dequeIiSaIiEEE8TestBodyEv called 1 returned 100% blocks executed 41%
function _ZN24Deque_Fixture_less2_TestISt5dequeIiSaIiEEED0Ev called 1 returned 100% blocks executed 100%
function _ZN24Deque_Fixture_less2_TestISt5dequeIiSaIiEEED2Ev called 1 returned 100% blocks executed 75%
function _ZN24Deque_Fixture_less2_TestI8my_dequeIiSaIiEEED0Ev called 1 returned 100% blocks executed 100%
function _ZN24Deque_Fixture_less2_TestI8my_dequeIiSaIiEEED2Ev called 1 returned 100% blocks executed 75%
function _ZN24Deque_Fixture_less2_TestISt5dequeIiSaIiEEEC2Ev called 1 returned 100% blocks executed 100%
function _ZN24Deque_Fixture_less2_TestI8my_dequeIiSaIiEEEC2Ev called 1 returned 100% blocks executed 100%
        9:  176:        TYPED_TEST(Deque_Fixture, less2) {
call    0 returned 100%
call    1 returned 100%
call    2 returned 100%
branch  3 taken 0% (fallthrough)
branch  4 taken 100%
call    5 never executed
call    6 returned 100%
call    7 returned 100%
call    8 returned 100%
branch  9 taken 0% (fallthrough)
branch 10 taken 100%
call   11 never executed
call   12 returned 100%
call   13 returned 100%
call   14 returned 100%
        -:  177:            typedef typename TestFixture::deque_type deque_type;
        -:  178:
        2:  179:            deque_type x(2);
call    0 returned 100%
branch  1 taken 100% (fallthrough)
branch  2 taken 0% (throw)
call    3 returned 100%
call    4 returned 100%
branch  5 taken 100% (fallthrough)
branch  6 taken 0% (throw)
call    7 returned 100%
call    8 never executed
        2:  180:            x[0] = 0;
call    0 returned 100%
branch  1 taken 100% (fallthrough)
branch  2 taken 0% (throw)
call    3 returned 100%
        2:  181:            x[1] = 1;
call    0 returned 100%
branch  1 taken 100% (fallthrough)
branch  2 taken 0% (throw)
call    3 returned 100%
        4:  182:            deque_type y(x);
call    0 returned 100%
branch  1 taken 100% (fallthrough)
branch  2 taken 0% (throw)
call    3 returned 100%
branch  4 taken 100%
branch  5 taken 0%
call    6 never executed
call    7 returned 100%
branch  8 taken 100% (fallthrough)
branch  9 taken 0% (throw)
call   10 returned 100%
branch 11 taken 100%
branch 12 taken 0%
call   13 never executed
        -:  183:
        -:  184:
        2:  185:            ASSERT_FALSE(x < y);
call    0 returned 100%
branch  1 taken 100% (fallthrough)
branch  2 taken 0% (throw)
call    3 returned 100%
branch  4 taken 100% (fallthrough)
branch  5 taken 0% (throw)
call    6 returned 100%
branch  7 taken 0% (fallthrough)
branch  8 taken 100%
call    9 never executed
branch 10 never executed
branch 11 never executed
call   12 never executed
branch 13 never executed
branch 14 never executed
call   15 never executed
call   16 never executed
branch 17 never executed
branch 18 never executed
call   19 never executed
branch 20 never executed
branch 21 never executed
call   22 never executed
call   23 never executed
call   24 never executed
call   25 returned 100%
branch 26 taken 100%
branch 27 taken 0%
call   28 never executed
call   29 never executed
call   30 never executed
call   31 never executed
call   32 returned 100%
branch 33 taken 100% (fallthrough)
branch 34 taken 0% (throw)
call   35 returned 100%
branch 36 taken 100% (fallthrough)
branch 37 taken 0% (throw)
call   38 returned 100%
branch 39 taken 0% (fallthrough)
branch 40 taken 100%
call   41 never executed
branch 42 never executed
branch 43 never executed
call   44 never executed
branch 45 never executed
branch 46 never executed
call   47 never executed
call   48 never executed
branch 49 never executed
branch 50 never executed
call   51 never executed
branch 52 never executed
branch 53 never executed
call   54 never executed
call   55 never executed
call   56 never executed
call   57 returned 100%
branch 58 taken 100%
branch 59 taken 0%
call   60 never executed
call   61 never executed
call   62 never executed
call   63 never executed
        4:  186:            ASSERT_FALSE(y < x);
call    0 returned 100%
branch  1 taken 100% (fallthrough)
branch  2 taken 0% (throw)
call    3 returned 100%
branch  4 taken 100% (fallthrough)
branch  5 taken 0% (throw)
call    6 returned 100%
branch  7 taken 0% (fallthrough)
branch  8 taken 100%
call    9 never executed
branch 10 never executed
branch 11 never executed
call   12 never executed
branch 13 never executed
branch 14 never executed
call   15 never executed
call   16 never executed
branch 17 never executed
branch 18 never executed
call   19 never executed
branch 20 never executed
branch 21 never executed
call   22 never executed
call   23 never executed
call   24 never executed
call   25 returned 100%
branch 26 taken 100%
branch 27 taken 0%
call   28 returned 100%
branch 29 taken 100%
branch 30 taken 0%
call   31 never executed
call   32 never executed
call   33 never executed
call   34 never executed
call   35 never executed
call   36 returned 100%
branch 37 taken 100% (fallthrough)
branch 38 taken 0% (throw)
call   39 returned 100%
branch 40 taken 100% (fallthrough)
branch 41 taken 0% (throw)
call   42 returned 100%
branch 43 taken 0% (fallthrough)
branch 44 taken 100%
call   45 never executed
branch 46 never executed
branch 47 never executed
call   48 never executed
branch 49 never executed
branch 50 never executed
call   51 never executed
call   52 never executed
branch 53 never executed
branch 54 never executed
call   55 never executed
branch 56 never executed
branch 57 never executed
call   58 never executed
call   59 never executed
call   60 never executed
call   61 returned 100%
branch 62 taken 100%
branch 63 taken 0%
call   64 returned 100%
branch 65 taken 100%
branch 66 taken 0%
call   67 never executed
call   68 never executed
call   69 never executed
call   70 never executed
call   71 never executed
        -:  187:        }
function _ZN24Deque_Fixture_less3_TestISt5dequeIiSaIiEEE8TestBodyEv called 1 returned 100% blocks executed 40%
function _ZN24Deque_Fixture_less3_TestI8my_dequeIiSaIiEEE8TestBodyEv called 1 returned 100% blocks executed 41%
function _ZN24Deque_Fixture_less3_TestISt5dequeIiSaIiEEED0Ev called 1 returned 100% blocks executed 100%
function _ZN24Deque_Fixture_less3_TestISt5dequeIiSaIiEEED2Ev called 1 returned 100% blocks executed 75%
function _ZN24Deque_Fixture_less3_TestI8my_dequeIiSaIiEEED0Ev called 1 returned 100% blocks executed 100%
function _ZN24Deque_Fixture_less3_TestI8my_dequeIiSaIiEEED2Ev called 1 returned 100% blocks executed 75%
function _ZN24Deque_Fixture_less3_TestISt5dequeIiSaIiEEEC2Ev called 1 returned 100% blocks executed 100%
function _ZN24Deque_Fixture_less3_TestI8my_dequeIiSaIiEEEC2Ev called 1 returned 100% blocks executed 100%
        9:  188:        TYPED_TEST(Deque_Fixture, less3) {
call    0 returned 100%
call    1 returned 100%
call    2 returned 100%
branch  3 taken 0% (fallthrough)
branch  4 taken 100%
call    5 never executed
call    6 returned 100%
call    7 returned 100%
call    8 returned 100%
branch  9 taken 0% (fallthrough)
branch 10 taken 100%
call   11 never executed
call   12 returned 100%
call   13 returned 100%
call   14 returned 100%
        -:  189:            typedef typename TestFixture::deque_type deque_type;
        -:  190:
        2:  191:            deque_type x;
call    0 returned 100%
branch  1 taken 100% (fallthrough)
branch  2 taken 0% (throw)
call    3 returned 100%
call    4 returned 100%
branch  5 taken 100% (fallthrough)
branch  6 taken 0% (throw)
call    7 returned 100%
        2:  192:            x.push_front(1);
call    0 returned 100%
branch  1 taken 100% (fallthrough)
branch  2 taken 0% (throw)
call    3 returned 100%
branch  4 taken 100% (fallthrough)
branch  5 taken 0% (throw)
call    6 never executed
        4:  193:            deque_type y;
call    0 returned 100%
branch  1 taken 100% (fallthrough)
branch  2 taken 0% (throw)
call    3 returned 100%
branch  4 taken 100%
branch  5 taken 0%
call    6 never executed
call    7 returned 100%
call    8 returned 100%
branch  9 taken 100% (fallthrough)
branch 10 taken 0% (throw)
call   11 returned 100%
call   12 returned 100%
branch 13 taken 100%
branch 14 taken 0%
call   15 never executed
        2:  194:            y.push_front(1);
call    0 returned 100%
branch  1 taken 100% (fallthrough)
branch  2 taken 0% (throw)
call    3 returned 100%
branch  4 taken 100% (fallthrough)
branch  5 taken 0% (throw)
        -:  195:
        2:  196:            ASSERT_FALSE(x < y);
call    0 returned 100%
branch  1 taken 100% (fallthrough)
branch  2 taken 0% (throw)
call    3 returned 100%
branch  4 taken 100% (fallthrough)
branch  5 taken 0% (throw)
call    6 returned 100%
branch  7 taken 0% (fallthrough)
branch  8 taken 100%
call    9 never executed
branch 10 never executed
branch 11 never executed
call   12 never executed
branch 13 never executed
branch 14 never executed
call   15 never executed
call   16 never executed
branch 17 never executed
branch 18 never executed
call   19 never executed
branch 20 never executed
branch 21 never executed
call   22 never executed
call   23 never executed
call   24 never executed
call   25 returned 100%
branch 26 taken 100%
branch 27 taken 0%
call   28 never executed
call   29 never executed
call   30 never executed
call   31 never executed
call   32 returned 100%
branch 33 taken 100% (fallthrough)
branch 34 taken 0% (throw)
call   35 returned 100%
branch 36 taken 100% (fallthrough)
branch 37 taken 0% (throw)
call   38 returned 100%
branch 39 taken 0% (fallthrough)
branch 40 taken 100%
call   41 never executed
branch 42 never executed
branch 43 never executed
call   44 never executed
branch 45 never executed
branch 46 never executed
call   47 never executed
call   48 never executed
branch 49 never executed
branch 50 never executed
call   51 never executed
branch 52 never executed
branch 53 never executed
call   54 never executed
call   55 never executed
call   56 never executed
call   57 returned 100%
branch 58 taken 100%
branch 59 taken 0%
call   60 never executed
call   61 never executed
call   62 never executed
call   63 never executed
        4:  197:            ASSERT_FALSE(y < x);
call    0 returned 100%
branch  1 taken 100% (fallthrough)
branch  2 taken 0% (throw)
call    3 returned 100%
branch  4 taken 100% (fallthrough)
branch  5 taken 0% (throw)
call    6 returned 100%
branch  7 taken 0% (fallthrough)
branch  8 taken 100%
call    9 never executed
branch 10 never executed
branch 11 never executed
call   12 never executed
branch 13 never executed
branch 14 never executed
call   15 never executed
call   16 never executed
branch 17 never executed
branch 18 never executed
call   19 never executed
branch 20 never executed
branch 21 never executed
call   22 never executed
call   23 never executed
call   24 never executed
call   25 returned 100%
branch 26 taken 100%
branch 27 taken 0%
call   28 returned 100%
branch 29 taken 100%
branch 30 taken 0%
call   31 never executed
call   32 never executed
call   33 never executed
call   34 never executed
call   35 never executed
call   36 returned 100%
branch 37 taken 100% (fallthrough)
branch 38 taken 0% (throw)
call   39 returned 100%
branch 40 taken 100% (fallthrough)
branch 41 taken 0% (throw)
call   42 returned 100%
branch 43 taken 0% (fallthrough)
branch 44 taken 100%
call   45 never executed
branch 46 never executed
branch 47 never executed
call   48 never executed
branch 49 never executed
branch 50 never executed
call   51 never executed
call   52 never executed
branch 53 never executed
branch 54 never executed
call   55 never executed
branch 56 never executed
branch 57 never executed
call   58 never executed
call   59 never executed
call   60 never executed
call   61 returned 100%
branch 62 taken 100%
branch 63 taken 0%
call   64 returned 100%
branch 65 taken 100%
branch 66 taken 0%
call   67 never executed
call   68 never executed
call   69 never executed
call   70 never executed
call   71 never executed
call   72 never executed
        -:  198:        }
        -:  199:
function _ZN24Deque_Fixture_less4_TestISt5dequeIiSaIiEEE8TestBodyEv called 1 returned 100% blocks executed 40%
function _ZN24Deque_Fixture_less4_TestI8my_dequeIiSaIiEEE8TestBodyEv called 1 returned 100% blocks executed 41%
function _ZN24Deque_Fixture_less4_TestISt5dequeIiSaIiEEED0Ev called 1 returned 100% blocks executed 100%
function _ZN24Deque_Fixture_less4_TestISt5dequeIiSaIiEEED2Ev called 1 returned 100% blocks executed 75%
function _ZN24Deque_Fixture_less4_TestI8my_dequeIiSaIiEEED0Ev called 1 returned 100% blocks executed 100%
function _ZN24Deque_Fixture_less4_TestI8my_dequeIiSaIiEEED2Ev called 1 returned 100% blocks executed 75%
function _ZN24Deque_Fixture_less4_TestISt5dequeIiSaIiEEEC2Ev called 1 returned 100% blocks executed 100%
function _ZN24Deque_Fixture_less4_TestI8my_dequeIiSaIiEEEC2Ev called 1 returned 100% blocks executed 100%
        9:  200:        TYPED_TEST(Deque_Fixture, less4) {
call    0 returned 100%
call    1 returned 100%
call    2 returned 100%
branch  3 taken 0% (fallthrough)
branch  4 taken 100%
call    5 never executed
call    6 returned 100%
call    7 returned 100%
call    8 returned 100%
branch  9 taken 0% (fallthrough)
branch 10 taken 100%
call   11 never executed
call   12 returned 100%
call   13 returned 100%
call   14 returned 100%
        -:  201:            typedef typename TestFixture::deque_type deque_type;
        -:  202:
        2:  203:            deque_type x;
call    0 returned 100%
branch  1 taken 100% (fallthrough)
branch  2 taken 0% (throw)
call    3 returned 100%
call    4 returned 100%
branch  5 taken 100% (fallthrough)
branch  6 taken 0% (throw)
call    7 returned 100%
        2:  204:            x.push_front(3);
call    0 returned 100%
branch  1 taken 100% (fallthrough)
branch  2 taken 0% (throw)
call    3 returned 100%
branch  4 taken 100% (fallthrough)
branch  5 taken 0% (throw)
call    6 never executed
        4:  205:            deque_type y;
call    0 returned 100%
branch  1 taken 100% (fallthrough)
branch  2 taken 0% (throw)
call    3 returned 100%
branch  4 taken 100%
branch  5 taken 0%
call    6 never executed
call    7 returned 100%
call    8 returned 100%
branch  9 taken 100% (fallthrough)
branch 10 taken 0% (throw)
call   11 returned 100%
call   12 returned 100%
branch 13 taken 100%
branch 14 taken 0%
call   15 never executed
        2:  206:            y.push_front(9);
call    0 returned 100%
branch  1 taken 100% (fallthrough)
branch  2 taken 0% (throw)
call    3 returned 100%
branch  4 taken 100% (fallthrough)
branch  5 taken 0% (throw)
        -:  207:
        2:  208:            ASSERT_TRUE(x < y);
call    0 returned 100%
branch  1 taken 100% (fallthrough)
branch  2 taken 0% (throw)
call    3 returned 100%
branch  4 taken 100% (fallthrough)
branch  5 taken 0% (throw)
call    6 returned 100%
branch  7 taken 0% (fallthrough)
branch  8 taken 100%
call    9 never executed
branch 10 never executed
branch 11 never executed
call   12 never executed
branch 13 never executed
branch 14 never executed
call   15 never executed
call   16 never executed
branch 17 never executed
branch 18 never executed
call   19 never executed
branch 20 never executed
branch 21 never executed
call   22 never executed
call   23 never executed
call   24 never executed
call   25 returned 100%
branch 26 taken 100%
branch 27 taken 0%
call   28 never executed
call   29 never executed
call   30 never executed
call   31 never executed
call   32 returned 100%
branch 33 taken 100% (fallthrough)
branch 34 taken 0% (throw)
call   35 returned 100%
branch 36 taken 100% (fallthrough)
branch 37 taken 0% (throw)
call   38 returned 100%
branch 39 taken 0% (fallthrough)
branch 40 taken 100%
call   41 never executed
branch 42 never executed
branch 43 never executed
call   44 never executed
branch 45 never executed
branch 46 never executed
call   47 never executed
call   48 never executed
branch 49 never executed
branch 50 never executed
call   51 never executed
branch 52 never executed
branch 53 never executed
call   54 never executed
call   55 never executed
call   56 never executed
call   57 returned 100%
branch 58 taken 100%
branch 59 taken 0%
call   60 never executed
call   61 never executed
call   62 never executed
call   63 never executed
        4:  209:            ASSERT_FALSE(y < x);
call    0 returned 100%
branch  1 taken 100% (fallthrough)
branch  2 taken 0% (throw)
call    3 returned 100%
branch  4 taken 100% (fallthrough)
branch  5 taken 0% (throw)
call    6 returned 100%
branch  7 taken 0% (fallthrough)
branch  8 taken 100%
call    9 never executed
branch 10 never executed
branch 11 never executed
call   12 never executed
branch 13 never executed
branch 14 never executed
call   15 never executed
call   16 never executed
branch 17 never executed
branch 18 never executed
call   19 never executed
branch 20 never executed
branch 21 never executed
call   22 never executed
call   23 never executed
call   24 never executed
call   25 returned 100%
branch 26 taken 100%
branch 27 taken 0%
call   28 returned 100%
branch 29 taken 100%
branch 30 taken 0%
call   31 never executed
call   32 never executed
call   33 never executed
call   34 never executed
call   35 never executed
call   36 returned 100%
branch 37 taken 100% (fallthrough)
branch 38 taken 0% (throw)
call   39 returned 100%
branch 40 taken 100% (fallthrough)
branch 41 taken 0% (throw)
call   42 returned 100%
branch 43 taken 0% (fallthrough)
branch 44 taken 100%
call   45 never executed
branch 46 never executed
branch 47 never executed
call   48 never executed
branch 49 never executed
branch 50 never executed
call   51 never executed
call   52 never executed
branch 53 never executed
branch 54 never executed
call   55 never executed
branch 56 never executed
branch 57 never executed
call   58 never executed
call   59 never executed
call   60 never executed
call   61 returned 100%
branch 62 taken 100%
branch 63 taken 0%
call   64 returned 100%
branch 65 taken 100%
branch 66 taken 0%
call   67 never executed
call   68 never executed
call   69 never executed
call   70 never executed
call   71 never executed
call   72 never executed
        -:  210:        }
        -:  211:     
        -:  212:
        -:  213:// --------
        -:  214:        // iterator
        -:  215:        // --------
        -:  216:
        -:  217:                // -----------
        -:  218:                // operator ==
        -:  219:                // -----------
        -:  220:
function _ZN42Deque_Fixture_iter_equality_op_test_1_TestISt5dequeIiSaIiEEE8TestBodyEv called 1 returned 100% blocks executed 52%
function _ZN42Deque_Fixture_iter_equality_op_test_1_TestI8my_dequeIiSaIiEEE8TestBodyEv called 1 returned 100% blocks executed 50%
function _ZN42Deque_Fixture_iter_equality_op_test_1_TestISt5dequeIiSaIiEEED0Ev called 1 returned 100% blocks executed 100%
function _ZN42Deque_Fixture_iter_equality_op_test_1_TestISt5dequeIiSaIiEEED2Ev called 1 returned 100% blocks executed 75%
function _ZN42Deque_Fixture_iter_equality_op_test_1_TestI8my_dequeIiSaIiEEED0Ev called 1 returned 100% blocks executed 100%
function _ZN42Deque_Fixture_iter_equality_op_test_1_TestI8my_dequeIiSaIiEEED2Ev called 1 returned 100% blocks executed 75%
function _ZN42Deque_Fixture_iter_equality_op_test_1_TestISt5dequeIiSaIiEEEC2Ev called 1 returned 100% blocks executed 100%
function _ZN42Deque_Fixture_iter_equality_op_test_1_TestI8my_dequeIiSaIiEEEC2Ev called 1 returned 100% blocks executed 100%
        9:  221:                TYPED_TEST(Deque_Fixture, iter_equality_op_test_1) {
call    0 returned 100%
call    1 returned 100%
call    2 returned 100%
branch  3 taken 0% (fallthrough)
branch  4 taken 100%
call    5 never executed
call    6 returned 100%
call    7 returned 100%
call    8 returned 100%
branch  9 taken 0% (fallthrough)
branch 10 taken 100%
call   11 never executed
call   12 returned 100%
call   13 returned 100%
call   14 returned 100%
        -:  222:                    typedef typename TestFixture::deque_type deque_type;
        -:  223:
        2:  224:                    deque_type x(5); x[0] = 1; x[1] = 4;
call    0 returned 100%
branch  1 taken 100% (fallthrough)
branch  2 taken 0% (throw)
call    3 returned 100%
branch  4 taken 100% (fallthrough)
branch  5 taken 0% (throw)
call    6 returned 100%
branch  7 taken 100% (fallthrough)
branch  8 taken 0% (throw)
call    9 returned 100%
call   10 returned 100%
branch 11 taken 100% (fallthrough)
branch 12 taken 0% (throw)
call   13 returned 100%
call   14 returned 100%
call   15 returned 100%
call   16 never executed
        4:  225:                    deque_type y(5); y[0] = 1; y[1] = 3;
call    0 returned 100%
branch  1 taken 100% (fallthrough)
branch  2 taken 0% (throw)
call    3 returned 100%
branch  4 taken 100% (fallthrough)
branch  5 taken 0% (throw)
call    6 returned 100%
branch  7 taken 100% (fallthrough)
branch  8 taken 0% (throw)
call    9 returned 100%
branch 10 taken 100%
branch 11 taken 0%
call   12 never executed
call   13 returned 100%
[...]
call    3 returned 100%
call    4 returned 100%
branch  5 taken 100% (fallthrough)
branch  6 taken 0% (throw)
call    7 returned 100%
call    8 never executed
        2: 2239:            ASSERT_EQ(x.size(),30000);
call    0 returned 100%
call    1 returned 100%
branch  2 taken 100% (fallthrough)
branch  3 taken 0% (throw)
call    4 returned 100%
branch  5 taken 0% (fallthrough)
branch  6 taken 100%
call    7 never executed
branch  8 never executed
branch  9 never executed
call   10 never executed
branch 11 never executed
branch 12 never executed
call   13 never executed
branch 14 never executed
branch 15 never executed
call   16 never executed
branch 17 never executed
branch 18 never executed
call   19 never executed
call   20 never executed
call   21 returned 100%
branch 22 taken 100%
branch 23 taken 0%
call   24 returned 100%
branch 25 taken 100%
branch 26 taken 0%
call   27 never executed
call   28 never executed
call   29 never executed
call   30 never executed
call   31 returned 100%
call   32 returned 100%
branch 33 taken 100% (fallthrough)
branch 34 taken 0% (throw)
call   35 returned 100%
branch 36 taken 0% (fallthrough)
branch 37 taken 100%
call   38 never executed
branch 39 never executed
branch 40 never executed
call   41 never executed
branch 42 never executed
branch 43 never executed
call   44 never executed
branch 45 never executed
branch 46 never executed
call   47 never executed
branch 48 never executed
branch 49 never executed
call   50 never executed
call   51 never executed
call   52 returned 100%
branch 53 taken 100%
branch 54 taken 0%
call   55 returned 100%
branch 56 taken 100%
branch 57 taken 0%
call   58 never executed
call   59 never executed
call   60 never executed
call   61 never executed
        -: 2240:        }
        -: 2241:
        -: 2242:        // ----
        -: 2243:        // swap
        -: 2244:        // ----
        -: 2245:
function _ZN36Deque_Fixture_deque_swap_test_1_TestISt5dequeIiSaIiEEE8TestBodyEv called 1 returned 100% blocks executed 48%
function _ZN36Deque_Fixture_deque_swap_test_1_TestI8my_dequeIiSaIiEEE8TestBodyEv called 1 returned 100% blocks executed 47%
function _ZN36Deque_Fixture_deque_swap_test_1_TestISt5dequeIiSaIiEEED0Ev called 1 returned 100% blocks executed 100%
function _ZN36Deque_Fixture_deque_swap_test_1_TestISt5dequeIiSaIiEEED2Ev called 1 returned 100% blocks executed 75%
function _ZN36Deque_Fixture_deque_swap_test_1_TestI8my_dequeIiSaIiEEED0Ev called 1 returned 100% blocks executed 100%
function _ZN36Deque_Fixture_deque_swap_test_1_TestI8my_dequeIiSaIiEEED2Ev called 1 returned 100% blocks executed 75%
function _ZN36Deque_Fixture_deque_swap_test_1_TestISt5dequeIiSaIiEEEC2Ev called 1 returned 100% blocks executed 100%
function _ZN36Deque_Fixture_deque_swap_test_1_TestI8my_dequeIiSaIiEEEC2Ev called 1 returned 100% blocks executed 100%
        9: 2246:        TYPED_TEST(Deque_Fixture, deque_swap_test_1) {
call    0 returned 100%
call    1 returned 100%
call    2 returned 100%
branch  3 taken 0% (fallthrough)
branch  4 taken 100%
call    5 never executed
call    6 returned 100%
call    7 returned 100%
call    8 returned 100%
branch  9 taken 0% (fallthrough)
branch 10 taken 100%
call   11 never executed
call   12 returned 100%
call   13 returned 100%
call   14 returned 100%
        -: 2247:            typedef typename TestFixture::deque_type deque_type;
        -: 2248:
        2: 2249:            deque_type x(3); x[0] = 1; x[1] = 2; x[2] = 3;
call    0 returned 100%
branch  1 taken 100% (fallthrough)
branch  2 taken 0% (throw)
call    3 returned 100%
branch  4 taken 100% (fallthrough)
branch  5 taken 0% (throw)
call    6 returned 100%
branch  7 taken 100% (fallthrough)
branch  8 taken 0% (throw)
call    9 returned 100%
branch 10 taken 100% (fallthrough)
branch 11 taken 0% (throw)
call   12 returned 100%
call   13 returned 100%
branch 14 taken 100% (fallthrough)
branch 15 taken 0% (throw)
call   16 returned 100%
call   17 returned 100%
call   18 returned 100%
call   19 returned 100%
call   20 never executed
        4: 2250:            deque_type x_copy = x;
call    0 returned 100%
branch  1 taken 100% (fallthrough)
branch  2 taken 0% (throw)
call    3 returned 100%
branch  4 taken 100%
branch  5 taken 0%
call    6 never executed
call    7 returned 100%
branch  8 taken 100% (fallthrough)
branch  9 taken 0% (throw)
call   10 returned 100%
branch 11 taken 100%
branch 12 taken 0%
call   13 never executed
        4: 2251:            deque_type y(3); y[0] = 10; y[1] = 20; y[2] = 30;
call    0 returned 100%
branch  1 taken 100% (fallthrough)
branch  2 taken 0% (throw)
call    3 returned 100%
branch  4 taken 100% (fallthrough)
branch  5 taken 0% (throw)
call    6 returned 100%
branch  7 taken 100% (fallthrough)
branch  8 taken 0% (throw)
call    9 returned 100%
branch 10 taken 100% (fallthrough)
branch 11 taken 0% (throw)
call   12 returned 100%
branch 13 taken 100%
branch 14 taken 0%
call   15 never executed
call   16 returned 100%
call   17 returned 100%
branch 18 taken 100% (fallthrough)
branch 19 taken 0% (throw)
call   20 returned 100%
call   21 returned 100%
call   22 returned 100%
call   23 returned 100%
call   24 returned 100%
branch 25 taken 100%
branch 26 taken 0%
call   27 never executed
call   28 never executed
        4: 2252:            deque_type y_copy = y;
call    0 returned 100%
branch  1 taken 100% (fallthrough)
branch  2 taken 0% (throw)
call    3 returned 100%
branch  4 taken 100%
branch  5 taken 0%
call    6 never executed
call    7 returned 100%
branch  8 taken 100% (fallthrough)
branch  9 taken 0% (throw)
call   10 returned 100%
branch 11 taken 100%
branch 12 taken 0%
call   13 never executed
        -: 2253:
        2: 2254:            x.swap(y);
call    0 returned 100%
branch  1 taken 100% (fallthrough)
branch  2 taken 0% (throw)
call    3 returned 100%
branch  4 taken 100% (fallthrough)
branch  5 taken 0% (throw)
        2: 2255:            ASSERT_TRUE(x == y_copy);
call    0 returned 100%
branch  1 taken 100% (fallthrough)
branch  2 taken 0% (throw)
call    3 returned 100%
branch  4 taken 100% (fallthrough)
branch  5 taken 0% (throw)
call    6 returned 100%
branch  7 taken 0% (fallthrough)
branch  8 taken 100%
call    9 never executed
branch 10 never executed
branch 11 never executed
call   12 never executed
branch 13 never executed
branch 14 never executed
call   15 never executed
call   16 never executed
branch 17 never executed
branch 18 never executed
call   19 never executed
branch 20 never executed
branch 21 never executed
call   22 never executed
call   23 never executed
call   24 never executed
call   25 returned 100%
branch 26 taken 100%
branch 27 taken 0%
call   28 never executed
call   29 never executed
call   30 never executed
call   31 never executed
call   32 returned 100%
branch 33 taken 100% (fallthrough)
branch 34 taken 0% (throw)
call   35 returned 100%
branch 36 taken 100% (fallthrough)
branch 37 taken 0% (throw)
call   38 returned 100%
branch 39 taken 0% (fallthrough)
branch 40 taken 100%
call   41 never executed
branch 42 never executed
branch 43 never executed
call   44 never executed
branch 45 never executed
branch 46 never executed
call   47 never executed
call   48 never executed
branch 49 never executed
branch 50 never executed
call   51 never executed
branch 52 never executed
branch 53 never executed
call   54 never executed
call   55 never executed
call   56 never executed
call   57 returned 100%
branch 58 taken 100%
branch 59 taken 0%
call   60 never executed
call   61 never executed
call   62 never executed
call   63 never executed
        4: 2256:            ASSERT_TRUE(y == x_copy);
call    0 returned 100%
branch  1 taken 100% (fallthrough)
branch  2 taken 0% (throw)
call    3 returned 100%
branch  4 taken 100% (fallthrough)
branch  5 taken 0% (throw)
call    6 returned 100%
branch  7 taken 0% (fallthrough)
branch  8 taken 100%
call    9 never executed
branch 10 never executed
branch 11 never executed
call   12 never executed
branch 13 never executed
branch 14 never executed
call   15 never executed
call   16 never executed
branch 17 never executed
branch 18 never executed
call   19 never executed
branch 20 never executed
branch 21 never executed
call   22 never executed
call   23 never executed
call   24 never executed
call   25 returned 100%
branch 26 taken 100%
branch 27 taken 0%
call   28 returned 100%
branch 29 taken 100%
branch 30 taken 0%
call   31 never executed
call   32 never executed
call   33 never executed
call   34 never executed
call   35 never executed
call   36 returned 100%
branch 37 taken 100% (fallthrough)
branch 38 taken 0% (throw)
call   39 returned 100%
branch 40 taken 100% (fallthrough)
branch 41 taken 0% (throw)
call   42 returned 100%
branch 43 taken 0% (fallthrough)
branch 44 taken 100%
call   45 never executed
branch 46 never executed
branch 47 never executed
call   48 never executed
branch 49 never executed
branch 50 never executed
call   51 never executed
call   52 never executed
branch 53 never executed
branch 54 never executed
call   55 never executed
branch 56 never executed
branch 57 never executed
call   58 never executed
call   59 never executed
call   60 never executed
call   61 returned 100%
branch 62 taken 100%
branch 63 taken 0%
call   64 returned 100%
branch 65 taken 100%
branch 66 taken 0%
call   67 never executed
call   68 never executed
call   69 never executed
call   70 never executed
call   71 never executed
        -: 2257:        }
        -: 2258:
function _ZN36Deque_Fixture_deque_swap_test_2_TestISt5dequeIiSaIiEEE8TestBodyEv called 1 returned 100% blocks executed 42%
function _ZN36Deque_Fixture_deque_swap_test_2_TestI8my_dequeIiSaIiEEE8TestBodyEv called 1 returned 100% blocks executed 42%
function _ZN36Deque_Fixture_deque_swap_test_2_TestISt5dequeIiSaIiEEED0Ev called 1 returned 100% blocks executed 100%
function _ZN36Deque_Fixture_deque_swap_test_2_TestISt5dequeIiSaIiEEED2Ev called 1 returned 100% blocks executed 75%
function _ZN36Deque_Fixture_deque_swap_test_2_TestI8my_dequeIiSaIiEEED0Ev called 1 returned 100% blocks executed 100%
function _ZN36Deque_Fixture_deque_swap_test_2_TestI8my_dequeIiSaIiEEED2Ev called 1 returned 100% blocks executed 75%
function _ZN36Deque_Fixture_deque_swap_test_2_TestISt5dequeIiSaIiEEEC2Ev called 1 returned 100% blocks executed 100%
function _ZN36Deque_Fixture_deque_swap_test_2_TestI8my_dequeIiSaIiEEEC2Ev called 1 returned 100% blocks executed 100%
        9: 2259:        TYPED_TEST(Deque_Fixture, deque_swap_test_2) {
call    0 returned 100%
call    1 returned 100%
call    2 returned 100%
branch  3 taken 0% (fallthrough)
branch  4 taken 100%
call    5 never executed
call    6 returned 100%
call    7 returned 100%
call    8 returned 100%
branch  9 taken 0% (fallthrough)
branch 10 taken 100%
call   11 never executed
call   12 returned 100%
call   13 returned 100%
call   14 returned 100%
        -: 2260:            typedef typename TestFixture::deque_type deque_type;
        -: 2261:
        2: 2262:            deque_type x(1); x[0] = 1;
call    0 returned 100%
branch  1 taken 100% (fallthrough)
branch  2 taken 0% (throw)
call    3 returned 100%
branch  4 taken 100% (fallthrough)
branch  5 taken 0% (throw)
call    6 returned 100%
call    7 returned 100%
branch  8 taken 100% (fallthrough)
branch  9 taken 0% (throw)
call   10 returned 100%
call   11 returned 100%
call   12 never executed
        4: 2263:            deque_type x_copy = x;
call    0 returned 100%
branch  1 taken 100% (fallthrough)
branch  2 taken 0% (throw)
call    3 returned 100%
branch  4 taken 100%
branch  5 taken 0%
call    6 never executed
call    7 returned 100%
branch  8 taken 100% (fallthrough)
branch  9 taken 0% (throw)
call   10 returned 100%
branch 11 taken 100%
branch 12 taken 0%
call   13 never executed
        4: 2264:            deque_type y(3); y[0] = 10; y[1] = 20; y[2] = 30;
call    0 returned 100%
branch  1 taken 100% (fallthrough)
branch  2 taken 0% (throw)
call    3 returned 100%
branch  4 taken 100% (fallthrough)
branch  5 taken 0% (throw)
call    6 returned 100%
branch  7 taken 100% (fallthrough)
branch  8 taken 0% (throw)
call    9 returned 100%
branch 10 taken 100% (fallthrough)
branch 11 taken 0% (throw)
call   12 returned 100%
branch 13 taken 100%
branch 14 taken 0%
call   15 never executed
call   16 returned 100%
call   17 returned 100%
branch 18 taken 100% (fallthrough)
branch 19 taken 0% (throw)
call   20 returned 100%
call   21 returned 100%
call   22 returned 100%
call   23 returned 100%
call   24 returned 100%
branch 25 taken 100%
branch 26 taken 0%
call   27 never executed
call   28 never executed
        4: 2265:            deque_type y_copy = y;
call    0 returned 100%
branch  1 taken 100% (fallthrough)
branch  2 taken 0% (throw)
call    3 returned 100%
branch  4 taken 100%
branch  5 taken 0%
call    6 never executed
call    7 returned 100%
branch  8 taken 100% (fallthrough)
branch  9 taken 0% (throw)
call   10 returned 100%
branch 11 taken 100%
branch 12 taken 0%
call   13 never executed
        -: 2266:
        2: 2267:            x.swap(y);
call    0 returned 100%
branch  1 taken 100% (fallthrough)
branch  2 taken 0% (throw)
call    3 returned 100%
branch  4 taken 100% (fallthrough)
branch  5 taken 0% (throw)
        2: 2268:            ASSERT_EQ(x.size(), 3);
call    0 returned 100%
call    1 returned 100%
branch  2 taken 100% (fallthrough)
branch  3 taken 0% (throw)
call    4 returned 100%
branch  5 taken 0% (fallthrough)
branch  6 taken 100%
call    7 never executed
branch  8 never executed
branch  9 never executed
call   10 never executed
branch 11 never executed
branch 12 never executed
call   13 never executed
branch 14 never executed
branch 15 never executed
call   16 never executed
branch 17 never executed
branch 18 never executed
call   19 never executed
call   20 never executed
call   21 returned 100%
branch 22 taken 100%
branch 23 taken 0%
call   24 never executed
call   25 never executed
call   26 never executed
call   27 returned 100%
call   28 returned 100%
branch 29 taken 100% (fallthrough)
branch 30 taken 0% (throw)
call   31 returned 100%
branch 32 taken 0% (fallthrough)
branch 33 taken 100%
call   34 never executed
branch 35 never executed
branch 36 never executed
call   37 never executed
branch 38 never executed
branch 39 never executed
call   40 never executed
branch 41 never executed
branch 42 never executed
call   43 never executed
branch 44 never executed
branch 45 never executed
call   46 never executed
call   47 never executed
call   48 returned 100%
branch 49 taken 100%
branch 50 taken 0%
call   51 never executed
call   52 never executed
call   53 never executed
        2: 2269:            ASSERT_EQ(y.size(), 1);
call    0 returned 100%
call    1 returned 100%
branch  2 taken 100% (fallthrough)
branch  3 taken 0% (throw)
call    4 returned 100%
branch  5 taken 0% (fallthrough)
branch  6 taken 100%
call    7 never executed
branch  8 never executed
branch  9 never executed
call   10 never executed
branch 11 never executed
branch 12 never executed
call   13 never executed
branch 14 never executed
branch 15 never executed
call   16 never executed
branch 17 never executed
branch 18 never executed
call   19 never executed
call   20 never executed
call   21 returned 100%
branch 22 taken 100%
branch 23 taken 0%
call   24 never executed
call   25 never executed
call   26 never executed
call   27 returned 100%
call   28 returned 100%
branch 29 taken 100% (fallthrough)
branch 30 taken 0% (throw)
call   31 returned 100%
branch 32 taken 0% (fallthrough)
branch 33 taken 100%
call   34 never executed
branch 35 never executed
branch 36 never executed
call   37 never executed
branch 38 never executed
branch 39 never executed
call   40 never executed
branch 41 never executed
branch 42 never executed
call   43 never executed
branch 44 never executed
branch 45 never executed
call   46 never executed
call   47 never executed
call   48 returned 100%
branch 49 taken 100%
branch 50 taken 0%
call   51 never executed
call   52 never executed
call   53 never executed
        2: 2270:            ASSERT_TRUE(x == y_copy);
call    0 returned 100%
branch  1 taken 100% (fallthrough)
branch  2 taken 0% (throw)
call    3 returned 100%
branch  4 taken 100% (fallthrough)
branch  5 taken 0% (throw)
call    6 returned 100%
branch  7 taken 0% (fallthrough)
branch  8 taken 100%
call    9 never executed
branch 10 never executed
branch 11 never executed
call   12 never executed
branch 13 never executed
branch 14 never executed
call   15 never executed
call   16 never executed
branch 17 never executed
branch 18 never executed
call   19 never executed
branch 20 never executed
branch 21 never executed
call   22 never executed
call   23 never executed
call   24 never executed
call   25 returned 100%
branch 26 taken 100%
branch 27 taken 0%
call   28 never executed
call   29 never executed
call   30 never executed
call   31 never executed
call   32 returned 100%
branch 33 taken 100% (fallthrough)
branch 34 taken 0% (throw)
call   35 returned 100%
branch 36 taken 100% (fallthrough)
branch 37 taken 0% (throw)
call   38 returned 100%
branch 39 taken 0% (fallthrough)
branch 40 taken 100%
call   41 never executed
branch 42 never executed
branch 43 never executed
call   44 never executed
branch 45 never executed
branch 46 never executed
call   47 never executed
call   48 never executed
branch 49 never executed
branch 50 never executed
call   51 never executed
branch 52 never executed
branch 53 never executed
call   54 never executed
call   55 never executed
call   56 never executed
call   57 returned 100%
branch 58 taken 100%
branch 59 taken 0%
call   60 never executed
call   61 never executed
call   62 never executed
call   63 never executed
        4: 2271:            ASSERT_TRUE(y == x_copy);
call    0 returned 100%
branch  1 taken 100% (fallthrough)
branch  2 taken 0% (throw)
call    3 returned 100%
branch  4 taken 100% (fallthrough)
branch  5 taken 0% (throw)
call    6 returned 100%
branch  7 taken 0% (fallthrough)
branch  8 taken 100%
call    9 never executed
branch 10 never executed
branch 11 never executed
call   12 never executed
branch 13 never executed
branch 14 never executed
call   15 never executed
call   16 never executed
branch 17 never executed
branch 18 never executed
call   19 never executed
branch 20 never executed
branch 21 never executed
call   22 never executed
call   23 never executed
call   24 never executed
call   25 returned 100%
branch 26 taken 100%
branch 27 taken 0%
call   28 returned 100%
branch 29 taken 100%
branch 30 taken 0%
call   31 never executed
call   32 never executed
call   33 never executed
call   34 never executed
call   35 never executed
call   36 returned 100%
branch 37 taken 100% (fallthrough)
branch 38 taken 0% (throw)
call   39 returned 100%
branch 40 taken 100% (fallthrough)
branch 41 taken 0% (throw)
call   42 returned 100%
branch 43 taken 0% (fallthrough)
branch 44 taken 100%
call   45 never executed
branch 46 never executed
branch 47 never executed
call   48 never executed
branch 49 never executed
branch 50 never executed
call   51 never executed
call   52 never executed
branch 53 never executed
branch 54 never executed
call   55 never executed
branch 56 never executed
branch 57 never executed
call   58 never executed
call   59 never executed
call   60 never executed
call   61 returned 100%
branch 62 taken 100%
branch 63 taken 0%
call   64 returned 100%
branch 65 taken 100%
branch 66 taken 0%
call   67 never executed
call   68 never executed
call   69 never executed
call   70 never executed
call   71 never executed
function _GLOBAL__sub_I_gtest_Deque_Fixture_equal1_registered_ called 1 returned 100% blocks executed 100%
function _Z41__static_initialization_and_destruction_0ii called 1 returned 100% blocks executed 100%
        3: 2272:        }
call    0 returned 100%
branch  1 taken 100% (fallthrough)
branch  2 taken 0%
branch  3 taken 100% (fallthrough)
branch  4 taken 0%
