        -:    0:Source:TestDeque.c++
        -:    0:Graph:TestDeque.gcno
        -:    0:Data:TestDeque.gcda
        -:    0:Runs:1
        -:    0:Programs:1
        -:    1:// --------------------------------
        -:    2:// projects/c++/deque/TestDeque.c++
        -:    3:// Copyright (C) 2015
        -:    4:// Glenn P. Downing
        -:    5:// --------------------------------
        -:    6:
        -:    7:// http://www.cplusplus.com/reference/deque/deque/
        -:    8:
        -:    9:// --------
        -:   10:// includes
        -:   11:// --------
        -:   12:
        -:   13:#include <deque>     // deque
        -:   14:#include <stdexcept> // invalid_argument, out_of_range
        -:   15:
        -:   16:#include "gtest/gtest.h"
        -:   17:
        -:   18:#include "Deque.h"
        -:   19:
        -:   20:// -----
        -:   21:// Using
        -:   22:// -----
        -:   23:
        -:   24:using namespace std;
        -:   25:
        -:   26:using testing::Test;
        -:   27:using testing::Types;
        -:   28:
        -:   29:// -----
        -:   30:// Types
        -:   31:// -----
        -:   32:
        -:   33:template <typename T>
function _ZN13Deque_FixtureISt5dequeIiSaIiEEED0Ev called 0 returned 0% blocks executed 0%
function _ZN13Deque_FixtureISt5dequeIiSaIiEEED2Ev called 166 returned 100% blocks executed 75%
function _ZN13Deque_FixtureISt5dequeIiSaIiEEEC2Ev called 166 returned 100% blocks executed 100%
function _ZN13Deque_FixtureI8my_dequeIiSaIiEEED0Ev called 0 returned 0% blocks executed 0%
function _ZN13Deque_FixtureI8my_dequeIiSaIiEEED2Ev called 166 returned 100% blocks executed 75%
function _ZN13Deque_FixtureI8my_dequeIiSaIiEEEC2Ev called 166 returned 100% blocks executed 100%
      664:   34:struct Deque_Fixture : Test {
call    0 never executed
call    1 never executed
call    2 returned 100%
branch  3 taken 0% (fallthrough)
branch  4 taken 100%
call    5 never executed
call    6 returned 100%
call    7 never executed
call    8 never executed
call    9 returned 100%
branch 10 taken 0% (fallthrough)
branch 11 taken 100%
call   12 never executed
call   13 returned 100%
        -:   35:    typedef T                               deque_type;
        -:   36:    typedef typename deque_type::value_type value_type;};
        -:   37:
        -:   38:typedef Types<
        -:   39:               deque<int>,
        -:   40:            my_deque<int>>
        -:   41:        deque_types;
        -:   42:
        -:   43:TYPED_TEST_CASE(Deque_Fixture, deque_types);
        -:   44:
        -:   45:// -----
        -:   46:// Tests
        -:   47:// -----
        -:   48:
        -:   49:// -------
        -:   50:// my_deque
        -:   51:// -------
        -:   52:
        -:   53:        // -----------
        -:   54:        // operator ==
        -:   55:        // -----------
        -:   56:
function _ZN43Deque_Fixture_deque_equality_op_test_1_TestISt5dequeIiSaIiEEE8TestBodyEv called 1 returned 100% blocks executed 52%
function _ZN43Deque_Fixture_deque_equality_op_test_1_TestI8my_dequeIiSaIiEEE8TestBodyEv called 1 returned 100% blocks executed 50%
function _ZN43Deque_Fixture_deque_equality_op_test_1_TestISt5dequeIiSaIiEEED0Ev called 1 returned 100% blocks executed 100%
function _ZN43Deque_Fixture_deque_equality_op_test_1_TestISt5dequeIiSaIiEEED2Ev called 1 returned 100% blocks executed 75%
function _ZN43Deque_Fixture_deque_equality_op_test_1_TestI8my_dequeIiSaIiEEED0Ev called 1 returned 100% blocks executed 100%
function _ZN43Deque_Fixture_deque_equality_op_test_1_TestI8my_dequeIiSaIiEEED2Ev called 1 returned 100% blocks executed 75%
function _ZN43Deque_Fixture_deque_equality_op_test_1_TestISt5dequeIiSaIiEEEC2Ev called 1 returned 100% blocks executed 100%
function _ZN43Deque_Fixture_deque_equality_op_test_1_TestI8my_dequeIiSaIiEEEC2Ev called 1 returned 100% blocks executed 100%
        9:   57:        TYPED_TEST(Deque_Fixture, deque_equality_op_test_1) {
call    0 returned 100%
call    1 returned 100%
call    2 returned 100%
branch  3 taken 0% (fallthrough)
branch  4 taken 100%
call    5 never executed
call    6 returned 100%
call    7 returned 100%
call    8 returned 100%
branch  9 taken 0% (fallthrough)
branch 10 taken 100%
call   11 never executed
call   12 returned 100%
call   13 returned 100%
call   14 returned 100%
        -:   58:            typedef typename TestFixture::deque_type deque_type;
        -:   59:
        2:   60:            deque_type x(3); x[0] = 1; x[1] = 2; x[2] = 3;
call    0 returned 100%
branch  1 taken 100% (fallthrough)
branch  2 taken 0% (throw)
call    3 returned 100%
branch  4 taken 100% (fallthrough)
branch  5 taken 0% (throw)
call    6 returned 100%
branch  7 taken 100% (fallthrough)
branch  8 taken 0% (throw)
call    9 returned 100%
branch 10 taken 100% (fallthrough)
branch 11 taken 0% (throw)
call   12 returned 100%
call   13 returned 100%
branch 14 taken 100% (fallthrough)
branch 15 taken 0% (throw)
call   16 returned 100%
call   17 returned 100%
call   18 returned 100%
call   19 returned 100%
call   20 never executed
        4:   61:            deque_type y(3); y[0] = 1; y[1] = 2; y[2] = 3;
call    0 returned 100%
branch  1 taken 100% (fallthrough)
branch  2 taken 0% (throw)
call    3 returned 100%
branch  4 taken 100% (fallthrough)
branch  5 taken 0% (throw)
call    6 returned 100%
branch  7 taken 100% (fallthrough)
branch  8 taken 0% (throw)
call    9 returned 100%
branch 10 taken 100% (fallthrough)
branch 11 taken 0% (throw)
call   12 returned 100%
branch 13 taken 100%
branch 14 taken 0%
call   15 never executed
call   16 returned 100%
call   17 returned 100%
branch 18 taken 100% (fallthrough)
branch 19 taken 0% (throw)
call   20 returned 100%
call   21 returned 100%
call   22 returned 100%
call   23 returned 100%
call   24 returned 100%
branch 25 taken 100%
branch 26 taken 0%
call   27 never executed
call   28 never executed
        -:   62:
        4:   63:            ASSERT_TRUE(x == y);
call    0 returned 100%
branch  1 taken 100% (fallthrough)
branch  2 taken 0% (throw)
call    3 returned 100%
branch  4 taken 100% (fallthrough)
branch  5 taken 0% (throw)
call    6 returned 100%
branch  7 taken 0% (fallthrough)
branch  8 taken 100%
call    9 never executed
branch 10 never executed
branch 11 never executed
call   12 never executed
branch 13 never executed
branch 14 never executed
call   15 never executed
call   16 never executed
branch 17 never executed
branch 18 never executed
call   19 never executed
branch 20 never executed
branch 21 never executed
call   22 never executed
call   23 never executed
call   24 never executed
call   25 returned 100%
branch 26 taken 100%
branch 27 taken 0%
call   28 returned 100%
branch 29 taken 100%
branch 30 taken 0%
call   31 never executed
call   32 never executed
call   33 never executed
call   34 never executed
call   35 never executed
call   36 returned 100%
branch 37 taken 100% (fallthrough)
branch 38 taken 0% (throw)
call   39 returned 100%
branch 40 taken 100% (fallthrough)
branch 41 taken 0% (throw)
call   42 returned 100%
branch 43 taken 0% (fallthrough)
branch 44 taken 100%
call   45 never executed
branch 46 never executed
branch 47 never executed
call   48 never executed
branch 49 never executed
branch 50 never executed
call   51 never executed
call   52 never executed
branch 53 never executed
branch 54 never executed
call   55 never executed
branch 56 never executed
branch 57 never executed
call   58 never executed
call   59 never executed
call   60 never executed
call   61 returned 100%
branch 62 taken 100%
branch 63 taken 0%
call   64 returned 100%
branch 65 taken 100%
branch 66 taken 0%
call   67 never executed
call   68 never executed
call   69 never executed
call   70 never executed
call   71 never executed
        -:   64:        }
        -:   65:
function _ZN43Deque_Fixture_deque_equality_op_test_2_TestISt5dequeIiSaIiEEE8TestBodyEv called 1 returned 100% blocks executed 53%
function _ZN43Deque_Fixture_deque_equality_op_test_2_TestI8my_dequeIiSaIiEEE8TestBodyEv called 1 returned 100% blocks executed 51%
function _ZN43Deque_Fixture_deque_equality_op_test_2_TestISt5dequeIiSaIiEEED0Ev called 1 returned 100% blocks executed 100%
function _ZN43Deque_Fixture_deque_equality_op_test_2_TestISt5dequeIiSaIiEEED2Ev called 1 returned 100% blocks executed 75%
function _ZN43Deque_Fixture_deque_equality_op_test_2_TestI8my_dequeIiSaIiEEED0Ev called 1 returned 100% blocks executed 100%
function _ZN43Deque_Fixture_deque_equality_op_test_2_TestI8my_dequeIiSaIiEEED2Ev called 1 returned 100% blocks executed 75%
function _ZN43Deque_Fixture_deque_equality_op_test_2_TestISt5dequeIiSaIiEEEC2Ev called 1 returned 100% blocks executed 100%
function _ZN43Deque_Fixture_deque_equality_op_test_2_TestI8my_dequeIiSaIiEEEC2Ev called 1 returned 100% blocks executed 100%
        9:   66:        TYPED_TEST(Deque_Fixture, deque_equality_op_test_2) {
call    0 returned 100%
call    1 returned 100%
call    2 returned 100%
branch  3 taken 0% (fallthrough)
branch  4 taken 100%
call    5 never executed
call    6 returned 100%
call    7 returned 100%
call    8 returned 100%
branch  9 taken 0% (fallthrough)
branch 10 taken 100%
call   11 never executed
call   12 returned 100%
call   13 returned 100%
call   14 returned 100%
        -:   67:            typedef typename TestFixture::deque_type deque_type;
        -:   68:
        2:   69:            deque_type x(4); x[0] = 1; x[1] = 2; x[2] = 3; x[3] = 4;
call    0 returned 100%
branch  1 taken 100% (fallthrough)
branch  2 taken 0% (throw)
call    3 returned 100%
branch  4 taken 100% (fallthrough)
branch  5 taken 0% (throw)
call    6 returned 100%
branch  7 taken 100% (fallthrough)
branch  8 taken 0% (throw)
call    9 returned 100%
branch 10 taken 100% (fallthrough)
branch 11 taken 0% (throw)
call   12 returned 100%
branch 13 taken 100% (fallthrough)
branch 14 taken 0% (throw)
call   15 returned 100%
call   16 returned 100%
branch 17 taken 100% (fallthrough)
branch 18 taken 0% (throw)
call   19 returned 100%
call   20 returned 100%
call   21 returned 100%
call   22 returned 100%
call   23 returned 100%
call   24 never executed
        4:   70:            deque_type y(3); y[0] = 1; y[1] = 2; y[2] = 3;
call    0 returned 100%
branch  1 taken 100% (fallthrough)
branch  2 taken 0% (throw)
call    3 returned 100%
branch  4 taken 100% (fallthrough)
branch  5 taken 0% (throw)
call    6 returned 100%
branch  7 taken 100% (fallthrough)
branch  8 taken 0% (throw)
call    9 returned 100%
branch 10 taken 100% (fallthrough)
branch 11 taken 0% (throw)
call   12 returned 100%
branch 13 taken 100%
branch 14 taken 0%
call   15 never executed
call   16 returned 100%
call   17 returned 100%
branch 18 taken 100% (fallthrough)
branch 19 taken 0% (throw)
call   20 returned 100%
call   21 returned 100%
call   22 returned 100%
call   23 returned 100%
call   24 returned 100%
branch 25 taken 100%
branch 26 taken 0%
call   27 never executed
call   28 never executed
        4:   71:            ASSERT_FALSE(x == y);
call    0 returned 100%
branch  1 taken 100% (fallthrough)
branch  2 taken 0% (throw)
call    3 returned 100%
branch  4 taken 100% (fallthrough)
branch  5 taken 0% (throw)
call    6 returned 100%
branch  7 taken 0% (fallthrough)
branch  8 taken 100%
call    9 never executed
branch 10 never executed
branch 11 never executed
call   12 never executed
branch 13 never executed
branch 14 never executed
call   15 never executed
call   16 never executed
branch 17 never executed
branch 18 never executed
call   19 never executed
branch 20 never executed
branch 21 never executed
call   22 never executed
call   23 never executed
call   24 never executed
call   25 returned 100%
branch 26 taken 100%
branch 27 taken 0%
call   28 returned 100%
branch 29 taken 100%
branch 30 taken 0%
call   31 never executed
call   32 never executed
call   33 never executed
call   34 never executed
call   35 never executed
call   36 returned 100%
branch 37 taken 100% (fallthrough)
branch 38 taken 0% (throw)
call   39 returned 100%
branch 40 taken 100% (fallthrough)
branch 41 taken 0% (throw)
call   42 returned 100%
branch 43 taken 0% (fallthrough)
branch 44 taken 100%
call   45 never executed
branch 46 never executed
branch 47 never executed
call   48 never executed
branch 49 never executed
branch 50 never executed
call   51 never executed
call   52 never executed
branch 53 never executed
branch 54 never executed
call   55 never executed
branch 56 never executed
branch 57 never executed
call   58 never executed
call   59 never executed
call   60 never executed
call   61 returned 100%
branch 62 taken 100%
branch 63 taken 0%
call   64 returned 100%
branch 65 taken 100%
branch 66 taken 0%
call   67 never executed
call   68 never executed
call   69 never executed
call   70 never executed
call   71 never executed
        -:   72:        }
        -:   73:
function _ZN43Deque_Fixture_deque_equality_op_test_3_TestISt5dequeIiSaIiEEE8TestBodyEv called 1 returned 100% blocks executed 49%
function _ZN43Deque_Fixture_deque_equality_op_test_3_TestI8my_dequeIiSaIiEEE8TestBodyEv called 1 returned 100% blocks executed 48%
function _ZN43Deque_Fixture_deque_equality_op_test_3_TestISt5dequeIiSaIiEEED0Ev called 1 returned 100% blocks executed 100%
function _ZN43Deque_Fixture_deque_equality_op_test_3_TestISt5dequeIiSaIiEEED2Ev called 1 returned 100% blocks executed 75%
function _ZN43Deque_Fixture_deque_equality_op_test_3_TestI8my_dequeIiSaIiEEED0Ev called 1 returned 100% blocks executed 100%
function _ZN43Deque_Fixture_deque_equality_op_test_3_TestI8my_dequeIiSaIiEEED2Ev called 1 returned 100% blocks executed 75%
function _ZN43Deque_Fixture_deque_equality_op_test_3_TestISt5dequeIiSaIiEEEC2Ev called 1 returned 100% blocks executed 100%
function _ZN43Deque_Fixture_deque_equality_op_test_3_TestI8my_dequeIiSaIiEEEC2Ev called 1 returned 100% blocks executed 100%
        9:   74:        TYPED_TEST(Deque_Fixture, deque_equality_op_test_3) {
call    0 returned 100%
call    1 returned 100%
call    2 returned 100%
branch  3 taken 0% (fallthrough)
branch  4 taken 100%
call    5 never executed
call    6 returned 100%
call    7 returned 100%
call    8 returned 100%
branch  9 taken 0% (fallthrough)
branch 10 taken 100%
call   11 never executed
call   12 returned 100%
call   13 returned 100%
call   14 returned 100%
        -:   75:            typedef typename TestFixture::deque_type deque_type;
        -:   76:
        2:   77:            deque_type x;
call    0 returned 100%
branch  1 taken 100% (fallthrough)
branch  2 taken 0% (throw)
call    3 returned 100%
call    4 returned 100%
branch  5 taken 100% (fallthrough)
branch  6 taken 0% (throw)
call    7 returned 100%
        4:   78:            deque_type y(3); y[0] = 1; y[1] = 2; y[2] = 3;
call    0 returned 100%
branch  1 taken 100% (fallthrough)
branch  2 taken 0% (throw)
call    3 returned 100%
branch  4 taken 100% (fallthrough)
branch  5 taken 0% (throw)
call    6 returned 100%
branch  7 taken 100% (fallthrough)
branch  8 taken 0% (throw)
call    9 returned 100%
branch 10 taken 100% (fallthrough)
branch 11 taken 0% (throw)
call   12 returned 100%
branch 13 taken 100%
branch 14 taken 0%
call   15 never executed
call   16 returned 100%
call   17 returned 100%
branch 18 taken 100% (fallthrough)
branch 19 taken 0% (throw)
call   20 returned 100%
call   21 returned 100%
call   22 returned 100%
call   23 returned 100%
call   24 returned 100%
branch 25 taken 100%
branch 26 taken 0%
call   27 never executed
call   28 never executed
        4:   79:            ASSERT_FALSE(x == y);
call    0 returned 100%
branch  1 taken 100% (fallthrough)
branch  2 taken 0% (throw)
call    3 returned 100%
branch  4 taken 100% (fallthrough)
branch  5 taken 0% (throw)
call    6 returned 100%
branch  7 taken 0% (fallthrough)
branch  8 taken 100%
call    9 never executed
branch 10 never executed
branch 11 never executed
call   12 never executed
branch 13 never executed
branch 14 never executed
call   15 never executed
call   16 never executed
branch 17 never executed
branch 18 never executed
call   19 never executed
branch 20 never executed
branch 21 never executed
call   22 never executed
call   23 never executed
call   24 never executed
call   25 returned 100%
branch 26 taken 100%
branch 27 taken 0%
call   28 returned 100%
branch 29 taken 100%
branch 30 taken 0%
call   31 never executed
call   32 never executed
call   33 never executed
call   34 never executed
call   35 never executed
call   36 returned 100%
branch 37 taken 100% (fallthrough)
branch 38 taken 0% (throw)
call   39 returned 100%
branch 40 taken 100% (fallthrough)
branch 41 taken 0% (throw)
call   42 returned 100%
branch 43 taken 0% (fallthrough)
branch 44 taken 100%
call   45 never executed
branch 46 never executed
branch 47 never executed
call   48 never executed
branch 49 never executed
branch 50 never executed
call   51 never executed
call   52 never executed
branch 53 never executed
branch 54 never executed
call   55 never executed
branch 56 never executed
branch 57 never executed
call   58 never executed
call   59 never executed
call   60 never executed
call   61 returned 100%
branch 62 taken 100%
branch 63 taken 0%
call   64 returned 100%
branch 65 taken 100%
branch 66 taken 0%
call   67 never executed
call   68 never executed
call   69 never executed
call   70 never executed
call   71 never executed
call   72 never executed
        -:   80:        }
        -:   81:// -----------
        -:   82:        // operator !=
        -:   83:        // -----------
        -:   84:
function _ZN45Deque_Fixture_deque_inequality_op_test_1_TestISt5dequeIiSaIiEEE8TestBodyEv called 1 returned 100% blocks executed 52%
function _ZN45Deque_Fixture_deque_inequality_op_test_1_TestI8my_dequeIiSaIiEEE8TestBodyEv called 1 returned 100% blocks executed 50%
function _ZN45Deque_Fixture_deque_inequality_op_test_1_TestISt5dequeIiSaIiEEED0Ev called 1 returned 100% blocks executed 100%
function _ZN45Deque_Fixture_deque_inequality_op_test_1_TestISt5dequeIiSaIiEEED2Ev called 1 returned 100% blocks executed 75%
function _ZN45Deque_Fixture_deque_inequality_op_test_1_TestI8my_dequeIiSaIiEEED0Ev called 1 returned 100% blocks executed 100%
function _ZN45Deque_Fixture_deque_inequality_op_test_1_TestI8my_dequeIiSaIiEEED2Ev called 1 returned 100% blocks executed 75%
function _ZN45Deque_Fixture_deque_inequality_op_test_1_TestISt5dequeIiSaIiEEEC2Ev called 1 returned 100% blocks executed 100%
function _ZN45Deque_Fixture_deque_inequality_op_test_1_TestI8my_dequeIiSaIiEEEC2Ev called 1 returned 100% blocks executed 100%
        9:   85:        TYPED_TEST(Deque_Fixture, deque_inequality_op_test_1) {
call    0 returned 100%
call    1 returned 100%
call    2 returned 100%
branch  3 taken 0% (fallthrough)
branch  4 taken 100%
call    5 never executed
call    6 returned 100%
call    7 returned 100%
call    8 returned 100%
branch  9 taken 0% (fallthrough)
branch 10 taken 100%
call   11 never executed
call   12 returned 100%
call   13 returned 100%
call   14 returned 100%
        -:   86:            typedef typename TestFixture::deque_type deque_type;
        -:   87:
        2:   88:            deque_type x(3); x[0] = 1; x[1] = 2; x[2] = 3;
call    0 returned 100%
branch  1 taken 100% (fallthrough)
branch  2 taken 0% (throw)
call    3 returned 100%
branch  4 taken 100% (fallthrough)
branch  5 taken 0% (throw)
call    6 returned 100%
branch  7 taken 100% (fallthrough)
branch  8 taken 0% (throw)
call    9 returned 100%
branch 10 taken 100% (fallthrough)
branch 11 taken 0% (throw)
call   12 returned 100%
call   13 returned 100%
branch 14 taken 100% (fallthrough)
branch 15 taken 0% (throw)
call   16 returned 100%
call   17 returned 100%
call   18 returned 100%
call   19 returned 100%
call   20 never executed
        4:   89:            deque_type y(3); y[0] = 1; y[1] = 2; y[2] = 3;
call    0 returned 100%
branch  1 taken 100% (fallthrough)
branch  2 taken 0% (throw)
call    3 returned 100%
branch  4 taken 100% (fallthrough)
branch  5 taken 0% (throw)
call    6 returned 100%
branch  7 taken 100% (fallthrough)
branch  8 taken 0% (throw)
call    9 returned 100%
branch 10 taken 100% (fallthrough)
branch 11 taken 0% (throw)
call   12 returned 100%
branch 13 taken 100%
branch 14 taken 0%
call   15 never executed
call   16 returned 100%
call   17 returned 100%
branch 18 taken 100% (fallthrough)
branch 19 taken 0% (throw)
call   20 returned 100%
call   21 returned 100%
call   22 returned 100%
call   23 returned 100%
call   24 returned 100%
branch 25 taken 100%
branch 26 taken 0%
call   27 never executed
call   28 never executed
        4:   90:            ASSERT_FALSE(x != y);
call    0 returned 100%
branch  1 taken 100% (fallthrough)
branch  2 taken 0% (throw)
call    3 returned 100%
branch  4 taken 100% (fallthrough)
branch  5 taken 0% (throw)
call    6 returned 100%
branch  7 taken 0% (fallthrough)
branch  8 taken 100%
call    9 never executed
branch 10 never executed
branch 11 never executed
call   12 never executed
branch 13 never executed
branch 14 never executed
call   15 never executed
call   16 never executed
branch 17 never executed
branch 18 never executed
call   19 never executed
branch 20 never executed
branch 21 never executed
call   22 never executed
call   23 never executed
call   24 never executed
call   25 returned 100%
branch 26 taken 100%
branch 27 taken 0%
call   28 returned 100%
branch 29 taken 100%
branch 30 taken 0%
call   31 never executed
call   32 never executed
call   33 never executed
call   34 never executed
call   35 never executed
call   36 returned 100%
branch 37 taken 100% (fallthrough)
branch 38 taken 0% (throw)
call   39 returned 100%
branch 40 taken 100% (fallthrough)
branch 41 taken 0% (throw)
call   42 returned 100%
branch 43 taken 0% (fallthrough)
branch 44 taken 100%
call   45 never executed
branch 46 never executed
branch 47 never executed
call   48 never executed
branch 49 never executed
branch 50 never executed
call   51 never executed
call   52 never executed
branch 53 never executed
branch 54 never executed
call   55 never executed
branch 56 never executed
branch 57 never executed
call   58 never executed
call   59 never executed
call   60 never executed
call   61 returned 100%
branch 62 taken 100%
branch 63 taken 0%
call   64 returned 100%
branch 65 taken 100%
branch 66 taken 0%
call   67 never executed
call   68 never executed
call   69 never executed
call   70 never executed
call   71 never executed
        -:   91:        }
        -:   92:
function _ZN45Deque_Fixture_deque_inequality_op_test_2_TestISt5dequeIiSaIiEEE8TestBodyEv called 1 returned 100% blocks executed 53%
function _ZN45Deque_Fixture_deque_inequality_op_test_2_TestI8my_dequeIiSaIiEEE8TestBodyEv called 1 returned 100% blocks executed 51%
function _ZN45Deque_Fixture_deque_inequality_op_test_2_TestISt5dequeIiSaIiEEED0Ev called 1 returned 100% blocks executed 100%
function _ZN45Deque_Fixture_deque_inequality_op_test_2_TestISt5dequeIiSaIiEEED2Ev called 1 returned 100% blocks executed 75%
function _ZN45Deque_Fixture_deque_inequality_op_test_2_TestI8my_dequeIiSaIiEEED0Ev called 1 returned 100% blocks executed 100%
function _ZN45Deque_Fixture_deque_inequality_op_test_2_TestI8my_dequeIiSaIiEEED2Ev called 1 returned 100% blocks executed 75%
function _ZN45Deque_Fixture_deque_inequality_op_test_2_TestISt5dequeIiSaIiEEEC2Ev called 1 returned 100% blocks executed 100%
function _ZN45Deque_Fixture_deque_inequality_op_test_2_TestI8my_dequeIiSaIiEEEC2Ev called 1 returned 100% blocks executed 100%
        9:   93:        TYPED_TEST(Deque_Fixture, deque_inequality_op_test_2) {
call    0 returned 100%
call    1 returned 100%
call    2 returned 100%
branch  3 taken 0% (fallthrough)
branch  4 taken 100%
call    5 never executed
call    6 returned 100%
call    7 returned 100%
call    8 returned 100%
branch  9 taken 0% (fallthrough)
branch 10 taken 100%
call   11 never executed
call   12 returned 100%
call   13 returned 100%
call   14 returned 100%
        -:   94:            typedef typename TestFixture::deque_type deque_type;
        -:   95:
        2:   96:            deque_type x(4); x[0] = 1; x[1] = 2; x[2] = 3; x[3] = 4;
call    0 returned 100%
branch  1 taken 100% (fallthrough)
branch  2 taken 0% (throw)
call    3 returned 100%
branch  4 taken 100% (fallthrough)
branch  5 taken 0% (throw)
call    6 returned 100%
branch  7 taken 100% (fallthrough)
branch  8 taken 0% (throw)
call    9 returned 100%
branch 10 taken 100% (fallthrough)
branch 11 taken 0% (throw)
call   12 returned 100%
branch 13 taken 100% (fallthrough)
branch 14 taken 0% (throw)
call   15 returned 100%
call   16 returned 100%
branch 17 taken 100% (fallthrough)
branch 18 taken 0% (throw)
call   19 returned 100%
call   20 returned 100%
call   21 returned 100%
call   22 returned 100%
call   23 returned 100%
call   24 never executed
        4:   97:            deque_type y(3); y[0] = 1; y[1] = 2; y[2] = 3;
call    0 returned 100%
branch  1 taken 100% (fallthrough)
branch  2 taken 0% (throw)
call    3 returned 100%
branch  4 taken 100% (fallthrough)
branch  5 taken 0% (throw)
call    6 returned 100%
branch  7 taken 100% (fallthrough)
branch  8 taken 0% (throw)
call    9 returned 100%
branch 10 taken 100% (fallthrough)
branch 11 taken 0% (throw)
call   12 returned 100%
branch 13 taken 100%
branch 14 taken 0%
call   15 never executed
call   16 returned 100%
call   17 returned 100%
branch 18 taken 100% (fallthrough)
branch 19 taken 0% (throw)
call   20 returned 100%
call   21 returned 100%
call   22 returned 100%
call   23 returned 100%
call   24 returned 100%
branch 25 taken 100%
branch 26 taken 0%
call   27 never executed
call   28 never executed
        4:   98:            ASSERT_TRUE(x != y);
call    0 returned 100%
branch  1 taken 100% (fallthrough)
branch  2 taken 0% (throw)
call    3 returned 100%
branch  4 taken 100% (fallthrough)
branch  5 taken 0% (throw)
call    6 returned 100%
branch  7 taken 0% (fallthrough)
branch  8 taken 100%
call    9 never executed
branch 10 never executed
branch 11 never executed
call   12 never executed
branch 13 never executed
branch 14 never executed
call   15 never executed
call   16 never executed
branch 17 never executed
branch 18 never executed
call   19 never executed
branch 20 never executed
branch 21 never executed
call   22 never executed
call   23 never executed
call   24 never executed
call   25 returned 100%
branch 26 taken 100%
branch 27 taken 0%
call   28 returned 100%
branch 29 taken 100%
branch 30 taken 0%
call   31 never executed
call   32 never executed
call   33 never executed
call   34 never executed
call   35 never executed
call   36 returned 100%
branch 37 taken 100% (fallthrough)
branch 38 taken 0% (throw)
call   39 returned 100%
branch 40 taken 100% (fallthrough)
branch 41 taken 0% (throw)
call   42 returned 100%
branch 43 taken 0% (fallthrough)
branch 44 taken 100%
call   45 never executed
branch 46 never executed
branch 47 never executed
call   48 never executed
branch 49 never executed
branch 50 never executed
call   51 never executed
call   52 never executed
branch 53 never executed
branch 54 never executed
call   55 never executed
branch 56 never executed
branch 57 never executed
call   58 never executed
call   59 never executed
call   60 never executed
call   61 returned 100%
branch 62 taken 100%
branch 63 taken 0%
call   64 returned 100%
branch 65 taken 100%
branch 66 taken 0%
call   67 never executed
call   68 never executed
call   69 never executed
call   70 never executed
call   71 never executed
        -:   99:        }
        -:  100:
function _ZN45Deque_Fixture_deque_inequality_op_test_3_TestISt5dequeIiSaIiEEE8TestBodyEv called 1 returned 100% blocks executed 49%
function _ZN45Deque_Fixture_deque_inequality_op_test_3_TestI8my_dequeIiSaIiEEE8TestBodyEv called 1 returned 100% blocks executed 48%
function _ZN45Deque_Fixture_deque_inequality_op_test_3_TestISt5dequeIiSaIiEEED0Ev called 1 returned 100% blocks executed 100%
function _ZN45Deque_Fixture_deque_inequality_op_test_3_TestISt5dequeIiSaIiEEED2Ev called 1 returned 100% blocks executed 75%
function _ZN45Deque_Fixture_deque_inequality_op_test_3_TestI8my_dequeIiSaIiEEED0Ev called 1 returned 100% blocks executed 100%
function _ZN45Deque_Fixture_deque_inequality_op_test_3_TestI8my_dequeIiSaIiEEED2Ev called 1 returned 100% blocks executed 75%
function _ZN45Deque_Fixture_deque_inequality_op_test_3_TestISt5dequeIiSaIiEEEC2Ev called 1 returned 100% blocks executed 100%
function _ZN45Deque_Fixture_deque_inequality_op_test_3_TestI8my_dequeIiSaIiEEEC2Ev called 1 returned 100% blocks executed 100%
        9:  101:        TYPED_TEST(Deque_Fixture, deque_inequality_op_test_3) {
call    0 returned 100%
call    1 returned 100%
call    2 returned 100%
branch  3 taken 0% (fallthrough)
branch  4 taken 100%
call    5 never executed
call    6 returned 100%
call    7 returned 100%
call    8 returned 100%
branch  9 taken 0% (fallthrough)
branch 10 taken 100%
call   11 never executed
call   12 returned 100%
call   13 returned 100%
call   14 returned 100%
        -:  102:            typedef typename TestFixture::deque_type deque_type;
        -:  103:
        2:  104:            deque_type x;
call    0 returned 100%
branch  1 taken 100% (fallthrough)
branch  2 taken 0% (throw)
call    3 returned 100%
call    4 returned 100%
branch  5 taken 100% (fallthrough)
branch  6 taken 0% (throw)
call    7 returned 100%
        4:  105:            deque_type y(3); y[0] = 1; y[1] = 2; y[2] = 3;
call    0 returned 100%
branch  1 taken 100% (fallthrough)
branch  2 taken 0% (throw)
call    3 returned 100%
branch  4 taken 100% (fallthrough)
branch  5 taken 0% (throw)
call    6 returned 100%
branch  7 taken 100% (fallthrough)
branch  8 taken 0% (throw)
call    9 returned 100%
branch 10 taken 100% (fallthrough)
branch 11 taken 0% (throw)
call   12 returned 100%
branch 13 taken 100%
branch 14 taken 0%
call   15 never executed
call   16 returned 100%
call   17 returned 100%
branch 18 taken 100% (fallthrough)
branch 19 taken 0% (throw)
call   20 returned 100%
call   21 returned 100%
call   22 returned 100%
call   23 returned 100%
call   24 returned 100%
branch 25 taken 100%
branch 26 taken 0%
call   27 never executed
call   28 never executed
        4:  106:            ASSERT_TRUE(x != y);
call    0 returned 100%
branch  1 taken 100% (fallthrough)
branch  2 taken 0% (throw)
call    3 returned 100%
branch  4 taken 100% (fallthrough)
branch  5 taken 0% (throw)
call    6 returned 100%
branch  7 taken 0% (fallthrough)
branch  8 taken 100%
call    9 never executed
branch 10 never executed
branch 11 never executed
call   12 never executed
branch 13 never executed
branch 14 never executed
call   15 never executed
call   16 never executed
branch 17 never executed
branch 18 never executed
call   19 never executed
branch 20 never executed
branch 21 never executed
call   22 never executed
call   23 never executed
call   24 never executed
call   25 returned 100%
branch 26 taken 100%
branch 27 taken 0%
call   28 returned 100%
branch 29 taken 100%
branch 30 taken 0%
call   31 never executed
call   32 never executed
call   33 never executed
call   34 never executed
call   35 never executed
call   36 returned 100%
branch 37 taken 100% (fallthrough)
branch 38 taken 0% (throw)
call   39 returned 100%
branch 40 taken 100% (fallthrough)
branch 41 taken 0% (throw)
call   42 returned 100%
branch 43 taken 0% (fallthrough)
branch 44 taken 100%
call   45 never executed
branch 46 never executed
branch 47 never executed
call   48 never executed
branch 49 never executed
branch 50 never executed
call   51 never executed
call   52 never executed
branch 53 never executed
branch 54 never executed
call   55 never executed
branch 56 never executed
branch 57 never executed
call   58 never executed
call   59 never executed
call   60 never executed
call   61 returned 100%
branch 62 taken 100%
branch 63 taken 0%
call   64 returned 100%
branch 65 taken 100%
branch 66 taken 0%
call   67 never executed
call   68 never executed
call   69 never executed
call   70 never executed
call   71 never executed
call   72 never executed
        -:  107:        }
        -:  108:        // ----------
        -:  109:        // operator <
        -:  110:        // ----------
        -:  111:
function _ZN44Deque_Fixture_deque_less_than_op_test_1_TestISt5dequeIiSaIiEEE8TestBodyEv called 1 returned 100% blocks executed 52%
function _ZN44Deque_Fixture_deque_less_than_op_test_1_TestI8my_dequeIiSaIiEEE8TestBodyEv called 1 returned 100% blocks executed 50%
function _ZN44Deque_Fixture_deque_less_than_op_test_1_TestISt5dequeIiSaIiEEED0Ev called 1 returned 100% blocks executed 100%
function _ZN44Deque_Fixture_deque_less_than_op_test_1_TestISt5dequeIiSaIiEEED2Ev called 1 returned 100% blocks executed 75%
function _ZN44Deque_Fixture_deque_less_than_op_test_1_TestI8my_dequeIiSaIiEEED0Ev called 1 returned 100% blocks executed 100%
function _ZN44Deque_Fixture_deque_less_than_op_test_1_TestI8my_dequeIiSaIiEEED2Ev called 1 returned 100% blocks executed 75%
function _ZN44Deque_Fixture_deque_less_than_op_test_1_TestISt5dequeIiSaIiEEEC2Ev called 1 returned 100% blocks executed 100%
function _ZN44Deque_Fixture_deque_less_than_op_test_1_TestI8my_dequeIiSaIiEEEC2Ev called 1 returned 100% blocks executed 100%
        9:  112:        TYPED_TEST(Deque_Fixture, deque_less_than_op_test_1) {
call    0 returned 100%
call    1 returned 100%
call    2 returned 100%
branch  3 taken 0% (fallthrough)
branch  4 taken 100%
call    5 never executed
call    6 returned 100%
call    7 returned 100%
call    8 returned 100%
branch  9 taken 0% (fallthrough)
branch 10 taken 100%
call   11 never executed
call   12 returned 100%
call   13 returned 100%
call   14 returned 100%
        -:  113:            typedef typename TestFixture::deque_type deque_type;
        -:  114:
        2:  115:            deque_type x(3); x[0] = 1; x[1] = 2; x[2] = 3;
call    0 returned 100%
branch  1 taken 100% (fallthrough)
branch  2 taken 0% (throw)
call    3 returned 100%
branch  4 taken 100% (fallthrough)
branch  5 taken 0% (throw)
call    6 returned 100%
branch  7 taken 100% (fallthrough)
branch  8 taken 0% (throw)
call    9 returned 100%
branch 10 taken 100% (fallthrough)
branch 11 taken 0% (throw)
call   12 returned 100%
call   13 returned 100%
branch 14 taken 100% (fallthrough)
branch 15 taken 0% (throw)
call   16 returned 100%
call   17 returned 100%
call   18 returned 100%
call   19 returned 100%
call   20 never executed
        4:  116:            deque_type y(3); y[0] = 1; y[1] = 2; y[2] = 3;
call    0 returned 100%
branch  1 taken 100% (fallthrough)
branch  2 taken 0% (throw)
call    3 returned 100%
branch  4 taken 100% (fallthrough)
branch  5 taken 0% (throw)
call    6 returned 100%
branch  7 taken 100% (fallthrough)
branch  8 taken 0% (throw)
call    9 returned 100%
branch 10 taken 100% (fallthrough)
branch 11 taken 0% (throw)
call   12 returned 100%
branch 13 taken 100%
branch 14 taken 0%
call   15 never executed
call   16 returned 100%
call   17 returned 100%
branch 18 taken 100% (fallthrough)
branch 19 taken 0% (throw)
call   20 returned 100%
call   21 returned 100%
call   22 returned 100%
call   23 returned 100%
call   24 returned 100%
branch 25 taken 100%
branch 26 taken 0%
call   27 never executed
call   28 never executed
        -:  117:
        4:  118:            ASSERT_FALSE(x < y);
call    0 returned 100%
branch  1 taken 100% (fallthrough)
branch  2 taken 0% (throw)
call    3 returned 100%
branch  4 taken 100% (fallthrough)
branch  5 taken 0% (throw)
call    6 returned 100%
branch  7 taken 0% (fallthrough)
branch  8 taken 100%
call    9 never executed
branch 10 never executed
branch 11 never executed
call   12 never executed
branch 13 never executed
branch 14 never executed
call   15 never executed
call   16 never executed
branch 17 never executed
branch 18 never executed
call   19 never executed
branch 20 never executed
branch 21 never executed
call   22 never executed
call   23 never executed
call   24 never executed
call   25 returned 100%
branch 26 taken 100%
branch 27 taken 0%
call   28 returned 100%
branch 29 taken 100%
branch 30 taken 0%
call   31 never executed
call   32 never executed
call   33 never executed
call   34 never executed
call   35 never executed
call   36 returned 100%
branch 37 taken 100% (fallthrough)
branch 38 taken 0% (throw)
call   39 returned 100%
branch 40 taken 100% (fallthrough)
branch 41 taken 0% (throw)
call   42 returned 100%
branch 43 taken 0% (fallthrough)
branch 44 taken 100%
call   45 never executed
branch 46 never executed
branch 47 never executed
call   48 never executed
branch 49 never executed
branch 50 never executed
call   51 never executed
call   52 never executed
branch 53 never executed
branch 54 never executed
call   55 never executed
branch 56 never executed
branch 57 never executed
call   58 never executed
call   59 never executed
call   60 never executed
call   61 returned 100%
branch 62 taken 100%
branch 63 taken 0%
call   64 returned 100%
branch 65 taken 100%
branch 66 taken 0%
call   67 never executed
call   68 never executed
call   69 never executed
call   70 never executed
call   71 never executed
        -:  119:        }
        -:  120:
function _ZN44Deque_Fixture_deque_less_than_op_test_2_TestISt5dequeIiSaIiEEE8TestBodyEv called 1 returned 100% blocks executed 52%
function _ZN44Deque_Fixture_deque_less_than_op_test_2_TestI8my_dequeIiSaIiEEE8TestBodyEv called 1 returned 100% blocks executed 50%
function _ZN44Deque_Fixture_deque_less_than_op_test_2_TestISt5dequeIiSaIiEEED0Ev called 1 returned 100% blocks executed 100%
function _ZN44Deque_Fixture_deque_less_than_op_test_2_TestISt5dequeIiSaIiEEED2Ev called 1 returned 100% blocks executed 75%
function _ZN44Deque_Fixture_deque_less_than_op_test_2_TestI8my_dequeIiSaIiEEED0Ev called 1 returned 100% blocks executed 100%
function _ZN44Deque_Fixture_deque_less_than_op_test_2_TestI8my_dequeIiSaIiEEED2Ev called 1 returned 100% blocks executed 75%
function _ZN44Deque_Fixture_deque_less_than_op_test_2_TestISt5dequeIiSaIiEEEC2Ev called 1 returned 100% blocks executed 100%
function _ZN44Deque_Fixture_deque_less_than_op_test_2_TestI8my_dequeIiSaIiEEEC2Ev called 1 returned 100% blocks executed 100%
        9:  121:        TYPED_TEST(Deque_Fixture, deque_less_than_op_test_2) {
call    0 returned 100%
call    1 returned 100%
call    2 returned 100%
branch  3 taken 0% (fallthrough)
branch  4 taken 100%
call    5 never executed
call    6 returned 100%
call    7 returned 100%
call    8 returned 100%
branch  9 taken 0% (fallthrough)
branch 10 taken 100%
call   11 never executed
call   12 returned 100%
call   13 returned 100%
call   14 returned 100%
        -:  122:            typedef typename TestFixture::deque_type deque_type;
        -:  123:
        2:  124:            deque_type x(3); x[0] = 1; x[1] = 1; x[2] = 4;
call    0 returned 100%
branch  1 taken 100% (fallthrough)
branch  2 taken 0% (throw)
call    3 returned 100%
branch  4 taken 100% (fallthrough)
branch  5 taken 0% (throw)
call    6 returned 100%
branch  7 taken 100% (fallthrough)
branch  8 taken 0% (throw)
call    9 returned 100%
branch 10 taken 100% (fallthrough)
branch 11 taken 0% (throw)
call   12 returned 100%
call   13 returned 100%
branch 14 taken 100% (fallthrough)
branch 15 taken 0% (throw)
call   16 returned 100%
call   17 returned 100%
call   18 returned 100%
call   19 returned 100%
call   20 never executed
        4:  125:            deque_type y(3); y[0] = 1; y[1] = 2; y[2] = 3;
call    0 returned 100%
branch  1 taken 100% (fallthrough)
branch  2 taken 0% (throw)
call    3 returned 100%
branch  4 taken 100% (fallthrough)
branch  5 taken 0% (throw)
call    6 returned 100%
branch  7 taken 100% (fallthrough)
branch  8 taken 0% (throw)
call    9 returned 100%
branch 10 taken 100% (fallthrough)
branch 11 taken 0% (throw)
call   12 returned 100%
branch 13 taken 100%
branch 14 taken 0%
call   15 never executed
call   16 returned 100%
call   17 returned 100%
branch 18 taken 100% (fallthrough)
branch 19 taken 0% (throw)
call   20 returned 100%
call   21 returned 100%
call   22 returned 100%
call   23 returned 100%
call   24 returned 100%
branch 25 taken 100%
branch 26 taken 0%
call   27 never executed
call   28 never executed
        -:  126:
        4:  127:            ASSERT_TRUE(x < y);
call    0 returned 100%
branch  1 taken 100% (fallthrough)
branch  2 taken 0% (throw)
call    3 returned 100%
branch  4 taken 100% (fallthrough)
branch  5 taken 0% (throw)
call    6 returned 100%
branch  7 taken 0% (fallthrough)
branch  8 taken 100%
call    9 never executed
branch 10 never executed
branch 11 never executed
call   12 never executed
branch 13 never executed
branch 14 never executed
call   15 never executed
call   16 never executed
branch 17 never executed
branch 18 never executed
call   19 never executed
branch 20 never executed
branch 21 never executed
call   22 never executed
call   23 never executed
call   24 never executed
call   25 returned 100%
branch 26 taken 100%
branch 27 taken 0%
call   28 returned 100%
branch 29 taken 100%
branch 30 taken 0%
call   31 never executed
call   32 never executed
call   33 never executed
call   34 never executed
call   35 never executed
call   36 returned 100%
branch 37 taken 100% (fallthrough)
branch 38 taken 0% (throw)
call   39 returned 100%
branch 40 taken 100% (fallthrough)
branch 41 taken 0% (throw)
call   42 returned 100%
branch 43 taken 0% (fallthrough)
branch 44 taken 100%
call   45 never executed
branch 46 never executed
branch 47 never executed
call   48 never executed
branch 49 never executed
branch 50 never executed
call   51 never executed
call   52 never executed
branch 53 never executed
branch 54 never executed
call   55 never executed
branch 56 never executed
branch 57 never executed
call   58 never executed
call   59 never executed
call   60 never executed
call   61 returned 100%
branch 62 taken 100%
branch 63 taken 0%
call   64 returned 100%
branch 65 taken 100%
branch 66 taken 0%
call   67 never executed
call   68 never executed
call   69 never executed
call   70 never executed
call   71 never executed
        -:  128:        }
        -:  129:
function _ZN44Deque_Fixture_deque_less_than_op_test_3_TestISt5dequeIiSaIiEEE8TestBodyEv called 1 returned 100% blocks executed 50%
function _ZN44Deque_Fixture_deque_less_than_op_test_3_TestI8my_dequeIiSaIiEEE8TestBodyEv called 1 returned 100% blocks executed 48%
function _ZN44Deque_Fixture_deque_less_than_op_test_3_TestISt5dequeIiSaIiEEED0Ev called 1 returned 100% blocks executed 100%
function _ZN44Deque_Fixture_deque_less_than_op_test_3_TestISt5dequeIiSaIiEEED2Ev called 1 returned 100% blocks executed 75%
function _ZN44Deque_Fixture_deque_less_than_op_test_3_TestI8my_dequeIiSaIiEEED0Ev called 1 returned 100% blocks executed 100%
function _ZN44Deque_Fixture_deque_less_than_op_test_3_TestI8my_dequeIiSaIiEEED2Ev called 1 returned 100% blocks executed 75%
function _ZN44Deque_Fixture_deque_less_than_op_test_3_TestISt5dequeIiSaIiEEEC2Ev called 1 returned 100% blocks executed 100%
function _ZN44Deque_Fixture_deque_less_than_op_test_3_TestI8my_dequeIiSaIiEEEC2Ev called 1 returned 100% blocks executed 100%
        9:  130:        TYPED_TEST(Deque_Fixture, deque_less_than_op_test_3) {
call    0 returned 100%
call    1 returned 100%
call    2 returned 100%
branch  3 taken 0% (fallthrough)
branch  4 taken 100%
call    5 never executed
call    6 returned 100%
call    7 returned 100%
call    8 returned 100%
branch  9 taken 0% (fallthrough)
branch 10 taken 100%
call   11 never executed
call   12 returned 100%
call   13 returned 100%
call   14 returned 100%
        -:  131:            typedef typename TestFixture::deque_type deque_type;
        -:  132:
        2:  133:            deque_type x(1); x[0] = 0;
call    0 returned 100%
branch  1 taken 100% (fallthrough)
branch  2 taken 0% (throw)
call    3 returned 100%
branch  4 taken 100% (fallthrough)
branch  5 taken 0% (throw)
call    6 returned 100%
call    7 returned 100%
branch  8 taken 100% (fallthrough)
branch  9 taken 0% (throw)
call   10 returned 100%
call   11 returned 100%
call   12 never executed
        4:  134:            deque_type y(3); y[0] = 1; y[1] = 2; y[2] = 3;
call    0 returned 100%
branch  1 taken 100% (fallthrough)
branch  2 taken 0% (throw)
call    3 returned 100%
branch  4 taken 100% (fallthrough)
branch  5 taken 0% (throw)
call    6 returned 100%
branch  7 taken 100% (fallthrough)
branch  8 taken 0% (throw)
call    9 returned 100%
branch 10 taken 100% (fallthrough)
branch 11 taken 0% (throw)
call   12 returned 100%
branch 13 taken 100%
branch 14 taken 0%
call   15 never executed
call   16 returned 100%
call   17 returned 100%
branch 18 taken 100% (fallthrough)
branch 19 taken 0% (throw)
call   20 returned 100%
call   21 returned 100%
call   22 returned 100%
call   23 returned 100%
call   24 returned 100%
branch 25 taken 100%
branch 26 taken 0%
call   27 never executed
call   28 never executed
        4:  135:            ASSERT_TRUE(x < y);
call    0 returned 100%
branch  1 taken 100% (fallthrough)
branch  2 taken 0% (throw)
call    3 returned 100%
branch  4 taken 100% (fallthrough)
branch  5 taken 0% (throw)
call    6 returned 100%
branch  7 taken 0% (fallthrough)
branch  8 taken 100%
call    9 never executed
branch 10 never executed
branch 11 never executed
call   12 never executed
branch 13 never executed
branch 14 never executed
call   15 never executed
call   16 never executed
branch 17 never executed
branch 18 never executed
call   19 never executed
branch 20 never executed
branch 21 never executed
call   22 never executed
call   23 never executed
call   24 never executed
call   25 returned 100%
branch 26 taken 100%
branch 27 taken 0%
call   28 returned 100%
branch 29 taken 100%
branch 30 taken 0%
call   31 never executed
call   32 never executed
call   33 never executed
call   34 never executed
call   35 never executed
call   36 returned 100%
branch 37 taken 100% (fallthrough)
branch 38 taken 0% (throw)
call   39 returned 100%
branch 40 taken 100% (fallthrough)
branch 41 taken 0% (throw)
call   42 returned 100%
branch 43 taken 0% (fallthrough)
branch 44 taken 100%
call   45 never executed
branch 46 never executed
branch 47 never executed
call   48 never executed
branch 49 never executed
branch 50 never executed
call   51 never executed
call   52 never executed
branch 53 never executed
branch 54 never executed
call   55 never executed
branch 56 never executed
branch 57 never executed
call   58 never executed
call   59 never executed
call   60 never executed
call   61 returned 100%
branch 62 taken 100%
branch 63 taken 0%
call   64 returned 100%
branch 65 taken 100%
branch 66 taken 0%
call   67 never executed
call   68 never executed
call   69 never executed
call   70 never executed
call   71 never executed
        -:  136:        }
        -:  137:
function _ZN44Deque_Fixture_deque_less_than_op_test_4_TestISt5dequeIiSaIiEEE8TestBodyEv called 1 returned 100% blocks executed 49%
function _ZN44Deque_Fixture_deque_less_than_op_test_4_TestI8my_dequeIiSaIiEEE8TestBodyEv called 1 returned 100% blocks executed 48%
function _ZN44Deque_Fixture_deque_less_than_op_test_4_TestISt5dequeIiSaIiEEED0Ev called 1 returned 100% blocks executed 100%
function _ZN44Deque_Fixture_deque_less_than_op_test_4_TestISt5dequeIiSaIiEEED2Ev called 1 returned 100% blocks executed 75%
function _ZN44Deque_Fixture_deque_less_than_op_test_4_TestI8my_dequeIiSaIiEEED0Ev called 1 returned 100% blocks executed 100%
function _ZN44Deque_Fixture_deque_less_than_op_test_4_TestI8my_dequeIiSaIiEEED2Ev called 1 returned 100% blocks executed 75%
function _ZN44Deque_Fixture_deque_less_than_op_test_4_TestISt5dequeIiSaIiEEEC2Ev called 1 returned 100% blocks executed 100%
function _ZN44Deque_Fixture_deque_less_than_op_test_4_TestI8my_dequeIiSaIiEEEC2Ev called 1 returned 100% blocks executed 100%
        9:  138:        TYPED_TEST(Deque_Fixture, deque_less_than_op_test_4) {
call    0 returned 100%
call    1 returned 100%
call    2 returned 100%
branch  3 taken 0% (fallthrough)
branch  4 taken 100%
call    5 never executed
call    6 returned 100%
call    7 returned 100%
call    8 returned 100%
branch  9 taken 0% (fallthrough)
branch 10 taken 100%
call   11 never executed
call   12 returned 100%
call   13 returned 100%
call   14 returned 100%
        -:  139:            typedef typename TestFixture::deque_type deque_type;
        -:  140:
        2:  141:            deque_type x;
call    0 returned 100%
branch  1 taken 100% (fallthrough)
branch  2 taken 0% (throw)
call    3 returned 100%
call    4 returned 100%
branch  5 taken 100% (fallthrough)
branch  6 taken 0% (throw)
call    7 returned 100%
        4:  142:            deque_type y(3); y[0] = 1; y[1] = 2; y[2] = 3;
call    0 returned 100%
branch  1 taken 100% (fallthrough)
branch  2 taken 0% (throw)
call    3 returned 100%
branch  4 taken 100% (fallthrough)
branch  5 taken 0% (throw)
call    6 returned 100%
branch  7 taken 100% (fallthrough)
branch  8 taken 0% (throw)
call    9 returned 100%
branch 10 taken 100% (fallthrough)
branch 11 taken 0% (throw)
call   12 returned 100%
branch 13 taken 100%
branch 14 taken 0%
call   15 never executed
call   16 returned 100%
call   17 returned 100%
branch 18 taken 100% (fallthrough)
branch 19 taken 0% (throw)
call   20 returned 100%
call   21 returned 100%
call   22 returned 100%
call   23 returned 100%
call   24 returned 100%
branch 25 taken 100%
branch 26 taken 0%
call   27 never executed
call   28 never executed
        4:  143:            ASSERT_TRUE(x < y);
call    0 returned 100%
branch  1 taken 100% (fallthrough)
branch  2 taken 0% (throw)
call    3 returned 100%
branch  4 taken 100% (fallthrough)
branch  5 taken 0% (throw)
call    6 returned 100%
branch  7 taken 0% (fallthrough)
branch  8 taken 100%
call    9 never executed
branch 10 never executed
branch 11 never executed
call   12 never executed
branch 13 never executed
branch 14 never executed
call   15 never executed
call   16 never executed
branch 17 never executed
branch 18 never executed
call   19 never executed
branch 20 never executed
branch 21 never executed
call   22 never executed
call   23 never executed
call   24 never executed
call   25 returned 100%
branch 26 taken 100%
branch 27 taken 0%
call   28 returned 100%
branch 29 taken 100%
branch 30 taken 0%
call   31 never executed
call   32 never executed
call   33 never executed
call   34 never executed
call   35 never executed
call   36 returned 100%
branch 37 taken 100% (fallthrough)
branch 38 taken 0% (throw)
call   39 returned 100%
branch 40 taken 100% (fallthrough)
branch 41 taken 0% (throw)
call   42 returned 100%
branch 43 taken 0% (fallthrough)
branch 44 taken 100%
call   45 never executed
branch 46 never executed
branch 47 never executed
call   48 never executed
branch 49 never executed
branch 50 never executed
call   51 never executed
call   52 never executed
branch 53 never executed
branch 54 never executed
call   55 never executed
branch 56 never executed
branch 57 never executed
call   58 never executed
call   59 never executed
call   60 never executed
call   61 returned 100%
branch 62 taken 100%
branch 63 taken 0%
call   64 returned 100%
branch 65 taken 100%
branch 66 taken 0%
call   67 never executed
call   68 never executed
call   69 never executed
call   70 never executed
call   71 never executed
call   72 never executed
        -:  144:        }
        -:  145:// --------
        -:  146:        // iterator
        -:  147:        // --------
        -:  148:
        -:  149:                // -----------
        -:  150:                // operator ==
        -:  151:                // -----------
        -:  152:
function _ZN42Deque_Fixture_iter_equality_op_test_1_TestISt5dequeIiSaIiEEE8TestBodyEv called 1 returned 100% blocks executed 52%
function _ZN42Deque_Fixture_iter_equality_op_test_1_TestI8my_dequeIiSaIiEEE8TestBodyEv called 1 returned 100% blocks executed 50%
function _ZN42Deque_Fixture_iter_equality_op_test_1_TestISt5dequeIiSaIiEEED0Ev called 1 returned 100% blocks executed 100%
function _ZN42Deque_Fixture_iter_equality_op_test_1_TestISt5dequeIiSaIiEEED2Ev called 1 returned 100% blocks executed 75%
function _ZN42Deque_Fixture_iter_equality_op_test_1_TestI8my_dequeIiSaIiEEED0Ev called 1 returned 100% blocks executed 100%
function _ZN42Deque_Fixture_iter_equality_op_test_1_TestI8my_dequeIiSaIiEEED2Ev called 1 returned 100% blocks executed 75%
function _ZN42Deque_Fixture_iter_equality_op_test_1_TestISt5dequeIiSaIiEEEC2Ev called 1 returned 100% blocks executed 100%
function _ZN42Deque_Fixture_iter_equality_op_test_1_TestI8my_dequeIiSaIiEEEC2Ev called 1 returned 100% blocks executed 100%
        9:  153:                TYPED_TEST(Deque_Fixture, iter_equality_op_test_1) {
call    0 returned 100%
call    1 returned 100%
call    2 returned 100%
branch  3 taken 0% (fallthrough)
branch  4 taken 100%
call    5 never executed
call    6 returned 100%
call    7 returned 100%
call    8 returned 100%
branch  9 taken 0% (fallthrough)
branch 10 taken 100%
call   11 never executed
call   12 returned 100%
call   13 returned 100%
call   14 returned 100%
        -:  154:                    typedef typename TestFixture::deque_type deque_type;
        -:  155:
        2:  156:                    deque_type x(5); x[0] = 1; x[1] = 4;
call    0 returned 100%
branch  1 taken 100% (fallthrough)
branch  2 taken 0% (throw)
call    3 returned 100%
branch  4 taken 100% (fallthrough)
branch  5 taken 0% (throw)
call    6 returned 100%
branch  7 taken 100% (fallthrough)
branch  8 taken 0% (throw)
call    9 returned 100%
call   10 returned 100%
branch 11 taken 100% (fallthrough)
branch 12 taken 0% (throw)
call   13 returned 100%
call   14 returned 100%
call   15 returned 100%
call   16 never executed
        4:  157:                    deque_type y(5); y[0] = 1; y[1] = 3;
call    0 returned 100%
branch  1 taken 100% (fallthrough)
branch  2 taken 0% (throw)
call    3 returned 100%
branch  4 taken 100% (fallthrough)
branch  5 taken 0% (throw)
call    6 returned 100%
branch  7 taken 100% (fallthrough)
branch  8 taken 0% (throw)
call    9 returned 100%
branch 10 taken 100%
branch 11 taken 0%
call   12 never executed
call   13 returned 100%
call   14 returned 100%
branch 15 taken 100% (fallthrough)
branch 16 taken 0% (throw)
call   17 returned 100%
call   18 returned 100%
call   19 returned 100%
call   20 returned 100%
branch 21 taken 100%
branch 22 taken 0%
call   23 never executed
call   24 never executed
        -:  158:
        2:  159:                    typename deque_type::iterator x_b = x.begin();
call    0 returned 100%
call    1 returned 100%
branch  2 taken 100% (fallthrough)
branch  3 taken 0% (throw)
        2:  160:                    typename deque_type::iterator y_b = y.begin();
call    0 returned 100%
call    1 returned 100%
branch  2 taken 100% (fallthrough)
branch  3 taken 0% (throw)
        -:  161:
        4:  162:                    ASSERT_FALSE(x_b == y_b);
call    0 returned 100%
call    1 returned 100%
branch  2 taken 100% (fallthrough)
branch  3 taken 0% (throw)
call    4 returned 100%
branch  5 taken 0% (fallthrough)
branch  6 taken 100%
call    7 never executed
branch  8 never executed
branch  9 never executed
call   10 never executed
branch 11 never executed
branch 12 never executed
call   13 never executed
call   14 never executed
branch 15 never executed
branch 16 never executed
call   17 never executed
branch 18 never executed
branch 19 never executed
call   20 never executed
call   21 never executed
call   22 never executed
call   23 returned 100%
branch 24 taken 100%
branch 25 taken 0%
call   26 returned 100%
branch 27 taken 100%
branch 28 taken 0%
call   29 never executed
call   30 never executed
call   31 never executed
call   32 never executed
call   33 never executed
call   34 returned 100%
call   35 returned 100%
branch 36 taken 100% (fallthrough)
branch 37 taken 0% (throw)
call   38 returned 100%
branch 39 taken 0% (fallthrough)
branch 40 taken 100%
call   41 never executed
branch 42 never executed
branch 43 never executed
call   44 never executed
branch 45 never executed
branch 46 never executed
call   47 never executed
call   48 never executed
branch 49 never executed
branch 50 never executed
call   51 never executed
branch 52 never executed
branch 53 never executed
call   54 never executed
call   55 never executed
call   56 never executed
call   57 returned 100%
branch 58 taken 100%
branch 59 taken 0%
call   60 returned 100%
branch 61 taken 100%
branch 62 taken 0%
call   63 never executed
call   64 never executed
call   65 never executed
call   66 never executed
call   67 never executed
        -:  163:                }
        -:  164:
function _ZN42Deque_Fixture_iter_equality_op_test_2_TestISt5dequeIiSaIiEEE8TestBodyEv called 1 returned 100% blocks executed 54%
function _ZN42Deque_Fixture_iter_equality_op_test_2_TestI8my_dequeIiSaIiEEE8TestBodyEv called 1 returned 100% blocks executed 52%
function _ZN42Deque_Fixture_iter_equality_op_test_2_TestISt5dequeIiSaIiEEED0Ev called 1 returned 100% blocks executed 100%
function _ZN42Deque_Fixture_iter_equality_op_test_2_TestISt5dequeIiSaIiEEED2Ev called 1 returned 100% blocks executed 75%
function _ZN42Deque_Fixture_iter_equality_op_test_2_TestI8my_dequeIiSaIiEEED0Ev called 1 returned 100% blocks executed 100%
function _ZN42Deque_Fixture_iter_equality_op_test_2_TestI8my_dequeIiSaIiEEED2Ev called 1 returned 100% blocks executed 75%
function _ZN42Deque_Fixture_iter_equality_op_test_2_TestISt5dequeIiSaIiEEEC2Ev called 1 returned 100% blocks executed 100%
function _ZN42Deque_Fixture_iter_equality_op_test_2_TestI8my_dequeIiSaIiEEEC2Ev called 1 returned 100% blocks executed 100%
        9:  165:                TYPED_TEST(Deque_Fixture, iter_equality_op_test_2) {
call    0 returned 100%
call    1 returned 100%
call    2 returned 100%
branch  3 taken 0% (fallthrough)
branch  4 taken 100%
call    5 never executed
call    6 returned 100%
call    7 returned 100%
call    8 returned 100%
branch  9 taken 0% (fallthrough)
branch 10 taken 100%
call   11 never executed
call   12 returned 100%
call   13 returned 100%
call   14 returned 100%
        -:  166:                    typedef typename TestFixture::deque_type deque_type;
        -:  167:
        2:  168:                    deque_type x(2); x[0] = 1; x[1] = 4;
call    0 returned 100%
branch  1 taken 100% (fallthrough)
branch  2 taken 0% (throw)
call    3 returned 100%
branch  4 taken 100% (fallthrough)
branch  5 taken 0% (throw)
call    6 returned 100%
branch  7 taken 100% (fallthrough)
branch  8 taken 0% (throw)
call    9 returned 100%
call   10 returned 100%
branch 11 taken 100% (fallthrough)
branch 12 taken 0% (throw)
call   13 returned 100%
call   14 returned 100%
call   15 returned 100%
call   16 never executed
        4:  169:                    deque_type y(2); y[0] = 1; y[1] = 3;
call    0 returned 100%
branch  1 taken 100% (fallthrough)
branch  2 taken 0% (throw)
call    3 returned 100%
branch  4 taken 100% (fallthrough)
branch  5 taken 0% (throw)
call    6 returned 100%
branch  7 taken 100% (fallthrough)
branch  8 taken 0% (throw)
call    9 returned 100%
branch 10 taken 100%
branch 11 taken 0%
call   12 never executed
call   13 returned 100%
call   14 returned 100%
branch 15 taken 100% (fallthrough)
branch 16 taken 0% (throw)
call   17 returned 100%
call   18 returned 100%
call   19 returned 100%
call   20 returned 100%
branch 21 taken 100%
branch 22 taken 0%
call   23 never executed
call   24 never executed
        -:  170:
        2:  171:                    typename deque_type::iterator x_b = x.begin();
call    0 returned 100%
call    1 returned 100%
branch  2 taken 100% (fallthrough)
branch  3 taken 0% (throw)
        2:  172:                    typename deque_type::iterator y_b = y.begin();
call    0 returned 100%
call    1 returned 100%
branch  2 taken 100% (fallthrough)
branch  3 taken 0% (throw)
        -:  173:
        2:  174:                    ++x_b;
call    0 returned 100%
branch  1 taken 100% (fallthrough)
branch  2 taken 0% (throw)
call    3 returned 100%
branch  4 taken 100% (fallthrough)
branch  5 taken 0% (throw)
        2:  175:                    ++y_b;
call    0 returned 100%
branch  1 taken 100% (fallthrough)
branch  2 taken 0% (throw)
call    3 returned 100%
branch  4 taken 100% (fallthrough)
branch  5 taken 0% (throw)
        -:  176:
        4:  177:                    ASSERT_FALSE(x_b == y_b);
call    0 returned 100%
call    1 returned 100%
branch  2 taken 100% (fallthrough)
branch  3 taken 0% (throw)
call    4 returned 100%
branch  5 taken 0% (fallthrough)
branch  6 taken 100%
call    7 never executed
branch  8 never executed
branch  9 never executed
call   10 never executed
branch 11 never executed
branch 12 never executed
call   13 never executed
call   14 never executed
branch 15 never executed
branch 16 never executed
call   17 never executed
branch 18 never executed
branch 19 never executed
call   20 never executed
call   21 never executed
call   22 never executed
call   23 returned 100%
branch 24 taken 100%
branch 25 taken 0%
call   26 returned 100%
branch 27 taken 100%
branch 28 taken 0%
call   29 never executed
call   30 never executed
call   31 never executed
call   32 never executed
call   33 never executed
call   34 returned 100%
call   35 returned 100%
branch 36 taken 100% (fallthrough)
branch 37 taken 0% (throw)
call   38 returned 100%
branch 39 taken 0% (fallthrough)
branch 40 taken 100%
call   41 never executed
branch 42 never executed
branch 43 never executed
call   44 never executed
branch 45 never executed
branch 46 never executed
call   47 never executed
call   48 never executed
branch 49 never executed
branch 50 never executed
call   51 never executed
branch 52 never executed
branch 53 never executed
call   54 never executed
call   55 never executed
call   56 never executed
call   57 returned 100%
branch 58 taken 100%
branch 59 taken 0%
call   60 returned 100%
branch 61 taken 100%
branch 62 taken 0%
call   63 never executed
call   64 never executed
call   65 never executed
call   66 never executed
call   67 never executed
        -:  178:                }
        -:  179:
function _ZN42Deque_Fixture_iter_equality_op_test_3_TestISt5dequeIiSaIiEEE8TestBodyEv called 1 returned 100% blocks executed 50%
function _ZN42Deque_Fixture_iter_equality_op_test_3_TestI8my_dequeIiSaIiEEE8TestBodyEv called 1 returned 100% blocks executed 49%
function _ZN42Deque_Fixture_iter_equality_op_test_3_TestISt5dequeIiSaIiEEED0Ev called 1 returned 100% blocks executed 100%
function _ZN42Deque_Fixture_iter_equality_op_test_3_TestISt5dequeIiSaIiEEED2Ev called 1 returned 100% blocks executed 75%
function _ZN42Deque_Fixture_iter_equality_op_test_3_TestI8my_dequeIiSaIiEEED0Ev called 1 returned 100% blocks executed 100%
function _ZN42Deque_Fixture_iter_equality_op_test_3_TestI8my_dequeIiSaIiEEED2Ev called 1 returned 100% blocks executed 75%
function _ZN42Deque_Fixture_iter_equality_op_test_3_TestISt5dequeIiSaIiEEEC2Ev called 1 returned 100% blocks executed 100%
function _ZN42Deque_Fixture_iter_equality_op_test_3_TestI8my_dequeIiSaIiEEEC2Ev called 1 returned 100% blocks executed 100%
        9:  180:                TYPED_TEST(Deque_Fixture, iter_equality_op_test_3) {
call    0 returned 100%
call    1 returned 100%
call    2 returned 100%
branch  3 taken 0% (fallthrough)
branch  4 taken 100%
call    5 never executed
call    6 returned 100%
call    7 returned 100%
call    8 returned 100%
branch  9 taken 0% (fallthrough)
branch 10 taken 100%
call   11 never executed
call   12 returned 100%
call   13 returned 100%
call   14 returned 100%
        -:  181:                    typedef typename TestFixture::deque_type deque_type;
        -:  182:
        2:  183:                    deque_type x(2); x[0] = 1; x[1] = 4;
call    0 returned 100%
branch  1 taken 100% (fallthrough)
branch  2 taken 0% (throw)
call    3 returned 100%
branch  4 taken 100% (fallthrough)
branch  5 taken 0% (throw)
call    6 returned 100%
branch  7 taken 100% (fallthrough)
branch  8 taken 0% (throw)
call    9 returned 100%
call   10 returned 100%
branch 11 taken 100% (fallthrough)
branch 12 taken 0% (throw)
call   13 returned 100%
call   14 returned 100%
call   15 returned 100%
call   16 never executed
        -:  184:
        2:  185:                    typename deque_type::iterator x_b = x.begin();
call    0 returned 100%
call    1 returned 100%
branch  2 taken 100% (fallthrough)
branch  3 taken 0% (throw)
        2:  186:                    typename deque_type::iterator x_e = x.end();
call    0 returned 100%
call    1 returned 100%
branch  2 taken 100% (fallthrough)
branch  3 taken 0% (throw)
        -:  187:
        2:  188:                    ++x_b;
call    0 returned 100%
branch  1 taken 100% (fallthrough)
branch  2 taken 0% (throw)
call    3 returned 100%
branch  4 taken 100% (fallthrough)
branch  5 taken 0% (throw)
        2:  189:                    ++x_b;
call    0 returned 100%
branch  1 taken 100% (fallthrough)
branch  2 taken 0% (throw)
call    3 returned 100%
branch  4 taken 100% (fallthrough)
branch  5 taken 0% (throw)
        -:  190:
        2:  191:                    ASSERT_TRUE(x_b == x_e);
call    0 returned 100%
call    1 returned 100%
branch  2 taken 100% (fallthrough)
branch  3 taken 0% (throw)
call    4 returned 100%
branch  5 taken 0% (fallthrough)
branch  6 taken 100%
call    7 never executed
branch  8 never executed
branch  9 never executed
call   10 never executed
branch 11 never executed
branch 12 never executed
call   13 never executed
call   14 never executed
branch 15 never executed
branch 16 never executed
call   17 never executed
branch 18 never executed
branch 19 never executed
call   20 never executed
call   21 never executed
call   22 never executed
call   23 returned 100%
branch 24 taken 100%
branch 25 taken 0%
call   26 returned 100%
branch 27 taken 100%
branch 28 taken 0%
call   29 never executed
call   30 never executed
call   31 never executed
call   32 never executed
call   33 never executed
call   34 returned 100%
call   35 returned 100%
branch 36 taken 100% (fallthrough)
branch 37 taken 0% (throw)
call   38 returned 100%
branch 39 taken 0% (fallthrough)
branch 40 taken 100%
call   41 never executed
branch 42 never executed
branch 43 never executed
call   44 never executed
branch 45 never executed
branch 46 never executed
call   47 never executed
call   48 never executed
branch 49 never executed
branch 50 never executed
call   51 never executed
branch 52 never executed
branch 53 never executed
call   54 never executed
call   55 never executed
call   56 never executed
call   57 returned 100%
branch 58 taken 100%
branch 59 taken 0%
call   60 returned 100%
branch 61 taken 100%
branch 62 taken 0%
call   63 never executed
call   64 never executed
call   65 never executed
call   66 never executed
call   67 never executed
        -:  192:                }
        -:  193:                // -----------
        -:  194:                // operator !=
        -:  195:                // -----------
        -:  196:
function _ZN44Deque_Fixture_iter_inequality_op_test_1_TestISt5dequeIiSaIiEEE8TestBodyEv called 1 returned 100% blocks executed 52%
function _ZN44Deque_Fixture_iter_inequality_op_test_1_TestI8my_dequeIiSaIiEEE8TestBodyEv called 1 returned 100% blocks executed 50%
function _ZN44Deque_Fixture_iter_inequality_op_test_1_TestISt5dequeIiSaIiEEED0Ev called 1 returned 100% blocks executed 100%
function _ZN44Deque_Fixture_iter_inequality_op_test_1_TestISt5dequeIiSaIiEEED2Ev called 1 returned 100% blocks executed 75%
function _ZN44Deque_Fixture_iter_inequality_op_test_1_TestI8my_dequeIiSaIiEEED0Ev called 1 returned 100% blocks executed 100%
function _ZN44Deque_Fixture_iter_inequality_op_test_1_TestI8my_dequeIiSaIiEEED2Ev called 1 returned 100% blocks executed 75%
function _ZN44Deque_Fixture_iter_inequality_op_test_1_TestISt5dequeIiSaIiEEEC2Ev called 1 returned 100% blocks executed 100%
function _ZN44Deque_Fixture_iter_inequality_op_test_1_TestI8my_dequeIiSaIiEEEC2Ev called 1 returned 100% blocks executed 100%
        9:  197:                TYPED_TEST(Deque_Fixture, iter_inequality_op_test_1) {
call    0 returned 100%
call    1 returned 100%
call    2 returned 100%
branch  3 taken 0% (fallthrough)
branch  4 taken 100%
call    5 never executed
call    6 returned 100%
call    7 returned 100%
call    8 returned 100%
branch  9 taken 0% (fallthrough)
branch 10 taken 100%
call   11 never executed
call   12 returned 100%
call   13 returned 100%
call   14 returned 100%
        -:  198:                    typedef typename TestFixture::deque_type deque_type;
        -:  199:
        2:  200:                    deque_type x(5); x[0] = 1; x[1] = 4;
call    0 returned 100%
branch  1 taken 100% (fallthrough)
branch  2 taken 0% (throw)
call    3 returned 100%
branch  4 taken 100% (fallthrough)
branch  5 taken 0% (throw)
call    6 returned 100%
branch  7 taken 100% (fallthrough)
branch  8 taken 0% (throw)
call    9 returned 100%
call   10 returned 100%
branch 11 taken 100% (fallthrough)
branch 12 taken 0% (throw)
call   13 returned 100%
call   14 returned 100%
call   15 returned 100%
call   16 never executed
        4:  201:                    deque_type y(5); y[0] = 1; y[1] = 3;
call    0 returned 100%
branch  1 taken 100% (fallthrough)
branch  2 taken 0% (throw)
call    3 returned 100%
branch  4 taken 100% (fallthrough)
branch  5 taken 0% (throw)
call    6 returned 100%
branch  7 taken 100% (fallthrough)
branch  8 taken 0% (throw)
call    9 returned 100%
branch 10 taken 100%
branch 11 taken 0%
call   12 never executed
call   13 returned 100%
call   14 returned 100%
branch 15 taken 100% (fallthrough)
branch 16 taken 0% (throw)
call   17 returned 100%
call   18 returned 100%
call   19 returned 100%
call   20 returned 100%
branch 21 taken 100%
branch 22 taken 0%
call   23 never executed
call   24 never executed
        -:  202:
        2:  203:                    typename deque_type::iterator x_b = x.begin();
call    0 returned 100%
call    1 returned 100%
branch  2 taken 100% (fallthrough)
branch  3 taken 0% (throw)
        2:  204:                    typename deque_type::iterator y_b = y.begin();
call    0 returned 100%
call    1 returned 100%
branch  2 taken 100% (fallthrough)
branch  3 taken 0% (throw)
        -:  205:
        4:  206:                    ASSERT_TRUE(x_b != y_b);
call    0 returned 100%
call    1 returned 100%
branch  2 taken 100% (fallthrough)
branch  3 taken 0% (throw)
call    4 returned 100%
branch  5 taken 0% (fallthrough)
branch  6 taken 100%
call    7 never executed
branch  8 never executed
branch  9 never executed
call   10 never executed
branch 11 never executed
branch 12 never executed
call   13 never executed
call   14 never executed
branch 15 never executed
branch 16 never executed
call   17 never executed
branch 18 never executed
branch 19 never executed
call   20 never executed
call   21 never executed
call   22 never executed
call   23 returned 100%
branch 24 taken 100%
branch 25 taken 0%
call   26 returned 100%
branch 27 taken 100%
branch 28 taken 0%
call   29 never executed
call   30 never executed
call   31 never executed
call   32 never executed
call   33 never executed
call   34 returned 100%
call   35 returned 100%
branch 36 taken 100% (fallthrough)
branch 37 taken 0% (throw)
call   38 returned 100%
branch 39 taken 0% (fallthrough)
branch 40 taken 100%
call   41 never executed
branch 42 never executed
branch 43 never executed
call   44 never executed
branch 45 never executed
branch 46 never executed
call   47 never executed
call   48 never executed
branch 49 never executed
branch 50 never executed
call   51 never executed
branch 52 never executed
branch 53 never executed
call   54 never executed
call   55 never executed
call   56 never executed
call   57 returned 100%
branch 58 taken 100%
branch 59 taken 0%
call   60 returned 100%
branch 61 taken 100%
branch 62 taken 0%
call   63 never executed
call   64 never executed
call   65 never executed
call   66 never executed
call   67 never executed
        -:  207:                }
        -:  208:
function _ZN44Deque_Fixture_iter_inequality_op_test_2_TestISt5dequeIiSaIiEEE8TestBodyEv called 1 returned 100% blocks executed 54%
function _ZN44Deque_Fixture_iter_inequality_op_test_2_TestI8my_dequeIiSaIiEEE8TestBodyEv called 1 returned 100% blocks executed 52%
function _ZN44Deque_Fixture_iter_inequality_op_test_2_TestISt5dequeIiSaIiEEED0Ev called 1 returned 100% blocks executed 100%
function _ZN44Deque_Fixture_iter_inequality_op_test_2_TestISt5dequeIiSaIiEEED2Ev called 1 returned 100% blocks executed 75%
function _ZN44Deque_Fixture_iter_inequality_op_test_2_TestI8my_dequeIiSaIiEEED0Ev called 1 returned 100% blocks executed 100%
function _ZN44Deque_Fixture_iter_inequality_op_test_2_TestI8my_dequeIiSaIiEEED2Ev called 1 returned 100% blocks executed 75%
function _ZN44Deque_Fixture_iter_inequality_op_test_2_TestISt5dequeIiSaIiEEEC2Ev called 1 returned 100% blocks executed 100%
function _ZN44Deque_Fixture_iter_inequality_op_test_2_TestI8my_dequeIiSaIiEEEC2Ev called 1 returned 100% blocks executed 100%
        9:  209:                TYPED_TEST(Deque_Fixture, iter_inequality_op_test_2) {
call    0 returned 100%
call    1 returned 100%
call    2 returned 100%
branch  3 taken 0% (fallthrough)
branch  4 taken 100%
call    5 never executed
call    6 returned 100%
call    7 returned 100%
call    8 returned 100%
branch  9 taken 0% (fallthrough)
branch 10 taken 100%
call   11 never executed
call   12 returned 100%
call   13 returned 100%
call   14 returned 100%
        -:  210:                    typedef typename TestFixture::deque_type deque_type;
        -:  211:
        2:  212:                    deque_type x(2); x[0] = 1; x[1] = 4;
call    0 returned 100%
branch  1 taken 100% (fallthrough)
branch  2 taken 0% (throw)
call    3 returned 100%
branch  4 taken 100% (fallthrough)
branch  5 taken 0% (throw)
call    6 returned 100%
branch  7 taken 100% (fallthrough)
branch  8 taken 0% (throw)
call    9 returned 100%
call   10 returned 100%
branch 11 taken 100% (fallthrough)
branch 12 taken 0% (throw)
call   13 returned 100%
call   14 returned 100%
call   15 returned 100%
call   16 never executed
        4:  213:                    deque_type y(2); y[0] = 1; y[1] = 3;
call    0 returned 100%
branch  1 taken 100% (fallthrough)
branch  2 taken 0% (throw)
call    3 returned 100%
branch  4 taken 100% (fallthrough)
branch  5 taken 0% (throw)
call    6 returned 100%
branch  7 taken 100% (fallthrough)
branch  8 taken 0% (throw)
call    9 returned 100%
branch 10 taken 100%
branch 11 taken 0%
call   12 never executed
call   13 returned 100%
call   14 returned 100%
branch 15 taken 100% (fallthrough)
branch 16 taken 0% (throw)
call   17 returned 100%
call   18 returned 100%
call   19 returned 100%
call   20 returned 100%
branch 21 taken 100%
branch 22 taken 0%
call   23 never executed
call   24 never executed
        -:  214:
        2:  215:                    typename deque_type::iterator x_b = x.begin();
call    0 returned 100%
call    1 returned 100%
branch  2 taken 100% (fallthrough)
branch  3 taken 0% (throw)
        2:  216:                    typename deque_type::iterator y_b = y.begin();
call    0 returned 100%
call    1 returned 100%
branch  2 taken 100% (fallthrough)
branch  3 taken 0% (throw)
        -:  217:
        2:  218:                    ++x_b;
call    0 returned 100%
branch  1 taken 100% (fallthrough)
branch  2 taken 0% (throw)
call    3 returned 100%
branch  4 taken 100% (fallthrough)
branch  5 taken 0% (throw)
        2:  219:                    ++y_b;
call    0 returned 100%
branch  1 taken 100% (fallthrough)
branch  2 taken 0% (throw)
call    3 returned 100%
branch  4 taken 100% (fallthrough)
branch  5 taken 0% (throw)
        -:  220:
        4:  221:                    ASSERT_TRUE(x_b != y_b);
call    0 returned 100%
call    1 returned 100%
branch  2 taken 100% (fallthrough)
branch  3 taken 0% (throw)
call    4 returned 100%
branch  5 taken 0% (fallthrough)
branch  6 taken 100%
call    7 never executed
branch  8 never executed
branch  9 never executed
call   10 never executed
branch 11 never executed
branch 12 never executed
call   13 never executed
call   14 never executed
branch 15 never executed
branch 16 never executed
call   17 never executed
branch 18 never executed
branch 19 never executed
call   20 never executed
call   21 never executed
call   22 never executed
call   23 returned 100%
branch 24 taken 100%
branch 25 taken 0%
call   26 returned 100%
branch 27 taken 100%
branch 28 taken 0%
call   29 never executed
call   30 never executed
call   31 never executed
call   32 never executed
call   33 never executed
call   34 returned 100%
call   35 returned 100%
branch 36 taken 100% (fallthrough)
branch 37 taken 0% (throw)
call   38 returned 100%
branch 39 taken 0% (fallthrough)
branch 40 taken 100%
call   41 never executed
branch 42 never executed
branch 43 never executed
call   44 never executed
branch 45 never executed
branch 46 never executed
call   47 never executed
call   48 never executed
branch 49 never executed
branch 50 never executed
call   51 never executed
branch 52 never executed
branch 53 never executed
call   54 never executed
call   55 never executed
call   56 never executed
call   57 returned 100%
branch 58 taken 100%
branch 59 taken 0%
call   60 returned 100%
branch 61 taken 100%
branch 62 taken 0%
call   63 never executed
call   64 never executed
call   65 never executed
call   66 never executed
call   67 never executed
        -:  222:                }
        -:  223:
function _ZN44Deque_Fixture_iter_inequality_op_test_3_TestISt5dequeIiSaIiEEE8TestBodyEv called 1 returned 100% blocks executed 50%
function _ZN44Deque_Fixture_iter_inequality_op_test_3_TestI8my_dequeIiSaIiEEE8TestBodyEv called 1 returned 100% blocks executed 49%
function _ZN44Deque_Fixture_iter_inequality_op_test_3_TestISt5dequeIiSaIiEEED0Ev called 1 returned 100% blocks executed 100%
function _ZN44Deque_Fixture_iter_inequality_op_test_3_TestISt5dequeIiSaIiEEED2Ev called 1 returned 100% blocks executed 75%
function _ZN44Deque_Fixture_iter_inequality_op_test_3_TestI8my_dequeIiSaIiEEED0Ev called 1 returned 100% blocks executed 100%
function _ZN44Deque_Fixture_iter_inequality_op_test_3_TestI8my_dequeIiSaIiEEED2Ev called 1 returned 100% blocks executed 75%
function _ZN44Deque_Fixture_iter_inequality_op_test_3_TestISt5dequeIiSaIiEEEC2Ev called 1 returned 100% blocks executed 100%
function _ZN44Deque_Fixture_iter_inequality_op_test_3_TestI8my_dequeIiSaIiEEEC2Ev called 1 returned 100% blocks executed 100%
        9:  224:                TYPED_TEST(Deque_Fixture, iter_inequality_op_test_3) {
call    0 returned 100%
call    1 returned 100%
call    2 returned 100%
branch  3 taken 0% (fallthrough)
branch  4 taken 100%
call    5 never executed
call    6 returned 100%
call    7 returned 100%
call    8 returned 100%
branch  9 taken 0% (fallthrough)
branch 10 taken 100%
call   11 never executed
call   12 returned 100%
call   13 returned 100%
call   14 returned 100%
        -:  225:                    typedef typename TestFixture::deque_type deque_type;
        -:  226:
        2:  227:                    deque_type x(2); x[0] = 1; x[1] = 4;
call    0 returned 100%
branch  1 taken 100% (fallthrough)
branch  2 taken 0% (throw)
call    3 returned 100%
branch  4 taken 100% (fallthrough)
branch  5 taken 0% (throw)
call    6 returned 100%
branch  7 taken 100% (fallthrough)
branch  8 taken 0% (throw)
call    9 returned 100%
call   10 returned 100%
branch 11 taken 100% (fallthrough)
branch 12 taken 0% (throw)
call   13 returned 100%
call   14 returned 100%
call   15 returned 100%
call   16 never executed
        -:  228:
        2:  229:                    typename deque_type::iterator x_b = x.begin();
call    0 returned 100%
call    1 returned 100%
[...]
branch 25 taken 100%
branch 26 taken 0%
call   27 never executed
call   28 never executed
call   29 never executed
call   30 never executed
call   31 returned 100%
call   32 returned 100%
branch 33 taken 100% (fallthrough)
branch 34 taken 0% (throw)
call   35 returned 100%
branch 36 taken 0% (fallthrough)
branch 37 taken 100%
call   38 never executed
branch 39 never executed
branch 40 never executed
call   41 never executed
branch 42 never executed
branch 43 never executed
call   44 never executed
branch 45 never executed
branch 46 never executed
call   47 never executed
branch 48 never executed
branch 49 never executed
call   50 never executed
call   51 never executed
call   52 returned 100%
branch 53 taken 100%
branch 54 taken 0%
call   55 returned 100%
branch 56 taken 100%
branch 57 taken 0%
call   58 never executed
call   59 never executed
call   60 never executed
call   61 never executed
        -: 2172:        }
        -: 2173:
        -: 2174:        // ----
        -: 2175:        // swap
        -: 2176:        // ----
        -: 2177:
function _ZN36Deque_Fixture_deque_swap_test_1_TestISt5dequeIiSaIiEEE8TestBodyEv called 1 returned 100% blocks executed 48%
function _ZN36Deque_Fixture_deque_swap_test_1_TestI8my_dequeIiSaIiEEE8TestBodyEv called 1 returned 100% blocks executed 47%
function _ZN36Deque_Fixture_deque_swap_test_1_TestISt5dequeIiSaIiEEED0Ev called 1 returned 100% blocks executed 100%
function _ZN36Deque_Fixture_deque_swap_test_1_TestISt5dequeIiSaIiEEED2Ev called 1 returned 100% blocks executed 75%
function _ZN36Deque_Fixture_deque_swap_test_1_TestI8my_dequeIiSaIiEEED0Ev called 1 returned 100% blocks executed 100%
function _ZN36Deque_Fixture_deque_swap_test_1_TestI8my_dequeIiSaIiEEED2Ev called 1 returned 100% blocks executed 75%
function _ZN36Deque_Fixture_deque_swap_test_1_TestISt5dequeIiSaIiEEEC2Ev called 1 returned 100% blocks executed 100%
function _ZN36Deque_Fixture_deque_swap_test_1_TestI8my_dequeIiSaIiEEEC2Ev called 1 returned 100% blocks executed 100%
        9: 2178:        TYPED_TEST(Deque_Fixture, deque_swap_test_1) {
call    0 returned 100%
call    1 returned 100%
call    2 returned 100%
branch  3 taken 0% (fallthrough)
branch  4 taken 100%
call    5 never executed
call    6 returned 100%
call    7 returned 100%
call    8 returned 100%
branch  9 taken 0% (fallthrough)
branch 10 taken 100%
call   11 never executed
call   12 returned 100%
call   13 returned 100%
call   14 returned 100%
        -: 2179:            typedef typename TestFixture::deque_type deque_type;
        -: 2180:
        2: 2181:            deque_type x(3); x[0] = 1; x[1] = 2; x[2] = 3;
call    0 returned 100%
branch  1 taken 100% (fallthrough)
branch  2 taken 0% (throw)
call    3 returned 100%
branch  4 taken 100% (fallthrough)
branch  5 taken 0% (throw)
call    6 returned 100%
branch  7 taken 100% (fallthrough)
branch  8 taken 0% (throw)
call    9 returned 100%
branch 10 taken 100% (fallthrough)
branch 11 taken 0% (throw)
call   12 returned 100%
call   13 returned 100%
branch 14 taken 100% (fallthrough)
branch 15 taken 0% (throw)
call   16 returned 100%
call   17 returned 100%
call   18 returned 100%
call   19 returned 100%
call   20 never executed
        4: 2182:            deque_type x_copy = x;
call    0 returned 100%
branch  1 taken 100% (fallthrough)
branch  2 taken 0% (throw)
call    3 returned 100%
branch  4 taken 100%
branch  5 taken 0%
call    6 never executed
call    7 returned 100%
branch  8 taken 100% (fallthrough)
branch  9 taken 0% (throw)
call   10 returned 100%
branch 11 taken 100%
branch 12 taken 0%
call   13 never executed
        4: 2183:            deque_type y(3); y[0] = 10; y[1] = 20; y[2] = 30;
call    0 returned 100%
branch  1 taken 100% (fallthrough)
branch  2 taken 0% (throw)
call    3 returned 100%
branch  4 taken 100% (fallthrough)
branch  5 taken 0% (throw)
call    6 returned 100%
branch  7 taken 100% (fallthrough)
branch  8 taken 0% (throw)
call    9 returned 100%
branch 10 taken 100% (fallthrough)
branch 11 taken 0% (throw)
call   12 returned 100%
branch 13 taken 100%
branch 14 taken 0%
call   15 never executed
call   16 returned 100%
call   17 returned 100%
branch 18 taken 100% (fallthrough)
branch 19 taken 0% (throw)
call   20 returned 100%
call   21 returned 100%
call   22 returned 100%
call   23 returned 100%
call   24 returned 100%
branch 25 taken 100%
branch 26 taken 0%
call   27 never executed
call   28 never executed
        4: 2184:            deque_type y_copy = y;
call    0 returned 100%
branch  1 taken 100% (fallthrough)
branch  2 taken 0% (throw)
call    3 returned 100%
branch  4 taken 100%
branch  5 taken 0%
call    6 never executed
call    7 returned 100%
branch  8 taken 100% (fallthrough)
branch  9 taken 0% (throw)
call   10 returned 100%
branch 11 taken 100%
branch 12 taken 0%
call   13 never executed
        -: 2185:
        2: 2186:            x.swap(y);
call    0 returned 100%
branch  1 taken 100% (fallthrough)
branch  2 taken 0% (throw)
call    3 returned 100%
branch  4 taken 100% (fallthrough)
branch  5 taken 0% (throw)
        2: 2187:            ASSERT_TRUE(x == y_copy);
call    0 returned 100%
branch  1 taken 100% (fallthrough)
branch  2 taken 0% (throw)
call    3 returned 100%
branch  4 taken 100% (fallthrough)
branch  5 taken 0% (throw)
call    6 returned 100%
branch  7 taken 0% (fallthrough)
branch  8 taken 100%
call    9 never executed
branch 10 never executed
branch 11 never executed
call   12 never executed
branch 13 never executed
branch 14 never executed
call   15 never executed
call   16 never executed
branch 17 never executed
branch 18 never executed
call   19 never executed
branch 20 never executed
branch 21 never executed
call   22 never executed
call   23 never executed
call   24 never executed
call   25 returned 100%
branch 26 taken 100%
branch 27 taken 0%
call   28 never executed
call   29 never executed
call   30 never executed
call   31 never executed
call   32 returned 100%
branch 33 taken 100% (fallthrough)
branch 34 taken 0% (throw)
call   35 returned 100%
branch 36 taken 100% (fallthrough)
branch 37 taken 0% (throw)
call   38 returned 100%
branch 39 taken 0% (fallthrough)
branch 40 taken 100%
call   41 never executed
branch 42 never executed
branch 43 never executed
call   44 never executed
branch 45 never executed
branch 46 never executed
call   47 never executed
call   48 never executed
branch 49 never executed
branch 50 never executed
call   51 never executed
branch 52 never executed
branch 53 never executed
call   54 never executed
call   55 never executed
call   56 never executed
call   57 returned 100%
branch 58 taken 100%
branch 59 taken 0%
call   60 never executed
call   61 never executed
call   62 never executed
call   63 never executed
        4: 2188:            ASSERT_TRUE(y == x_copy);
call    0 returned 100%
branch  1 taken 100% (fallthrough)
branch  2 taken 0% (throw)
call    3 returned 100%
branch  4 taken 100% (fallthrough)
branch  5 taken 0% (throw)
call    6 returned 100%
branch  7 taken 0% (fallthrough)
branch  8 taken 100%
call    9 never executed
branch 10 never executed
branch 11 never executed
call   12 never executed
branch 13 never executed
branch 14 never executed
call   15 never executed
call   16 never executed
branch 17 never executed
branch 18 never executed
call   19 never executed
branch 20 never executed
branch 21 never executed
call   22 never executed
call   23 never executed
call   24 never executed
call   25 returned 100%
branch 26 taken 100%
branch 27 taken 0%
call   28 returned 100%
branch 29 taken 100%
branch 30 taken 0%
call   31 never executed
call   32 never executed
call   33 never executed
call   34 never executed
call   35 never executed
call   36 returned 100%
branch 37 taken 100% (fallthrough)
branch 38 taken 0% (throw)
call   39 returned 100%
branch 40 taken 100% (fallthrough)
branch 41 taken 0% (throw)
call   42 returned 100%
branch 43 taken 0% (fallthrough)
branch 44 taken 100%
call   45 never executed
branch 46 never executed
branch 47 never executed
call   48 never executed
branch 49 never executed
branch 50 never executed
call   51 never executed
call   52 never executed
branch 53 never executed
branch 54 never executed
call   55 never executed
branch 56 never executed
branch 57 never executed
call   58 never executed
call   59 never executed
call   60 never executed
call   61 returned 100%
branch 62 taken 100%
branch 63 taken 0%
call   64 returned 100%
branch 65 taken 100%
branch 66 taken 0%
call   67 never executed
call   68 never executed
call   69 never executed
call   70 never executed
call   71 never executed
        -: 2189:        }
        -: 2190:
function _ZN36Deque_Fixture_deque_swap_test_2_TestISt5dequeIiSaIiEEE8TestBodyEv called 1 returned 100% blocks executed 42%
function _ZN36Deque_Fixture_deque_swap_test_2_TestI8my_dequeIiSaIiEEE8TestBodyEv called 1 returned 100% blocks executed 42%
function _ZN36Deque_Fixture_deque_swap_test_2_TestISt5dequeIiSaIiEEED0Ev called 1 returned 100% blocks executed 100%
function _ZN36Deque_Fixture_deque_swap_test_2_TestISt5dequeIiSaIiEEED2Ev called 1 returned 100% blocks executed 75%
function _ZN36Deque_Fixture_deque_swap_test_2_TestI8my_dequeIiSaIiEEED0Ev called 1 returned 100% blocks executed 100%
function _ZN36Deque_Fixture_deque_swap_test_2_TestI8my_dequeIiSaIiEEED2Ev called 1 returned 100% blocks executed 75%
function _ZN36Deque_Fixture_deque_swap_test_2_TestISt5dequeIiSaIiEEEC2Ev called 1 returned 100% blocks executed 100%
function _ZN36Deque_Fixture_deque_swap_test_2_TestI8my_dequeIiSaIiEEEC2Ev called 1 returned 100% blocks executed 100%
        9: 2191:        TYPED_TEST(Deque_Fixture, deque_swap_test_2) {
call    0 returned 100%
call    1 returned 100%
call    2 returned 100%
branch  3 taken 0% (fallthrough)
branch  4 taken 100%
call    5 never executed
call    6 returned 100%
call    7 returned 100%
call    8 returned 100%
branch  9 taken 0% (fallthrough)
branch 10 taken 100%
call   11 never executed
call   12 returned 100%
call   13 returned 100%
call   14 returned 100%
        -: 2192:            typedef typename TestFixture::deque_type deque_type;
        -: 2193:
        2: 2194:            deque_type x(1); x[0] = 1;
call    0 returned 100%
branch  1 taken 100% (fallthrough)
branch  2 taken 0% (throw)
call    3 returned 100%
branch  4 taken 100% (fallthrough)
branch  5 taken 0% (throw)
call    6 returned 100%
call    7 returned 100%
branch  8 taken 100% (fallthrough)
branch  9 taken 0% (throw)
call   10 returned 100%
call   11 returned 100%
call   12 never executed
        4: 2195:            deque_type x_copy = x;
call    0 returned 100%
branch  1 taken 100% (fallthrough)
branch  2 taken 0% (throw)
call    3 returned 100%
branch  4 taken 100%
branch  5 taken 0%
call    6 never executed
call    7 returned 100%
branch  8 taken 100% (fallthrough)
branch  9 taken 0% (throw)
call   10 returned 100%
branch 11 taken 100%
branch 12 taken 0%
call   13 never executed
        4: 2196:            deque_type y(3); y[0] = 10; y[1] = 20; y[2] = 30;
call    0 returned 100%
branch  1 taken 100% (fallthrough)
branch  2 taken 0% (throw)
call    3 returned 100%
branch  4 taken 100% (fallthrough)
branch  5 taken 0% (throw)
call    6 returned 100%
branch  7 taken 100% (fallthrough)
branch  8 taken 0% (throw)
call    9 returned 100%
branch 10 taken 100% (fallthrough)
branch 11 taken 0% (throw)
call   12 returned 100%
branch 13 taken 100%
branch 14 taken 0%
call   15 never executed
call   16 returned 100%
call   17 returned 100%
branch 18 taken 100% (fallthrough)
branch 19 taken 0% (throw)
call   20 returned 100%
call   21 returned 100%
call   22 returned 100%
call   23 returned 100%
call   24 returned 100%
branch 25 taken 100%
branch 26 taken 0%
call   27 never executed
call   28 never executed
        4: 2197:            deque_type y_copy = y;
call    0 returned 100%
branch  1 taken 100% (fallthrough)
branch  2 taken 0% (throw)
call    3 returned 100%
branch  4 taken 100%
branch  5 taken 0%
call    6 never executed
call    7 returned 100%
branch  8 taken 100% (fallthrough)
branch  9 taken 0% (throw)
call   10 returned 100%
branch 11 taken 100%
branch 12 taken 0%
call   13 never executed
        -: 2198:
        2: 2199:            x.swap(y);
call    0 returned 100%
branch  1 taken 100% (fallthrough)
branch  2 taken 0% (throw)
call    3 returned 100%
branch  4 taken 100% (fallthrough)
branch  5 taken 0% (throw)
        2: 2200:            ASSERT_EQ(x.size(), 3);
call    0 returned 100%
call    1 returned 100%
branch  2 taken 100% (fallthrough)
branch  3 taken 0% (throw)
call    4 returned 100%
branch  5 taken 0% (fallthrough)
branch  6 taken 100%
call    7 never executed
branch  8 never executed
branch  9 never executed
call   10 never executed
branch 11 never executed
branch 12 never executed
call   13 never executed
branch 14 never executed
branch 15 never executed
call   16 never executed
branch 17 never executed
branch 18 never executed
call   19 never executed
call   20 never executed
call   21 returned 100%
branch 22 taken 100%
branch 23 taken 0%
call   24 never executed
call   25 never executed
call   26 never executed
call   27 returned 100%
call   28 returned 100%
branch 29 taken 100% (fallthrough)
branch 30 taken 0% (throw)
call   31 returned 100%
branch 32 taken 0% (fallthrough)
branch 33 taken 100%
call   34 never executed
branch 35 never executed
branch 36 never executed
call   37 never executed
branch 38 never executed
branch 39 never executed
call   40 never executed
branch 41 never executed
branch 42 never executed
call   43 never executed
branch 44 never executed
branch 45 never executed
call   46 never executed
call   47 never executed
call   48 returned 100%
branch 49 taken 100%
branch 50 taken 0%
call   51 never executed
call   52 never executed
call   53 never executed
        2: 2201:            ASSERT_EQ(y.size(), 1);
call    0 returned 100%
call    1 returned 100%
branch  2 taken 100% (fallthrough)
branch  3 taken 0% (throw)
call    4 returned 100%
branch  5 taken 0% (fallthrough)
branch  6 taken 100%
call    7 never executed
branch  8 never executed
branch  9 never executed
call   10 never executed
branch 11 never executed
branch 12 never executed
call   13 never executed
branch 14 never executed
branch 15 never executed
call   16 never executed
branch 17 never executed
branch 18 never executed
call   19 never executed
call   20 never executed
call   21 returned 100%
branch 22 taken 100%
branch 23 taken 0%
call   24 never executed
call   25 never executed
call   26 never executed
call   27 returned 100%
call   28 returned 100%
branch 29 taken 100% (fallthrough)
branch 30 taken 0% (throw)
call   31 returned 100%
branch 32 taken 0% (fallthrough)
branch 33 taken 100%
call   34 never executed
branch 35 never executed
branch 36 never executed
call   37 never executed
branch 38 never executed
branch 39 never executed
call   40 never executed
branch 41 never executed
branch 42 never executed
call   43 never executed
branch 44 never executed
branch 45 never executed
call   46 never executed
call   47 never executed
call   48 returned 100%
branch 49 taken 100%
branch 50 taken 0%
call   51 never executed
call   52 never executed
call   53 never executed
        2: 2202:            ASSERT_TRUE(x == y_copy);
call    0 returned 100%
branch  1 taken 100% (fallthrough)
branch  2 taken 0% (throw)
call    3 returned 100%
branch  4 taken 100% (fallthrough)
branch  5 taken 0% (throw)
call    6 returned 100%
branch  7 taken 0% (fallthrough)
branch  8 taken 100%
call    9 never executed
branch 10 never executed
branch 11 never executed
call   12 never executed
branch 13 never executed
branch 14 never executed
call   15 never executed
call   16 never executed
branch 17 never executed
branch 18 never executed
call   19 never executed
branch 20 never executed
branch 21 never executed
call   22 never executed
call   23 never executed
call   24 never executed
call   25 returned 100%
branch 26 taken 100%
branch 27 taken 0%
call   28 never executed
call   29 never executed
call   30 never executed
call   31 never executed
call   32 returned 100%
branch 33 taken 100% (fallthrough)
branch 34 taken 0% (throw)
call   35 returned 100%
branch 36 taken 100% (fallthrough)
branch 37 taken 0% (throw)
call   38 returned 100%
branch 39 taken 0% (fallthrough)
branch 40 taken 100%
call   41 never executed
branch 42 never executed
branch 43 never executed
call   44 never executed
branch 45 never executed
branch 46 never executed
call   47 never executed
call   48 never executed
branch 49 never executed
branch 50 never executed
call   51 never executed
branch 52 never executed
branch 53 never executed
call   54 never executed
call   55 never executed
call   56 never executed
call   57 returned 100%
branch 58 taken 100%
branch 59 taken 0%
call   60 never executed
call   61 never executed
call   62 never executed
call   63 never executed
        4: 2203:            ASSERT_TRUE(y == x_copy);
call    0 returned 100%
branch  1 taken 100% (fallthrough)
branch  2 taken 0% (throw)
call    3 returned 100%
branch  4 taken 100% (fallthrough)
branch  5 taken 0% (throw)
call    6 returned 100%
branch  7 taken 0% (fallthrough)
branch  8 taken 100%
call    9 never executed
branch 10 never executed
branch 11 never executed
call   12 never executed
branch 13 never executed
branch 14 never executed
call   15 never executed
call   16 never executed
branch 17 never executed
branch 18 never executed
call   19 never executed
branch 20 never executed
branch 21 never executed
call   22 never executed
call   23 never executed
call   24 never executed
call   25 returned 100%
branch 26 taken 100%
branch 27 taken 0%
call   28 returned 100%
branch 29 taken 100%
branch 30 taken 0%
call   31 never executed
call   32 never executed
call   33 never executed
call   34 never executed
call   35 never executed
call   36 returned 100%
branch 37 taken 100% (fallthrough)
branch 38 taken 0% (throw)
call   39 returned 100%
branch 40 taken 100% (fallthrough)
branch 41 taken 0% (throw)
call   42 returned 100%
branch 43 taken 0% (fallthrough)
branch 44 taken 100%
call   45 never executed
branch 46 never executed
branch 47 never executed
call   48 never executed
branch 49 never executed
branch 50 never executed
call   51 never executed
call   52 never executed
branch 53 never executed
branch 54 never executed
call   55 never executed
branch 56 never executed
branch 57 never executed
call   58 never executed
call   59 never executed
call   60 never executed
call   61 returned 100%
branch 62 taken 100%
branch 63 taken 0%
call   64 returned 100%
branch 65 taken 100%
branch 66 taken 0%
call   67 never executed
call   68 never executed
call   69 never executed
call   70 never executed
call   71 never executed
function _GLOBAL__sub_I_gtest_Deque_Fixture_deque_equality_op_test_1_registered_ called 1 returned 100% blocks executed 100%
function _Z41__static_initialization_and_destruction_0ii called 1 returned 100% blocks executed 100%
        3: 2204:        }
call    0 returned 100%
branch  1 taken 100% (fallthrough)
branch  2 taken 0%
branch  3 taken 100% (fallthrough)
branch  4 taken 0%
        -: 2205:
        -: 2206:       /* TYPED_TEST(Deque_Fixture, deque_swap_test_3) {
        -: 2207:            typedef typename TestFixture::deque_type deque_type;
        -: 2208:
        -: 2209:            deque_type x;
        -: 2210:            deque_type x_copy = x;
        -: 2211:            deque_type y(3); y[0] = 10; y[1] = 20; y[2] = 30;
        -: 2212:            deque_type y_copy = y;
        -: 2213:
        -: 2214:            x.swap(y);
        -: 2215:            ASSERT_FALSE(x.empty());
        -: 2216:            ASSERT_TRUE(y.empty());
        -: 2217:            ASSERT_EQ(x.size(), 3);
        -: 2218:            ASSERT_EQ(y.size(), 0);
        -: 2219:            ASSERT_TRUE(x == y_copy);
        -: 2220:            ASSERT_TRUE(y == x_copy);
        -: 2221:        }
        -: 2222:*/
