        -:    0:Source:TestDeque.c++
        -:    0:Graph:TestDeque.gcno
        -:    0:Data:TestDeque.gcda
        -:    0:Runs:1
        -:    0:Programs:1
        -:    1:// --------------------------------
        -:    2:// projects/c++/deque/TestDeque.c++
        -:    3:// Copyright (C) 2015
        -:    4:// Glenn P. Downing
        -:    5:// --------------------------------
        -:    6:
        -:    7:// http://www.cplusplus.com/reference/deque/deque/
        -:    8:
        -:    9:// --------
        -:   10:// includes
        -:   11:// --------
        -:   12:
        -:   13:#include <deque>     // deque
        -:   14:#include <stdexcept> // invalid_argument, out_of_range
        -:   15:
        -:   16:#include "gtest/gtest.h"
        -:   17:
        -:   18:#include "Deque.h"
        -:   19:
        -:   20:// -----
        -:   21:// Using
        -:   22:// -----
        -:   23:
        -:   24:using namespace std;
        -:   25:
        -:   26:using testing::Test;
        -:   27:using testing::Types;
        -:   28:
        -:   29:// -----
        -:   30:// Types
        -:   31:// -----
        -:   32:
        -:   33:template <typename T>
function _ZN13Deque_FixtureISt5dequeIiSaIiEEED0Ev called 0 returned 0% blocks executed 0%
function _ZN13Deque_FixtureISt5dequeIiSaIiEEED2Ev called 45 returned 100% blocks executed 75%
function _ZN13Deque_FixtureISt5dequeIiSaIiEEEC2Ev called 45 returned 100% blocks executed 100%
function _ZN13Deque_FixtureI8my_dequeIiSaIiEEED0Ev called 0 returned 0% blocks executed 0%
function _ZN13Deque_FixtureI8my_dequeIiSaIiEEED2Ev called 45 returned 100% blocks executed 75%
function _ZN13Deque_FixtureI8my_dequeIiSaIiEEEC2Ev called 45 returned 100% blocks executed 100%
      180:   34:struct Deque_Fixture : Test {
call    0 never executed
call    1 never executed
call    2 returned 100%
branch  3 taken 0% (fallthrough)
branch  4 taken 100%
call    5 never executed
call    6 returned 100%
call    7 never executed
call    8 never executed
call    9 returned 100%
branch 10 taken 0% (fallthrough)
branch 11 taken 100%
call   12 never executed
call   13 returned 100%
        -:   35:    typedef T                               deque_type;
        -:   36:    typedef typename deque_type::value_type value_type;};
        -:   37:
        -:   38:typedef Types<
        -:   39:               deque<int>,
        -:   40:            my_deque<int>>
        -:   41:        deque_types;
        -:   42:
        -:   43:TYPED_TEST_CASE(Deque_Fixture, deque_types);
        -:   44:
        -:   45:// -----
        -:   46:// Tests
        -:   47:// -----
        -:   48:
function _ZN25Deque_Fixture_test_1_TestISt5dequeIiSaIiEEE8TestBodyEv called 1 returned 100% blocks executed 38%
function _ZN25Deque_Fixture_test_1_TestI8my_dequeIiSaIiEEE8TestBodyEv called 1 returned 100% blocks executed 39%
function _ZN25Deque_Fixture_test_1_TestISt5dequeIiSaIiEEED0Ev called 1 returned 100% blocks executed 100%
function _ZN25Deque_Fixture_test_1_TestISt5dequeIiSaIiEEED2Ev called 1 returned 100% blocks executed 75%
function _ZN25Deque_Fixture_test_1_TestI8my_dequeIiSaIiEEED0Ev called 1 returned 100% blocks executed 100%
function _ZN25Deque_Fixture_test_1_TestI8my_dequeIiSaIiEEED2Ev called 1 returned 100% blocks executed 75%
function _ZN25Deque_Fixture_test_1_TestISt5dequeIiSaIiEEEC2Ev called 1 returned 100% blocks executed 100%
function _ZN25Deque_Fixture_test_1_TestI8my_dequeIiSaIiEEEC2Ev called 1 returned 100% blocks executed 100%
        9:   49:TYPED_TEST(Deque_Fixture, test_1) {
call    0 returned 100%
call    1 returned 100%
call    2 returned 100%
branch  3 taken 0% (fallthrough)
branch  4 taken 100%
call    5 never executed
call    6 returned 100%
call    7 returned 100%
call    8 returned 100%
branch  9 taken 0% (fallthrough)
branch 10 taken 100%
call   11 never executed
call   12 returned 100%
call   13 returned 100%
call   14 returned 100%
        -:   50:    typedef typename TestFixture::deque_type deque_type;
        -:   51:
        2:   52:    const deque_type x;
call    0 returned 100%
branch  1 taken 100% (fallthrough)
branch  2 taken 0% (throw)
call    3 returned 100%
call    4 returned 100%
branch  5 taken 100% (fallthrough)
branch  6 taken 0% (throw)
call    7 returned 100%
        2:   53:    ASSERT_TRUE(x.empty());
call    0 returned 100%
call    1 returned 100%
branch  2 taken 100% (fallthrough)
branch  3 taken 0% (throw)
call    4 returned 100%
branch  5 taken 0% (fallthrough)
branch  6 taken 100%
call    7 never executed
branch  8 never executed
branch  9 never executed
call   10 never executed
branch 11 never executed
branch 12 never executed
call   13 never executed
call   14 never executed
branch 15 never executed
branch 16 never executed
call   17 never executed
branch 18 never executed
branch 19 never executed
call   20 never executed
call   21 never executed
call   22 never executed
call   23 returned 100%
branch 24 taken 100%
branch 25 taken 0%
call   26 never executed
call   27 never executed
call   28 never executed
call   29 never executed
call   30 returned 100%
branch 31 taken 100% (fallthrough)
branch 32 taken 0% (throw)
call   33 returned 100%
branch 34 taken 100% (fallthrough)
branch 35 taken 0% (throw)
call   36 returned 100%
branch 37 taken 0% (fallthrough)
branch 38 taken 100%
call   39 never executed
branch 40 never executed
branch 41 never executed
call   42 never executed
branch 43 never executed
branch 44 never executed
call   45 never executed
call   46 never executed
branch 47 never executed
branch 48 never executed
call   49 never executed
branch 50 never executed
branch 51 never executed
call   52 never executed
call   53 never executed
call   54 never executed
call   55 returned 100%
branch 56 taken 100%
branch 57 taken 0%
call   58 never executed
call   59 never executed
call   60 never executed
call   61 never executed
        2:   54:    ASSERT_EQ(x.size(),0);}
call    0 returned 100%
call    1 returned 100%
branch  2 taken 100% (fallthrough)
branch  3 taken 0% (throw)
call    4 returned 100%
branch  5 taken 0% (fallthrough)
branch  6 taken 100%
call    7 never executed
branch  8 never executed
branch  9 never executed
call   10 never executed
branch 11 never executed
branch 12 never executed
call   13 never executed
branch 14 never executed
branch 15 never executed
call   16 never executed
branch 17 never executed
branch 18 never executed
call   19 never executed
call   20 never executed
call   21 returned 100%
branch 22 taken 100%
branch 23 taken 0%
call   24 returned 100%
branch 25 taken 100%
branch 26 taken 0%
call   27 never executed
call   28 never executed
call   29 never executed
call   30 never executed
call   31 returned 100%
call   32 returned 100%
branch 33 taken 100% (fallthrough)
branch 34 taken 0% (throw)
call   35 returned 100%
branch 36 taken 0% (fallthrough)
branch 37 taken 100%
call   38 never executed
branch 39 never executed
branch 40 never executed
call   41 never executed
branch 42 never executed
branch 43 never executed
call   44 never executed
branch 45 never executed
branch 46 never executed
call   47 never executed
branch 48 never executed
branch 49 never executed
call   50 never executed
call   51 never executed
call   52 returned 100%
branch 53 taken 100%
branch 54 taken 0%
call   55 returned 100%
branch 56 taken 100%
branch 57 taken 0%
call   58 never executed
call   59 never executed
call   60 never executed
call   61 never executed
call   62 never executed
        -:   55:
        -:   56:        // -----------
        -:   57:        // operator ==
        -:   58:        // -----------
        -:   59:
function _ZN27Deque_Fixture_equalop1_TestISt5dequeIiSaIiEEE8TestBodyEv called 1 returned 100% blocks executed 48%
function _ZN27Deque_Fixture_equalop1_TestI8my_dequeIiSaIiEEE8TestBodyEv called 1 returned 100% blocks executed 47%
function _ZN27Deque_Fixture_equalop1_TestISt5dequeIiSaIiEEED0Ev called 1 returned 100% blocks executed 100%
function _ZN27Deque_Fixture_equalop1_TestISt5dequeIiSaIiEEED2Ev called 1 returned 100% blocks executed 75%
function _ZN27Deque_Fixture_equalop1_TestI8my_dequeIiSaIiEEED0Ev called 1 returned 100% blocks executed 100%
function _ZN27Deque_Fixture_equalop1_TestI8my_dequeIiSaIiEEED2Ev called 1 returned 100% blocks executed 75%
function _ZN27Deque_Fixture_equalop1_TestISt5dequeIiSaIiEEEC2Ev called 1 returned 100% blocks executed 100%
function _ZN27Deque_Fixture_equalop1_TestI8my_dequeIiSaIiEEEC2Ev called 1 returned 100% blocks executed 100%
        9:   60:        TYPED_TEST(Deque_Fixture, equalop1) {
call    0 returned 100%
call    1 returned 100%
call    2 returned 100%
branch  3 taken 0% (fallthrough)
branch  4 taken 100%
call    5 never executed
call    6 returned 100%
call    7 returned 100%
call    8 returned 100%
branch  9 taken 0% (fallthrough)
branch 10 taken 100%
call   11 never executed
call   12 returned 100%
call   13 returned 100%
call   14 returned 100%
        -:   61:            typedef typename TestFixture::deque_type deque_type;
        -:   62:
        2:   63:            deque_type x(1); 
call    0 returned 100%
branch  1 taken 100% (fallthrough)
branch  2 taken 0% (throw)
call    3 returned 100%
call    4 returned 100%
branch  5 taken 100% (fallthrough)
branch  6 taken 0% (throw)
call    7 returned 100%
call    8 never executed
        2:   64:            x[1];
call    0 returned 100%
branch  1 taken 100% (fallthrough)
branch  2 taken 0% (throw)
call    3 returned 100%
        4:   65:            deque_type y(1); 
call    0 returned 100%
branch  1 taken 100% (fallthrough)
branch  2 taken 0% (throw)
call    3 returned 100%
branch  4 taken 100%
branch  5 taken 0%
call    6 never executed
call    7 returned 100%
call    8 returned 100%
branch  9 taken 100% (fallthrough)
branch 10 taken 0% (throw)
call   11 returned 100%
call   12 returned 100%
branch 13 taken 100%
branch 14 taken 0%
call   15 never executed
call   16 never executed
        2:   66:            y[1];
call    0 returned 100%
branch  1 taken 100% (fallthrough)
branch  2 taken 0% (throw)
call    3 returned 100%
        -:   67:
        4:   68:            ASSERT_TRUE(x == y);
call    0 returned 100%
branch  1 taken 100% (fallthrough)
branch  2 taken 0% (throw)
call    3 returned 100%
branch  4 taken 100% (fallthrough)
branch  5 taken 0% (throw)
call    6 returned 100%
branch  7 taken 0% (fallthrough)
branch  8 taken 100%
call    9 never executed
branch 10 never executed
branch 11 never executed
call   12 never executed
branch 13 never executed
branch 14 never executed
call   15 never executed
call   16 never executed
branch 17 never executed
branch 18 never executed
call   19 never executed
branch 20 never executed
branch 21 never executed
call   22 never executed
call   23 never executed
call   24 never executed
call   25 returned 100%
branch 26 taken 100%
branch 27 taken 0%
call   28 returned 100%
branch 29 taken 100%
branch 30 taken 0%
call   31 never executed
call   32 never executed
call   33 never executed
call   34 never executed
call   35 never executed
call   36 returned 100%
branch 37 taken 100% (fallthrough)
branch 38 taken 0% (throw)
call   39 returned 100%
branch 40 taken 100% (fallthrough)
branch 41 taken 0% (throw)
call   42 returned 100%
branch 43 taken 0% (fallthrough)
branch 44 taken 100%
call   45 never executed
branch 46 never executed
branch 47 never executed
call   48 never executed
branch 49 never executed
branch 50 never executed
call   51 never executed
call   52 never executed
branch 53 never executed
branch 54 never executed
call   55 never executed
branch 56 never executed
branch 57 never executed
call   58 never executed
call   59 never executed
call   60 never executed
call   61 returned 100%
branch 62 taken 100%
branch 63 taken 0%
call   64 returned 100%
branch 65 taken 100%
branch 66 taken 0%
call   67 never executed
call   68 never executed
call   69 never executed
call   70 never executed
call   71 never executed
        -:   69:        }
        -:   70:
function _ZN27Deque_Fixture_equalop2_TestISt5dequeIiSaIiEEE8TestBodyEv called 1 returned 100% blocks executed 58%
function _ZN27Deque_Fixture_equalop2_TestI8my_dequeIiSaIiEEE8TestBodyEv called 1 returned 100% blocks executed 56%
function _ZN27Deque_Fixture_equalop2_TestISt5dequeIiSaIiEEED0Ev called 1 returned 100% blocks executed 100%
function _ZN27Deque_Fixture_equalop2_TestISt5dequeIiSaIiEEED2Ev called 1 returned 100% blocks executed 75%
function _ZN27Deque_Fixture_equalop2_TestI8my_dequeIiSaIiEEED0Ev called 1 returned 100% blocks executed 100%
function _ZN27Deque_Fixture_equalop2_TestI8my_dequeIiSaIiEEED2Ev called 1 returned 100% blocks executed 75%
function _ZN27Deque_Fixture_equalop2_TestISt5dequeIiSaIiEEEC2Ev called 1 returned 100% blocks executed 100%
function _ZN27Deque_Fixture_equalop2_TestI8my_dequeIiSaIiEEEC2Ev called 1 returned 100% blocks executed 100%
        9:   71:        TYPED_TEST(Deque_Fixture, equalop2) {
call    0 returned 100%
call    1 returned 100%
call    2 returned 100%
branch  3 taken 0% (fallthrough)
branch  4 taken 100%
call    5 never executed
call    6 returned 100%
call    7 returned 100%
call    8 returned 100%
branch  9 taken 0% (fallthrough)
branch 10 taken 100%
call   11 never executed
call   12 returned 100%
call   13 returned 100%
call   14 returned 100%
        -:   72:            typedef typename TestFixture::deque_type deque_type;
        -:   73:
        2:   74:            deque_type x(4); 
call    0 returned 100%
branch  1 taken 100% (fallthrough)
branch  2 taken 0% (throw)
call    3 returned 100%
call    4 returned 100%
branch  5 taken 100% (fallthrough)
branch  6 taken 0% (throw)
call    7 returned 100%
call    8 never executed
        2:   75:            x[0] = 5; 
call    0 returned 100%
branch  1 taken 100% (fallthrough)
branch  2 taken 0% (throw)
call    3 returned 100%
        2:   76:            x[1] = 4; 
call    0 returned 100%
branch  1 taken 100% (fallthrough)
branch  2 taken 0% (throw)
call    3 returned 100%
        2:   77:            x[2] = 3; 
call    0 returned 100%
branch  1 taken 100% (fallthrough)
branch  2 taken 0% (throw)
call    3 returned 100%
        2:   78:            x[3] = 2;
call    0 returned 100%
branch  1 taken 100% (fallthrough)
branch  2 taken 0% (throw)
call    3 returned 100%
        4:   79:            deque_type y(10); 
call    0 returned 100%
branch  1 taken 100% (fallthrough)
branch  2 taken 0% (throw)
call    3 returned 100%
branch  4 taken 100%
branch  5 taken 0%
call    6 never executed
call    7 returned 100%
call    8 returned 100%
branch  9 taken 100% (fallthrough)
branch 10 taken 0% (throw)
call   11 returned 100%
call   12 returned 100%
branch 13 taken 100%
branch 14 taken 0%
call   15 never executed
call   16 never executed
        2:   80:            y[0] = 1; 
call    0 returned 100%
branch  1 taken 100% (fallthrough)
branch  2 taken 0% (throw)
call    3 returned 100%
        2:   81:            y[1] = 1; 
call    0 returned 100%
branch  1 taken 100% (fallthrough)
branch  2 taken 0% (throw)
call    3 returned 100%
        2:   82:            y[2] = 1;
call    0 returned 100%
branch  1 taken 100% (fallthrough)
branch  2 taken 0% (throw)
call    3 returned 100%
        2:   83:            y[3] = 1; 
call    0 returned 100%
branch  1 taken 100% (fallthrough)
branch  2 taken 0% (throw)
call    3 returned 100%
        2:   84:            y[4] = 1; 
call    0 returned 100%
branch  1 taken 100% (fallthrough)
branch  2 taken 0% (throw)
call    3 returned 100%
        2:   85:            y[5] = 1;
call    0 returned 100%
branch  1 taken 100% (fallthrough)
branch  2 taken 0% (throw)
call    3 returned 100%
        2:   86:            y[6] = 1; 
call    0 returned 100%
branch  1 taken 100% (fallthrough)
branch  2 taken 0% (throw)
call    3 returned 100%
        2:   87:            y[7] = 1; 
call    0 returned 100%
branch  1 taken 100% (fallthrough)
branch  2 taken 0% (throw)
call    3 returned 100%
        2:   88:            y[8] = 1;
call    0 returned 100%
branch  1 taken 100% (fallthrough)
branch  2 taken 0% (throw)
call    3 returned 100%
        2:   89:            y[9] = 1;
call    0 returned 100%
branch  1 taken 100% (fallthrough)
branch  2 taken 0% (throw)
call    3 returned 100%
        4:   90:            ASSERT_FALSE(x == y);
call    0 returned 100%
branch  1 taken 100% (fallthrough)
branch  2 taken 0% (throw)
call    3 returned 100%
branch  4 taken 100% (fallthrough)
branch  5 taken 0% (throw)
call    6 returned 100%
branch  7 taken 0% (fallthrough)
branch  8 taken 100%
call    9 never executed
branch 10 never executed
branch 11 never executed
call   12 never executed
branch 13 never executed
branch 14 never executed
call   15 never executed
call   16 never executed
branch 17 never executed
branch 18 never executed
call   19 never executed
branch 20 never executed
branch 21 never executed
call   22 never executed
call   23 never executed
call   24 never executed
call   25 returned 100%
branch 26 taken 100%
branch 27 taken 0%
call   28 returned 100%
branch 29 taken 100%
branch 30 taken 0%
call   31 never executed
call   32 never executed
call   33 never executed
call   34 never executed
call   35 never executed
call   36 returned 100%
branch 37 taken 100% (fallthrough)
branch 38 taken 0% (throw)
call   39 returned 100%
branch 40 taken 100% (fallthrough)
branch 41 taken 0% (throw)
call   42 returned 100%
branch 43 taken 0% (fallthrough)
branch 44 taken 100%
call   45 never executed
branch 46 never executed
branch 47 never executed
call   48 never executed
branch 49 never executed
branch 50 never executed
call   51 never executed
call   52 never executed
branch 53 never executed
branch 54 never executed
call   55 never executed
branch 56 never executed
branch 57 never executed
call   58 never executed
call   59 never executed
call   60 never executed
call   61 returned 100%
branch 62 taken 100%
branch 63 taken 0%
call   64 returned 100%
branch 65 taken 100%
branch 66 taken 0%
call   67 never executed
call   68 never executed
call   69 never executed
call   70 never executed
call   71 never executed
        -:   91:        }
        -:   92:
function _ZN27Deque_Fixture_equalop3_TestISt5dequeIiSaIiEEE8TestBodyEv called 1 returned 100% blocks executed 49%
function _ZN27Deque_Fixture_equalop3_TestI8my_dequeIiSaIiEEE8TestBodyEv called 1 returned 100% blocks executed 48%
function _ZN27Deque_Fixture_equalop3_TestISt5dequeIiSaIiEEED0Ev called 1 returned 100% blocks executed 100%
function _ZN27Deque_Fixture_equalop3_TestISt5dequeIiSaIiEEED2Ev called 1 returned 100% blocks executed 75%
function _ZN27Deque_Fixture_equalop3_TestI8my_dequeIiSaIiEEED0Ev called 1 returned 100% blocks executed 100%
function _ZN27Deque_Fixture_equalop3_TestI8my_dequeIiSaIiEEED2Ev called 1 returned 100% blocks executed 75%
function _ZN27Deque_Fixture_equalop3_TestISt5dequeIiSaIiEEEC2Ev called 1 returned 100% blocks executed 100%
function _ZN27Deque_Fixture_equalop3_TestI8my_dequeIiSaIiEEEC2Ev called 1 returned 100% blocks executed 100%
        9:   93:        TYPED_TEST(Deque_Fixture, equalop3) {
call    0 returned 100%
call    1 returned 100%
call    2 returned 100%
branch  3 taken 0% (fallthrough)
branch  4 taken 100%
call    5 never executed
call    6 returned 100%
call    7 returned 100%
call    8 returned 100%
branch  9 taken 0% (fallthrough)
branch 10 taken 100%
call   11 never executed
call   12 returned 100%
call   13 returned 100%
call   14 returned 100%
        -:   94:            typedef typename TestFixture::deque_type deque_type;
        -:   95:
        2:   96:            deque_type x;
call    0 returned 100%
branch  1 taken 100% (fallthrough)
branch  2 taken 0% (throw)
call    3 returned 100%
call    4 returned 100%
branch  5 taken 100% (fallthrough)
branch  6 taken 0% (throw)
call    7 returned 100%
        4:   97:            deque_type y(3); 
call    0 returned 100%
branch  1 taken 100% (fallthrough)
branch  2 taken 0% (throw)
call    3 returned 100%
branch  4 taken 100%
branch  5 taken 0%
call    6 never executed
call    7 returned 100%
call    8 returned 100%
branch  9 taken 100% (fallthrough)
branch 10 taken 0% (throw)
call   11 returned 100%
call   12 returned 100%
branch 13 taken 100%
branch 14 taken 0%
call   15 never executed
call   16 never executed
        2:   98:            y[0] = 1; 
call    0 returned 100%
branch  1 taken 100% (fallthrough)
branch  2 taken 0% (throw)
call    3 returned 100%
        2:   99:            y[1] = 1; 
call    0 returned 100%
branch  1 taken 100% (fallthrough)
branch  2 taken 0% (throw)
call    3 returned 100%
        2:  100:            y[2] = 1;
call    0 returned 100%
branch  1 taken 100% (fallthrough)
branch  2 taken 0% (throw)
call    3 returned 100%
        4:  101:            ASSERT_FALSE(x == y);
call    0 returned 100%
branch  1 taken 100% (fallthrough)
branch  2 taken 0% (throw)
call    3 returned 100%
branch  4 taken 100% (fallthrough)
branch  5 taken 0% (throw)
call    6 returned 100%
branch  7 taken 0% (fallthrough)
branch  8 taken 100%
call    9 never executed
branch 10 never executed
branch 11 never executed
call   12 never executed
branch 13 never executed
branch 14 never executed
call   15 never executed
call   16 never executed
branch 17 never executed
branch 18 never executed
call   19 never executed
branch 20 never executed
branch 21 never executed
call   22 never executed
call   23 never executed
call   24 never executed
call   25 returned 100%
branch 26 taken 100%
branch 27 taken 0%
call   28 returned 100%
branch 29 taken 100%
branch 30 taken 0%
call   31 never executed
call   32 never executed
call   33 never executed
call   34 never executed
call   35 never executed
call   36 returned 100%
branch 37 taken 100% (fallthrough)
branch 38 taken 0% (throw)
call   39 returned 100%
branch 40 taken 100% (fallthrough)
branch 41 taken 0% (throw)
call   42 returned 100%
branch 43 taken 0% (fallthrough)
branch 44 taken 100%
call   45 never executed
branch 46 never executed
branch 47 never executed
call   48 never executed
branch 49 never executed
branch 50 never executed
call   51 never executed
call   52 never executed
branch 53 never executed
branch 54 never executed
call   55 never executed
branch 56 never executed
branch 57 never executed
call   58 never executed
call   59 never executed
call   60 never executed
call   61 returned 100%
branch 62 taken 100%
branch 63 taken 0%
call   64 returned 100%
branch 65 taken 100%
branch 66 taken 0%
call   67 never executed
call   68 never executed
call   69 never executed
call   70 never executed
call   71 never executed
call   72 never executed
        -:  102:        }
        -:  103:       
        -:  104:
        -:  105:		// ----------
        -:  106:        // operator <
        -:  107:        // ----------
        -:  108:
        -:  109:       
function _ZN30Deque_Fixture_lessthanop1_TestISt5dequeIiSaIiEEE8TestBodyEv called 1 returned 100% blocks executed 46%
function _ZN30Deque_Fixture_lessthanop1_TestI8my_dequeIiSaIiEEE8TestBodyEv called 1 returned 100% blocks executed 45%
function _ZN30Deque_Fixture_lessthanop1_TestISt5dequeIiSaIiEEED0Ev called 1 returned 100% blocks executed 100%
function _ZN30Deque_Fixture_lessthanop1_TestISt5dequeIiSaIiEEED2Ev called 1 returned 100% blocks executed 75%
function _ZN30Deque_Fixture_lessthanop1_TestI8my_dequeIiSaIiEEED0Ev called 1 returned 100% blocks executed 100%
function _ZN30Deque_Fixture_lessthanop1_TestI8my_dequeIiSaIiEEED2Ev called 1 returned 100% blocks executed 75%
function _ZN30Deque_Fixture_lessthanop1_TestISt5dequeIiSaIiEEEC2Ev called 1 returned 100% blocks executed 100%
function _ZN30Deque_Fixture_lessthanop1_TestI8my_dequeIiSaIiEEEC2Ev called 1 returned 100% blocks executed 100%
        9:  110:        TYPED_TEST(Deque_Fixture, lessthanop1) {
call    0 returned 100%
call    1 returned 100%
call    2 returned 100%
branch  3 taken 0% (fallthrough)
branch  4 taken 100%
call    5 never executed
call    6 returned 100%
call    7 returned 100%
call    8 returned 100%
branch  9 taken 0% (fallthrough)
branch 10 taken 100%
call   11 never executed
call   12 returned 100%
call   13 returned 100%
call   14 returned 100%
        -:  111:            typedef typename TestFixture::deque_type deque_type;
        -:  112:
        2:  113:            deque_type x(4); 
call    0 returned 100%
branch  1 taken 100% (fallthrough)
branch  2 taken 0% (throw)
call    3 returned 100%
call    4 returned 100%
branch  5 taken 100% (fallthrough)
branch  6 taken 0% (throw)
call    7 returned 100%
call    8 never executed
        2:  114:            x[0] = 5; 
call    0 returned 100%
branch  1 taken 100% (fallthrough)
branch  2 taken 0% (throw)
call    3 returned 100%
        2:  115:            x[1] = 4; 
call    0 returned 100%
branch  1 taken 100% (fallthrough)
branch  2 taken 0% (throw)
call    3 returned 100%
        2:  116:            x[2] = 3;
call    0 returned 100%
branch  1 taken 100% (fallthrough)
branch  2 taken 0% (throw)
call    3 returned 100%
        2:  117:            x[3] = 4;
call    0 returned 100%
branch  1 taken 100% (fallthrough)
branch  2 taken 0% (throw)
call    3 returned 100%
        4:  118:            deque_type y(4); 
call    0 returned 100%
branch  1 taken 100% (fallthrough)
branch  2 taken 0% (throw)
call    3 returned 100%
branch  4 taken 100%
branch  5 taken 0%
call    6 never executed
call    7 returned 100%
call    8 returned 100%
branch  9 taken 100% (fallthrough)
branch 10 taken 0% (throw)
call   11 returned 100%
call   12 returned 100%
branch 13 taken 100%
branch 14 taken 0%
call   15 never executed
call   16 never executed
        2:  119:            y[0] = 5; 
call    0 returned 100%
branch  1 taken 100% (fallthrough)
branch  2 taken 0% (throw)
call    3 returned 100%
        2:  120:            y[1] = 4; 
call    0 returned 100%
branch  1 taken 100% (fallthrough)
branch  2 taken 0% (throw)
call    3 returned 100%
        2:  121:            y[2] = 3;
call    0 returned 100%
branch  1 taken 100% (fallthrough)
branch  2 taken 0% (throw)
call    3 returned 100%
        2:  122:            y[3] = 4;
call    0 returned 100%
branch  1 taken 100% (fallthrough)
branch  2 taken 0% (throw)
call    3 returned 100%
        -:  123:
        2:  124:            ASSERT_FALSE(x < y);
call    0 returned 100%
branch  1 taken 100% (fallthrough)
branch  2 taken 0% (throw)
call    3 returned 100%
branch  4 taken 100% (fallthrough)
branch  5 taken 0% (throw)
call    6 returned 100%
branch  7 taken 0% (fallthrough)
branch  8 taken 100%
call    9 never executed
branch 10 never executed
branch 11 never executed
call   12 never executed
branch 13 never executed
branch 14 never executed
call   15 never executed
call   16 never executed
branch 17 never executed
branch 18 never executed
call   19 never executed
branch 20 never executed
branch 21 never executed
call   22 never executed
call   23 never executed
call   24 never executed
call   25 returned 100%
branch 26 taken 100%
branch 27 taken 0%
call   28 never executed
call   29 never executed
call   30 never executed
call   31 never executed
call   32 returned 100%
branch 33 taken 100% (fallthrough)
branch 34 taken 0% (throw)
call   35 returned 100%
branch 36 taken 100% (fallthrough)
branch 37 taken 0% (throw)
call   38 returned 100%
branch 39 taken 0% (fallthrough)
branch 40 taken 100%
call   41 never executed
branch 42 never executed
branch 43 never executed
call   44 never executed
branch 45 never executed
branch 46 never executed
call   47 never executed
call   48 never executed
branch 49 never executed
branch 50 never executed
call   51 never executed
branch 52 never executed
branch 53 never executed
call   54 never executed
call   55 never executed
call   56 never executed
call   57 returned 100%
branch 58 taken 100%
branch 59 taken 0%
call   60 never executed
call   61 never executed
call   62 never executed
call   63 never executed
        4:  125:            ASSERT_TRUE(x == y);}
call    0 returned 100%
branch  1 taken 100% (fallthrough)
branch  2 taken 0% (throw)
call    3 returned 100%
branch  4 taken 100% (fallthrough)
branch  5 taken 0% (throw)
call    6 returned 100%
branch  7 taken 0% (fallthrough)
branch  8 taken 100%
call    9 never executed
branch 10 never executed
branch 11 never executed
call   12 never executed
branch 13 never executed
branch 14 never executed
call   15 never executed
call   16 never executed
branch 17 never executed
branch 18 never executed
call   19 never executed
branch 20 never executed
branch 21 never executed
call   22 never executed
call   23 never executed
call   24 never executed
call   25 returned 100%
branch 26 taken 100%
branch 27 taken 0%
call   28 returned 100%
branch 29 taken 100%
branch 30 taken 0%
call   31 never executed
call   32 never executed
call   33 never executed
call   34 never executed
call   35 never executed
call   36 returned 100%
branch 37 taken 100% (fallthrough)
branch 38 taken 0% (throw)
call   39 returned 100%
branch 40 taken 100% (fallthrough)
branch 41 taken 0% (throw)
call   42 returned 100%
branch 43 taken 0% (fallthrough)
branch 44 taken 100%
call   45 never executed
branch 46 never executed
branch 47 never executed
call   48 never executed
branch 49 never executed
branch 50 never executed
call   51 never executed
call   52 never executed
branch 53 never executed
branch 54 never executed
call   55 never executed
branch 56 never executed
branch 57 never executed
call   58 never executed
call   59 never executed
call   60 never executed
call   61 returned 100%
branch 62 taken 100%
branch 63 taken 0%
call   64 returned 100%
branch 65 taken 100%
branch 66 taken 0%
call   67 never executed
call   68 never executed
call   69 never executed
call   70 never executed
call   71 never executed
        -:  126:
function _ZN30Deque_Fixture_lessthanop2_TestISt5dequeIiSaIiEEE8TestBodyEv called 1 returned 100% blocks executed 52%
function _ZN30Deque_Fixture_lessthanop2_TestI8my_dequeIiSaIiEEE8TestBodyEv called 1 returned 100% blocks executed 50%
function _ZN30Deque_Fixture_lessthanop2_TestISt5dequeIiSaIiEEED0Ev called 1 returned 100% blocks executed 100%
function _ZN30Deque_Fixture_lessthanop2_TestISt5dequeIiSaIiEEED2Ev called 1 returned 100% blocks executed 75%
function _ZN30Deque_Fixture_lessthanop2_TestI8my_dequeIiSaIiEEED0Ev called 1 returned 100% blocks executed 100%
function _ZN30Deque_Fixture_lessthanop2_TestI8my_dequeIiSaIiEEED2Ev called 1 returned 100% blocks executed 75%
function _ZN30Deque_Fixture_lessthanop2_TestISt5dequeIiSaIiEEEC2Ev called 1 returned 100% blocks executed 100%
function _ZN30Deque_Fixture_lessthanop2_TestI8my_dequeIiSaIiEEEC2Ev called 1 returned 100% blocks executed 100%
        9:  127:        TYPED_TEST(Deque_Fixture, lessthanop2) {
call    0 returned 100%
call    1 returned 100%
call    2 returned 100%
branch  3 taken 0% (fallthrough)
branch  4 taken 100%
call    5 never executed
call    6 returned 100%
call    7 returned 100%
call    8 returned 100%
branch  9 taken 0% (fallthrough)
branch 10 taken 100%
call   11 never executed
call   12 returned 100%
call   13 returned 100%
call   14 returned 100%
        -:  128:            typedef typename TestFixture::deque_type deque_type;
        -:  129:
        2:  130:            deque_type x(5); 
call    0 returned 100%
branch  1 taken 100% (fallthrough)
branch  2 taken 0% (throw)
call    3 returned 100%
call    4 returned 100%
branch  5 taken 100% (fallthrough)
branch  6 taken 0% (throw)
call    7 returned 100%
call    8 never executed
        2:  131:            x[0] = 5; 
call    0 returned 100%
branch  1 taken 100% (fallthrough)
branch  2 taken 0% (throw)
call    3 returned 100%
        2:  132:            x[1] = 5; 
call    0 returned 100%
branch  1 taken 100% (fallthrough)
branch  2 taken 0% (throw)
call    3 returned 100%
        2:  133:            x[2] = 5;
call    0 returned 100%
branch  1 taken 100% (fallthrough)
branch  2 taken 0% (throw)
call    3 returned 100%
        4:  134:            deque_type y(5); 
call    0 returned 100%
branch  1 taken 100% (fallthrough)
branch  2 taken 0% (throw)
call    3 returned 100%
branch  4 taken 100%
branch  5 taken 0%
call    6 never executed
call    7 returned 100%
call    8 returned 100%
branch  9 taken 100% (fallthrough)
branch 10 taken 0% (throw)
call   11 returned 100%
call   12 returned 100%
branch 13 taken 100%
branch 14 taken 0%
call   15 never executed
call   16 never executed
        2:  135:            y[0] = 5;
call    0 returned 100%
branch  1 taken 100% (fallthrough)
branch  2 taken 0% (throw)
call    3 returned 100%
        2:  136:            y[1] = 5; 
call    0 returned 100%
branch  1 taken 100% (fallthrough)
branch  2 taken 0% (throw)
call    3 returned 100%
        2:  137:            y[2] = 6;
call    0 returned 100%
branch  1 taken 100% (fallthrough)
branch  2 taken 0% (throw)
call    3 returned 100%
        -:  138:
        4:  139:            ASSERT_TRUE(x < y);
call    0 returned 100%
branch  1 taken 100% (fallthrough)
branch  2 taken 0% (throw)
call    3 returned 100%
branch  4 taken 100% (fallthrough)
branch  5 taken 0% (throw)
call    6 returned 100%
branch  7 taken 0% (fallthrough)
branch  8 taken 100%
call    9 never executed
branch 10 never executed
branch 11 never executed
call   12 never executed
branch 13 never executed
branch 14 never executed
call   15 never executed
call   16 never executed
branch 17 never executed
branch 18 never executed
call   19 never executed
branch 20 never executed
branch 21 never executed
call   22 never executed
call   23 never executed
call   24 never executed
call   25 returned 100%
branch 26 taken 100%
branch 27 taken 0%
call   28 returned 100%
branch 29 taken 100%
branch 30 taken 0%
call   31 never executed
call   32 never executed
call   33 never executed
call   34 never executed
call   35 never executed
call   36 returned 100%
branch 37 taken 100% (fallthrough)
branch 38 taken 0% (throw)
call   39 returned 100%
branch 40 taken 100% (fallthrough)
branch 41 taken 0% (throw)
call   42 returned 100%
branch 43 taken 0% (fallthrough)
branch 44 taken 100%
call   45 never executed
branch 46 never executed
branch 47 never executed
call   48 never executed
branch 49 never executed
branch 50 never executed
call   51 never executed
call   52 never executed
branch 53 never executed
branch 54 never executed
call   55 never executed
branch 56 never executed
branch 57 never executed
call   58 never executed
call   59 never executed
call   60 never executed
call   61 returned 100%
branch 62 taken 100%
branch 63 taken 0%
call   64 returned 100%
branch 65 taken 100%
branch 66 taken 0%
call   67 never executed
call   68 never executed
call   69 never executed
call   70 never executed
call   71 never executed
        -:  140:        }
        -:  141:
function _ZN30Deque_Fixture_lessthanop3_TestISt5dequeIiSaIiEEE8TestBodyEv called 1 returned 100% blocks executed 50%
function _ZN30Deque_Fixture_lessthanop3_TestI8my_dequeIiSaIiEEE8TestBodyEv called 1 returned 100% blocks executed 48%
function _ZN30Deque_Fixture_lessthanop3_TestISt5dequeIiSaIiEEED0Ev called 1 returned 100% blocks executed 100%
function _ZN30Deque_Fixture_lessthanop3_TestISt5dequeIiSaIiEEED2Ev called 1 returned 100% blocks executed 75%
function _ZN30Deque_Fixture_lessthanop3_TestI8my_dequeIiSaIiEEED0Ev called 1 returned 100% blocks executed 100%
function _ZN30Deque_Fixture_lessthanop3_TestI8my_dequeIiSaIiEEED2Ev called 1 returned 100% blocks executed 75%
function _ZN30Deque_Fixture_lessthanop3_TestISt5dequeIiSaIiEEEC2Ev called 1 returned 100% blocks executed 100%
function _ZN30Deque_Fixture_lessthanop3_TestI8my_dequeIiSaIiEEEC2Ev called 1 returned 100% blocks executed 100%
        9:  142:        TYPED_TEST(Deque_Fixture, lessthanop3) {
call    0 returned 100%
call    1 returned 100%
call    2 returned 100%
branch  3 taken 0% (fallthrough)
branch  4 taken 100%
call    5 never executed
call    6 returned 100%
call    7 returned 100%
call    8 returned 100%
branch  9 taken 0% (fallthrough)
branch 10 taken 100%
call   11 never executed
call   12 returned 100%
call   13 returned 100%
call   14 returned 100%
        -:  143:            typedef typename TestFixture::deque_type deque_type;
        -:  144:
        2:  145:            deque_type x(1); 
call    0 returned 100%
branch  1 taken 100% (fallthrough)
branch  2 taken 0% (throw)
call    3 returned 100%
call    4 returned 100%
branch  5 taken 100% (fallthrough)
branch  6 taken 0% (throw)
call    7 returned 100%
call    8 never executed
        2:  146:            x[0] = 5;
call    0 returned 100%
branch  1 taken 100% (fallthrough)
branch  2 taken 0% (throw)
call    3 returned 100%
        4:  147:            deque_type y(3); 
call    0 returned 100%
branch  1 taken 100% (fallthrough)
branch  2 taken 0% (throw)
call    3 returned 100%
branch  4 taken 100%
branch  5 taken 0%
call    6 never executed
call    7 returned 100%
call    8 returned 100%
branch  9 taken 100% (fallthrough)
branch 10 taken 0% (throw)
call   11 returned 100%
call   12 returned 100%
branch 13 taken 100%
branch 14 taken 0%
call   15 never executed
call   16 never executed
        2:  148:            y[0] = 5; 
call    0 returned 100%
branch  1 taken 100% (fallthrough)
branch  2 taken 0% (throw)
call    3 returned 100%
        2:  149:            y[1] = 4; 
call    0 returned 100%
branch  1 taken 100% (fallthrough)
branch  2 taken 0% (throw)
call    3 returned 100%
        2:  150:            y[2] = 3;
call    0 returned 100%
branch  1 taken 100% (fallthrough)
branch  2 taken 0% (throw)
call    3 returned 100%
        4:  151:            ASSERT_TRUE(x < y);
call    0 returned 100%
branch  1 taken 100% (fallthrough)
branch  2 taken 0% (throw)
call    3 returned 100%
branch  4 taken 100% (fallthrough)
branch  5 taken 0% (throw)
call    6 returned 100%
branch  7 taken 0% (fallthrough)
branch  8 taken 100%
call    9 never executed
branch 10 never executed
branch 11 never executed
call   12 never executed
branch 13 never executed
branch 14 never executed
call   15 never executed
call   16 never executed
branch 17 never executed
branch 18 never executed
call   19 never executed
branch 20 never executed
branch 21 never executed
call   22 never executed
call   23 never executed
call   24 never executed
call   25 returned 100%
branch 26 taken 100%
branch 27 taken 0%
call   28 returned 100%
branch 29 taken 100%
branch 30 taken 0%
call   31 never executed
call   32 never executed
call   33 never executed
call   34 never executed
call   35 never executed
call   36 returned 100%
branch 37 taken 100% (fallthrough)
branch 38 taken 0% (throw)
call   39 returned 100%
branch 40 taken 100% (fallthrough)
branch 41 taken 0% (throw)
call   42 returned 100%
branch 43 taken 0% (fallthrough)
branch 44 taken 100%
call   45 never executed
branch 46 never executed
branch 47 never executed
call   48 never executed
branch 49 never executed
branch 50 never executed
call   51 never executed
call   52 never executed
branch 53 never executed
branch 54 never executed
call   55 never executed
branch 56 never executed
branch 57 never executed
call   58 never executed
call   59 never executed
call   60 never executed
call   61 returned 100%
branch 62 taken 100%
branch 63 taken 0%
call   64 returned 100%
branch 65 taken 100%
branch 66 taken 0%
call   67 never executed
call   68 never executed
call   69 never executed
call   70 never executed
call   71 never executed
        -:  152:        }
        -:  153:
        -:  154:
function _ZN30Deque_Fixture_lessthanop4_TestISt5dequeIiSaIiEEE8TestBodyEv called 1 returned 100% blocks executed 49%
function _ZN30Deque_Fixture_lessthanop4_TestI8my_dequeIiSaIiEEE8TestBodyEv called 1 returned 100% blocks executed 48%
function _ZN30Deque_Fixture_lessthanop4_TestISt5dequeIiSaIiEEED0Ev called 1 returned 100% blocks executed 100%
function _ZN30Deque_Fixture_lessthanop4_TestISt5dequeIiSaIiEEED2Ev called 1 returned 100% blocks executed 75%
function _ZN30Deque_Fixture_lessthanop4_TestI8my_dequeIiSaIiEEED0Ev called 1 returned 100% blocks executed 100%
function _ZN30Deque_Fixture_lessthanop4_TestI8my_dequeIiSaIiEEED2Ev called 1 returned 100% blocks executed 75%
function _ZN30Deque_Fixture_lessthanop4_TestISt5dequeIiSaIiEEEC2Ev called 1 returned 100% blocks executed 100%
function _ZN30Deque_Fixture_lessthanop4_TestI8my_dequeIiSaIiEEEC2Ev called 1 returned 100% blocks executed 100%
        9:  155:        TYPED_TEST(Deque_Fixture, lessthanop4) {
call    0 returned 100%
call    1 returned 100%
call    2 returned 100%
branch  3 taken 0% (fallthrough)
branch  4 taken 100%
call    5 never executed
call    6 returned 100%
call    7 returned 100%
call    8 returned 100%
branch  9 taken 0% (fallthrough)
branch 10 taken 100%
call   11 never executed
call   12 returned 100%
call   13 returned 100%
call   14 returned 100%
        -:  156:            typedef typename TestFixture::deque_type deque_type;
        -:  157:
        2:  158:            deque_type x(3);
call    0 returned 100%
branch  1 taken 100% (fallthrough)
branch  2 taken 0% (throw)
call    3 returned 100%
call    4 returned 100%
branch  5 taken 100% (fallthrough)
branch  6 taken 0% (throw)
call    7 returned 100%
call    8 never executed
call    9 never executed
        2:  159:            x[0] = 1;
call    0 returned 100%
branch  1 taken 100% (fallthrough)
branch  2 taken 0% (throw)
call    3 returned 100%
        2:  160:            x[2] = 2;
call    0 returned 100%
branch  1 taken 100% (fallthrough)
branch  2 taken 0% (throw)
call    3 returned 100%
        2:  161:            x[3] = 3;
call    0 returned 100%
branch  1 taken 100% (fallthrough)
branch  2 taken 0% (throw)
call    3 returned 100%
        4:  162:            deque_type y;
call    0 returned 100%
branch  1 taken 100% (fallthrough)
branch  2 taken 0% (throw)
call    3 returned 100%
branch  4 taken 100%
branch  5 taken 0%
call    6 never executed
call    7 returned 100%
call    8 returned 100%
branch  9 taken 100% (fallthrough)
branch 10 taken 0% (throw)
call   11 returned 100%
call   12 returned 100%
branch 13 taken 100%
branch 14 taken 0%
call   15 never executed
        4:  163:            ASSERT_FALSE(x < y);
call    0 returned 100%
branch  1 taken 100% (fallthrough)
branch  2 taken 0% (throw)
call    3 returned 100%
branch  4 taken 100% (fallthrough)
branch  5 taken 0% (throw)
call    6 returned 100%
branch  7 taken 0% (fallthrough)
branch  8 taken 100%
call    9 never executed
branch 10 never executed
branch 11 never executed
call   12 never executed
branch 13 never executed
branch 14 never executed
call   15 never executed
call   16 never executed
branch 17 never executed
branch 18 never executed
call   19 never executed
branch 20 never executed
branch 21 never executed
call   22 never executed
call   23 never executed
call   24 never executed
call   25 returned 100%
branch 26 taken 100%
branch 27 taken 0%
call   28 returned 100%
branch 29 taken 100%
branch 30 taken 0%
call   31 never executed
call   32 never executed
call   33 never executed
call   34 never executed
call   35 never executed
call   36 returned 100%
branch 37 taken 100% (fallthrough)
branch 38 taken 0% (throw)
call   39 returned 100%
branch 40 taken 100% (fallthrough)
branch 41 taken 0% (throw)
call   42 returned 100%
branch 43 taken 0% (fallthrough)
branch 44 taken 100%
call   45 never executed
branch 46 never executed
branch 47 never executed
call   48 never executed
branch 49 never executed
branch 50 never executed
call   51 never executed
call   52 never executed
branch 53 never executed
branch 54 never executed
call   55 never executed
branch 56 never executed
branch 57 never executed
call   58 never executed
call   59 never executed
call   60 never executed
call   61 returned 100%
branch 62 taken 100%
branch 63 taken 0%
call   64 returned 100%
branch 65 taken 100%
branch 66 taken 0%
call   67 never executed
call   68 never executed
call   69 never executed
call   70 never executed
call   71 never executed
        -:  164:        }
        -:  165:
function _ZN30Deque_Fixture_lessthanop5_TestISt5dequeIiSaIiEEE8TestBodyEv called 1 returned 100% blocks executed 48%
function _ZN30Deque_Fixture_lessthanop5_TestI8my_dequeIiSaIiEEE8TestBodyEv called 1 returned 100% blocks executed 47%
function _ZN30Deque_Fixture_lessthanop5_TestISt5dequeIiSaIiEEED0Ev called 1 returned 100% blocks executed 100%
function _ZN30Deque_Fixture_lessthanop5_TestISt5dequeIiSaIiEEED2Ev called 1 returned 100% blocks executed 75%
function _ZN30Deque_Fixture_lessthanop5_TestI8my_dequeIiSaIiEEED0Ev called 1 returned 100% blocks executed 100%
function _ZN30Deque_Fixture_lessthanop5_TestI8my_dequeIiSaIiEEED2Ev called 1 returned 100% blocks executed 75%
function _ZN30Deque_Fixture_lessthanop5_TestISt5dequeIiSaIiEEEC2Ev called 1 returned 100% blocks executed 100%
function _ZN30Deque_Fixture_lessthanop5_TestI8my_dequeIiSaIiEEEC2Ev called 1 returned 100% blocks executed 100%
        9:  166:        TYPED_TEST(Deque_Fixture, lessthanop5) {
call    0 returned 100%
call    1 returned 100%
call    2 returned 100%
branch  3 taken 0% (fallthrough)
branch  4 taken 100%
call    5 never executed
call    6 returned 100%
call    7 returned 100%
call    8 returned 100%
branch  9 taken 0% (fallthrough)
branch 10 taken 100%
call   11 never executed
call   12 returned 100%
call   13 returned 100%
call   14 returned 100%
        -:  167:            typedef typename TestFixture::deque_type deque_type;
        -:  168:
        2:  169:            deque_type x(1);
call    0 returned 100%
branch  1 taken 100% (fallthrough)
branch  2 taken 0% (throw)
call    3 returned 100%
call    4 returned 100%
branch  5 taken 100% (fallthrough)
branch  6 taken 0% (throw)
call    7 returned 100%
call    8 never executed
        4:  170:            deque_type y(1);
call    0 returned 100%
branch  1 taken 100% (fallthrough)
branch  2 taken 0% (throw)
call    3 returned 100%
branch  4 taken 100%
branch  5 taken 0%
call    6 never executed
call    7 returned 100%
call    8 returned 100%
branch  9 taken 100% (fallthrough)
branch 10 taken 0% (throw)
call   11 returned 100%
call   12 returned 100%
branch 13 taken 100%
branch 14 taken 0%
call   15 never executed
call   16 never executed
        2:  171:            x[0] = 2;
call    0 returned 100%
branch  1 taken 100% (fallthrough)
branch  2 taken 0% (throw)
call    3 returned 100%
        2:  172:            y[0] = 1;
call    0 returned 100%
branch  1 taken 100% (fallthrough)
branch  2 taken 0% (throw)
call    3 returned 100%
        4:  173:            ASSERT_FALSE(x < y);
call    0 returned 100%
branch  1 taken 100% (fallthrough)
branch  2 taken 0% (throw)
call    3 returned 100%
branch  4 taken 100% (fallthrough)
branch  5 taken 0% (throw)
call    6 returned 100%
branch  7 taken 0% (fallthrough)
branch  8 taken 100%
call    9 never executed
branch 10 never executed
branch 11 never executed
call   12 never executed
branch 13 never executed
branch 14 never executed
call   15 never executed
call   16 never executed
branch 17 never executed
branch 18 never executed
call   19 never executed
branch 20 never executed
branch 21 never executed
call   22 never executed
call   23 never executed
call   24 never executed
call   25 returned 100%
branch 26 taken 100%
branch 27 taken 0%
call   28 returned 100%
branch 29 taken 100%
branch 30 taken 0%
call   31 never executed
call   32 never executed
call   33 never executed
call   34 never executed
call   35 never executed
call   36 returned 100%
branch 37 taken 100% (fallthrough)
branch 38 taken 0% (throw)
call   39 returned 100%
branch 40 taken 100% (fallthrough)
branch 41 taken 0% (throw)
call   42 returned 100%
branch 43 taken 0% (fallthrough)
branch 44 taken 100%
call   45 never executed
branch 46 never executed
branch 47 never executed
call   48 never executed
branch 49 never executed
branch 50 never executed
call   51 never executed
call   52 never executed
branch 53 never executed
branch 54 never executed
call   55 never executed
branch 56 never executed
branch 57 never executed
call   58 never executed
call   59 never executed
call   60 never executed
call   61 returned 100%
branch 62 taken 100%
branch 63 taken 0%
call   64 returned 100%
branch 65 taken 100%
branch 66 taken 0%
call   67 never executed
call   68 never executed
call   69 never executed
call   70 never executed
call   71 never executed
        -:  174:        }
        -:  175:		// --------
        -:  176:        // iterator
        -:  177:        // --------
        -:  178:
        -:  179:                // -----------
        -:  180:                // operator ==
        -:  181:                // -----------
        -:  182:
        -:  183:               //NEED TO CHANGE THESE
function _ZN30Deque_Fixture_iter_equal1_TestISt5dequeIiSaIiEEE8TestBodyEv called 1 returned 100% blocks executed 52%
function _ZN30Deque_Fixture_iter_equal1_TestI8my_dequeIiSaIiEEE8TestBodyEv called 1 returned 100% blocks executed 50%
function _ZN30Deque_Fixture_iter_equal1_TestISt5dequeIiSaIiEEED0Ev called 1 returned 100% blocks executed 100%
function _ZN30Deque_Fixture_iter_equal1_TestISt5dequeIiSaIiEEED2Ev called 1 returned 100% blocks executed 75%
function _ZN30Deque_Fixture_iter_equal1_TestI8my_dequeIiSaIiEEED0Ev called 1 returned 100% blocks executed 100%
function _ZN30Deque_Fixture_iter_equal1_TestI8my_dequeIiSaIiEEED2Ev called 1 returned 100% blocks executed 75%
function _ZN30Deque_Fixture_iter_equal1_TestISt5dequeIiSaIiEEEC2Ev called 1 returned 100% blocks executed 100%
function _ZN30Deque_Fixture_iter_equal1_TestI8my_dequeIiSaIiEEEC2Ev called 1 returned 100% blocks executed 100%
        9:  184:               TYPED_TEST(Deque_Fixture, iter_equal1) {
call    0 returned 100%
call    1 returned 100%
call    2 returned 100%
branch  3 taken 0% (fallthrough)
branch  4 taken 100%
call    5 never executed
call    6 returned 100%
call    7 returned 100%
call    8 returned 100%
branch  9 taken 0% (fallthrough)
branch 10 taken 100%
call   11 never executed
call   12 returned 100%
call   13 returned 100%
call   14 returned 100%
        -:  185:                    typedef typename TestFixture::deque_type deque_type;
        -:  186:
        2:  187:                    deque_type x(10);
call    0 returned 100%
branch  1 taken 100% (fallthrough)
branch  2 taken 0% (throw)
call    3 returned 100%
call    4 returned 100%
branch  5 taken 100% (fallthrough)
branch  6 taken 0% (throw)
call    7 returned 100%
call    8 never executed
        2:  188:                    x[0] = 3; 
call    0 returned 100%
branch  1 taken 100% (fallthrough)
branch  2 taken 0% (throw)
call    3 returned 100%
        2:  189:                    x[1] = 2;
call    0 returned 100%
branch  1 taken 100% (fallthrough)
branch  2 taken 0% (throw)
call    3 returned 100%
        4:  190:                    deque_type y(10); 
call    0 returned 100%
branch  1 taken 100% (fallthrough)
branch  2 taken 0% (throw)
call    3 returned 100%
branch  4 taken 100%
branch  5 taken 0%
call    6 never executed
call    7 returned 100%
call    8 returned 100%
branch  9 taken 100% (fallthrough)
branch 10 taken 0% (throw)
call   11 returned 100%
call   12 returned 100%
branch 13 taken 100%
branch 14 taken 0%
call   15 never executed
call   16 never executed
        2:  191:                    y[0] = 3; 
call    0 returned 100%
branch  1 taken 100% (fallthrough)
branch  2 taken 0% (throw)
call    3 returned 100%
        2:  192:                    y[1] = 3;
call    0 returned 100%
branch  1 taken 100% (fallthrough)
branch  2 taken 0% (throw)
call    3 returned 100%
        -:  193:
        2:  194:                    typename deque_type::iterator x_b = x.begin();
call    0 returned 100%
call    1 returned 100%
branch  2 taken 100% (fallthrough)
branch  3 taken 0% (throw)
        2:  195:                    typename deque_type::iterator y_b = y.begin();
call    0 returned 100%
call    1 returned 100%
branch  2 taken 100% (fallthrough)
branch  3 taken 0% (throw)
        -:  196:
        4:  197:                    ASSERT_FALSE(x_b == y_b);
call    0 returned 100%
call    1 returned 100%
branch  2 taken 100% (fallthrough)
branch  3 taken 0% (throw)
call    4 returned 100%
branch  5 taken 0% (fallthrough)
branch  6 taken 100%
call    7 never executed
branch  8 never executed
branch  9 never executed
call   10 never executed
branch 11 never executed
branch 12 never executed
call   13 never executed
call   14 never executed
branch 15 never executed
branch 16 never executed
call   17 never executed
branch 18 never executed
branch 19 never executed
call   20 never executed
call   21 never executed
call   22 never executed
call   23 returned 100%
branch 24 taken 100%
branch 25 taken 0%
call   26 returned 100%
branch 27 taken 100%
branch 28 taken 0%
call   29 never executed
call   30 never executed
call   31 never executed
call   32 never executed
call   33 never executed
call   34 returned 100%
call   35 returned 100%
branch 36 taken 100% (fallthrough)
branch 37 taken 0% (throw)
call   38 returned 100%
branch 39 taken 0% (fallthrough)
branch 40 taken 100%
call   41 never executed
branch 42 never executed
branch 43 never executed
call   44 never executed
branch 45 never executed
branch 46 never executed
call   47 never executed
call   48 never executed
branch 49 never executed
branch 50 never executed
call   51 never executed
branch 52 never executed
branch 53 never executed
call   54 never executed
call   55 never executed
call   56 never executed
call   57 returned 100%
branch 58 taken 100%
branch 59 taken 0%
call   60 returned 100%
branch 61 taken 100%
branch 62 taken 0%
call   63 never executed
call   64 never executed
call   65 never executed
call   66 never executed
call   67 never executed
        -:  198:                }
        -:  199:
function _ZN30Deque_Fixture_iter_equal2_TestISt5dequeIiSaIiEEE8TestBodyEv called 1 returned 100% blocks executed 52%
function _ZN30Deque_Fixture_iter_equal2_TestI8my_dequeIiSaIiEEE8TestBodyEv called 1 returned 100% blocks executed 50%
function _ZN30Deque_Fixture_iter_equal2_TestISt5dequeIiSaIiEEED0Ev called 1 returned 100% blocks executed 100%
function _ZN30Deque_Fixture_iter_equal2_TestISt5dequeIiSaIiEEED2Ev called 1 returned 100% blocks executed 75%
function _ZN30Deque_Fixture_iter_equal2_TestI8my_dequeIiSaIiEEED0Ev called 1 returned 100% blocks executed 100%
function _ZN30Deque_Fixture_iter_equal2_TestI8my_dequeIiSaIiEEED2Ev called 1 returned 100% blocks executed 75%
function _ZN30Deque_Fixture_iter_equal2_TestISt5dequeIiSaIiEEEC2Ev called 1 returned 100% blocks executed 100%
function _ZN30Deque_Fixture_iter_equal2_TestI8my_dequeIiSaIiEEEC2Ev called 1 returned 100% blocks executed 100%
        9:  200:                TYPED_TEST(Deque_Fixture, iter_equal2) {
call    0 returned 100%
call    1 returned 100%
call    2 returned 100%
branch  3 taken 0% (fallthrough)
branch  4 taken 100%
call    5 never executed
call    6 returned 100%
call    7 returned 100%
call    8 returned 100%
branch  9 taken 0% (fallthrough)
branch 10 taken 100%
call   11 never executed
call   12 returned 100%
call   13 returned 100%
call   14 returned 100%
        -:  201:                    typedef typename TestFixture::deque_type deque_type;
        -:  202:
        2:  203:                    deque_type x(2); 
call    0 returned 100%
branch  1 taken 100% (fallthrough)
branch  2 taken 0% (throw)
call    3 returned 100%
call    4 returned 100%
branch  5 taken 100% (fallthrough)
branch  6 taken 0% (throw)
call    7 returned 100%
call    8 never executed
        2:  204:                    x[0] = 0; 
call    0 returned 100%
branch  1 taken 100% (fallthrough)
branch  2 taken 0% (throw)
call    3 returned 100%
        2:  205:                    x[1] = 0;
call    0 returned 100%
branch  1 taken 100% (fallthrough)
branch  2 taken 0% (throw)
call    3 returned 100%
        4:  206:                    deque_type y(2); 
call    0 returned 100%
branch  1 taken 100% (fallthrough)
branch  2 taken 0% (throw)
call    3 returned 100%
branch  4 taken 100%
branch  5 taken 0%
call    6 never executed
call    7 returned 100%
call    8 returned 100%
branch  9 taken 100% (fallthrough)
branch 10 taken 0% (throw)
call   11 returned 100%
call   12 returned 100%
branch 13 taken 100%
branch 14 taken 0%
call   15 never executed
call   16 never executed
        2:  207:                    y[0] = 1; 
call    0 returned 100%
branch  1 taken 100% (fallthrough)
branch  2 taken 0% (throw)
call    3 returned 100%
        2:  208:                    y[1] = 3;
call    0 returned 100%
branch  1 taken 100% (fallthrough)
branch  2 taken 0% (throw)
call    3 returned 100%
        -:  209:
        2:  210:                    typename deque_type::iterator x_b = x.begin();
call    0 returned 100%
call    1 returned 100%
branch  2 taken 100% (fallthrough)
branch  3 taken 0% (throw)
        2:  211:                    typename deque_type::iterator y_b = y.begin();
call    0 returned 100%
call    1 returned 100%
branch  2 taken 100% (fallthrough)
branch  3 taken 0% (throw)
        -:  212:
        4:  213:                    ASSERT_FALSE(x_b == y_b);
call    0 returned 100%
call    1 returned 100%
branch  2 taken 100% (fallthrough)
branch  3 taken 0% (throw)
call    4 returned 100%
branch  5 taken 0% (fallthrough)
branch  6 taken 100%
call    7 never executed
branch  8 never executed
branch  9 never executed
call   10 never executed
branch 11 never executed
branch 12 never executed
call   13 never executed
call   14 never executed
branch 15 never executed
branch 16 never executed
call   17 never executed
branch 18 never executed
branch 19 never executed
call   20 never executed
call   21 never executed
call   22 never executed
call   23 returned 100%
branch 24 taken 100%
branch 25 taken 0%
call   26 returned 100%
branch 27 taken 100%
branch 28 taken 0%
call   29 never executed
call   30 never executed
call   31 never executed
call   32 never executed
call   33 never executed
call   34 returned 100%
call   35 returned 100%
branch 36 taken 100% (fallthrough)
branch 37 taken 0% (throw)
call   38 returned 100%
branch 39 taken 0% (fallthrough)
branch 40 taken 100%
call   41 never executed
branch 42 never executed
branch 43 never executed
call   44 never executed
branch 45 never executed
branch 46 never executed
call   47 never executed
call   48 never executed
branch 49 never executed
branch 50 never executed
call   51 never executed
branch 52 never executed
branch 53 never executed
call   54 never executed
call   55 never executed
call   56 never executed
call   57 returned 100%
branch 58 taken 100%
branch 59 taken 0%
call   60 returned 100%
branch 61 taken 100%
branch 62 taken 0%
call   63 never executed
call   64 never executed
call   65 never executed
call   66 never executed
call   67 never executed
        -:  214:                }
        -:  215:
function _ZN30Deque_Fixture_iter_equal3_TestISt5dequeIiSaIiEEE8TestBodyEv called 1 returned 100% blocks executed 50%
function _ZN30Deque_Fixture_iter_equal3_TestI8my_dequeIiSaIiEEE8TestBodyEv called 1 returned 100% blocks executed 49%
function _ZN30Deque_Fixture_iter_equal3_TestISt5dequeIiSaIiEEED0Ev called 1 returned 100% blocks executed 100%
function _ZN30Deque_Fixture_iter_equal3_TestISt5dequeIiSaIiEEED2Ev called 1 returned 100% blocks executed 75%
function _ZN30Deque_Fixture_iter_equal3_TestI8my_dequeIiSaIiEEED0Ev called 1 returned 100% blocks executed 100%
function _ZN30Deque_Fixture_iter_equal3_TestI8my_dequeIiSaIiEEED2Ev called 1 returned 100% blocks executed 75%
function _ZN30Deque_Fixture_iter_equal3_TestISt5dequeIiSaIiEEEC2Ev called 1 returned 100% blocks executed 100%
function _ZN30Deque_Fixture_iter_equal3_TestI8my_dequeIiSaIiEEEC2Ev called 1 returned 100% blocks executed 100%
        9:  216:                TYPED_TEST(Deque_Fixture, iter_equal3) {
call    0 returned 100%
call    1 returned 100%
call    2 returned 100%
branch  3 taken 0% (fallthrough)
branch  4 taken 100%
call    5 never executed
call    6 returned 100%
call    7 returned 100%
call    8 returned 100%
branch  9 taken 0% (fallthrough)
branch 10 taken 100%
call   11 never executed
call   12 returned 100%
call   13 returned 100%
call   14 returned 100%
        -:  217:                    typedef typename TestFixture::deque_type deque_type;
        -:  218:
        2:  219:                    deque_type x(2); 
call    0 returned 100%
branch  1 taken 100% (fallthrough)
branch  2 taken 0% (throw)
call    3 returned 100%
call    4 returned 100%
branch  5 taken 100% (fallthrough)
branch  6 taken 0% (throw)
call    7 returned 100%
call    8 never executed
        2:  220:                    x[0] = 1; 
call    0 returned 100%
branch  1 taken 100% (fallthrough)
branch  2 taken 0% (throw)
call    3 returned 100%
        2:  221:                    x[1] = 4;
call    0 returned 100%
branch  1 taken 100% (fallthrough)
branch  2 taken 0% (throw)
call    3 returned 100%
        -:  222:
        2:  223:                    typename deque_type::iterator x_b = x.begin();
call    0 returned 100%
call    1 returned 100%
branch  2 taken 100% (fallthrough)
branch  3 taken 0% (throw)
        2:  224:                    typename deque_type::iterator x_e = x.end();
call    0 returned 100%
call    1 returned 100%
branch  2 taken 100% (fallthrough)
branch  3 taken 0% (throw)
        -:  225:
        2:  226:                    ++x_b;
call    0 returned 100%
branch  1 taken 100% (fallthrough)
branch  2 taken 0% (throw)
call    3 returned 100%
branch  4 taken 100% (fallthrough)
branch  5 taken 0% (throw)
        2:  227:                    --x_e;
call    0 returned 100%
branch  1 taken 100% (fallthrough)
branch  2 taken 0% (throw)
call    3 returned 100%
branch  4 taken 100% (fallthrough)
branch  5 taken 0% (throw)
        -:  228:
        2:  229:                    ASSERT_TRUE(x_b == x_e);
call    0 returned 100%
call    1 returned 100%
branch  2 taken 100% (fallthrough)
branch  3 taken 0% (throw)
call    4 returned 100%
branch  5 taken 0% (fallthrough)
branch  6 taken 100%
call    7 never executed
branch  8 never executed
branch  9 never executed
call   10 never executed
branch 11 never executed
branch 12 never executed
call   13 never executed
call   14 never executed
branch 15 never executed
branch 16 never executed
call   17 never executed
branch 18 never executed
branch 19 never executed
call   20 never executed
call   21 never executed
call   22 never executed
call   23 returned 100%
branch 24 taken 100%
branch 25 taken 0%
call   26 returned 100%
branch 27 taken 100%
branch 28 taken 0%
call   29 never executed
call   30 never executed
call   31 never executed
call   32 never executed
call   33 never executed
call   34 returned 100%
call   35 returned 100%
branch 36 taken 100% (fallthrough)
branch 37 taken 0% (throw)
call   38 returned 100%
branch 39 taken 0% (fallthrough)
branch 40 taken 100%
call   41 never executed
branch 42 never executed
branch 43 never executed
call   44 never executed
branch 45 never executed
branch 46 never executed
call   47 never executed
call   48 never executed
branch 49 never executed
branch 50 never executed
call   51 never executed
branch 52 never executed
branch 53 never executed
call   54 never executed
call   55 never executed
call   56 never executed
call   57 returned 100%
branch 58 taken 100%
branch 59 taken 0%
call   60 returned 100%
branch 61 taken 100%
branch 62 taken 0%
call   63 never executed
call   64 never executed
call   65 never executed
call   66 never executed
call   67 never executed
        -:  230:                }
        -:  231:				
        -:  232:				// -----------
        -:  233:                // operator !=
        -:  234:                // -----------
        -:  235:
function _ZN33Deque_Fixture_iter_notequal1_TestISt5dequeIiSaIiEEE8TestBodyEv called 1 returned 100% blocks executed 52%
function _ZN33Deque_Fixture_iter_notequal1_TestI8my_dequeIiSaIiEEE8TestBodyEv called 1 returned 100% blocks executed 50%
function _ZN33Deque_Fixture_iter_notequal1_TestISt5dequeIiSaIiEEED0Ev called 1 returned 100% blocks executed 100%
function _ZN33Deque_Fixture_iter_notequal1_TestISt5dequeIiSaIiEEED2Ev called 1 returned 100% blocks executed 75%
function _ZN33Deque_Fixture_iter_notequal1_TestI8my_dequeIiSaIiEEED0Ev called 1 returned 100% blocks executed 100%
function _ZN33Deque_Fixture_iter_notequal1_TestI8my_dequeIiSaIiEEED2Ev called 1 returned 100% blocks executed 75%
function _ZN33Deque_Fixture_iter_notequal1_TestISt5dequeIiSaIiEEEC2Ev called 1 returned 100% blocks executed 100%
function _ZN33Deque_Fixture_iter_notequal1_TestI8my_dequeIiSaIiEEEC2Ev called 1 returned 100% blocks executed 100%
        9:  236:                TYPED_TEST(Deque_Fixture, iter_notequal1) {
call    0 returned 100%
call    1 returned 100%
call    2 returned 100%
branch  3 taken 0% (fallthrough)
branch  4 taken 100%
call    5 never executed
call    6 returned 100%
call    7 returned 100%
call    8 returned 100%
branch  9 taken 0% (fallthrough)
branch 10 taken 100%
call   11 never executed
call   12 returned 100%
call   13 returned 100%
call   14 returned 100%
        -:  237:                    typedef typename TestFixture::deque_type deque_type;
        -:  238:
        2:  239:                    deque_type x(10); 
call    0 returned 100%
branch  1 taken 100% (fallthrough)
branch  2 taken 0% (throw)
call    3 returned 100%
call    4 returned 100%
branch  5 taken 100% (fallthrough)
branch  6 taken 0% (throw)
call    7 returned 100%
call    8 never executed
        2:  240:                    x[0] = 10; 
call    0 returned 100%
branch  1 taken 100% (fallthrough)
branch  2 taken 0% (throw)
call    3 returned 100%
        2:  241:                    x[1] = 0;
call    0 returned 100%
branch  1 taken 100% (fallthrough)
branch  2 taken 0% (throw)
call    3 returned 100%
        4:  242:                    deque_type y(10); 
call    0 returned 100%
branch  1 taken 100% (fallthrough)
branch  2 taken 0% (throw)
call    3 returned 100%
branch  4 taken 100%
branch  5 taken 0%
call    6 never executed
call    7 returned 100%
call    8 returned 100%
branch  9 taken 100% (fallthrough)
branch 10 taken 0% (throw)
call   11 returned 100%
call   12 returned 100%
branch 13 taken 100%
branch 14 taken 0%
call   15 never executed
call   16 never executed
        2:  243:                    y[0] = 10; 
call    0 returned 100%
branch  1 taken 100% (fallthrough)
branch  2 taken 0% (throw)
call    3 returned 100%
        2:  244:                    y[1] = 1;
call    0 returned 100%
branch  1 taken 100% (fallthrough)
branch  2 taken 0% (throw)
call    3 returned 100%
        -:  245:
        2:  246:                    typename deque_type::iterator x_b = x.begin();
call    0 returned 100%
call    1 returned 100%
branch  2 taken 100% (fallthrough)
branch  3 taken 0% (throw)
        2:  247:                    typename deque_type::iterator y_b = y.begin();
call    0 returned 100%
call    1 returned 100%
branch  2 taken 100% (fallthrough)
branch  3 taken 0% (throw)
        -:  248:
        4:  249:                    ASSERT_TRUE(x_b != y_b);
call    0 returned 100%
call    1 returned 100%
branch  2 taken 100% (fallthrough)
branch  3 taken 0% (throw)
call    4 returned 100%
branch  5 taken 0% (fallthrough)
branch  6 taken 100%
call    7 never executed
branch  8 never executed
branch  9 never executed
call   10 never executed
branch 11 never executed
branch 12 never executed
call   13 never executed
call   14 never executed
branch 15 never executed
branch 16 never executed
call   17 never executed
branch 18 never executed
branch 19 never executed
call   20 never executed
call   21 never executed
call   22 never executed
call   23 returned 100%
branch 24 taken 100%
branch 25 taken 0%
call   26 returned 100%
branch 27 taken 100%
branch 28 taken 0%
call   29 never executed
call   30 never executed
call   31 never executed
call   32 never executed
call   33 never executed
call   34 returned 100%
call   35 returned 100%
branch 36 taken 100% (fallthrough)
branch 37 taken 0% (throw)
call   38 returned 100%
branch 39 taken 0% (fallthrough)
branch 40 taken 100%
call   41 never executed
branch 42 never executed
branch 43 never executed
call   44 never executed
branch 45 never executed
branch 46 never executed
call   47 never executed
call   48 never executed
branch 49 never executed
branch 50 never executed
call   51 never executed
branch 52 never executed
branch 53 never executed
call   54 never executed
call   55 never executed
call   56 never executed
call   57 returned 100%
branch 58 taken 100%
branch 59 taken 0%
call   60 returned 100%
branch 61 taken 100%
branch 62 taken 0%
call   63 never executed
call   64 never executed
call   65 never executed
call   66 never executed
call   67 never executed
        -:  250:                }
        -:  251:
function _ZN33Deque_Fixture_iter_notequal2_TestISt5dequeIiSaIiEEE8TestBodyEv called 1 returned 100% blocks executed 54%
function _ZN33Deque_Fixture_iter_notequal2_TestI8my_dequeIiSaIiEEE8TestBodyEv called 1 returned 100% blocks executed 52%
function _ZN33Deque_Fixture_iter_notequal2_TestISt5dequeIiSaIiEEED0Ev called 1 returned 100% blocks executed 100%
function _ZN33Deque_Fixture_iter_notequal2_TestISt5dequeIiSaIiEEED2Ev called 1 returned 100% blocks executed 75%
function _ZN33Deque_Fixture_iter_notequal2_TestI8my_dequeIiSaIiEEED0Ev called 1 returned 100% blocks executed 100%
function _ZN33Deque_Fixture_iter_notequal2_TestI8my_dequeIiSaIiEEED2Ev called 1 returned 100% blocks executed 75%
function _ZN33Deque_Fixture_iter_notequal2_TestISt5dequeIiSaIiEEEC2Ev called 1 returned 100% blocks executed 100%
function _ZN33Deque_Fixture_iter_notequal2_TestI8my_dequeIiSaIiEEEC2Ev called 1 returned 100% blocks executed 100%
        9:  252:                TYPED_TEST(Deque_Fixture, iter_notequal2) {
call    0 returned 100%
call    1 returned 100%
call    2 returned 100%
branch  3 taken 0% (fallthrough)
branch  4 taken 100%
call    5 never executed
call    6 returned 100%
call    7 returned 100%
call    8 returned 100%
branch  9 taken 0% (fallthrough)
branch 10 taken 100%
call   11 never executed
call   12 returned 100%
call   13 returned 100%
call   14 returned 100%
        -:  253:                    typedef typename TestFixture::deque_type deque_type;
        -:  254:
        2:  255:                    deque_type x(10); 
call    0 returned 100%
branch  1 taken 100% (fallthrough)
branch  2 taken 0% (throw)
call    3 returned 100%
call    4 returned 100%
branch  5 taken 100% (fallthrough)
branch  6 taken 0% (throw)
call    7 returned 100%
call    8 never executed
        2:  256:                    x[0] = 10; 
call    0 returned 100%
branch  1 taken 100% (fallthrough)
branch  2 taken 0% (throw)
call    3 returned 100%
        2:  257:                    x[1] = 0;
call    0 returned 100%
branch  1 taken 100% (fallthrough)
branch  2 taken 0% (throw)
call    3 returned 100%
        4:  258:                    deque_type y(10); 
call    0 returned 100%
branch  1 taken 100% (fallthrough)
branch  2 taken 0% (throw)
call    3 returned 100%
branch  4 taken 100%
branch  5 taken 0%
call    6 never executed
call    7 returned 100%
call    8 returned 100%
branch  9 taken 100% (fallthrough)
branch 10 taken 0% (throw)
call   11 returned 100%
call   12 returned 100%
branch 13 taken 100%
branch 14 taken 0%
call   15 never executed
call   16 never executed
        2:  259:                    y[0] = 0; 
call    0 returned 100%
branch  1 taken 100% (fallthrough)
branch  2 taken 0% (throw)
call    3 returned 100%
        2:  260:                    y[1] = 10;
call    0 returned 100%
branch  1 taken 100% (fallthrough)
branch  2 taken 0% (throw)
call    3 returned 100%
        -:  261:
        2:  262:                    typename deque_type::iterator x_b = x.begin();
call    0 returned 100%
call    1 returned 100%
branch  2 taken 100% (fallthrough)
branch  3 taken 0% (throw)
        2:  263:                    typename deque_type::iterator y_b = y.begin();
call    0 returned 100%
call    1 returned 100%
branch  2 taken 100% (fallthrough)
branch  3 taken 0% (throw)
        -:  264:
        2:  265:                    ++x_b;
call    0 returned 100%
branch  1 taken 100% (fallthrough)
branch  2 taken 0% (throw)
call    3 returned 100%
branch  4 taken 100% (fallthrough)
branch  5 taken 0% (throw)
        2:  266:                    ++y_b;
call    0 returned 100%
branch  1 taken 100% (fallthrough)
branch  2 taken 0% (throw)
call    3 returned 100%
branch  4 taken 100% (fallthrough)
branch  5 taken 0% (throw)
        -:  267:
        4:  268:                    ASSERT_TRUE(x_b != y_b);
call    0 returned 100%
call    1 returned 100%
branch  2 taken 100% (fallthrough)
branch  3 taken 0% (throw)
call    4 returned 100%
branch  5 taken 0% (fallthrough)
branch  6 taken 100%
call    7 never executed
branch  8 never executed
branch  9 never executed
call   10 never executed
branch 11 never executed
branch 12 never executed
call   13 never executed
call   14 never executed
branch 15 never executed
branch 16 never executed
call   17 never executed
branch 18 never executed
branch 19 never executed
call   20 never executed
call   21 never executed
call   22 never executed
call   23 returned 100%
branch 24 taken 100%
branch 25 taken 0%
call   26 returned 100%
branch 27 taken 100%
branch 28 taken 0%
call   29 never executed
call   30 never executed
call   31 never executed
call   32 never executed
call   33 never executed
call   34 returned 100%
call   35 returned 100%
branch 36 taken 100% (fallthrough)
branch 37 taken 0% (throw)
call   38 returned 100%
branch 39 taken 0% (fallthrough)
branch 40 taken 100%
call   41 never executed
branch 42 never executed
branch 43 never executed
call   44 never executed
branch 45 never executed
branch 46 never executed
call   47 never executed
call   48 never executed
branch 49 never executed
branch 50 never executed
call   51 never executed
branch 52 never executed
branch 53 never executed
call   54 never executed
call   55 never executed
call   56 never executed
call   57 returned 100%
branch 58 taken 100%
branch 59 taken 0%
call   60 returned 100%
branch 61 taken 100%
branch 62 taken 0%
call   63 never executed
call   64 never executed
call   65 never executed
call   66 never executed
call   67 never executed
        -:  269:                }
        -:  270:
function _ZN33Deque_Fixture_iter_notequal3_TestISt5dequeIiSaIiEEE8TestBodyEv called 1 returned 100% blocks executed 50%
function _ZN33Deque_Fixture_iter_notequal3_TestI8my_dequeIiSaIiEEE8TestBodyEv called 1 returned 100% blocks executed 49%
function _ZN33Deque_Fixture_iter_notequal3_TestISt5dequeIiSaIiEEED0Ev called 1 returned 100% blocks executed 100%
function _ZN33Deque_Fixture_iter_notequal3_TestISt5dequeIiSaIiEEED2Ev called 1 returned 100% blocks executed 75%
function _ZN33Deque_Fixture_iter_notequal3_TestI8my_dequeIiSaIiEEED0Ev called 1 returned 100% blocks executed 100%
function _ZN33Deque_Fixture_iter_notequal3_TestI8my_dequeIiSaIiEEED2Ev called 1 returned 100% blocks executed 75%
function _ZN33Deque_Fixture_iter_notequal3_TestISt5dequeIiSaIiEEEC2Ev called 1 returned 100% blocks executed 100%
function _ZN33Deque_Fixture_iter_notequal3_TestI8my_dequeIiSaIiEEEC2Ev called 1 returned 100% blocks executed 100%
        9:  271:                TYPED_TEST(Deque_Fixture, iter_notequal3) {
call    0 returned 100%
call    1 returned 100%
call    2 returned 100%
branch  3 taken 0% (fallthrough)
branch  4 taken 100%
call    5 never executed
call    6 returned 100%
call    7 returned 100%
call    8 returned 100%
branch  9 taken 0% (fallthrough)
branch 10 taken 100%
call   11 never executed
call   12 returned 100%
call   13 returned 100%
call   14 returned 100%
        -:  272:                    typedef typename TestFixture::deque_type deque_type;
        -:  273:
        2:  274:                    deque_type x(2); 
call    0 returned 100%
branch  1 taken 100% (fallthrough)
branch  2 taken 0% (throw)
call    3 returned 100%
call    4 returned 100%
branch  5 taken 100% (fallthrough)
branch  6 taken 0% (throw)
call    7 returned 100%
call    8 never executed
        2:  275:                    x[0] = 1; 
call    0 returned 100%
branch  1 taken 100% (fallthrough)
branch  2 taken 0% (throw)
call    3 returned 100%
        2:  276:                    x[1] = 0;
call    0 returned 100%
branch  1 taken 100% (fallthrough)
branch  2 taken 0% (throw)
call    3 returned 100%
        -:  277:
        2:  278:                    typename deque_type::iterator x_b = x.begin();
call    0 returned 100%
call    1 returned 100%
branch  2 taken 100% (fallthrough)
branch  3 taken 0% (throw)
        2:  279:                    typename deque_type::iterator x_e = x.end();
call    0 returned 100%
call    1 returned 100%
branch  2 taken 100% (fallthrough)
branch  3 taken 0% (throw)
        -:  280:
        2:  281:                    ++x_b;
call    0 returned 100%
branch  1 taken 100% (fallthrough)
branch  2 taken 0% (throw)
call    3 returned 100%
branch  4 taken 100% (fallthrough)
branch  5 taken 0% (throw)
        2:  282:                    ++x_b;
call    0 returned 100%
branch  1 taken 100% (fallthrough)
branch  2 taken 0% (throw)
call    3 returned 100%
branch  4 taken 100% (fallthrough)
branch  5 taken 0% (throw)
        -:  283:
        2:  284:                    ASSERT_FALSE(x_b != x_e);
call    0 returned 100%
call    1 returned 100%
branch  2 taken 100% (fallthrough)
branch  3 taken 0% (throw)
call    4 returned 100%
branch  5 taken 0% (fallthrough)
branch  6 taken 100%
call    7 never executed
branch  8 never executed
branch  9 never executed
call   10 never executed
branch 11 never executed
branch 12 never executed
call   13 never executed
call   14 never executed
branch 15 never executed
branch 16 never executed
call   17 never executed
branch 18 never executed
branch 19 never executed
call   20 never executed
call   21 never executed
call   22 never executed
call   23 returned 100%
branch 24 taken 100%
branch 25 taken 0%
call   26 returned 100%
branch 27 taken 100%
branch 28 taken 0%
call   29 never executed
call   30 never executed
call   31 never executed
call   32 never executed
call   33 never executed
call   34 returned 100%
call   35 returned 100%
branch 36 taken 100% (fallthrough)
branch 37 taken 0% (throw)
call   38 returned 100%
branch 39 taken 0% (fallthrough)
branch 40 taken 100%
call   41 never executed
branch 42 never executed
branch 43 never executed
call   44 never executed
branch 45 never executed
branch 46 never executed
call   47 never executed
call   48 never executed
branch 49 never executed
branch 50 never executed
call   51 never executed
branch 52 never executed
branch 53 never executed
call   54 never executed
call   55 never executed
call   56 never executed
call   57 returned 100%
branch 58 taken 100%
branch 59 taken 0%
call   60 returned 100%
branch 61 taken 100%
branch 62 taken 0%
call   63 never executed
call   64 never executed
call   65 never executed
call   66 never executed
call   67 never executed
        -:  285:                }
        -:  286: 				// ----------
        -:  287:                // operator +
        -:  288:                // ----------
        -:  289:
        -:  290:
function _ZN29Deque_Fixture_iter_plus1_TestISt5dequeIiSaIiEEE8TestBodyEv called 1 returned 100% blocks executed 49%
function _ZN29Deque_Fixture_iter_plus1_TestI8my_dequeIiSaIiEEE8TestBodyEv called 1 returned 100% blocks executed 47%
function _ZN29Deque_Fixture_iter_plus1_TestISt5dequeIiSaIiEEED0Ev called 1 returned 100% blocks executed 100%
function _ZN29Deque_Fixture_iter_plus1_TestISt5dequeIiSaIiEEED2Ev called 1 returned 100% blocks executed 75%
function _ZN29Deque_Fixture_iter_plus1_TestI8my_dequeIiSaIiEEED0Ev called 1 returned 100% blocks executed 100%
[...]
        -: 1202:                
        -: 1203:                TYPED_TEST(Deque_Fixture, const_iter_pre_decr_op_test_1) {
        -: 1204:                    typedef typename TestFixture::deque_type deque_type;
        -: 1205:
        -: 1206:                    deque_type _x(2); _x[0] = 1; _x[1] = 4;
        -: 1207:
        -: 1208:                    const deque_type x = _x;
        -: 1209:
        -: 1210:                    typename deque_type::const_iterator xbeg = x.end();
        -: 1211:                    typename deque_type::const_iterator xbeg2 = xbeg - 1;
        -: 1212:
        -: 1213:                    --xbeg;
        -: 1214:
        -: 1215:                    ASSERT_TRUE(xbeg == xbeg2);
        -: 1216:                }
        -: 1217:
        -: 1218:                TYPED_TEST(Deque_Fixture, const_iter_pre_decr_op_test_2) {
        -: 1219:                    typedef typename TestFixture::deque_type deque_type;
        -: 1220:
        -: 1221:                    deque_type _x(2); _x[0] = 1; _x[1] = 4;
        -: 1222:
        -: 1223:                    const deque_type x = _x;
        -: 1224:
        -: 1225:                    typename deque_type::const_iterator xbeg = x.begin();
        -: 1226:                    typename deque_type::const_iterator xbeg2 = x.end();
        -: 1227:
        -: 1228:                    --xbeg2;
        -: 1229:
        -: 1230:                    ASSERT_FALSE(xbeg == xbeg2);
        -: 1231:                }
        -: 1232:
        -: 1233:                TYPED_TEST(Deque_Fixture, const_iter_pre_decr_op_test_3) {
        -: 1234:                    typedef typename TestFixture::deque_type deque_type;
        -: 1235:
        -: 1236:                    deque_type _x(2); _x[0] = 1; _x[1] = 4;
        -: 1237:
        -: 1238:                    const deque_type x = _x;
        -: 1239:
        -: 1240:                    typename deque_type::const_iterator xbeg = x.begin();
        -: 1241:                    typename deque_type::const_iterator xbeg2 = x.end();
        -: 1242:
        -: 1243:                    --xbeg2;
        -: 1244:
        -: 1245:                    ASSERT_TRUE(xbeg == --xbeg2);
        -: 1246:                }
        -: 1247:
        -: 1248:                // (prefix and postfix)
        -: 1249:
        -: 1250:                TYPED_TEST(Deque_Fixture, const_iter_post_decr_op_test_1) {
        -: 1251:                    typedef typename TestFixture::deque_type deque_type;
        -: 1252:
        -: 1253:                    deque_type _x(2); _x[0] = 1; _x[1] = 4;
        -: 1254:
        -: 1255:                    const deque_type x = _x;
        -: 1256:
        -: 1257:                    typename deque_type::const_iterator xbeg = x.end();
        -: 1258:                    typename deque_type::const_iterator xbeg2 = xbeg - 1;
        -: 1259:
        -: 1260:                    xbeg--;
        -: 1261:
        -: 1262:                    ASSERT_TRUE(xbeg == xbeg2);
        -: 1263:                }
        -: 1264:
        -: 1265:                TYPED_TEST(Deque_Fixture, const_iter_post_decr_op_test_2) {
        -: 1266:                    typedef typename TestFixture::deque_type deque_type;
        -: 1267:
        -: 1268:                    deque_type _x(2); _x[0] = 1; _x[1] = 4;
        -: 1269:
        -: 1270:                    const deque_type x = _x;
        -: 1271:
        -: 1272:                    typename deque_type::const_iterator xbeg = x.end();
        -: 1273:                    typename deque_type::const_iterator xbeg2 = xbeg - 2;
        -: 1274:
        -: 1275:                    xbeg2--;
        -: 1276:
        -: 1277:                    ASSERT_FALSE(xbeg2-- == xbeg);
        -: 1278:                }
        -: 1279:
        -: 1280:                TYPED_TEST(Deque_Fixture, const_iter_post_decr_op_test_3) {
        -: 1281:                    typedef typename TestFixture::deque_type deque_type;
        -: 1282:
        -: 1283:                    deque_type _x(2); _x[0] = 1; _x[1] = 4;
        -: 1284:
        -: 1285:                    const deque_type x = _x;
        -: 1286:
        -: 1287:                    typename deque_type::const_iterator xbeg = x.end();
        -: 1288:                    typename deque_type::const_iterator xbeg2 = xbeg - 2;
        -: 1289:
        -: 1290:                    xbeg--;
        -: 1291:                    xbeg--;
        -: 1292:
        -: 1293:                    ASSERT_TRUE(xbeg == xbeg2);
        -: 1294:                }
        -: 1295:
        -: 1296:                // -----------
        -: 1297:                // operator +=
        -: 1298:                // -----------
        -: 1299:
        -: 1300:                TYPED_TEST(Deque_Fixture, const_iter_plus_op_equal_test_1) {
        -: 1301:                    typedef typename TestFixture::deque_type deque_type;
        -: 1302:
        -: 1303:                    deque_type _x(2); _x[0] = 1; _x[1] = 4;
        -: 1304:
        -: 1305:                    const deque_type x = _x;
        -: 1306:
        -: 1307:
        -: 1308:                    typename deque_type::const_iterator xbeg = x.begin();
        -: 1309:                    typename deque_type::const_iterator xbeg2 = xbeg;
        -: 1310:
        -: 1311:                    xbeg += 1;
        -: 1312:
        -: 1313:                    ASSERT_TRUE(xbeg == xbeg2 + 1);
        -: 1314:                }
        -: 1315:
        -: 1316:                TYPED_TEST(Deque_Fixture, const_iter_plus_op_equal_test_2) {
        -: 1317:                    typedef typename TestFixture::deque_type deque_type;
        -: 1318:
        -: 1319:                    deque_type _x(2); _x[0] = 1; _x[1] = 4;
        -: 1320:
        -: 1321:                    const deque_type x = _x;
        -: 1322:
        -: 1323:                    typename deque_type::const_iterator xbeg = x.begin();
        -: 1324:
        -: 1325:                    xbeg += 2;
        -: 1326:
        -: 1327:                    ASSERT_TRUE(xbeg == x.end());
        -: 1328:                }
        -: 1329:
        -: 1330:                TYPED_TEST(Deque_Fixture, const_iter_plus_op_equal_test_3) {
        -: 1331:                    typedef typename TestFixture::deque_type deque_type;
        -: 1332:
        -: 1333:                    deque_type _x(2); _x[0] = 1; _x[1] = 4;
        -: 1334:
        -: 1335:                    const deque_type x = _x;
        -: 1336:
        -: 1337:                    typename deque_type::const_iterator xbeg = x.begin();
        -: 1338:
        -: 1339:                    xbeg += 1;
        -: 1340:
        -: 1341:                    ASSERT_FALSE(xbeg == x.begin());
        -: 1342:                }
        -: 1343:
        -: 1344:                TYPED_TEST(Deque_Fixture, const_iter_plus_op_equal_test_4) {
        -: 1345:                    typedef typename TestFixture::deque_type deque_type;
        -: 1346:
        -: 1347:                    deque_type _x(100, 10); _x[24] = 1;
        -: 1348:
        -: 1349:                    const deque_type x = _x;
        -: 1350:
        -: 1351:                    typename deque_type::const_iterator xbeg = x.begin();
        -: 1352:
        -: 1353:                    xbeg += 24;
        -: 1354:
        -: 1355:                    ASSERT_EQ(*xbeg, 1);
        -: 1356:                }
        -: 1357:
        -: 1358:
        -: 1359:                // -----------
        -: 1360:                // operator -=
        -: 1361:                // -----------
        -: 1362:
        -: 1363:                TYPED_TEST(Deque_Fixture, const_iter_minus_equal_op_test_1) {
        -: 1364:                    typedef typename TestFixture::deque_type deque_type;
        -: 1365:
        -: 1366:                    deque_type _x(2); _x[0] = 1; _x[1] = 4;
        -: 1367:
        -: 1368:                    const deque_type x = _x;
        -: 1369:
        -: 1370:                    typename deque_type::const_iterator xbeg = x.end();
        -: 1371:                    typename deque_type::const_iterator xbeg2 = x.begin() + 1;
        -: 1372:
        -: 1373:                    xbeg -= 1;
        -: 1374:
        -: 1375:                    ASSERT_TRUE(xbeg == xbeg2);
        -: 1376:                }
        -: 1377:
        -: 1378:                TYPED_TEST(Deque_Fixture, const_iter_minus_equal_op_test_2) {
        -: 1379:                    typedef typename TestFixture::deque_type deque_type;
        -: 1380:
        -: 1381:                    deque_type _x(2); _x[0] = 1; _x[1] = 4;
        -: 1382:
        -: 1383:                    const deque_type x = _x;
        -: 1384:
        -: 1385:                    typename deque_type::const_iterator xbeg = x.end();
        -: 1386:                    typename deque_type::const_iterator xbeg2 = x.begin();
        -: 1387:
        -: 1388:                    xbeg -= 2;
        -: 1389:
        -: 1390:                    ASSERT_TRUE(xbeg == xbeg2);
        -: 1391:                }
        -: 1392:
        -: 1393:                TYPED_TEST(Deque_Fixture, const_iter_minus_equal_op_test_3) {
        -: 1394:                    typedef typename TestFixture::deque_type deque_type;
        -: 1395:
        -: 1396:                    deque_type _x(2); _x[0] = 1; _x[1] = 4;
        -: 1397:
        -: 1398:                    const deque_type x = _x;
        -: 1399:
        -: 1400:                    typename deque_type::const_iterator xbeg = x.end();
        -: 1401:                    typename deque_type::const_iterator xbeg2 = x.begin();
        -: 1402:
        -: 1403:                    xbeg -= 1;
        -: 1404:
        -: 1405:                    ASSERT_FALSE(xbeg == xbeg2);
        -: 1406:                }
        -: 1407:*/
        -: 1408:    // --------
        -: 1409:    // my_deque
        -: 1410:    // --------
        -: 1411:
        -: 1412:        // ----------
        -: 1413:        // operator =
        -: 1414:        // ----------
        -: 1415:
        -: 1416:  /*      TYPED_TEST(Deque_Fixture, deque_assignment_op_test_1) {
        -: 1417:            typedef typename TestFixture::deque_type deque_type;
        -: 1418:
        -: 1419:            deque_type x(4); x[0] = 1; x[1] = 2; x[2] = 3; x[3] = 4;
        -: 1420:            deque_type y = x;
        -: 1421:            ASSERT_EQ(x,y);
        -: 1422:        }
        -: 1423:
        -: 1424:        TYPED_TEST(Deque_Fixture, deque_assignment_op_test_2) {
        -: 1425:            typedef typename TestFixture::deque_type deque_type;
        -: 1426:
        -: 1427:            deque_type x(4); x[0] = 1; x[1] = 2; x[2] = 3; x[3] = 4;
        -: 1428:            deque_type y(4);
        -: 1429:            y = x;
        -: 1430:            x[0] = 20;
        -: 1431:            ASSERT_TRUE(x != y);
        -: 1432:        }
        -: 1433:
        -: 1434:        TYPED_TEST(Deque_Fixture, deque_assignment_op_test_3) {
        -: 1435:            typedef typename TestFixture::deque_type deque_type;
        -: 1436:
        -: 1437:            deque_type x(4); x[0] = 1; x[1] = 2; x[2] = 3; x[3] = 4;
        -: 1438:            deque_type y = x;
        -: 1439:            y[0] = 20;
        -: 1440:            ASSERT_TRUE(x != y);
        -: 1441:        }
        -: 1442:
        -: 1443:        TYPED_TEST(Deque_Fixture, deque_assignment_op_test_4) {
        -: 1444:            typedef typename TestFixture::deque_type deque_type;
        -: 1445:
        -: 1446:            deque_type x(4); x[0] = 1; x[1] = 2; x[2] = 3; x[3] = 4;
        -: 1447:            deque_type y;
        -: 1448:            x = y;
        -: 1449:            ASSERT_EQ(x,y);
        -: 1450:        }
        -: 1451:
        -: 1452:        TYPED_TEST(Deque_Fixture, deque_assignment_op_test_5) {
        -: 1453:            typedef typename TestFixture::deque_type deque_type;
        -: 1454:
        -: 1455:            deque_type x(100, 10);
        -: 1456:            deque_type y(2);
        -: 1457:            x = y;
        -: 1458:            ASSERT_EQ(x,y);
        -: 1459:        }
        -: 1460:
        -: 1461:        TYPED_TEST(Deque_Fixture, deque_assignment_op_test_6) {
        -: 1462:            typedef typename TestFixture::deque_type deque_type;
        -: 1463:
        -: 1464:            deque_type x(100, 10);
        -: 1465:            deque_type y(2);
        -: 1466:            y = x;
        -: 1467:            ASSERT_EQ(x,y);
        -: 1468:        }
        -: 1469:*/
        -: 1470:
        -: 1471:
        -: 1472:/*NEED TO CHANGE THESE
        -: 1473:		// -----------
        -: 1474:        // operator []
        -: 1475:        // -----------
        -: 1476:
        -: 1477:        TYPED_TEST(Deque_Fixture, deque_index_op_test_1) {
        -: 1478:            typedef typename TestFixture::deque_type deque_type;
        -: 1479:
        -: 1480:            deque_type x(3); x[0] = 1; x[1] = 2; x[2] = 3;
        -: 1481:            ASSERT_EQ(x[0],1);
        -: 1482:        }
        -: 1483:
        -: 1484:        TYPED_TEST(Deque_Fixture, deque_index_op_test_2) {
        -: 1485:            typedef typename TestFixture::deque_type deque_type;
        -: 1486:
        -: 1487:            deque_type x(3); x[0] = 1; x[1] = 2; x[2] = 3;
        -: 1488:            ASSERT_EQ(x[1],2);
        -: 1489:        }
        -: 1490:
        -: 1491:        TYPED_TEST(Deque_Fixture, deque_index_op_test_3) {
        -: 1492:            typedef typename TestFixture::deque_type deque_type;
        -: 1493:
        -: 1494:            deque_type x(3); x[0] = 1; x[1] = 2; x[2] = 3;
        -: 1495:            ASSERT_EQ(x[2],3);
        -: 1496:        }
        -: 1497:
        -: 1498:        // reference and const_reference
        -: 1499:
        -: 1500:        TYPED_TEST(Deque_Fixture, const_deque_index_op_test_1) {
        -: 1501:            typedef typename TestFixture::deque_type deque_type;
        -: 1502:
        -: 1503:            deque_type x(3); x[0] = 1; x[1] = 2; x[2] = 3;
        -: 1504:            const deque_type y = x;
        -: 1505:            ASSERT_EQ(y[0],1);
        -: 1506:        }
        -: 1507:
        -: 1508:        TYPED_TEST(Deque_Fixture, const_deque_index_op_test_2) {
        -: 1509:            typedef typename TestFixture::deque_type deque_type;
        -: 1510:
        -: 1511:            deque_type x(3); x[0] = 1; x[1] = 2; x[2] = 3;
        -: 1512:            const deque_type y = x;
        -: 1513:            ASSERT_EQ(y[1],2);
        -: 1514:        }
        -: 1515:
        -: 1516:        TYPED_TEST(Deque_Fixture, const_deque_index_op_test_3) {
        -: 1517:            typedef typename TestFixture::deque_type deque_type;
        -: 1518:
        -: 1519:            deque_type x(3); x[0] = 1; x[1] = 2; x[2] = 3;
        -: 1520:            const deque_type y = x;
        -: 1521:            ASSERT_EQ(y[2],3);
        -: 1522:        }
        -: 1523:
        -: 1524:        // --
        -: 1525:        // at
        -: 1526:        // --
        -: 1527:
        -: 1528:        TYPED_TEST(Deque_Fixture, deque_at_op_test_1) {
        -: 1529:            typedef typename TestFixture::deque_type deque_type;
        -: 1530:
        -: 1531:            deque_type x(3); x[0] = 1; x[1] = 2; x[2] = 3;
        -: 1532:            ASSERT_EQ(x.at(0),1);
        -: 1533:        }
        -: 1534:
        -: 1535:        TYPED_TEST(Deque_Fixture, deque_at_op_test_2) {
        -: 1536:            typedef typename TestFixture::deque_type deque_type;
        -: 1537:
        -: 1538:            deque_type x(3); x[0] = 1; x[1] = 2; x[2] = 3;
        -: 1539:            ASSERT_EQ(x.at(1),2);
        -: 1540:        }
        -: 1541:
        -: 1542:        TYPED_TEST(Deque_Fixture, deque_at_op_test_3) {
        -: 1543:            typedef typename TestFixture::deque_type deque_type;
        -: 1544:
        -: 1545:            deque_type x(3); x[0] = 1; x[1] = 2; x[2] = 3;
        -: 1546:            ASSERT_EQ(x.at(2),3);
        -: 1547:        }
        -: 1548:
        -: 1549:        // reference and const_reference
        -: 1550:
        -: 1551:        TYPED_TEST(Deque_Fixture, const_deque_at_op_test_1) {
        -: 1552:            typedef typename TestFixture::deque_type deque_type;
        -: 1553:
        -: 1554:            deque_type x(3); x[0] = 1; x[1] = 2; x[2] = 3;
        -: 1555:            const deque_type y = x;
        -: 1556:            ASSERT_EQ(y.at(0),1);
        -: 1557:        }
        -: 1558:
        -: 1559:        TYPED_TEST(Deque_Fixture, const_deque_at_op_test_2) {
        -: 1560:            typedef typename TestFixture::deque_type deque_type;
        -: 1561:
        -: 1562:            deque_type x(3); x[0] = 1; x[1] = 2; x[2] = 3;
        -: 1563:            const deque_type y = x;
        -: 1564:            ASSERT_EQ(y.at(1),2);
        -: 1565:        }
        -: 1566:
        -: 1567:        TYPED_TEST(Deque_Fixture, const_deque_at_op_test_3) {
        -: 1568:            typedef typename TestFixture::deque_type deque_type;
        -: 1569:
        -: 1570:            deque_type x(3); x[0] = 1; x[1] = 2; x[2] = 3;
        -: 1571:            const deque_type y = x;
        -: 1572:            ASSERT_EQ(y.at(2),3);
        -: 1573:        }
        -: 1574:
        -: 1575:        // ----
        -: 1576:        // back
        -: 1577:        // ----
        -: 1578:
        -: 1579:        TYPED_TEST(Deque_Fixture, deque_back_test_1) {
        -: 1580:            typedef typename TestFixture::deque_type deque_type;
        -: 1581:
        -: 1582:            deque_type x(4); x[0] = 1; x[1] = 2; x[2] = 3; x[3] = 4;
        -: 1583:            deque_type y(x); 
        -: 1584:            ASSERT_EQ(x.back(),4);
        -: 1585:        }
        -: 1586:
        -: 1587:        TYPED_TEST(Deque_Fixture, deque_back_test_2) {
        -: 1588:            typedef typename TestFixture::deque_type deque_type;
        -: 1589:
        -: 1590:            deque_type x(4); x[0] = 1; x[1] = 2; x[2] = 3;
        -: 1591:            ASSERT_EQ(x.back(),0);
        -: 1592:        }
        -: 1593:
        -: 1594:        TYPED_TEST(Deque_Fixture, deque_back_test_3) {
        -: 1595:            typedef typename TestFixture::deque_type deque_type;
        -: 1596:
        -: 1597:            deque_type x(3); x[0] = 1; x[1] = 2; x[2] = 3;
        -: 1598:            ASSERT_EQ(x.back(),3);
        -: 1599:        }
        -: 1600:
        -: 1601:        // reference and const_reference
        -: 1602:
        -: 1603:        TYPED_TEST(Deque_Fixture, const_deque_back_test_1) {
        -: 1604:            typedef typename TestFixture::deque_type deque_type;
        -: 1605:
        -: 1606:            deque_type x(4); x[0] = 1; x[1] = 2; x[2] = 3; x[3] = 4;
        -: 1607:            const deque_type y = x;
        -: 1608:            ASSERT_EQ(y.back(),4);
        -: 1609:        }
        -: 1610:
        -: 1611:        TYPED_TEST(Deque_Fixture, const_deque_back_test_2) {
        -: 1612:            typedef typename TestFixture::deque_type deque_type;
        -: 1613:
        -: 1614:            deque_type x(4); x[0] = 1; x[1] = 2; x[2] = 3;
        -: 1615:            const deque_type y = x;
        -: 1616:            ASSERT_EQ(y.back(),0);
        -: 1617:        }
        -: 1618:
        -: 1619:        TYPED_TEST(Deque_Fixture, const_deque_back_test_3) {
        -: 1620:            typedef typename TestFixture::deque_type deque_type;
        -: 1621:
        -: 1622:            deque_type x(3); x[0] = 1; x[1] = 2; x[2] = 3;
        -: 1623:            const deque_type y = x;
        -: 1624:            ASSERT_EQ(y.back(),3);
        -: 1625:        }
        -: 1626:*/
